Mon May 07 12:32:03 UTC 2018 WARN: Establishing SSL connection without server's identity verification is not recommended. According to MySQL 5.5.45+, 5.6.26+ and 5.7.6+ requirements SSL connection must be established by default if explicit option isn't set. For compliance with existing applications not using SSL the verifyServerCertificate property is set to 'false'. You need either to explicitly disable SSL by setting useSSL=false, or set useSSL=true and provide truststore for server certificate verification.
java.io.IOException: Is a directory
	at sun.nio.ch.FileDispatcherImpl.read0(Native Method)
	at sun.nio.ch.FileDispatcherImpl.read(FileDispatcherImpl.java:46)
	at sun.nio.ch.IOUtil.readIntoNativeBuffer(IOUtil.java:223)
	at sun.nio.ch.IOUtil.read(IOUtil.java:197)
	at sun.nio.ch.FileChannelImpl.read(FileChannelImpl.java:159)
	at sun.nio.ch.ChannelInputStream.read(ChannelInputStream.java:65)
	at sun.nio.ch.ChannelInputStream.read(ChannelInputStream.java:109)
	at sun.nio.ch.ChannelInputStream.read(ChannelInputStream.java:103)
	at sun.nio.cs.StreamDecoder.readBytes(StreamDecoder.java:284)
	at sun.nio.cs.StreamDecoder.implRead(StreamDecoder.java:326)
	at sun.nio.cs.StreamDecoder.read(StreamDecoder.java:178)
	at java.io.InputStreamReader.read(InputStreamReader.java:184)
	at java.io.BufferedReader.fill(BufferedReader.java:161)
	at java.io.BufferedReader.readLine(BufferedReader.java:324)
	at java.io.BufferedReader.readLine(BufferedReader.java:389)
	at java.nio.file.Files.readAllLines(Files.java:3205)
	at report.analysis.ReportTools.readFile(ReportTools.java:133)
	at report.analysis.AnalyzeExtractor.processProjectWithoutReport(AnalyzeExtractor.java:33)
	at application.AddTestsToQueue.processProject(AddTestsToQueue.java:106)
	at application.AddTestsToQueue.main(AddTestsToQueue.java:85)
Mon May 07 12:36:15 UTC 2018: No package for: 
Mon May 07 12:48:04 UTC 2018: No package for: /home/laurence/storage/tech-projects/apache__openjpa/openjpa-tools/openjpa-maven-plugin/src/it/enhanceIncludesExcludes/src/test/java/VerifyTest.java
java.nio.charset.MalformedInputException: Input length = 1
	at java.nio.charset.CoderResult.throwException(CoderResult.java:281)
	at sun.nio.cs.StreamDecoder.implRead(StreamDecoder.java:339)
	at sun.nio.cs.StreamDecoder.read(StreamDecoder.java:178)
	at java.io.InputStreamReader.read(InputStreamReader.java:184)
	at java.io.BufferedReader.fill(BufferedReader.java:161)
	at java.io.BufferedReader.readLine(BufferedReader.java:324)
	at java.io.BufferedReader.readLine(BufferedReader.java:389)
	at java.nio.file.Files.readAllLines(Files.java:3205)
	at report.analysis.ReportTools.readFile(ReportTools.java:133)
	at report.analysis.AnalyzeExtractor.processProjectWithoutReport(AnalyzeExtractor.java:33)
	at application.AddTestsToQueue.processProject(AddTestsToQueue.java:106)
	at application.AddTestsToQueue.main(AddTestsToQueue.java:85)
Mon May 07 12:48:58 UTC 2018: No package for: /home/laurence/storage/tech-projects/jacarrichan__rapid-framework/rapid-generator/rapid-generator-template/src/main/resources/generator/template/rapid/clazz/unittest_jmock/${packagePath}/${className}Test.java
java.nio.charset.MalformedInputException: Input length = 1
	at java.nio.charset.CoderResult.throwException(CoderResult.java:281)
	at sun.nio.cs.StreamDecoder.implRead(StreamDecoder.java:339)
	at sun.nio.cs.StreamDecoder.read(StreamDecoder.java:178)
	at java.io.InputStreamReader.read(InputStreamReader.java:184)
	at java.io.BufferedReader.fill(BufferedReader.java:161)
	at java.io.BufferedReader.readLine(BufferedReader.java:324)
	at java.io.BufferedReader.readLine(BufferedReader.java:389)
	at java.nio.file.Files.readAllLines(Files.java:3205)
	at report.analysis.ReportTools.readFile(ReportTools.java:133)
	at report.analysis.AnalyzeExtractor.processProjectWithoutReport(AnalyzeExtractor.java:33)
	at application.AddTestsToQueue.processProject(AddTestsToQueue.java:106)
	at application.AddTestsToQueue.main(AddTestsToQueue.java:85)
Mon May 07 12:49:00 UTC 2018: No package for: /home/laurence/storage/tech-projects/jacarrichan__rapid-framework/rapid-generator/rapid-generator-template/target/classes/generator/template/rapid/clazz/unittest_jmock/${packagePath}/${className}Test.java
java.nio.charset.MalformedInputException: Input length = 1
	at java.nio.charset.CoderResult.throwException(CoderResult.java:281)
	at sun.nio.cs.StreamDecoder.implRead(StreamDecoder.java:339)
	at sun.nio.cs.StreamDecoder.read(StreamDecoder.java:178)
	at java.io.InputStreamReader.read(InputStreamReader.java:184)
	at java.io.BufferedReader.fill(BufferedReader.java:161)
	at java.io.BufferedReader.readLine(BufferedReader.java:324)
	at java.io.BufferedReader.readLine(BufferedReader.java:389)
	at java.nio.file.Files.readAllLines(Files.java:3205)
	at report.analysis.ReportTools.readFile(ReportTools.java:133)
	at report.analysis.AnalyzeExtractor.processProjectWithoutReport(AnalyzeExtractor.java:33)
	at application.AddTestsToQueue.processProject(AddTestsToQueue.java:106)
	at application.AddTestsToQueue.main(AddTestsToQueue.java:85)
Mon May 07 12:49:06 UTC 2018: No package for: /home/laurence/storage/tech-projects/jacarrichan__rapid-framework/rapid-mvn/rapid-generator/rapid-generator-template/src/main/resources/generator/template/rapid/clazz/unittest_jmock/${packagePath}/${className}Test.java
java.io.IOException: Is a directory
	at sun.nio.ch.FileDispatcherImpl.read0(Native Method)
	at sun.nio.ch.FileDispatcherImpl.read(FileDispatcherImpl.java:46)
	at sun.nio.ch.IOUtil.readIntoNativeBuffer(IOUtil.java:223)
	at sun.nio.ch.IOUtil.read(IOUtil.java:197)
	at sun.nio.ch.FileChannelImpl.read(FileChannelImpl.java:159)
	at sun.nio.ch.ChannelInputStream.read(ChannelInputStream.java:65)
	at sun.nio.ch.ChannelInputStream.read(ChannelInputStream.java:109)
	at sun.nio.ch.ChannelInputStream.read(ChannelInputStream.java:103)
	at sun.nio.cs.StreamDecoder.readBytes(StreamDecoder.java:284)
	at sun.nio.cs.StreamDecoder.implRead(StreamDecoder.java:326)
	at sun.nio.cs.StreamDecoder.read(StreamDecoder.java:178)
	at java.io.InputStreamReader.read(InputStreamReader.java:184)
	at java.io.BufferedReader.fill(BufferedReader.java:161)
	at java.io.BufferedReader.readLine(BufferedReader.java:324)
	at java.io.BufferedReader.readLine(BufferedReader.java:389)
	at java.nio.file.Files.readAllLines(Files.java:3205)
	at report.analysis.ReportTools.readFile(ReportTools.java:133)
	at report.analysis.AnalyzeExtractor.processProjectWithoutReport(AnalyzeExtractor.java:33)
	at application.AddTestsToQueue.processProject(AddTestsToQueue.java:106)
	at application.AddTestsToQueue.main(AddTestsToQueue.java:85)
Mon May 07 13:13:37 UTC 2018: No package for: 
java.nio.charset.MalformedInputException: Input length = 1
	at java.nio.charset.CoderResult.throwException(CoderResult.java:281)
	at sun.nio.cs.StreamDecoder.implRead(StreamDecoder.java:339)
	at sun.nio.cs.StreamDecoder.read(StreamDecoder.java:178)
	at java.io.InputStreamReader.read(InputStreamReader.java:184)
	at java.io.BufferedReader.fill(BufferedReader.java:161)
	at java.io.BufferedReader.readLine(BufferedReader.java:324)
	at java.io.BufferedReader.readLine(BufferedReader.java:389)
	at java.nio.file.Files.readAllLines(Files.java:3205)
	at report.analysis.ReportTools.readFile(ReportTools.java:133)
	at report.analysis.AnalyzeExtractor.processProjectWithoutReport(AnalyzeExtractor.java:33)
	at application.AddTestsToQueue.processProject(AddTestsToQueue.java:106)
	at application.AddTestsToQueue.main(AddTestsToQueue.java:85)
Mon May 07 13:16:01 UTC 2018: No package for: /home/laurence/storage/tech-projects/dbroeglin__cipango/cipango-server/src/test/java/org/cipango/io/SipBufferTest.java
Mon May 07 13:19:03 UTC 2018: No package for: /home/laurence/storage/tech-projects/infinitiessoft__keystone4j/keystone4j-core/src/test/java/com/infinities/keystone4j/api/AssignmentApiImplTest.java
Mon May 07 13:19:03 UTC 2018: No package for: /home/laurence/storage/tech-projects/infinitiessoft__keystone4j/keystone4j-core/src/test/java/com/infinities/keystone4j/api/CatalogApiImplTest.java
Mon May 07 13:19:03 UTC 2018: No package for: /home/laurence/storage/tech-projects/infinitiessoft__keystone4j/keystone4j-core/src/test/java/com/infinities/keystone4j/api/TokenApiImplTest.java
Mon May 07 13:19:03 UTC 2018: No package for: /home/laurence/storage/tech-projects/infinitiessoft__keystone4j/keystone4j-core/src/test/java/com/infinities/keystone4j/api/IdentityApiImplTest.java
Mon May 07 13:19:03 UTC 2018: No package for: /home/laurence/storage/tech-projects/infinitiessoft__keystone4j/keystone4j-core/src/test/java/com/infinities/keystone4j/api/TokenProviderApiImplTest.java
Mon May 07 13:19:03 UTC 2018: No package for: /home/laurence/storage/tech-projects/infinitiessoft__keystone4j/keystone4j-core/src/test/java/com/infinities/keystone4j/driver/CatalogJpaDriverTest.java
Mon May 07 13:19:03 UTC 2018: No package for: /home/laurence/storage/tech-projects/infinitiessoft__keystone4j/keystone4j-core/src/test/java/com/infinities/keystone4j/driver/AssignmentJpaDriverTest.java
Mon May 07 13:19:03 UTC 2018: No package for: /home/laurence/storage/tech-projects/infinitiessoft__keystone4j/keystone4j-core/src/test/java/com/infinities/keystone4j/driver/IdentityJpaDriverTest.java
Mon May 07 13:19:03 UTC 2018: No package for: /home/laurence/storage/tech-projects/infinitiessoft__keystone4j/keystone4j-core/src/test/java/com/infinities/keystone4j/driver/TokenJpaDriverTest.java
Mon May 07 13:19:03 UTC 2018: No package for: /home/laurence/storage/tech-projects/infinitiessoft__keystone4j/keystone4j-core/src/test/java/com/infinities/keystone4j/driver/PkiProviderTest.java
Mon May 07 13:19:03 UTC 2018: No package for: /home/laurence/storage/tech-projects/infinitiessoft__keystone4j/keystone4j-core/src/test/java/com/infinities/keystone4j/driver/TokenAuthDriverTest.java
Mon May 07 13:19:03 UTC 2018: No package for: /home/laurence/storage/tech-projects/infinitiessoft__keystone4j/keystone4j-core/src/test/java/com/infinities/keystone4j/driver/PasswordAuthDriverTest.java
Mon May 07 13:19:03 UTC 2018: No package for: /home/laurence/storage/tech-projects/infinitiessoft__keystone4j/keystone4j-core/src/test/java/com/infinities/keystone4j/policy/EnforcerTest.java
Mon May 07 13:19:07 UTC 2018: No package for: /home/laurence/storage/tech-projects/infinitiessoft__keystone4j/keystone4j-core/src/test/java/com/infinities/keystone4j/resource/v3/filter/AuthContextMiddlewareTest.java
Mon May 07 13:42:24 UTC 2018: No package for: /home/laurence/storage/tech-projects/jooby-project__jooby/modules/coverage-report/src/test/java/Issue960.java
java.nio.charset.MalformedInputException: Input length = 1
	at java.nio.charset.CoderResult.throwException(CoderResult.java:281)
	at sun.nio.cs.StreamDecoder.implRead(StreamDecoder.java:339)
	at sun.nio.cs.StreamDecoder.read(StreamDecoder.java:178)
	at java.io.InputStreamReader.read(InputStreamReader.java:184)
	at java.io.BufferedReader.fill(BufferedReader.java:161)
	at java.io.BufferedReader.readLine(BufferedReader.java:324)
	at java.io.BufferedReader.readLine(BufferedReader.java:389)
	at java.nio.file.Files.readAllLines(Files.java:3205)
	at report.analysis.ReportTools.readFile(ReportTools.java:133)
	at report.analysis.AnalyzeExtractor.processProjectWithoutReport(AnalyzeExtractor.java:33)
	at application.AddTestsToQueue.processProject(AddTestsToQueue.java:106)
	at application.AddTestsToQueue.main(AddTestsToQueue.java:85)
Mon May 07 13:43:36 UTC 2018: No package for: /home/laurence/storage/tech-projects/karna789__BookApp/test/java/samples/webapps/bookstore/util/CurrencyTest.java
java.nio.charset.MalformedInputException: Input length = 1
	at java.nio.charset.CoderResult.throwException(CoderResult.java:281)
	at sun.nio.cs.StreamDecoder.implRead(StreamDecoder.java:339)
	at sun.nio.cs.StreamDecoder.read(StreamDecoder.java:178)
	at java.io.InputStreamReader.read(InputStreamReader.java:184)
	at java.io.BufferedReader.fill(BufferedReader.java:161)
	at java.io.BufferedReader.readLine(BufferedReader.java:324)
	at java.io.BufferedReader.readLine(BufferedReader.java:389)
	at java.nio.file.Files.readAllLines(Files.java:3205)
	at report.analysis.ReportTools.readFile(ReportTools.java:133)
	at report.analysis.AnalyzeExtractor.processProjectWithoutReport(AnalyzeExtractor.java:33)
	at application.AddTestsToQueue.processProject(AddTestsToQueue.java:106)
	at application.AddTestsToQueue.main(AddTestsToQueue.java:85)
Mon May 07 13:43:41 UTC 2018: No package for: /home/laurence/storage/tech-projects/karna789__BookApp/src/test/java/samples/webapps/bookstore/util/CurrencyTest.java
