Wed May 16 04:49:13 UTC 2018: Database:jdbc:mysql://localhost:3306/unittests
Wed May 16 04:49:13 UTC 2018: Starting
Wed May 16 04:49:13 UTC 2018: Found element on the queue
Wed May 16 04:49:13 UTC 2018: Updating status
Wed May 16 04:49:13 UTC 2018: Working
Wed May 16 04:49:13 UTC 2018: Create project parser
Wed May 16 04:49:22 UTC 2018: Create slicer
Wed May 16 04:49:26 UTC 2018: Create call graph
Wed May 16 04:49:38 UTC 2018: Create point analysis
Wed May 16 04:49:38 UTC 2018: Create call graph done
Wed May 16 04:49:38 UTC 2018: Start m-giltri__lab2_3 test class org.junit.tests.experimental.theories.AssumingInTheoriesTest
Wed May 16 04:49:38 UTC 2018: Setting lastTestMethodIndex: 62221
Wed May 16 04:49:38 UTC 2018: Starting linking
Wed May 16 04:49:38 UTC 2018: No link for: org.junit.tests.experimental.theories.AssumingInTheoriesTest-noTheoryAnnotationMeansAssumeShouldIgnore
Wed May 16 04:49:38 UTC 2018: None match not added in database because it already exists
Wed May 16 04:49:38 UTC 2018: No link for: org.junit.tests.experimental.theories.AssumingInTheoriesTest-theoryMeansOnlyAssumeShouldFail
Wed May 16 04:49:39 UTC 2018: None match not added in database because it already exists
Wed May 16 04:49:39 UTC 2018: Linking done for m-giltri__lab2_3 test class org.junit.tests.experimental.theories.AssumingInTheoriesTest
Wed May 16 04:49:39 UTC 2018: Found element on the queue
Wed May 16 04:49:39 UTC 2018: Updating status
Wed May 16 04:49:39 UTC 2018: Working
Wed May 16 04:49:41 UTC 2018: Start m-giltri__lab2_3 test class org.junit.tests.experimental.theories.PotentialAssignmentTest
Wed May 16 04:49:41 UTC 2018: Setting lastTestMethodIndex: 62224
Wed May 16 04:49:41 UTC 2018: Starting linking
Wed May 16 04:49:41 UTC 2018: No link for: org.junit.tests.experimental.theories.PotentialAssignmentTest-shouldIncludeFailureInDescriptionIfToStringFails
Wed May 16 04:49:42 UTC 2018: None match not added in database because it already exists
Wed May 16 04:49:42 UTC 2018: No link for: org.junit.tests.experimental.theories.PotentialAssignmentTest-shouldUseQuotedValueInDescription
Wed May 16 04:49:42 UTC 2018: None match not added in database because it already exists
Wed May 16 04:49:42 UTC 2018: No link for: org.junit.tests.experimental.theories.PotentialAssignmentTest-shouldReturnGivenValue
Wed May 16 04:49:42 UTC 2018: None match not added in database because it already exists
Wed May 16 04:49:42 UTC 2018: No link for: org.junit.tests.experimental.theories.PotentialAssignmentTest-shouldNotUseQuotesForNullValueDescriptions
Wed May 16 04:49:43 UTC 2018: None match not added in database because it already exists
Wed May 16 04:49:43 UTC 2018: Linking done for m-giltri__lab2_3 test class org.junit.tests.experimental.theories.PotentialAssignmentTest
Wed May 16 04:49:43 UTC 2018: Found element on the queue
Wed May 16 04:49:43 UTC 2018: Updating status
Wed May 16 04:49:43 UTC 2018: Working
Wed May 16 04:49:45 UTC 2018: Start m-giltri__lab2_3 test class org.junit.tests.experimental.AssumptionTest
Wed May 16 04:49:45 UTC 2018: Setting lastTestMethodIndex: 62226
Wed May 16 04:49:45 UTC 2018: Starting linking
Wed May 16 04:49:45 UTC 2018: Linking done for m-giltri__lab2_3 test class org.junit.tests.experimental.AssumptionTest
Wed May 16 04:49:46 UTC 2018: Found element on the queue
Wed May 16 04:49:46 UTC 2018: Updating status
Wed May 16 04:49:46 UTC 2018: Working
Wed May 16 04:49:48 UTC 2018: Start m-giltri__lab2_3 test class org.junit.tests.experimental.MatcherTest
Wed May 16 04:49:48 UTC 2018: Setting lastTestMethodIndex: 62228
Wed May 16 04:49:48 UTC 2018: Starting linking
Wed May 16 04:49:48 UTC 2018: Linking done for m-giltri__lab2_3 test class org.junit.tests.experimental.MatcherTest
Wed May 16 04:49:49 UTC 2018: Found element on the queue
Wed May 16 04:49:49 UTC 2018: Updating status
Wed May 16 04:49:49 UTC 2018: Working
Wed May 16 04:49:51 UTC 2018: Start m-giltri__lab2_3 test class org.junit.tests.experimental.theories.extendingwithstubs.StubbedTheoriesTest
Wed May 16 04:49:51 UTC 2018: Setting lastTestMethodIndex: 62230
Wed May 16 04:49:51 UTC 2018: Starting linking
Wed May 16 04:49:51 UTC 2018: Linking done for m-giltri__lab2_3 test class org.junit.tests.experimental.theories.extendingwithstubs.StubbedTheoriesTest
Wed May 16 04:49:51 UTC 2018: Found element on the queue
Wed May 16 04:49:51 UTC 2018: Updating status
Wed May 16 04:49:51 UTC 2018: Working
Wed May 16 04:49:54 UTC 2018: Start m-giltri__lab2_3 test class org.junit.internal.builders.AnnotatedBuilderTest
Wed May 16 04:49:54 UTC 2018: Setting lastTestMethodIndex: 62232
Wed May 16 04:49:54 UTC 2018: Starting linking
Wed May 16 04:49:54 UTC 2018: No link for: org.junit.internal.builders.AnnotatedBuilderTest-test
Wed May 16 04:49:54 UTC 2018: No link for: org.junit.internal.builders.AnnotatedBuilderTest-topLevelTestClassWithAnnotation_isRunWithAnnotatedRunner
Wed May 16 04:49:54 UTC 2018: None match not added in database because it already exists
Wed May 16 04:49:54 UTC 2018: No link for: org.junit.internal.builders.AnnotatedBuilderTest-topLevelTestClassWithoutAnnotation_isRunWithDefaultRunner
Wed May 16 04:49:55 UTC 2018: None match not added in database because it already exists
Wed May 16 04:49:55 UTC 2018: No link for: org.junit.internal.builders.AnnotatedBuilderTest-memberClassDeepInsideAnnotatedTopLevelClass_isRunWithTopLevelRunner
Wed May 16 04:49:55 UTC 2018: None match not added in database because it already exists
Wed May 16 04:49:55 UTC 2018: No link for: org.junit.internal.builders.AnnotatedBuilderTest-annotatedMemberClassInsideAnnotatedTopLevelClass_isRunWithOwnRunner
Wed May 16 04:49:56 UTC 2018: None match not added in database because it already exists
Wed May 16 04:49:56 UTC 2018: No link for: org.junit.internal.builders.AnnotatedBuilderTest-memberClassDeepInsideAnnotatedMemberClass_isRunWithParentMemberClassRunner
Wed May 16 04:49:56 UTC 2018: None match not added in database because it already exists
Wed May 16 04:49:56 UTC 2018: No link for: org.junit.internal.builders.AnnotatedBuilderTest-memberClassInsideAnnotatedTopLevelClass_isRunWithTopLevelRunner
Wed May 16 04:49:56 UTC 2018: None match not added in database because it already exists
Wed May 16 04:49:56 UTC 2018: Linking done for m-giltri__lab2_3 test class org.junit.internal.builders.AnnotatedBuilderTest
Wed May 16 04:49:57 UTC 2018: Found element on the queue
Wed May 16 04:49:57 UTC 2018: Updating status
Wed May 16 04:49:57 UTC 2018: Working
Wed May 16 04:49:59 UTC 2018: Start m-giltri__lab2_3 test class org.junit.internal.runners.ErrorReportingRunnerTest
Wed May 16 04:49:59 UTC 2018: Setting lastTestMethodIndex: 62234
Wed May 16 04:49:59 UTC 2018: Starting linking
Wed May 16 04:49:59 UTC 2018: No link for: org.junit.internal.runners.ErrorReportingRunnerTest-cannotCreateWithoutClass
Wed May 16 04:49:59 UTC 2018: None match not added in database because it already exists
Wed May 16 04:49:59 UTC 2018: No link for: org.junit.internal.runners.ErrorReportingRunnerTest-cannotCreateWithNullClass
Wed May 16 04:50:00 UTC 2018: None match not added in database because it already exists
Wed May 16 04:50:00 UTC 2018: No link for: org.junit.internal.runners.ErrorReportingRunnerTest-cannotCreateWithNullClass2
Wed May 16 04:50:00 UTC 2018: None match not added in database because it already exists
Wed May 16 04:50:00 UTC 2018: No link for: org.junit.internal.runners.ErrorReportingRunnerTest-testMethodReturningString
Wed May 16 04:50:00 UTC 2018: No link for: org.junit.internal.runners.ErrorReportingRunnerTest-givenInvalidTestClassErrorAsCause
Wed May 16 04:50:01 UTC 2018: None match not added in database because it already exists
Wed May 16 04:50:01 UTC 2018: No link for: org.junit.internal.runners.ErrorReportingRunnerTest-cannotCreateWithNullClasses
Wed May 16 04:50:01 UTC 2018: None match not added in database because it already exists
Wed May 16 04:50:01 UTC 2018: No link for: org.junit.internal.runners.ErrorReportingRunnerTest-givenInvalidTestClass_integrationTest
Wed May 16 04:50:02 UTC 2018: None match not added in database because it already exists
Wed May 16 04:50:02 UTC 2018: Linking done for m-giltri__lab2_3 test class org.junit.internal.runners.ErrorReportingRunnerTest
Wed May 16 04:50:02 UTC 2018: Found element on the queue
Wed May 16 04:50:02 UTC 2018: Updating status
Wed May 16 04:50:02 UTC 2018: Working
Wed May 16 04:50:04 UTC 2018: Start m-giltri__lab2_3 test class org.junit.internal.runners.statements.FailOnTimeoutTest
Wed May 16 04:50:04 UTC 2018: Setting lastTestMethodIndex: 62236
Wed May 16 04:50:04 UTC 2018: Starting linking
Wed May 16 04:50:04 UTC 2018: No link for: org.junit.internal.runners.statements.FailOnTimeoutTest-throwTimeoutExceptionOnSecondCallAlthoughFirstCallThrowsException
Wed May 16 04:50:05 UTC 2018: None match not added in database because it already exists
Wed May 16 04:50:05 UTC 2018: No link for: org.junit.internal.runners.statements.FailOnTimeoutTest-stackTraceContainsRealCauseOfTimeout
Wed May 16 04:50:05 UTC 2018: No link for: org.junit.internal.runners.statements.FailOnTimeoutTest-sendUpExceptionThrownByStatement
Wed May 16 04:50:06 UTC 2018: None match not added in database because it already exists
Wed May 16 04:50:06 UTC 2018: No link for: org.junit.internal.runners.statements.FailOnTimeoutTest-throwsTestTimedOutException
Wed May 16 04:50:06 UTC 2018: None match not added in database because it already exists
Wed May 16 04:50:06 UTC 2018: No link for: org.junit.internal.runners.statements.FailOnTimeoutTest-stopEndlessStatement
Wed May 16 04:50:06 UTC 2018: No link for: org.junit.internal.runners.statements.FailOnTimeoutTest-throwExceptionIfTheSecondCallToEvaluateNeedsTooMuchTime
Wed May 16 04:50:07 UTC 2018: None match not added in database because it already exists
Wed May 16 04:50:07 UTC 2018: No link for: org.junit.internal.runners.statements.FailOnTimeoutTest-throwsExceptionWithTimeoutValueAndTimeUnitSet
Wed May 16 04:50:07 UTC 2018: None match not added in database because it already exists
Wed May 16 04:50:07 UTC 2018: No link for: org.junit.internal.runners.statements.FailOnTimeoutTest-throwExceptionWithNiceMessageOnTimeout
Wed May 16 04:50:07 UTC 2018: None match not added in database because it already exists
Wed May 16 04:50:07 UTC 2018: Linking done for m-giltri__lab2_3 test class org.junit.internal.runners.statements.FailOnTimeoutTest
Wed May 16 04:50:08 UTC 2018: Found element on the queue
Wed May 16 04:50:08 UTC 2018: Updating status
Wed May 16 04:50:08 UTC 2018: Working
Wed May 16 04:50:10 UTC 2018: Start m-giltri__lab2_3 test class org.junit.internal.MethodSorterTest
Wed May 16 04:50:10 UTC 2018: Setting lastTestMethodIndex: 62237
Wed May 16 04:50:10 UTC 2018: Starting linking
Wed May 16 04:50:10 UTC 2018: Linking done for m-giltri__lab2_3 test class org.junit.internal.MethodSorterTest
Wed May 16 04:50:10 UTC 2018: Found element on the queue
Wed May 16 04:50:10 UTC 2018: Updating status
Wed May 16 04:50:10 UTC 2018: Working
Wed May 16 04:50:13 UTC 2018: Start m-giltri__lab2_3 test class org.junit.internal.matchers.StacktracePrintingMatcherTest
Wed May 16 04:50:13 UTC 2018: Setting lastTestMethodIndex: 62238
Wed May 16 04:50:13 UTC 2018: Starting linking
Wed May 16 04:50:13 UTC 2018: Code found org.junit.Assert-assertThat with org.junit.internal.matchers.StacktracePrintingMatcherTest-assertThatIncludesStacktrace
Wed May 16 04:50:13 UTC 2018: Match not added in database because it already exists
Wed May 16 04:50:13 UTC 2018: No link for: org.junit.internal.matchers.StacktracePrintingMatcherTest-failsWhenInnerMatcherFails
Wed May 16 04:50:13 UTC 2018: None match not added in database because it already exists
Wed May 16 04:50:13 UTC 2018: No link for: org.junit.internal.matchers.StacktracePrintingMatcherTest-succeedsWhenInnerMatcherSucceeds
Wed May 16 04:50:14 UTC 2018: None match not added in database because it already exists
Wed May 16 04:50:14 UTC 2018: Linking done for m-giltri__lab2_3 test class org.junit.internal.matchers.StacktracePrintingMatcherTest
Wed May 16 04:50:14 UTC 2018: Found element on the queue
Wed May 16 04:50:14 UTC 2018: Updating status
Wed May 16 04:50:14 UTC 2018: Working
Wed May 16 04:50:16 UTC 2018: Start m-giltri__lab2_3 test class org.junit.internal.matchers.ThrowableCauseMatcherTest
Wed May 16 04:50:16 UTC 2018: Setting lastTestMethodIndex: 62239
Wed May 16 04:50:16 UTC 2018: Starting linking
Wed May 16 04:50:16 UTC 2018: No link for: org.junit.internal.matchers.ThrowableCauseMatcherTest-shouldAllowCauseOfDifferentClassFromRoot
Wed May 16 04:50:17 UTC 2018: None match not added in database because it already exists
Wed May 16 04:50:17 UTC 2018: Linking done for m-giltri__lab2_3 test class org.junit.internal.matchers.ThrowableCauseMatcherTest
Wed May 16 04:50:17 UTC 2018: Found element on the queue
Wed May 16 04:50:17 UTC 2018: Updating status
Wed May 16 04:50:17 UTC 2018: Working
Wed May 16 04:50:19 UTC 2018: Start m-giltri__lab2_3 test class org.junit.internal.ArrayComparisonFailureTest
Wed May 16 04:50:19 UTC 2018: Setting lastTestMethodIndex: 62240
Wed May 16 04:50:19 UTC 2018: Starting linking
Wed May 16 04:50:19 UTC 2018: No link for: org.junit.internal.ArrayComparisonFailureTest-classShouldAccept411Version
Wed May 16 04:50:20 UTC 2018: None match not added in database because it already exists
Wed May 16 04:50:20 UTC 2018: No link for: org.junit.internal.ArrayComparisonFailureTest-classShouldAccept412Version
Wed May 16 04:50:20 UTC 2018: None match not added in database because it already exists
Wed May 16 04:50:20 UTC 2018: Linking done for m-giltri__lab2_3 test class org.junit.internal.ArrayComparisonFailureTest
Wed May 16 04:50:21 UTC 2018: Found element on the queue
Wed May 16 04:50:21 UTC 2018: Updating status
Wed May 16 04:50:21 UTC 2018: Working
Wed May 16 04:50:23 UTC 2018: Start m-giltri__lab2_3 test class org.junit.tests.junit3compatibility.AllTestsTest
Wed May 16 04:50:23 UTC 2018: Setting lastTestMethodIndex: 62241
Wed May 16 04:50:23 UTC 2018: Starting linking
Wed May 16 04:50:23 UTC 2018: Linking done for m-giltri__lab2_3 test class org.junit.tests.junit3compatibility.AllTestsTest
Wed May 16 04:50:24 UTC 2018: Found element on the queue
Wed May 16 04:50:24 UTC 2018: Updating status
Wed May 16 04:50:24 UTC 2018: Working
Wed May 16 04:50:26 UTC 2018: Start m-giltri__lab2_3 test class org.junit.tests.junit3compatibility.ClassRequestTest
Wed May 16 04:50:26 UTC 2018: Setting lastTestMethodIndex: 62242
Wed May 16 04:50:26 UTC 2018: Starting linking
Wed May 16 04:50:26 UTC 2018: Linking done for m-giltri__lab2_3 test class org.junit.tests.junit3compatibility.ClassRequestTest
Wed May 16 04:50:26 UTC 2018: Found element on the queue
Wed May 16 04:50:26 UTC 2018: Updating status
Wed May 16 04:50:26 UTC 2018: Working
Wed May 16 04:50:29 UTC 2018: Start m-giltri__lab2_3 test class org.junit.tests.junit3compatibility.ForwardCompatibilityPrintingTest
Wed May 16 04:50:29 UTC 2018: Setting lastTestMethodIndex: 62243
Wed May 16 04:50:29 UTC 2018: Starting linking
Wed May 16 04:50:29 UTC 2018: Linking done for m-giltri__lab2_3 test class org.junit.tests.junit3compatibility.ForwardCompatibilityPrintingTest
Wed May 16 04:50:29 UTC 2018: Found element on the queue
Wed May 16 04:50:29 UTC 2018: Updating status
Wed May 16 04:50:29 UTC 2018: Working
Wed May 16 04:50:31 UTC 2018: Start m-giltri__lab2_3 test class org.junit.tests.junit3compatibility.ForwardCompatibilityTest
Wed May 16 04:50:31 UTC 2018: Setting lastTestMethodIndex: 62244
Wed May 16 04:50:31 UTC 2018: Starting linking
Wed May 16 04:50:31 UTC 2018: Linking done for m-giltri__lab2_3 test class org.junit.tests.junit3compatibility.ForwardCompatibilityTest
Wed May 16 04:50:32 UTC 2018: Found element on the queue
Wed May 16 04:50:32 UTC 2018: Updating status
Wed May 16 04:50:32 UTC 2018: Working
Wed May 16 04:50:34 UTC 2018: Start m-giltri__lab2_3 test class org.junit.tests.junit3compatibility.InitializationErrorForwardCompatibilityTest
Wed May 16 04:50:34 UTC 2018: Setting lastTestMethodIndex: 62245
Wed May 16 04:50:34 UTC 2018: Starting linking
Wed May 16 04:50:34 UTC 2018: Linking done for m-giltri__lab2_3 test class org.junit.tests.junit3compatibility.InitializationErrorForwardCompatibilityTest
Wed May 16 04:50:34 UTC 2018: Found element on the queue
Wed May 16 04:50:34 UTC 2018: Updating status
Wed May 16 04:50:34 UTC 2018: Working
Wed May 16 04:50:36 UTC 2018: Start m-giltri__lab2_3 test class org.junit.tests.junit3compatibility.JUnit38ClassRunnerTest
Wed May 16 04:50:36 UTC 2018: Setting lastTestMethodIndex: 62246
Wed May 16 04:50:36 UTC 2018: Starting linking
Wed May 16 04:50:36 UTC 2018: Linking done for m-giltri__lab2_3 test class org.junit.tests.junit3compatibility.JUnit38ClassRunnerTest
Wed May 16 04:50:36 UTC 2018: Found element on the queue
Wed May 16 04:50:36 UTC 2018: Updating status
Wed May 16 04:50:36 UTC 2018: Working
Wed May 16 04:50:39 UTC 2018: Start m-giltri__lab2_3 test class org.junit.tests.junit3compatibility.JUnit4TestAdapterTest
Wed May 16 04:50:39 UTC 2018: Setting lastTestMethodIndex: 62247
Wed May 16 04:50:39 UTC 2018: Starting linking
Wed May 16 04:50:39 UTC 2018: Linking done for m-giltri__lab2_3 test class org.junit.tests.junit3compatibility.JUnit4TestAdapterTest
Wed May 16 04:50:39 UTC 2018: Found element on the queue
Wed May 16 04:50:39 UTC 2018: Updating status
Wed May 16 04:50:39 UTC 2018: Working
Wed May 16 04:50:41 UTC 2018: Start m-giltri__lab2_3 test class org.junit.tests.junit3compatibility.OldTestClassAdaptingListenerTest
Wed May 16 04:50:41 UTC 2018: Setting lastTestMethodIndex: 62248
Wed May 16 04:50:41 UTC 2018: Starting linking
Wed May 16 04:50:41 UTC 2018: Code found org.junit.internal.runners.JUnit38ClassRunner$OldTestClassAdaptingListener-addFailure with org.junit.tests.junit3compatibility.OldTestClassAdaptingListenerTest-addFailureDelegatesToNotifier
Wed May 16 04:50:41 UTC 2018: Match not added in database because it already exists
Wed May 16 04:50:41 UTC 2018: Linking done for m-giltri__lab2_3 test class org.junit.tests.junit3compatibility.OldTestClassAdaptingListenerTest
Wed May 16 04:50:42 UTC 2018: Found element on the queue
Wed May 16 04:50:42 UTC 2018: Updating status
Wed May 16 04:50:42 UTC 2018: Working
Wed May 16 04:50:44 UTC 2018: Start m-giltri__lab2_3 test class junit.tests.framework.TestCaseTest
Wed May 16 04:50:44 UTC 2018: Setting lastTestMethodIndex: 62249
Wed May 16 04:50:44 UTC 2018: Starting linking
Wed May 16 04:50:44 UTC 2018: Linking done for m-giltri__lab2_3 test class junit.tests.framework.TestCaseTest
Wed May 16 04:50:44 UTC 2018: Found element on the queue
Wed May 16 04:50:44 UTC 2018: Updating status
Wed May 16 04:50:44 UTC 2018: Working
Wed May 16 04:50:46 UTC 2018: Start m-giltri__lab2_3 test class junit.tests.framework.SuiteTest
Wed May 16 04:50:46 UTC 2018: Setting lastTestMethodIndex: 62250
Wed May 16 04:50:46 UTC 2018: Starting linking
Wed May 16 04:50:46 UTC 2018: Linking done for m-giltri__lab2_3 test class junit.tests.framework.SuiteTest
Wed May 16 04:50:47 UTC 2018: Found element on the queue
Wed May 16 04:50:47 UTC 2018: Updating status
Wed May 16 04:50:47 UTC 2018: Working
Wed May 16 04:50:49 UTC 2018: Start m-giltri__lab2_3 test class junit.tests.framework.TestListenerTest
Wed May 16 04:50:49 UTC 2018: Setting lastTestMethodIndex: 62251
Wed May 16 04:50:49 UTC 2018: Starting linking
Wed May 16 04:50:49 UTC 2018: Linking done for m-giltri__lab2_3 test class junit.tests.framework.TestListenerTest
Wed May 16 04:50:49 UTC 2018: Found element on the queue
Wed May 16 04:50:49 UTC 2018: Updating status
Wed May 16 04:50:49 UTC 2018: Working
Wed May 16 04:50:51 UTC 2018: Start m-giltri__lab2_3 test class junit.tests.framework.AssertionFailedErrorTest
Wed May 16 04:50:51 UTC 2018: Setting lastTestMethodIndex: 62252
Wed May 16 04:50:51 UTC 2018: Starting linking
Wed May 16 04:50:51 UTC 2018: Linking done for m-giltri__lab2_3 test class junit.tests.framework.AssertionFailedErrorTest
Wed May 16 04:50:52 UTC 2018: Found element on the queue
Wed May 16 04:50:52 UTC 2018: Updating status
Wed May 16 04:50:52 UTC 2018: Working
Wed May 16 04:50:54 UTC 2018: Start m-giltri__lab2_3 test class junit.tests.framework.AssertTest
Wed May 16 04:50:54 UTC 2018: Setting lastTestMethodIndex: 62253
Wed May 16 04:50:54 UTC 2018: Starting linking
Wed May 16 04:50:54 UTC 2018: Linking done for m-giltri__lab2_3 test class junit.tests.framework.AssertTest
Wed May 16 04:50:54 UTC 2018: Found element on the queue
Wed May 16 04:50:54 UTC 2018: Updating status
Wed May 16 04:50:54 UTC 2018: Working
Wed May 16 04:50:56 UTC 2018: Start m-giltri__lab2_3 test class junit.tests.framework.TestImplementorTest
Wed May 16 04:50:56 UTC 2018: Setting lastTestMethodIndex: 62254
Wed May 16 04:50:56 UTC 2018: Starting linking
Wed May 16 04:50:56 UTC 2018: Linking done for m-giltri__lab2_3 test class junit.tests.framework.TestImplementorTest
Wed May 16 04:50:57 UTC 2018: Found element on the queue
Wed May 16 04:50:57 UTC 2018: Updating status
Wed May 16 04:50:57 UTC 2018: Working
Wed May 16 04:50:59 UTC 2018: Start m-giltri__lab2_3 test class junit.tests.framework.NoArgTestCaseTest
Wed May 16 04:50:59 UTC 2018: Setting lastTestMethodIndex: 62256
Wed May 16 04:50:59 UTC 2018: Starting linking
Wed May 16 04:50:59 UTC 2018: Linking done for m-giltri__lab2_3 test class junit.tests.framework.NoArgTestCaseTest
Wed May 16 04:50:59 UTC 2018: Found element on the queue
Wed May 16 04:50:59 UTC 2018: Updating status
Wed May 16 04:50:59 UTC 2018: Working
Wed May 16 04:51:02 UTC 2018: Start m-giltri__lab2_3 test class junit.tests.framework.ComparisonCompactorTest
Wed May 16 04:51:02 UTC 2018: Setting lastTestMethodIndex: 62257
Wed May 16 04:51:02 UTC 2018: Starting linking
Wed May 16 04:51:02 UTC 2018: Linking done for m-giltri__lab2_3 test class junit.tests.framework.ComparisonCompactorTest
Wed May 16 04:51:02 UTC 2018: Found element on the queue
Wed May 16 04:51:02 UTC 2018: Updating status
Wed May 16 04:51:02 UTC 2018: Working
Wed May 16 04:51:04 UTC 2018: Start m-giltri__lab2_3 test class junit.tests.framework.ComparisonFailureTest
Wed May 16 04:51:04 UTC 2018: Setting lastTestMethodIndex: 62259
Wed May 16 04:51:04 UTC 2018: Starting linking
Wed May 16 04:51:04 UTC 2018: Linking done for m-giltri__lab2_3 test class junit.tests.framework.ComparisonFailureTest
Wed May 16 04:51:05 UTC 2018: Found element on the queue
Wed May 16 04:51:05 UTC 2018: Updating status
Wed May 16 04:51:05 UTC 2018: Working
Wed May 16 04:51:07 UTC 2018: Start m-giltri__lab2_3 test class junit.tests.framework.DoublePrecisionAssertTest
Wed May 16 04:51:07 UTC 2018: Setting lastTestMethodIndex: 62260
Wed May 16 04:51:07 UTC 2018: Starting linking
Wed May 16 04:51:07 UTC 2018: Linking done for m-giltri__lab2_3 test class junit.tests.framework.DoublePrecisionAssertTest
Wed May 16 04:51:07 UTC 2018: Found element on the queue
Wed May 16 04:51:07 UTC 2018: Updating status
Wed May 16 04:51:07 UTC 2018: Working
Wed May 16 04:51:10 UTC 2018: Start m-giltri__lab2_3 test class junit.tests.framework.FloatAssertTest
Wed May 16 04:51:10 UTC 2018: Setting lastTestMethodIndex: 62262
Wed May 16 04:51:10 UTC 2018: Starting linking
Wed May 16 04:51:10 UTC 2018: Linking done for m-giltri__lab2_3 test class junit.tests.framework.FloatAssertTest
Wed May 16 04:51:10 UTC 2018: Found element on the queue
Wed May 16 04:51:10 UTC 2018: Updating status
Wed May 16 04:51:10 UTC 2018: Working
Wed May 16 04:51:13 UTC 2018: Start m-giltri__lab2_3 test class junit.tests.runner.StackFilterTest
Wed May 16 04:51:13 UTC 2018: Setting lastTestMethodIndex: 62264
Wed May 16 04:51:13 UTC 2018: Starting linking
Wed May 16 04:51:13 UTC 2018: Linking done for m-giltri__lab2_3 test class junit.tests.runner.StackFilterTest
Wed May 16 04:51:13 UTC 2018: Found element on the queue
Wed May 16 04:51:13 UTC 2018: Updating status
Wed May 16 04:51:13 UTC 2018: Working
Wed May 16 04:51:15 UTC 2018: Start m-giltri__lab2_3 test class junit.tests.runner.ResultTest
Wed May 16 04:51:15 UTC 2018: Setting lastTestMethodIndex: 62266
Wed May 16 04:51:15 UTC 2018: Starting linking
Wed May 16 04:51:15 UTC 2018: Linking done for m-giltri__lab2_3 test class junit.tests.runner.ResultTest
Wed May 16 04:51:16 UTC 2018: Found element on the queue
Wed May 16 04:51:16 UTC 2018: Updating status
Wed May 16 04:51:16 UTC 2018: Working
Wed May 16 04:51:18 UTC 2018: Start m-giltri__lab2_3 test class junit.tests.runner.BaseTestRunnerTest
Wed May 16 04:51:18 UTC 2018: Setting lastTestMethodIndex: 62267
Wed May 16 04:51:18 UTC 2018: Starting linking
Wed May 16 04:51:18 UTC 2018: Linking done for m-giltri__lab2_3 test class junit.tests.runner.BaseTestRunnerTest
Wed May 16 04:51:18 UTC 2018: Found element on the queue
Wed May 16 04:51:18 UTC 2018: Updating status
Wed May 16 04:51:18 UTC 2018: Working
Wed May 16 04:51:21 UTC 2018: Start m-giltri__lab2_3 test class junit.tests.runner.TextFeedbackTest
Wed May 16 04:51:21 UTC 2018: Setting lastTestMethodIndex: 62269
Wed May 16 04:51:21 UTC 2018: Starting linking
Wed May 16 04:51:21 UTC 2018: Linking done for m-giltri__lab2_3 test class junit.tests.runner.TextFeedbackTest
Wed May 16 04:51:21 UTC 2018: Found element on the queue
Wed May 16 04:51:21 UTC 2018: Updating status
Wed May 16 04:51:21 UTC 2018: Working
Wed May 16 04:51:23 UTC 2018: Start m-giltri__lab2_3 test class junit.tests.runner.TextRunnerSingleMethodTest
Wed May 16 04:51:23 UTC 2018: Setting lastTestMethodIndex: 62270
Wed May 16 04:51:23 UTC 2018: Starting linking
Wed May 16 04:51:23 UTC 2018: Linking done for m-giltri__lab2_3 test class junit.tests.runner.TextRunnerSingleMethodTest
Wed May 16 04:51:23 UTC 2018: Found element on the queue
Wed May 16 04:51:23 UTC 2018: Updating status
Wed May 16 04:51:23 UTC 2018: Working
Wed May 16 04:51:25 UTC 2018: Start m-giltri__lab2_3 test class junit.tests.runner.TextRunnerTest
Wed May 16 04:51:25 UTC 2018: Setting lastTestMethodIndex: 62273
Wed May 16 04:51:25 UTC 2018: Starting linking
Wed May 16 04:51:25 UTC 2018: Linking done for m-giltri__lab2_3 test class junit.tests.runner.TextRunnerTest
Wed May 16 04:51:26 UTC 2018: Found element on the queue
Wed May 16 04:51:26 UTC 2018: Updating status
Wed May 16 04:51:26 UTC 2018: Working
Wed May 16 04:51:28 UTC 2018: Start m-giltri__lab2_3 test class junit.tests.extensions.ExtensionTest
Wed May 16 04:51:28 UTC 2018: Setting lastTestMethodIndex: 62274
Wed May 16 04:51:28 UTC 2018: Starting linking
Wed May 16 04:51:28 UTC 2018: Linking done for m-giltri__lab2_3 test class junit.tests.extensions.ExtensionTest
Wed May 16 04:51:28 UTC 2018: Found element on the queue
Wed May 16 04:51:28 UTC 2018: Updating status
Wed May 16 04:51:28 UTC 2018: Working
Wed May 16 04:51:31 UTC 2018: Start m-giltri__lab2_3 test class junit.tests.extensions.ActiveTestTest
Wed May 16 04:51:31 UTC 2018: Setting lastTestMethodIndex: 62276
Wed May 16 04:51:31 UTC 2018: Starting linking
Wed May 16 04:51:31 UTC 2018: Linking done for m-giltri__lab2_3 test class junit.tests.extensions.ActiveTestTest
Wed May 16 04:51:31 UTC 2018: Found element on the queue
Wed May 16 04:51:31 UTC 2018: Updating status
Wed May 16 04:51:31 UTC 2018: Working
Wed May 16 04:51:34 UTC 2018: Start m-giltri__lab2_3 test class junit.tests.extensions.RepeatedTestTest
Wed May 16 04:51:34 UTC 2018: Setting lastTestMethodIndex: 62277
Wed May 16 04:51:34 UTC 2018: Starting linking
Wed May 16 04:51:34 UTC 2018: Linking done for m-giltri__lab2_3 test class junit.tests.extensions.RepeatedTestTest
Wed May 16 04:51:34 UTC 2018: Found element on the queue
Wed May 16 04:51:34 UTC 2018: Updating status
Wed May 16 04:51:34 UTC 2018: Working
Wed May 16 04:51:36 UTC 2018: Start m-giltri__lab2_3 test class org.junit.tests.junit3compatibility.SuiteMethodTest
Wed May 16 04:51:37 UTC 2018: Setting lastTestMethodIndex: 62278
Wed May 16 04:51:37 UTC 2018: Starting linking
Wed May 16 04:51:37 UTC 2018: Linking done for m-giltri__lab2_3 test class org.junit.tests.junit3compatibility.SuiteMethodTest
Wed May 16 04:51:37 UTC 2018: Found element on the queue
Wed May 16 04:51:37 UTC 2018: Updating status
Wed May 16 04:51:37 UTC 2018: Working
Wed May 16 04:51:39 UTC 2018: Start m-giltri__lab2_3 test class org.junit.tests.listening.ListenerTest
Wed May 16 04:51:39 UTC 2018: Setting lastTestMethodIndex: 62280
Wed May 16 04:51:39 UTC 2018: Starting linking
Wed May 16 04:51:39 UTC 2018: Linking done for m-giltri__lab2_3 test class org.junit.tests.listening.ListenerTest
Wed May 16 04:51:40 UTC 2018: Found element on the queue
Wed May 16 04:51:40 UTC 2018: Updating status
Wed May 16 04:51:40 UTC 2018: Working
Wed May 16 04:51:42 UTC 2018: Start m-giltri__lab2_3 test class org.junit.tests.listening.RunnerTest
Wed May 16 04:51:42 UTC 2018: Setting lastTestMethodIndex: 62281
Wed May 16 04:51:42 UTC 2018: Starting linking
Wed May 16 04:51:42 UTC 2018: Linking done for m-giltri__lab2_3 test class org.junit.tests.listening.RunnerTest
Wed May 16 04:51:42 UTC 2018: Found element on the queue
Wed May 16 04:51:42 UTC 2018: Updating status
Wed May 16 04:51:42 UTC 2018: Working
Wed May 16 04:51:45 UTC 2018: Start m-giltri__lab2_3 test class org.junit.tests.listening.TestListenerTest
Wed May 16 04:51:45 UTC 2018: Setting lastTestMethodIndex: 62283
Wed May 16 04:51:45 UTC 2018: Starting linking
Wed May 16 04:51:45 UTC 2018: Linking done for m-giltri__lab2_3 test class org.junit.tests.listening.TestListenerTest
Wed May 16 04:51:45 UTC 2018: Found element on the queue
Wed May 16 04:51:45 UTC 2018: Updating status
Wed May 16 04:51:45 UTC 2018: Working
Wed May 16 04:51:47 UTC 2018: Start m-giltri__lab2_3 test class org.junit.tests.listening.TextListenerTest
Wed May 16 04:51:47 UTC 2018: Setting lastTestMethodIndex: 62284
Wed May 16 04:51:47 UTC 2018: Starting linking
Wed May 16 04:51:47 UTC 2018: Linking done for m-giltri__lab2_3 test class org.junit.tests.listening.TextListenerTest
Wed May 16 04:51:48 UTC 2018: Found element on the queue
Wed May 16 04:51:48 UTC 2018: Updating status
Wed May 16 04:51:48 UTC 2018: Working
Wed May 16 04:51:50 UTC 2018: Start m-giltri__lab2_3 test class org.junit.tests.listening.UserStopTest
Wed May 16 04:51:50 UTC 2018: Setting lastTestMethodIndex: 62285
Wed May 16 04:51:50 UTC 2018: Starting linking
Wed May 16 04:51:50 UTC 2018: Code found org.junit.internal.runners.ErrorReportingRunner-run with org.junit.tests.listening.UserStopTest-stopClassRunner
Wed May 16 04:51:51 UTC 2018: No link for: org.junit.tests.listening.UserStopTest-userStop
Wed May 16 04:51:51 UTC 2018: None match not added in database because it already exists
Wed May 16 04:51:51 UTC 2018: No link for: org.junit.tests.listening.UserStopTest-foo
Wed May 16 04:51:51 UTC 2018: Linking done for m-giltri__lab2_3 test class org.junit.tests.listening.UserStopTest
Wed May 16 04:51:52 UTC 2018: Found element on the queue
Wed May 16 04:51:52 UTC 2018: Updating status
Wed May 16 04:51:52 UTC 2018: Working
Wed May 16 04:51:54 UTC 2018: Start m-giltri__lab2_3 test class org.junit.tests.manipulation.FilterableTest
Wed May 16 04:51:54 UTC 2018: Setting lastTestMethodIndex: 62287
Wed May 16 04:51:54 UTC 2018: Starting linking
Wed May 16 04:51:54 UTC 2018: Linking done for m-giltri__lab2_3 test class org.junit.tests.manipulation.FilterableTest
Wed May 16 04:51:54 UTC 2018: Found element on the queue
Wed May 16 04:51:54 UTC 2018: Updating status
Wed May 16 04:51:54 UTC 2018: Working
Wed May 16 04:51:57 UTC 2018: Start m-giltri__lab2_3 test class org.junit.tests.manipulation.FilterTest
Wed May 16 04:51:57 UTC 2018: Setting lastTestMethodIndex: 62288
Wed May 16 04:51:57 UTC 2018: Starting linking
Wed May 16 04:51:57 UTC 2018: Linking done for m-giltri__lab2_3 test class org.junit.tests.manipulation.FilterTest
Wed May 16 04:51:57 UTC 2018: Found element on the queue
Wed May 16 04:51:57 UTC 2018: Updating status
Wed May 16 04:51:57 UTC 2018: Working
Wed May 16 04:52:00 UTC 2018: Start m-giltri__lab2_3 test class org.junit.tests.manipulation.SingleMethodTest
Wed May 16 04:52:00 UTC 2018: Setting lastTestMethodIndex: 62290
Wed May 16 04:52:00 UTC 2018: Starting linking
Wed May 16 04:52:00 UTC 2018: Linking done for m-giltri__lab2_3 test class org.junit.tests.manipulation.SingleMethodTest
Wed May 16 04:52:00 UTC 2018: Found element on the queue
Wed May 16 04:52:00 UTC 2018: Updating status
Wed May 16 04:52:00 UTC 2018: Working
Wed May 16 04:52:02 UTC 2018: Start m-giltri__lab2_3 test class org.junit.rules.BlockJUnit4ClassRunnerOverrideTest
Wed May 16 04:52:02 UTC 2018: Setting lastTestMethodIndex: 62292
Wed May 16 04:52:02 UTC 2018: Starting linking
Wed May 16 04:52:02 UTC 2018: Linking done for m-giltri__lab2_3 test class org.junit.rules.BlockJUnit4ClassRunnerOverrideTest
Wed May 16 04:52:03 UTC 2018: Found element on the queue
Wed May 16 04:52:03 UTC 2018: Updating status
Wed May 16 04:52:03 UTC 2018: Working
Wed May 16 04:52:05 UTC 2018: Start m-giltri__lab2_3 test class org.junit.rules.ClassRulesTest
Wed May 16 04:52:05 UTC 2018: Setting lastTestMethodIndex: 62294
Wed May 16 04:52:05 UTC 2018: Starting linking
Wed May 16 04:52:05 UTC 2018: Linking done for m-giltri__lab2_3 test class org.junit.rules.ClassRulesTest
Wed May 16 04:52:05 UTC 2018: Found element on the queue
Wed May 16 04:52:05 UTC 2018: Updating status
Wed May 16 04:52:05 UTC 2018: Working
Wed May 16 04:52:08 UTC 2018: Start m-giltri__lab2_3 test class org.junit.rules.DisableOnDebugTest
Wed May 16 04:52:08 UTC 2018: Setting lastTestMethodIndex: 62295
Wed May 16 04:52:08 UTC 2018: Starting linking
Wed May 16 04:52:08 UTC 2018: Linking done for m-giltri__lab2_3 test class org.junit.rules.DisableOnDebugTest
Wed May 16 04:52:08 UTC 2018: Found element on the queue
Wed May 16 04:52:08 UTC 2018: Updating status
Wed May 16 04:52:08 UTC 2018: Working
Wed May 16 04:52:11 UTC 2018: Start m-giltri__lab2_3 test class org.junit.rules.ExpectedExceptionTest
Wed May 16 04:52:11 UTC 2018: Setting lastTestMethodIndex: 62297
Wed May 16 04:52:11 UTC 2018: Starting linking
Wed May 16 04:52:11 UTC 2018: Code found org.junit.runner.JUnitCore-run with org.junit.rules.ExpectedExceptionTest-runTestAndVerifyResult
Wed May 16 04:52:11 UTC 2018: Match not added in database because it already exists
Wed May 16 04:52:11 UTC 2018: No link for: org.junit.rules.ExpectedExceptionTest-throwsNullPointerExceptionWithMessage
Wed May 16 04:52:11 UTC 2018: No link for: org.junit.rules.ExpectedExceptionTest-doesntThrowNullPointerException
Wed May 16 04:52:12 UTC 2018: No link for: org.junit.rules.ExpectedExceptionTest-throwExceptionWithMatchingCause
Wed May 16 04:52:12 UTC 2018: No link for: org.junit.rules.ExpectedExceptionTest-throwsNullPointerException
Wed May 16 04:52:12 UTC 2018: No link for: org.junit.rules.ExpectedExceptionTest-throwsMore
Wed May 16 04:52:13 UTC 2018: No link for: org.junit.rules.ExpectedExceptionTest-fails
Wed May 16 04:52:13 UTC 2018: No link for: org.junit.rules.ExpectedExceptionTest-failedAssumption
Wed May 16 04:52:14 UTC 2018: No link for: org.junit.rules.ExpectedExceptionTest-doesntThrowAnything
Wed May 16 04:52:14 UTC 2018: No link for: org.junit.rules.ExpectedExceptionTest-throwWithCause
Wed May 16 04:52:14 UTC 2018: No link for: org.junit.rules.ExpectedExceptionTest-throwsNothing
Wed May 16 04:52:15 UTC 2018: No link for: org.junit.rules.ExpectedExceptionTest-throwExpectedNullCause
Wed May 16 04:52:15 UTC 2018: No link for: org.junit.rules.ExpectedExceptionTest-noThrow
Wed May 16 04:52:15 UTC 2018: Linking done for m-giltri__lab2_3 test class org.junit.rules.ExpectedExceptionTest
Wed May 16 04:52:16 UTC 2018: Found element on the queue
Wed May 16 04:52:16 UTC 2018: Updating status
Wed May 16 04:52:16 UTC 2018: Working
Wed May 16 04:52:18 UTC 2018: Start m-giltri__lab2_3 test class org.junit.rules.ExternalResourceRuleTest
Wed May 16 04:52:18 UTC 2018: Setting lastTestMethodIndex: 62299
Wed May 16 04:52:18 UTC 2018: Starting linking
Wed May 16 04:52:18 UTC 2018: Linking done for m-giltri__lab2_3 test class org.junit.rules.ExternalResourceRuleTest
Wed May 16 04:52:19 UTC 2018: Found element on the queue
Wed May 16 04:52:19 UTC 2018: Updating status
Wed May 16 04:52:19 UTC 2018: Working
Wed May 16 04:52:21 UTC 2018: Start m-giltri__lab2_3 test class org.junit.rules.MethodRulesTest
Wed May 16 04:52:21 UTC 2018: Setting lastTestMethodIndex: 62301
Wed May 16 04:52:21 UTC 2018: Starting linking
Wed May 16 04:52:21 UTC 2018: Linking done for m-giltri__lab2_3 test class org.junit.rules.MethodRulesTest
Wed May 16 04:52:22 UTC 2018: Found element on the queue
Wed May 16 04:52:22 UTC 2018: Updating status
Wed May 16 04:52:22 UTC 2018: Working
Wed May 16 04:52:24 UTC 2018: Start m-giltri__lab2_3 test class org.junit.rules.RuleChainTest
Wed May 16 04:52:24 UTC 2018: Setting lastTestMethodIndex: 62303
Wed May 16 04:52:24 UTC 2018: Starting linking
Wed May 16 04:52:24 UTC 2018: Linking done for m-giltri__lab2_3 test class org.junit.rules.RuleChainTest
Wed May 16 04:52:24 UTC 2018: Found element on the queue
Wed May 16 04:52:24 UTC 2018: Updating status
Wed May 16 04:52:24 UTC 2018: Working
Wed May 16 04:52:27 UTC 2018: Start m-giltri__lab2_3 test class org.junit.rules.RuleMemberValidatorTest
Wed May 16 04:52:27 UTC 2018: Setting lastTestMethodIndex: 62304
Wed May 16 04:52:27 UTC 2018: Starting linking
Wed May 16 04:52:27 UTC 2018: No link for: org.junit.rules.RuleMemberValidatorTest-acceptStaticTestRuleThatIsAlsoClassRule
Wed May 16 04:52:27 UTC 2018: No link for: org.junit.rules.RuleMemberValidatorTest-rejectClassRuleMethodReturnsAnArbitraryObject
Wed May 16 04:52:28 UTC 2018: No link for: org.junit.rules.RuleMemberValidatorTest-methodRejectNonStaticClassRule
Wed May 16 04:52:28 UTC 2018: No link for: org.junit.rules.RuleMemberValidatorTest-rejectStaticMethodRule
Wed May 16 04:52:28 UTC 2018: No link for: org.junit.rules.RuleMemberValidatorTest-acceptMethodRule
Wed May 16 04:52:29 UTC 2018: No link for: org.junit.rules.RuleMemberValidatorTest-rejectClassRuleInNonPublicClass
Wed May 16 04:52:29 UTC 2018: No link for: org.junit.rules.RuleMemberValidatorTest-rejectStaticTestRule
Wed May 16 04:52:29 UTC 2018: No link for: org.junit.rules.RuleMemberValidatorTest-acceptNonStaticTestRule
Wed May 16 04:52:30 UTC 2018: No link for: org.junit.rules.RuleMemberValidatorTest-methodAcceptMethodRuleMethod
Wed May 16 04:52:30 UTC 2018: No link for: org.junit.rules.RuleMemberValidatorTest-rejectProtectedClassRule
Wed May 16 04:52:30 UTC 2018: None match not added in database because it already exists
Wed May 16 04:52:30 UTC 2018: No link for: org.junit.rules.RuleMemberValidatorTest-methodRejectArbitraryObjectWithRuleAnnotation
Wed May 16 04:52:31 UTC 2018: No link for: org.junit.rules.RuleMemberValidatorTest-acceptMethodStaticTestRuleThatIsAlsoClassRule
Wed May 16 04:52:31 UTC 2018: No link for: org.junit.rules.RuleMemberValidatorTest-rejectArbitraryObjectWithRuleAnnotation
Wed May 16 04:52:31 UTC 2018: No link for: org.junit.rules.RuleMemberValidatorTest-rejectClassRuleIsAnArbitraryObject
Wed May 16 04:52:32 UTC 2018: No link for: org.junit.rules.RuleMemberValidatorTest-methodRejectProtectedClassRule
Wed May 16 04:52:32 UTC 2018: No link for: org.junit.rules.RuleMemberValidatorTest-rejectNonStaticClassRule
Wed May 16 04:52:32 UTC 2018: No link for: org.junit.rules.RuleMemberValidatorTest-rejectClassRuleThatIsImplemetationOfMethodRule
Wed May 16 04:52:33 UTC 2018: No link for: org.junit.rules.RuleMemberValidatorTest-rejectClassRuleThatReturnsImplementationOfMethodRule
Wed May 16 04:52:33 UTC 2018: No link for: org.junit.rules.RuleMemberValidatorTest-rejectMethodStaticTestRule
Wed May 16 04:52:33 UTC 2018: No link for: org.junit.rules.RuleMemberValidatorTest-rejectMethodStaticMethodRule
Wed May 16 04:52:34 UTC 2018: No link for: org.junit.rules.RuleMemberValidatorTest-acceptMethodNonStaticTestRule
Wed May 16 04:52:34 UTC 2018: Linking done for m-giltri__lab2_3 test class org.junit.rules.RuleMemberValidatorTest
Wed May 16 04:52:34 UTC 2018: Found element on the queue
Wed May 16 04:52:34 UTC 2018: Updating status
Wed May 16 04:52:34 UTC 2018: Working
Wed May 16 04:52:37 UTC 2018: Start m-giltri__lab2_3 test class org.junit.rules.StopwatchTest
Wed May 16 04:52:37 UTC 2018: Setting lastTestMethodIndex: 62308
Wed May 16 04:52:37 UTC 2018: Starting linking
Wed May 16 04:52:37 UTC 2018: Linking done for m-giltri__lab2_3 test class org.junit.rules.StopwatchTest
Wed May 16 04:52:37 UTC 2018: Found element on the queue
Wed May 16 04:52:37 UTC 2018: Updating status
Wed May 16 04:52:37 UTC 2018: Working
Wed May 16 04:52:40 UTC 2018: Start m-giltri__lab2_3 test class org.junit.rules.TempFolderRuleTest
Wed May 16 04:52:40 UTC 2018: Setting lastTestMethodIndex: 62310
Wed May 16 04:52:40 UTC 2018: Starting linking
Wed May 16 04:52:40 UTC 2018: Linking done for m-giltri__lab2_3 test class org.junit.rules.TempFolderRuleTest
Wed May 16 04:52:40 UTC 2018: Found element on the queue
Wed May 16 04:52:40 UTC 2018: Updating status
Wed May 16 04:52:40 UTC 2018: Working
Wed May 16 04:52:43 UTC 2018: Start m-giltri__lab2_3 test class org.junit.rules.TemporaryFolderRuleAssuredDeletionTest
Wed May 16 04:52:43 UTC 2018: Setting lastTestMethodIndex: 62312
Wed May 16 04:52:43 UTC 2018: Starting linking
Wed May 16 04:52:43 UTC 2018: Linking done for m-giltri__lab2_3 test class org.junit.rules.TemporaryFolderRuleAssuredDeletionTest
Wed May 16 04:52:43 UTC 2018: Found element on the queue
Wed May 16 04:52:43 UTC 2018: Updating status
Wed May 16 04:52:43 UTC 2018: Working
Wed May 16 04:52:45 UTC 2018: Start m-giltri__lab2_3 test class org.junit.rules.TemporaryFolderUsageTest
Wed May 16 04:52:45 UTC 2018: Setting lastTestMethodIndex: 62314
Wed May 16 04:52:45 UTC 2018: Starting linking
Wed May 16 04:52:46 UTC 2018: No code found org.junit.rules.TemporaryFolder-delete with org.junit.rules.TemporaryFolderUsageTest-deleteRemovesRootFolder
Wed May 16 04:52:46 UTC 2018: No code found org.junit.rules.TemporaryFolder-getRoot with org.junit.rules.TemporaryFolderUsageTest-getRootShouldThrowIllegalStateExceptionIfCreateWasNotInvoked
Wed May 16 04:52:46 UTC 2018: No code found org.junit.rules.TemporaryFolder-newFile with org.junit.rules.TemporaryFolderUsageTest-newFileThrowsIllegalStateExceptionIfCreateWasNotInvoked
Wed May 16 04:52:47 UTC 2018: No code found org.junit.rules.TemporaryFolder-create with org.junit.rules.TemporaryFolderUsageTest-newRandomFolderIsCreatedUnderRootFolder
Wed May 16 04:52:47 UTC 2018: No code found org.junit.rules.TemporaryFolder-newFolder with org.junit.rules.TemporaryFolderUsageTest-newFolderWithGivenPathThrowsIOExceptionIfFolderNamesConsistOfMultiplePathComponents
Wed May 16 04:52:47 UTC 2018: No code found org.junit.rules.TemporaryFolder-create with org.junit.rules.TemporaryFolderUsageTest-newNamedFileIsCreatedUnderRootFolder
Wed May 16 04:52:48 UTC 2018: No code found org.junit.rules.TemporaryFolder-create with org.junit.rules.TemporaryFolderUsageTest-newNestedFoldersCreatedUnderRootFolder
Wed May 16 04:52:48 UTC 2018: No code found org.junit.rules.TemporaryFolder-delete with org.junit.rules.TemporaryFolderUsageTest-deleteShouldDoNothingIfRootFolderWasNotInitialized
Wed May 16 04:52:49 UTC 2018: No code found org.junit.rules.TemporaryFolder-newFolder with org.junit.rules.TemporaryFolderUsageTest-newFolderWithGivenPathThrowsIllegalStateExceptionIfCreateWasNotInvoked
Wed May 16 04:52:49 UTC 2018: No code found org.junit.rules.TemporaryFolder-newFolder with org.junit.rules.TemporaryFolderUsageTest-newFolderThrowsIllegalStateExceptionIfCreateWasNotInvoked
Wed May 16 04:52:49 UTC 2018: No code found org.junit.rules.TemporaryFolder-newFolder with org.junit.rules.TemporaryFolderUsageTest-newFolderWithGivenFolderThrowsIllegalArgumentExceptionIfFolderExists
Wed May 16 04:52:50 UTC 2018: No code found org.junit.rules.TemporaryFolder-newFile with org.junit.rules.TemporaryFolderUsageTest-newFileWithGivenFilenameThrowsIllegalArgumentExceptionIfFileExists
Wed May 16 04:52:50 UTC 2018: No code found org.junit.rules.TemporaryFolder-create with org.junit.rules.TemporaryFolderUsageTest-newRandomFileIsCreatedUnderRootFolder
Wed May 16 04:52:50 UTC 2018: No code found org.junit.rules.TemporaryFolder-newFolder with org.junit.rules.TemporaryFolderUsageTest-newFolderWithGivenPathThrowsIllegalArgumentExceptionIfPathExists
Wed May 16 04:52:51 UTC 2018: No code found org.junit.rules.TemporaryFolder-create with org.junit.rules.TemporaryFolderUsageTest-createInitializesRootFolder
Wed May 16 04:52:51 UTC 2018: No code found org.junit.rules.TemporaryFolder-newFolder with org.junit.rules.TemporaryFolderUsageTest-newFolderWithGivenFolderThrowsIOExceptionIfFolderNameConsistsOfMultiplePathComponents
Wed May 16 04:52:51 UTC 2018: No code found org.junit.rules.TemporaryFolder-newFile with org.junit.rules.TemporaryFolderUsageTest-newFileWithGivenNameThrowsIllegalStateExceptionIfCreateWasNotInvoked
Wed May 16 04:52:52 UTC 2018: No link for: org.junit.rules.TemporaryFolderUsageTest-canSetTheBaseFileForATemporaryFolder
Wed May 16 04:52:52 UTC 2018: None match not added in database because it already exists
Wed May 16 04:52:52 UTC 2018: Linking done for m-giltri__lab2_3 test class org.junit.rules.TemporaryFolderUsageTest
Wed May 16 04:52:52 UTC 2018: Found element on the queue
Wed May 16 04:52:52 UTC 2018: Updating status
Wed May 16 04:52:52 UTC 2018: Working
Wed May 16 04:52:55 UTC 2018: Start m-giltri__lab2_3 test class org.junit.rules.TestRuleTest
Wed May 16 04:52:55 UTC 2018: Setting lastTestMethodIndex: 62318
Wed May 16 04:52:55 UTC 2018: Starting linking
Wed May 16 04:52:55 UTC 2018: Linking done for m-giltri__lab2_3 test class org.junit.rules.TestRuleTest
Wed May 16 04:52:55 UTC 2018: Found element on the queue
Wed May 16 04:52:55 UTC 2018: Updating status
Wed May 16 04:52:55 UTC 2018: Working
Wed May 16 04:52:58 UTC 2018: Start m-giltri__lab2_3 test class org.junit.rules.TestWatcherTest
Wed May 16 04:52:58 UTC 2018: Setting lastTestMethodIndex: 62319
Wed May 16 04:52:58 UTC 2018: Starting linking
Wed May 16 04:52:58 UTC 2018: Linking done for m-giltri__lab2_3 test class org.junit.rules.TestWatcherTest
Wed May 16 04:52:58 UTC 2018: Found element on the queue
Wed May 16 04:52:58 UTC 2018: Updating status
Wed May 16 04:52:58 UTC 2018: Working
Wed May 16 04:53:00 UTC 2018: Start m-giltri__lab2_3 test class org.junit.rules.TestWatchmanTest
Wed May 16 04:53:00 UTC 2018: Setting lastTestMethodIndex: 62320
Wed May 16 04:53:00 UTC 2018: Starting linking
Wed May 16 04:53:00 UTC 2018: Linking done for m-giltri__lab2_3 test class org.junit.rules.TestWatchmanTest
Wed May 16 04:53:01 UTC 2018: Found element on the queue
Wed May 16 04:53:01 UTC 2018: Updating status
Wed May 16 04:53:01 UTC 2018: Working
Wed May 16 04:53:03 UTC 2018: Start m-giltri__lab2_3 test class org.junit.rules.TimeoutRuleTest
Wed May 16 04:53:03 UTC 2018: Setting lastTestMethodIndex: 62322
Wed May 16 04:53:03 UTC 2018: Starting linking
Wed May 16 04:53:03 UTC 2018: Linking done for m-giltri__lab2_3 test class org.junit.rules.TimeoutRuleTest
Wed May 16 04:53:04 UTC 2018: Found element on the queue
Wed May 16 04:53:04 UTC 2018: Updating status
Wed May 16 04:53:04 UTC 2018: Working
Wed May 16 04:53:06 UTC 2018: Start m-giltri__lab2_3 test class org.junit.rules.VerifierRuleTest
Wed May 16 04:53:06 UTC 2018: Setting lastTestMethodIndex: 62324
Wed May 16 04:53:06 UTC 2018: Starting linking
Wed May 16 04:53:06 UTC 2018: Linking done for m-giltri__lab2_3 test class org.junit.rules.VerifierRuleTest
Wed May 16 04:53:06 UTC 2018: Found element on the queue
Wed May 16 04:53:06 UTC 2018: Updating status
Wed May 16 04:53:06 UTC 2018: Working
Wed May 16 04:53:09 UTC 2018: Start m-giltri__lab2_3 test class org.junit.runners.model.FrameworkFieldTest
Wed May 16 04:53:09 UTC 2018: Setting lastTestMethodIndex: 62326
Wed May 16 04:53:09 UTC 2018: Starting linking
Wed May 16 04:53:09 UTC 2018: Code found org.junit.runners.model.FrameworkField-toString with org.junit.runners.model.FrameworkFieldTest-hasToStringWhichPrintsFieldName
Wed May 16 04:53:09 UTC 2018: Match not added in database because it already exists
Wed May 16 04:53:09 UTC 2018: No link for: org.junit.runners.model.FrameworkFieldTest-cannotBeCreatedWithoutUnderlyingField
Wed May 16 04:53:09 UTC 2018: None match not added in database because it already exists
Wed May 16 04:53:09 UTC 2018: No link for: org.junit.runners.model.FrameworkFieldTest-presentAnnotationIsAvailable
Wed May 16 04:53:10 UTC 2018: None match not added in database because it already exists
Wed May 16 04:53:10 UTC 2018: No link for: org.junit.runners.model.FrameworkFieldTest-missingAnnotationIsNotAvailable
Wed May 16 04:53:10 UTC 2018: None match not added in database because it already exists
Wed May 16 04:53:10 UTC 2018: Linking done for m-giltri__lab2_3 test class org.junit.runners.model.FrameworkFieldTest
Wed May 16 04:53:11 UTC 2018: Found element on the queue
Wed May 16 04:53:11 UTC 2018: Updating status
Wed May 16 04:53:11 UTC 2018: Working
Wed May 16 04:53:13 UTC 2018: Start m-giltri__lab2_3 test class org.junit.runners.model.FrameworkMethodTest
Wed May 16 04:53:13 UTC 2018: Setting lastTestMethodIndex: 62328
Wed May 16 04:53:13 UTC 2018: Starting linking
Wed May 16 04:53:13 UTC 2018: Code found org.junit.runners.model.FrameworkMethod-toString with org.junit.runners.model.FrameworkMethodTest-hasToStringWhichPrintsMethodName
Wed May 16 04:53:13 UTC 2018: Match not added in database because it already exists
Wed May 16 04:53:13 UTC 2018: No link for: org.junit.runners.model.FrameworkMethodTest-presentAnnotationIsAvailable
Wed May 16 04:53:14 UTC 2018: None match not added in database because it already exists
Wed May 16 04:53:14 UTC 2018: No link for: org.junit.runners.model.FrameworkMethodTest-missingAnnotationIsNotAvailable
Wed May 16 04:53:14 UTC 2018: None match not added in database because it already exists
Wed May 16 04:53:14 UTC 2018: No link for: org.junit.runners.model.FrameworkMethodTest-cannotBeCreatedWithoutUnderlyingField
Wed May 16 04:53:14 UTC 2018: None match not added in database because it already exists
Wed May 16 04:53:14 UTC 2018: Linking done for m-giltri__lab2_3 test class org.junit.runners.model.FrameworkMethodTest
Wed May 16 04:53:15 UTC 2018: Found element on the queue
Wed May 16 04:53:15 UTC 2018: Updating status
Wed May 16 04:53:15 UTC 2018: Working
Wed May 16 04:53:17 UTC 2018: Start m-giltri__lab2_3 test class org.junit.runners.model.InvalidTestClassErrorTest
Wed May 16 04:53:17 UTC 2018: Setting lastTestMethodIndex: 62330
Wed May 16 04:53:17 UTC 2018: Starting linking
Wed May 16 04:53:17 UTC 2018: No link for: org.junit.runners.model.InvalidTestClassErrorTest-invalidTestClassErrorShouldListAllValidationErrorsInItsMessage
Wed May 16 04:53:17 UTC 2018: None match not added in database because it already exists
Wed May 16 04:53:17 UTC 2018: Linking done for m-giltri__lab2_3 test class org.junit.runners.model.InvalidTestClassErrorTest
Wed May 16 04:53:18 UTC 2018: Found element on the queue
Wed May 16 04:53:18 UTC 2018: Updating status
Wed May 16 04:53:18 UTC 2018: Working
Wed May 16 04:53:20 UTC 2018: Start m-giltri__lab2_3 test class org.junit.runners.model.TestClassTest
Wed May 16 04:53:20 UTC 2018: Setting lastTestMethodIndex: 62332
Wed May 16 04:53:20 UTC 2018: Starting linking
Wed May 16 04:53:20 UTC 2018: Linking done for m-giltri__lab2_3 test class org.junit.runners.model.TestClassTest
Wed May 16 04:53:21 UTC 2018: Found element on the queue
Wed May 16 04:53:21 UTC 2018: Updating status
Wed May 16 04:53:21 UTC 2018: Working
Wed May 16 04:53:23 UTC 2018: Start m-giltri__lab2_3 test class org.junit.runners.parameterized.BlockJUnit4ClassRunnerWithParametersTest
Wed May 16 04:53:23 UTC 2018: Setting lastTestMethodIndex: 62333
Wed May 16 04:53:23 UTC 2018: Starting linking
Wed May 16 04:53:23 UTC 2018: Linking done for m-giltri__lab2_3 test class org.junit.runners.parameterized.BlockJUnit4ClassRunnerWithParametersTest
Wed May 16 04:53:23 UTC 2018: Found element on the queue
Wed May 16 04:53:23 UTC 2018: Updating status
Wed May 16 04:53:23 UTC 2018: Working
Wed May 16 04:53:26 UTC 2018: Start m-giltri__lab2_3 test class org.junit.runners.parameterized.ParameterizedNamesTest
Wed May 16 04:53:26 UTC 2018: Setting lastTestMethodIndex: 62335
Wed May 16 04:53:26 UTC 2018: Starting linking
Wed May 16 04:53:26 UTC 2018: Linking done for m-giltri__lab2_3 test class org.junit.runners.parameterized.ParameterizedNamesTest
Wed May 16 04:53:26 UTC 2018: Found element on the queue
Wed May 16 04:53:26 UTC 2018: Updating status
Wed May 16 04:53:26 UTC 2018: Working
Wed May 16 04:53:28 UTC 2018: Start m-giltri__lab2_3 test class org.junit.runners.parameterized.TestWithParametersTest
Wed May 16 04:53:28 UTC 2018: Setting lastTestMethodIndex: 62336
Wed May 16 04:53:28 UTC 2018: Starting linking
Wed May 16 04:53:28 UTC 2018: Code found org.junit.runners.parameterized.TestWithParameters-toString with org.junit.runners.parameterized.TestWithParametersTest-hasMeaningfulToString
Wed May 16 04:53:29 UTC 2018: Match not added in database because it already exists
Wed May 16 04:53:29 UTC 2018: Code found org.junit.runners.parameterized.TestWithParameters-hashCode with org.junit.runners.parameterized.TestWithParametersTest-hasSameHashCodeAsEqualTest
Wed May 16 04:53:29 UTC 2018: Match not added in database because it already exists
Wed May 16 04:53:29 UTC 2018: No link for: org.junit.runners.parameterized.TestWithParametersTest-isNotEqualToTestWithDifferentName
Wed May 16 04:53:29 UTC 2018: None match not added in database because it already exists
Wed May 16 04:53:29 UTC 2018: No link for: org.junit.runners.parameterized.TestWithParametersTest-cannotBeCreatedWithoutAName
Wed May 16 04:53:30 UTC 2018: None match not added in database because it already exists
Wed May 16 04:53:30 UTC 2018: No link for: org.junit.runners.parameterized.TestWithParametersTest-cannotBeCreatedWithoutParameters
Wed May 16 04:53:30 UTC 2018: None match not added in database because it already exists
Wed May 16 04:53:30 UTC 2018: No link for: org.junit.runners.parameterized.TestWithParametersTest-isNotEqualToTestWithDifferentParameters
Wed May 16 04:53:30 UTC 2018: None match not added in database because it already exists
Wed May 16 04:53:30 UTC 2018: No link for: org.junit.runners.parameterized.TestWithParametersTest-cannotBeCreatedWithoutTestClass
Wed May 16 04:53:31 UTC 2018: None match not added in database because it already exists
Wed May 16 04:53:31 UTC 2018: No link for: org.junit.runners.parameterized.TestWithParametersTest-isEqualToTestWithSameNameAndTestClassAndParameters
Wed May 16 04:53:31 UTC 2018: None match not added in database because it already exists
Wed May 16 04:53:31 UTC 2018: No link for: org.junit.runners.parameterized.TestWithParametersTest-doesNotConsiderParametersWhichChangedAfterTestInstantiation
Wed May 16 04:53:31 UTC 2018: None match not added in database because it already exists
Wed May 16 04:53:31 UTC 2018: No link for: org.junit.runners.parameterized.TestWithParametersTest-doesNotAllowToModifyProvidedParameters
Wed May 16 04:53:32 UTC 2018: None match not added in database because it already exists
Wed May 16 04:53:32 UTC 2018: No link for: org.junit.runners.parameterized.TestWithParametersTest-isNotEqualToTestWithDifferentTestClass
Wed May 16 04:53:32 UTC 2018: None match not added in database because it already exists
Wed May 16 04:53:32 UTC 2018: No link for: org.junit.runners.parameterized.TestWithParametersTest-isNotEqualToObjectWithDifferentClass
Wed May 16 04:53:32 UTC 2018: None match not added in database because it already exists
Wed May 16 04:53:32 UTC 2018: Linking done for m-giltri__lab2_3 test class org.junit.runners.parameterized.TestWithParametersTest
Wed May 16 04:53:33 UTC 2018: Found element on the queue
Wed May 16 04:53:33 UTC 2018: Updating status
Wed May 16 04:53:33 UTC 2018: Working
Wed May 16 04:53:35 UTC 2018: Start m-giltri__lab2_3 test class org.junit.runners.CustomBlockJUnit4ClassRunnerTest
Wed May 16 04:53:35 UTC 2018: Setting lastTestMethodIndex: 62338
Wed May 16 04:53:35 UTC 2018: Starting linking
Wed May 16 04:53:35 UTC 2018: No link for: org.junit.runners.CustomBlockJUnit4ClassRunnerTest-exceptionsFromMethodBlockMustNotResultInUnrootedTests
Wed May 16 04:53:35 UTC 2018: None match not added in database because it already exists
Wed May 16 04:53:35 UTC 2018: No link for: org.junit.runners.CustomBlockJUnit4ClassRunnerTest-shouldPass
Wed May 16 04:53:36 UTC 2018: No link for: org.junit.runners.CustomBlockJUnit4ClassRunnerTest-throwException
Wed May 16 04:53:36 UTC 2018: Linking done for m-giltri__lab2_3 test class org.junit.runners.CustomBlockJUnit4ClassRunnerTest
Wed May 16 04:53:37 UTC 2018: Found element on the queue
Wed May 16 04:53:37 UTC 2018: Updating status
Wed May 16 04:53:37 UTC 2018: Working
Wed May 16 04:53:39 UTC 2018: Start m-giltri__lab2_3 test class org.junit.runner.notification.ConcurrentRunNotifierTest
Wed May 16 04:53:39 UTC 2018: Setting lastTestMethodIndex: 62339
Wed May 16 04:53:39 UTC 2018: Starting linking
Wed May 16 04:53:39 UTC 2018: Linking done for m-giltri__lab2_3 test class org.junit.runner.notification.ConcurrentRunNotifierTest
Wed May 16 04:53:39 UTC 2018: Found element on the queue
Wed May 16 04:53:39 UTC 2018: Updating status
Wed May 16 04:53:39 UTC 2018: Working
Wed May 16 04:53:43 UTC 2018: Start m-giltri__lab2_3 test class org.junit.runner.notification.RunNotifierTest
Wed May 16 04:53:43 UTC 2018: Setting lastTestMethodIndex: 62341
Wed May 16 04:53:43 UTC 2018: Starting linking
Wed May 16 04:53:43 UTC 2018: Code found org.junit.runner.notification.RunNotifier-wrapIfNotThreadSafe with org.junit.runner.notification.RunNotifierTest-wrapIfNotThreadSafeShouldNotWrapThreadSafeListeners
Wed May 16 04:53:43 UTC 2018: Code found org.junit.runner.notification.RunNotifier-wrapIfNotThreadSafe with org.junit.runner.notification.RunNotifierTest-wrapIfNotThreadSafeShouldWrapNonThreadSafeListeners
Wed May 16 04:53:44 UTC 2018: No link for: org.junit.runner.notification.RunNotifierTest-notifiesSecondListenerIfFirstThrowsException
Wed May 16 04:53:44 UTC 2018: None match not added in database because it already exists
Wed May 16 04:53:44 UTC 2018: No link for: org.junit.runner.notification.RunNotifierTest-addAndRemoveWithNonThreadSafeListener
Wed May 16 04:53:45 UTC 2018: No link for: org.junit.runner.notification.RunNotifierTest-addAndRemoveWithThreadSafeListener
Wed May 16 04:53:45 UTC 2018: No link for: org.junit.runner.notification.RunNotifierTest-addFirstAndRemoveWithNonThreadSafeListener
Wed May 16 04:53:46 UTC 2018: No link for: org.junit.runner.notification.RunNotifierTest-addFirstAndRemoveWithThreadSafeListener
Wed May 16 04:53:49 UTC 2018: No link for: org.junit.runner.notification.RunNotifierTest-hasNoProblemsWithFailingListeners
Wed May 16 04:53:49 UTC 2018: None match not added in database because it already exists
Wed May 16 04:53:49 UTC 2018: Linking done for m-giltri__lab2_3 test class org.junit.runner.notification.RunNotifierTest
Wed May 16 04:53:50 UTC 2018: Found element on the queue
Wed May 16 04:53:50 UTC 2018: Updating status
Wed May 16 04:53:50 UTC 2018: Working
Wed May 16 04:53:52 UTC 2018: Start m-giltri__lab2_3 test class org.junit.runner.notification.SynchronizedRunListenerTest
Wed May 16 04:53:52 UTC 2018: Setting lastTestMethodIndex: 62343
Wed May 16 04:53:52 UTC 2018: Starting linking
Wed May 16 04:53:52 UTC 2018: Linking done for m-giltri__lab2_3 test class org.junit.runner.notification.SynchronizedRunListenerTest
Wed May 16 04:53:53 UTC 2018: Found element on the queue
Wed May 16 04:53:53 UTC 2018: Updating status
Wed May 16 04:53:53 UTC 2018: Working
Wed May 16 04:53:55 UTC 2018: Start m-giltri__lab2_3 test class org.junit.runner.FilterFactoriesTest
Wed May 16 04:53:55 UTC 2018: Setting lastTestMethodIndex: 62345
Wed May 16 04:53:55 UTC 2018: Starting linking
Wed May 16 04:53:55 UTC 2018: Code found org.junit.runner.FilterFactories-createFilter with org.junit.runner.FilterFactoriesTest-shouldCreateFilter
Wed May 16 04:53:56 UTC 2018: Match not added in database because it already exists
Wed May 16 04:53:56 UTC 2018: No link for: org.junit.runner.FilterFactoriesTest-shouldThrowExceptionIfNotFilterFactory
Wed May 16 04:53:56 UTC 2018: None match not added in database because it already exists
Wed May 16 04:53:56 UTC 2018: No link for: org.junit.runner.FilterFactoriesTest-shouldPassOnDescriptionToFilterFactory
Wed May 16 04:53:56 UTC 2018: None match not added in database because it already exists
Wed May 16 04:53:56 UTC 2018: No link for: org.junit.runner.FilterFactoriesTest-passes
Wed May 16 04:53:57 UTC 2018: No link for: org.junit.runner.FilterFactoriesTest-shouldCreateFilterWithArguments
Wed May 16 04:53:57 UTC 2018: None match not added in database because it already exists
Wed May 16 04:53:57 UTC 2018: No link for: org.junit.runner.FilterFactoriesTest-shouldThrowExceptionIfNotInstantiable
Wed May 16 04:53:57 UTC 2018: None match not added in database because it already exists
Wed May 16 04:53:57 UTC 2018: No link for: org.junit.runner.FilterFactoriesTest-shouldCreateFilterWithNoArguments
Wed May 16 04:53:57 UTC 2018: None match not added in database because it already exists
Wed May 16 04:53:57 UTC 2018: Linking done for m-giltri__lab2_3 test class org.junit.runner.FilterFactoriesTest
Wed May 16 04:53:58 UTC 2018: Found element on the queue
Wed May 16 04:53:58 UTC 2018: Updating status
Wed May 16 04:53:58 UTC 2018: Working
Wed May 16 04:54:00 UTC 2018: Start m-giltri__lab2_3 test class org.junit.runner.FilterOptionIntegrationTest
Wed May 16 04:54:00 UTC 2018: Setting lastTestMethodIndex: 62346
Wed May 16 04:54:00 UTC 2018: Starting linking
Wed May 16 04:54:00 UTC 2018: No link for: org.junit.runner.FilterOptionIntegrationTest-shouldIncludeSomeTests
Wed May 16 04:54:01 UTC 2018: None match not added in database because it already exists
Wed May 16 04:54:01 UTC 2018: No link for: org.junit.runner.FilterOptionIntegrationTest-shouldExcludeSomeTests
Wed May 16 04:54:01 UTC 2018: None match not added in database because it already exists
Wed May 16 04:54:01 UTC 2018: No link for: org.junit.runner.FilterOptionIntegrationTest-dummyTest
Wed May 16 04:54:01 UTC 2018: No link for: org.junit.runner.FilterOptionIntegrationTest-shouldCombineFilters
Wed May 16 04:54:02 UTC 2018: None match not added in database because it already exists
Wed May 16 04:54:02 UTC 2018: No link for: org.junit.runner.FilterOptionIntegrationTest-shouldRunAllTests
Wed May 16 04:54:02 UTC 2018: None match not added in database because it already exists
Wed May 16 04:54:02 UTC 2018: Linking done for m-giltri__lab2_3 test class org.junit.runner.FilterOptionIntegrationTest
Wed May 16 04:54:02 UTC 2018: Found element on the queue
Wed May 16 04:54:02 UTC 2018: Updating status
Wed May 16 04:54:02 UTC 2018: Working
Wed May 16 04:54:05 UTC 2018: Start m-giltri__lab2_3 test class org.junit.runner.JUnitCommandLineParseResultTest
Wed May 16 04:54:05 UTC 2018: Setting lastTestMethodIndex: 62348
Wed May 16 04:54:05 UTC 2018: Starting linking
Wed May 16 04:54:05 UTC 2018: No link for: org.junit.runner.JUnitCommandLineParseResultTest-shouldStopParsingOptionsUponDoubleHyphenArg
Wed May 16 04:54:05 UTC 2018: None match not added in database because it already exists
Wed May 16 04:54:05 UTC 2018: No link for: org.junit.runner.JUnitCommandLineParseResultTest-shouldStopParsingOptionsUponNonOption
Wed May 16 04:54:05 UTC 2018: None match not added in database because it already exists
Wed May 16 04:54:05 UTC 2018: No link for: org.junit.runner.JUnitCommandLineParseResultTest-shouldCreateFailureUponUncreatedFilter
Wed May 16 04:54:06 UTC 2018: None match not added in database because it already exists
Wed May 16 04:54:06 UTC 2018: No link for: org.junit.runner.JUnitCommandLineParseResultTest-shouldCreateFailureUponUnknownTestClass
Wed May 16 04:54:06 UTC 2018: None match not added in database because it already exists
Wed May 16 04:54:06 UTC 2018: No link for: org.junit.runner.JUnitCommandLineParseResultTest-shouldCreateFailureUponUnfoundFilterFactory
Wed May 16 04:54:06 UTC 2018: None match not added in database because it already exists
Wed May 16 04:54:06 UTC 2018: No link for: org.junit.runner.JUnitCommandLineParseResultTest-shouldCreateFailureUponUnknownOption
Wed May 16 04:54:07 UTC 2018: None match not added in database because it already exists
Wed May 16 04:54:07 UTC 2018: No link for: org.junit.runner.JUnitCommandLineParseResultTest-shouldCreateFailureUponBaldFilterOptionNotFollowedByValue
Wed May 16 04:54:07 UTC 2018: None match not added in database because it already exists
Wed May 16 04:54:07 UTC 2018: No link for: org.junit.runner.JUnitCommandLineParseResultTest-dummyTest
Wed May 16 04:54:07 UTC 2018: No link for: org.junit.runner.JUnitCommandLineParseResultTest-shouldParseFilterArgWithEqualsSyntax
Wed May 16 04:54:08 UTC 2018: None match not added in database because it already exists
Wed May 16 04:54:08 UTC 2018: No link for: org.junit.runner.JUnitCommandLineParseResultTest-shouldParseFilterArgInWhichValueIsASeparateArg
Wed May 16 04:54:08 UTC 2018: None match not added in database because it already exists
Wed May 16 04:54:08 UTC 2018: No link for: org.junit.runner.JUnitCommandLineParseResultTest-shouldAddToClasses
Wed May 16 04:54:08 UTC 2018: None match not added in database because it already exists
Wed May 16 04:54:08 UTC 2018: Linking done for m-giltri__lab2_3 test class org.junit.runner.JUnitCommandLineParseResultTest
Wed May 16 04:54:09 UTC 2018: Found element on the queue
Wed May 16 04:54:09 UTC 2018: Updating status
Wed May 16 04:54:09 UTC 2018: Working
Wed May 16 04:54:11 UTC 2018: Start m-giltri__lab2_3 test class org.junit.runner.JUnitCoreTest
Wed May 16 04:54:11 UTC 2018: Setting lastTestMethodIndex: 62351
Wed May 16 04:54:11 UTC 2018: Starting linking
Wed May 16 04:54:11 UTC 2018: No link for: org.junit.runner.JUnitCoreTest-shouldAddFailuresToResult
Wed May 16 04:54:11 UTC 2018: None match not added in database because it already exists
Wed May 16 04:54:11 UTC 2018: Linking done for m-giltri__lab2_3 test class org.junit.runner.JUnitCoreTest
Wed May 16 04:54:12 UTC 2018: Found element on the queue
Wed May 16 04:54:12 UTC 2018: Updating status
Wed May 16 04:54:12 UTC 2018: Working
Wed May 16 04:54:14 UTC 2018: Start m-giltri__lab2_3 test class org.junit.runner.RequestTest
Wed May 16 04:54:14 UTC 2018: Setting lastTestMethodIndex: 62353
Wed May 16 04:54:14 UTC 2018: Starting linking
Wed May 16 04:54:14 UTC 2018: Code found org.junit.runner.Request-classes with org.junit.runner.RequestTest-createsADescriptionWithANameForClasses
Wed May 16 04:54:15 UTC 2018: Match not added in database because it already exists
Wed May 16 04:54:15 UTC 2018: Linking done for m-giltri__lab2_3 test class org.junit.runner.RequestTest
Wed May 16 04:54:15 UTC 2018: Found element on the queue
Wed May 16 04:54:15 UTC 2018: Updating status
Wed May 16 04:54:15 UTC 2018: Working
Wed May 16 04:54:18 UTC 2018: Start m-giltri__lab2_3 test class org.junit.tests.running.classes.BlockJUnit4ClassRunnerTest
Wed May 16 04:54:18 UTC 2018: Setting lastTestMethodIndex: 62354
Wed May 16 04:54:18 UTC 2018: Starting linking
Wed May 16 04:54:18 UTC 2018: Linking done for m-giltri__lab2_3 test class org.junit.tests.running.classes.BlockJUnit4ClassRunnerTest
Wed May 16 04:54:18 UTC 2018: Found element on the queue
Wed May 16 04:54:18 UTC 2018: Updating status
Wed May 16 04:54:18 UTC 2018: Working
Wed May 16 04:54:20 UTC 2018: Start m-giltri__lab2_3 test class org.junit.tests.running.classes.ClassLevelMethodsWithIgnoredTestsTest
Wed May 16 04:54:20 UTC 2018: Setting lastTestMethodIndex: 62356
Wed May 16 04:54:20 UTC 2018: Starting linking
Wed May 16 04:54:20 UTC 2018: Linking done for m-giltri__lab2_3 test class org.junit.tests.running.classes.ClassLevelMethodsWithIgnoredTestsTest
Wed May 16 04:54:21 UTC 2018: Found element on the queue
Wed May 16 04:54:21 UTC 2018: Updating status
Wed May 16 04:54:21 UTC 2018: Working
Wed May 16 04:54:23 UTC 2018: Start m-giltri__lab2_3 test class org.junit.tests.running.classes.EnclosedTest
Wed May 16 04:54:23 UTC 2018: Setting lastTestMethodIndex: 62358
Wed May 16 04:54:23 UTC 2018: Starting linking
Wed May 16 04:54:23 UTC 2018: Linking done for m-giltri__lab2_3 test class org.junit.tests.running.classes.EnclosedTest
Wed May 16 04:54:24 UTC 2018: Found element on the queue
Wed May 16 04:54:24 UTC 2018: Updating status
Wed May 16 04:54:24 UTC 2018: Working
Wed May 16 04:54:26 UTC 2018: Start m-giltri__lab2_3 test class org.junit.tests.running.classes.IgnoreClassTest
Wed May 16 04:54:27 UTC 2018: Setting lastTestMethodIndex: 62359
Wed May 16 04:54:27 UTC 2018: Starting linking
Wed May 16 04:54:27 UTC 2018: Linking done for m-giltri__lab2_3 test class org.junit.tests.running.classes.IgnoreClassTest
Wed May 16 04:54:27 UTC 2018: Found element on the queue
Wed May 16 04:54:27 UTC 2018: Updating status
Wed May 16 04:54:27 UTC 2018: Working
Wed May 16 04:54:30 UTC 2018: Start m-giltri__lab2_3 test class org.junit.tests.running.classes.ParameterizedTestTest
Wed May 16 04:54:30 UTC 2018: Setting lastTestMethodIndex: 62360
Wed May 16 04:54:30 UTC 2018: Starting linking
Wed May 16 04:54:30 UTC 2018: Linking done for m-giltri__lab2_3 test class org.junit.tests.running.classes.ParameterizedTestTest
Wed May 16 04:54:30 UTC 2018: Found element on the queue
Wed May 16 04:54:30 UTC 2018: Updating status
Wed May 16 04:54:30 UTC 2018: Working
Wed May 16 04:54:32 UTC 2018: Start m-giltri__lab2_3 test class org.junit.tests.running.classes.ParentRunnerFilteringTest
Wed May 16 04:54:32 UTC 2018: Setting lastTestMethodIndex: 62362
Wed May 16 04:54:32 UTC 2018: Starting linking
Wed May 16 04:54:32 UTC 2018: Linking done for m-giltri__lab2_3 test class org.junit.tests.running.classes.ParentRunnerFilteringTest
Wed May 16 04:54:33 UTC 2018: Found element on the queue
Wed May 16 04:54:33 UTC 2018: Updating status
Wed May 16 04:54:33 UTC 2018: Working
Wed May 16 04:54:35 UTC 2018: Start m-giltri__lab2_3 test class org.junit.tests.running.classes.ParentRunnerTest
Wed May 16 04:54:35 UTC 2018: Setting lastTestMethodIndex: 62363
Wed May 16 04:54:35 UTC 2018: Starting linking
Wed May 16 04:54:35 UTC 2018: Linking done for m-giltri__lab2_3 test class org.junit.tests.running.classes.ParentRunnerTest
Wed May 16 04:54:36 UTC 2018: Found element on the queue
Wed May 16 04:54:36 UTC 2018: Updating status
Wed May 16 04:54:36 UTC 2018: Working
Wed May 16 04:54:38 UTC 2018: Start m-giltri__lab2_3 test class org.junit.tests.running.classes.parent.ParentRunnerClassLoaderTest
Wed May 16 04:54:38 UTC 2018: Setting lastTestMethodIndex: 62365
Wed May 16 04:54:38 UTC 2018: Starting linking
Wed May 16 04:54:38 UTC 2018: No link for: org.junit.tests.running.classes.parent.ParentRunnerClassLoaderTest-testClassRuleAccessToClassInAnotherClassLoader
Wed May 16 04:54:39 UTC 2018: None match not added in database because it already exists
Wed May 16 04:54:39 UTC 2018: No link for: org.junit.tests.running.classes.parent.ParentRunnerClassLoaderTest-testBackwardCompatibilityWithOverrideGetName
Wed May 16 04:54:39 UTC 2018: None match not added in database because it already exists
Wed May 16 04:54:39 UTC 2018: No link for: org.junit.tests.running.classes.parent.ParentRunnerClassLoaderTest-testDescriptionContainCorrectTestClass
Wed May 16 04:54:39 UTC 2018: None match not added in database because it already exists
Wed May 16 04:54:39 UTC 2018: Linking done for m-giltri__lab2_3 test class org.junit.tests.running.classes.parent.ParentRunnerClassLoaderTest
Wed May 16 04:54:40 UTC 2018: Found element on the queue
Wed May 16 04:54:40 UTC 2018: Updating status
Wed May 16 04:54:40 UTC 2018: Working
Wed May 16 04:54:42 UTC 2018: Start m-giltri__lab2_3 test class org.junit.tests.running.classes.RunWithTest
Wed May 16 04:54:42 UTC 2018: Setting lastTestMethodIndex: 62367
Wed May 16 04:54:42 UTC 2018: Starting linking
Wed May 16 04:54:42 UTC 2018: Linking done for m-giltri__lab2_3 test class org.junit.tests.running.classes.RunWithTest
Wed May 16 04:54:42 UTC 2018: Found element on the queue
Wed May 16 04:54:42 UTC 2018: Updating status
Wed May 16 04:54:42 UTC 2018: Working
Wed May 16 04:54:45 UTC 2018: Start m-giltri__lab2_3 test class org.junit.tests.running.classes.SuiteTest
Wed May 16 04:54:45 UTC 2018: Setting lastTestMethodIndex: 62369
Wed May 16 04:54:45 UTC 2018: Starting linking
Wed May 16 04:54:45 UTC 2018: Linking done for m-giltri__lab2_3 test class org.junit.tests.running.classes.SuiteTest
Wed May 16 04:54:45 UTC 2018: Found element on the queue
Wed May 16 04:54:45 UTC 2018: Updating status
Wed May 16 04:54:45 UTC 2018: Working
Wed May 16 04:54:48 UTC 2018: Start m-giltri__lab2_3 test class org.junit.tests.running.classes.UseSuiteAsASuperclassTest
Wed May 16 04:54:48 UTC 2018: Setting lastTestMethodIndex: 62370
Wed May 16 04:54:48 UTC 2018: Starting linking
Wed May 16 04:54:48 UTC 2018: Linking done for m-giltri__lab2_3 test class org.junit.tests.running.classes.UseSuiteAsASuperclassTest
Wed May 16 04:54:48 UTC 2018: Found element on the queue
Wed May 16 04:54:48 UTC 2018: Updating status
Wed May 16 04:54:48 UTC 2018: Working
Wed May 16 04:54:51 UTC 2018: Start m-giltri__lab2_3 test class org.junit.tests.running.core.CommandLineTest
Wed May 16 04:54:51 UTC 2018: Setting lastTestMethodIndex: 62372
Wed May 16 04:54:51 UTC 2018: Starting linking
Wed May 16 04:54:51 UTC 2018: Linking done for m-giltri__lab2_3 test class org.junit.tests.running.core.CommandLineTest
Wed May 16 04:54:51 UTC 2018: Found element on the queue
Wed May 16 04:54:51 UTC 2018: Updating status
Wed May 16 04:54:51 UTC 2018: Working
Wed May 16 04:54:54 UTC 2018: Start m-giltri__lab2_3 test class org.junit.tests.running.core.JUnitCoreReturnsCorrectExitCodeTest
Wed May 16 04:54:54 UTC 2018: Setting lastTestMethodIndex: 62373
Wed May 16 04:54:54 UTC 2018: Starting linking
Wed May 16 04:54:54 UTC 2018: Linking done for m-giltri__lab2_3 test class org.junit.tests.running.core.JUnitCoreReturnsCorrectExitCodeTest
Wed May 16 04:54:55 UTC 2018: Found element on the queue
Wed May 16 04:54:55 UTC 2018: Updating status
Wed May 16 04:54:55 UTC 2018: Working
Wed May 16 04:54:58 UTC 2018: Start m-giltri__lab2_3 test class org.junit.tests.running.core.SystemExitTest
Wed May 16 04:54:58 UTC 2018: Setting lastTestMethodIndex: 62375
Wed May 16 04:54:58 UTC 2018: Starting linking
Wed May 16 04:54:58 UTC 2018: Linking done for m-giltri__lab2_3 test class org.junit.tests.running.core.SystemExitTest
Wed May 16 04:54:58 UTC 2018: Found element on the queue
Wed May 16 04:54:58 UTC 2018: Updating status
Wed May 16 04:54:58 UTC 2018: Working
Wed May 16 04:55:01 UTC 2018: Start m-giltri__lab2_3 test class org.junit.tests.running.methods.AnnotationTest
Wed May 16 04:55:01 UTC 2018: Setting lastTestMethodIndex: 62377
Wed May 16 04:55:01 UTC 2018: Starting linking
Wed May 16 04:55:01 UTC 2018: Linking done for m-giltri__lab2_3 test class org.junit.tests.running.methods.AnnotationTest
Wed May 16 04:55:01 UTC 2018: Found element on the queue
Wed May 16 04:55:01 UTC 2018: Updating status
Wed May 16 04:55:01 UTC 2018: Working
Wed May 16 04:55:03 UTC 2018: Start m-giltri__lab2_3 test class org.junit.tests.running.methods.ExpectedTest
Wed May 16 04:55:03 UTC 2018: Setting lastTestMethodIndex: 62378
Wed May 16 04:55:03 UTC 2018: Starting linking
Wed May 16 04:55:03 UTC 2018: Linking done for m-giltri__lab2_3 test class org.junit.tests.running.methods.ExpectedTest
Wed May 16 04:55:04 UTC 2018: Found element on the queue
Wed May 16 04:55:04 UTC 2018: Updating status
Wed May 16 04:55:04 UTC 2018: Working
Wed May 16 04:55:07 UTC 2018: Start m-giltri__lab2_3 test class org.junit.tests.running.methods.InheritedTestTest
Wed May 16 04:55:07 UTC 2018: Setting lastTestMethodIndex: 62380
Wed May 16 04:55:07 UTC 2018: Starting linking
Wed May 16 04:55:07 UTC 2018: Linking done for m-giltri__lab2_3 test class org.junit.tests.running.methods.InheritedTestTest
Wed May 16 04:55:07 UTC 2018: Found element on the queue
Wed May 16 04:55:07 UTC 2018: Updating status
Wed May 16 04:55:07 UTC 2018: Working
Wed May 16 04:55:10 UTC 2018: Start m-giltri__lab2_3 test class org.junit.tests.running.methods.ParameterizedTestMethodTest
Wed May 16 04:55:10 UTC 2018: Setting lastTestMethodIndex: 62382
Wed May 16 04:55:10 UTC 2018: Starting linking
Wed May 16 04:55:10 UTC 2018: Linking done for m-giltri__lab2_3 test class org.junit.tests.running.methods.ParameterizedTestMethodTest
Wed May 16 04:55:10 UTC 2018: Found element on the queue
Wed May 16 04:55:10 UTC 2018: Updating status
Wed May 16 04:55:10 UTC 2018: Working
Wed May 16 04:55:13 UTC 2018: Start m-giltri__lab2_3 test class org.junit.tests.running.methods.TestMethodTest
Wed May 16 04:55:13 UTC 2018: Setting lastTestMethodIndex: 62383
Wed May 16 04:55:13 UTC 2018: Starting linking
Wed May 16 04:55:13 UTC 2018: Linking done for m-giltri__lab2_3 test class org.junit.tests.running.methods.TestMethodTest
Wed May 16 04:55:13 UTC 2018: Found element on the queue
Wed May 16 04:55:13 UTC 2018: Updating status
Wed May 16 04:55:13 UTC 2018: Working
Wed May 16 04:55:15 UTC 2018: Start m-giltri__lab2_3 test class org.junit.tests.running.methods.TimeoutTest
Wed May 16 04:55:15 UTC 2018: Setting lastTestMethodIndex: 62385
Wed May 16 04:55:15 UTC 2018: Starting linking
Wed May 16 04:55:15 UTC 2018: Linking done for m-giltri__lab2_3 test class org.junit.tests.running.methods.TimeoutTest
Wed May 16 04:55:16 UTC 2018: Found element on the queue
Wed May 16 04:55:16 UTC 2018: Updating status
Wed May 16 04:55:16 UTC 2018: Working
Wed May 16 04:55:18 UTC 2018: Start m-giltri__lab2_3 test class org.junit.samples.ListTest
Wed May 16 04:55:18 UTC 2018: Setting lastTestMethodIndex: 62386
Wed May 16 04:55:18 UTC 2018: Starting linking
Wed May 16 04:55:18 UTC 2018: No link for: org.junit.samples.ListTest-removeAll
Wed May 16 04:55:18 UTC 2018: None match not added in database because it already exists
Wed May 16 04:55:18 UTC 2018: No link for: org.junit.samples.ListTest-testCopy
Wed May 16 04:55:19 UTC 2018: None match not added in database because it already exists
Wed May 16 04:55:19 UTC 2018: No link for: org.junit.samples.ListTest-elementAt
Wed May 16 04:55:19 UTC 2018: None match not added in database because it already exists
Wed May 16 04:55:19 UTC 2018: No link for: org.junit.samples.ListTest-capacity
Wed May 16 04:55:19 UTC 2018: None match not added in database because it already exists
Wed May 16 04:55:19 UTC 2018: No link for: org.junit.samples.ListTest-contains
Wed May 16 04:55:20 UTC 2018: None match not added in database because it already exists
Wed May 16 04:55:20 UTC 2018: No link for: org.junit.samples.ListTest-removeElement
Wed May 16 04:55:20 UTC 2018: None match not added in database because it already exists
Wed May 16 04:55:20 UTC 2018: Linking done for m-giltri__lab2_3 test class org.junit.samples.ListTest
Wed May 16 04:55:21 UTC 2018: Found element on the queue
Wed May 16 04:55:21 UTC 2018: Updating status
Wed May 16 04:55:21 UTC 2018: Working
Wed May 16 04:55:24 UTC 2018: Start m-giltri__lab2_3 test class org.junit.samples.money.MoneyTest
Wed May 16 04:55:24 UTC 2018: Setting lastTestMethodIndex: 62388
Wed May 16 04:55:24 UTC 2018: Starting linking
Wed May 16 04:55:24 UTC 2018: Code found junit.samples.money.Money-add with org.junit.samples.money.MoneyTest-testSimpleBagAdd
Wed May 16 04:55:24 UTC 2018: Match not added in database because it already exists
Wed May 16 04:55:24 UTC 2018: Code found junit.samples.money.Money-negate with org.junit.samples.money.MoneyTest-testSimpleNegate
Wed May 16 04:55:25 UTC 2018: Match not added in database because it already exists
Wed May 16 04:55:25 UTC 2018: Code found junit.samples.money.Money-multiply with org.junit.samples.money.MoneyTest-testSimpleMultiply
Wed May 16 04:55:25 UTC 2018: Match not added in database because it already exists
Wed May 16 04:55:25 UTC 2018: Code found junit.samples.money.Money-equals with org.junit.samples.money.MoneyTest-testMoneyBagEquals
Wed May 16 04:55:25 UTC 2018: Match not added in database because it already exists
Wed May 16 04:55:25 UTC 2018: Code found junit.samples.money.Money-equals with org.junit.samples.money.MoneyTest-testMoneyEquals
Wed May 16 04:55:26 UTC 2018: Match not added in database because it already exists
Wed May 16 04:55:26 UTC 2018: Code found junit.samples.money.Money-add with org.junit.samples.money.MoneyTest-testSimpleAdd
Wed May 16 04:55:26 UTC 2018: Match not added in database because it already exists
Wed May 16 04:55:26 UTC 2018: Code found junit.samples.money.Money-add with org.junit.samples.money.MoneyTest-testMixedSimpleAdd
Wed May 16 04:55:26 UTC 2018: Match not added in database because it already exists
Wed May 16 04:55:26 UTC 2018: Code found junit.samples.money.Money-subtract with org.junit.samples.money.MoneyTest-testSimpleSubtract
Wed May 16 04:55:27 UTC 2018: Match not added in database because it already exists
Wed May 16 04:55:27 UTC 2018: No link for: org.junit.samples.money.MoneyTest-testBagSimpleAdd
Wed May 16 04:55:27 UTC 2018: None match not added in database because it already exists
Wed May 16 04:55:27 UTC 2018: No link for: org.junit.samples.money.MoneyTest-testMoneyBagHash
Wed May 16 04:55:27 UTC 2018: None match not added in database because it already exists
Wed May 16 04:55:27 UTC 2018: No link for: org.junit.samples.money.MoneyTest-testMoneyHash
Wed May 16 04:55:28 UTC 2018: None match not added in database because it already exists
Wed May 16 04:55:28 UTC 2018: No link for: org.junit.samples.money.MoneyTest-testBagSumAdd
Wed May 16 04:55:28 UTC 2018: None match not added in database because it already exists
Wed May 16 04:55:28 UTC 2018: No link for: org.junit.samples.money.MoneyTest-testBagNotEquals
Wed May 16 04:55:28 UTC 2018: None match not added in database because it already exists
Wed May 16 04:55:28 UTC 2018: No link for: org.junit.samples.money.MoneyTest-zeroMoniesAreEqualRegardlessOfCurrency
Wed May 16 04:55:29 UTC 2018: None match not added in database because it already exists
Wed May 16 04:55:29 UTC 2018: No link for: org.junit.samples.money.MoneyTest-testIsZero
Wed May 16 04:55:29 UTC 2018: None match not added in database because it already exists
Wed May 16 04:55:29 UTC 2018: No link for: org.junit.samples.money.MoneyTest-testSimplify
Wed May 16 04:55:29 UTC 2018: None match not added in database because it already exists
Wed May 16 04:55:29 UTC 2018: No link for: org.junit.samples.money.MoneyTest-testNormalize2
Wed May 16 04:55:30 UTC 2018: None match not added in database because it already exists
Wed May 16 04:55:30 UTC 2018: No link for: org.junit.samples.money.MoneyTest-testNormalize3
Wed May 16 04:55:30 UTC 2018: None match not added in database because it already exists
Wed May 16 04:55:30 UTC 2018: No link for: org.junit.samples.money.MoneyTest-testNormalize4
Wed May 16 04:55:30 UTC 2018: None match not added in database because it already exists
Wed May 16 04:55:30 UTC 2018: No link for: org.junit.samples.money.MoneyTest-testBagMultiply
Wed May 16 04:55:30 UTC 2018: None match not added in database because it already exists
Wed May 16 04:55:30 UTC 2018: No link for: org.junit.samples.money.MoneyTest-testBagNegate
Wed May 16 04:55:31 UTC 2018: None match not added in database because it already exists
Wed May 16 04:55:31 UTC 2018: No link for: org.junit.samples.money.MoneyTest-testBagSubtract
Wed May 16 04:55:31 UTC 2018: None match not added in database because it already exists
Wed May 16 04:55:31 UTC 2018: No link for: org.junit.samples.money.MoneyTest-testPrint
Wed May 16 04:55:31 UTC 2018: None match not added in database because it already exists
Wed May 16 04:55:31 UTC 2018: Linking done for m-giltri__lab2_3 test class org.junit.samples.money.MoneyTest
Wed May 16 04:55:32 UTC 2018: Found element on the queue
Wed May 16 04:55:32 UTC 2018: Updating status
Wed May 16 04:55:32 UTC 2018: Working
Wed May 16 04:55:34 UTC 2018: Start m-giltri__lab2_3 test class org.junit.tests.validation.BadlyFormedClassesTest
Wed May 16 04:55:34 UTC 2018: Setting lastTestMethodIndex: 62392
Wed May 16 04:55:34 UTC 2018: Starting linking
Wed May 16 04:55:34 UTC 2018: Linking done for m-giltri__lab2_3 test class org.junit.tests.validation.BadlyFormedClassesTest
Wed May 16 04:55:35 UTC 2018: Found element on the queue
Wed May 16 04:55:35 UTC 2018: Updating status
Wed May 16 04:55:35 UTC 2018: Working
Wed May 16 04:55:37 UTC 2018: Start m-giltri__lab2_3 test class org.junit.tests.validation.FailedConstructionTest
Wed May 16 04:55:37 UTC 2018: Setting lastTestMethodIndex: 62394
Wed May 16 04:55:37 UTC 2018: Starting linking
Wed May 16 04:55:37 UTC 2018: Linking done for m-giltri__lab2_3 test class org.junit.tests.validation.FailedConstructionTest
Wed May 16 04:55:38 UTC 2018: Found element on the queue
Wed May 16 04:55:38 UTC 2018: Updating status
Wed May 16 04:55:38 UTC 2018: Working
Wed May 16 04:55:40 UTC 2018: Start m-giltri__lab2_3 test class org.junit.tests.validation.ValidationTest
Wed May 16 04:55:40 UTC 2018: Setting lastTestMethodIndex: 62396
Wed May 16 04:55:40 UTC 2018: Starting linking
Wed May 16 04:55:40 UTC 2018: Linking done for m-giltri__lab2_3 test class org.junit.tests.validation.ValidationTest
Wed May 16 04:55:40 UTC 2018: Found element on the queue
Wed May 16 04:55:40 UTC 2018: Updating status
Wed May 16 04:55:40 UTC 2018: Working
Wed May 16 04:55:43 UTC 2018: Start m-giltri__lab2_3 test class org.junit.validator.AnnotationsValidatorTest
Wed May 16 04:55:43 UTC 2018: Setting lastTestMethodIndex: 62397
Wed May 16 04:55:43 UTC 2018: Starting linking
Wed May 16 04:55:43 UTC 2018: Linking done for m-giltri__lab2_3 test class org.junit.validator.AnnotationsValidatorTest
Wed May 16 04:55:43 UTC 2018: Found element on the queue
Wed May 16 04:55:43 UTC 2018: Updating status
Wed May 16 04:55:43 UTC 2018: Working
Wed May 16 04:55:46 UTC 2018: Start m-giltri__lab2_3 test class org.junit.validator.AnnotationValidatorFactoryTest
Wed May 16 04:55:46 UTC 2018: Setting lastTestMethodIndex: 62399
Wed May 16 04:55:46 UTC 2018: Starting linking
Wed May 16 04:55:46 UTC 2018: Code found org.junit.validator.AnnotationValidatorFactory-createAnnotationValidator with org.junit.validator.AnnotationValidatorFactoryTest-createAnnotationValidator
Wed May 16 04:55:46 UTC 2018: Match not added in database because it already exists
Wed May 16 04:55:46 UTC 2018: No link for: org.junit.validator.AnnotationValidatorFactoryTest-exceptionWhenAnnotationValidatorCantBeCreated
Wed May 16 04:55:46 UTC 2018: Linking done for m-giltri__lab2_3 test class org.junit.validator.AnnotationValidatorFactoryTest
Wed May 16 04:55:47 UTC 2018: Found element on the queue
Wed May 16 04:55:47 UTC 2018: Updating status
Wed May 16 04:55:47 UTC 2018: Working
Wed May 16 04:55:49 UTC 2018: Start m-giltri__lab2_3 test class org.junit.validator.PublicClassValidatorTest
Wed May 16 04:55:49 UTC 2018: Setting lastTestMethodIndex: 62400
Wed May 16 04:55:49 UTC 2018: Starting linking
Wed May 16 04:55:49 UTC 2018: Linking done for m-giltri__lab2_3 test class org.junit.validator.PublicClassValidatorTest
Wed May 16 04:55:49 UTC 2018: Found element on the queue
Wed May 16 04:55:49 UTC 2018: Updating status
Wed May 16 04:55:49 UTC 2018: Working
Wed May 16 04:55:52 UTC 2018: Start m-giltri__lab2_3 test class org.junit.AssumptionViolatedExceptionTest
Wed May 16 04:55:52 UTC 2018: Setting lastTestMethodIndex: 62401
Wed May 16 04:55:52 UTC 2018: Starting linking
Wed May 16 04:55:52 UTC 2018: No code found org.junit.AssumptionViolatedException-initCause with org.junit.AssumptionViolatedExceptionTest-canInitCauseWithInstanceCreatedWithString
Wed May 16 04:55:52 UTC 2018: No link for: org.junit.AssumptionViolatedExceptionTest-canSetCauseWithInstanceCreatedWithMainConstructor
Wed May 16 04:55:53 UTC 2018: None match not added in database because it already exists
Wed May 16 04:55:53 UTC 2018: No link for: org.junit.AssumptionViolatedExceptionTest-canSetCauseWithInstanceCreatedWithObjectAndMatcher
Wed May 16 04:55:53 UTC 2018: None match not added in database because it already exists
Wed May 16 04:55:53 UTC 2018: No link for: org.junit.AssumptionViolatedExceptionTest-assumptionViolatedExceptionWithMatcherDescribesItself
Wed May 16 04:55:53 UTC 2018: None match not added in database because it already exists
Wed May 16 04:55:53 UTC 2018: No link for: org.junit.AssumptionViolatedExceptionTest-canSetCauseWithInstanceCreatedWithAssumptionObjectAndMatcher
Wed May 16 04:55:54 UTC 2018: None match not added in database because it already exists
Wed May 16 04:55:54 UTC 2018: No link for: org.junit.AssumptionViolatedExceptionTest-canSetCauseWithInstanceCreatedWithExplicitThrowableConstructor
Wed May 16 04:55:54 UTC 2018: None match not added in database because it already exists
Wed May 16 04:55:54 UTC 2018: No link for: org.junit.AssumptionViolatedExceptionTest-simpleAssumptionViolatedExceptionDescribesItself
Wed May 16 04:55:54 UTC 2018: None match not added in database because it already exists
Wed May 16 04:55:54 UTC 2018: Linking done for m-giltri__lab2_3 test class org.junit.AssumptionViolatedExceptionTest
Wed May 16 04:55:55 UTC 2018: Found element on the queue
Wed May 16 04:55:55 UTC 2018: Updating status
Wed May 16 04:55:55 UTC 2018: Working
Wed May 16 04:55:57 UTC 2018: Start m-giltri__lab2_3 test class org.junit.tests.ObjectContractTest
Wed May 16 04:55:57 UTC 2018: Setting lastTestMethodIndex: 62403
Wed May 16 04:55:57 UTC 2018: Starting linking
Wed May 16 04:55:57 UTC 2018: No link for: org.junit.tests.ObjectContractTest-equalsThrowsNoException
Wed May 16 04:55:57 UTC 2018: None match not added in database because it already exists
Wed May 16 04:55:57 UTC 2018: Linking done for m-giltri__lab2_3 test class org.junit.tests.ObjectContractTest
Wed May 16 04:55:58 UTC 2018: Found element on the queue
Wed May 16 04:55:58 UTC 2018: Updating status
Wed May 16 04:55:58 UTC 2018: Working
Wed May 16 04:56:00 UTC 2018: Start m-giltri__lab2_3 test class org.junit.tests.assertion.AssertionTest
Wed May 16 04:56:00 UTC 2018: Setting lastTestMethodIndex: 62404
Wed May 16 04:56:00 UTC 2018: Starting linking
Wed May 16 04:56:00 UTC 2018: Code found org.junit.Assert-fail with org.junit.tests.assertion.AssertionTest-fails
Wed May 16 04:56:00 UTC 2018: Match not added in database because it already exists
Wed May 16 04:56:00 UTC 2018: Code found org.junit.Assert-assertNotEquals with org.junit.tests.assertion.AssertionTest-assertNotEqualsIgnoresDeltaOnNaN
Wed May 16 04:56:01 UTC 2018: Match not added in database because it already exists
Wed May 16 04:56:01 UTC 2018: Code found org.junit.Assert-assertThat with org.junit.tests.assertion.AssertionTest-assertThatIncludesAdvancedMismatch
Wed May 16 04:56:01 UTC 2018: Match not added in database because it already exists
Wed May 16 04:56:01 UTC 2018: Code found org.junit.Assert-expectThrows with org.junit.tests.assertion.AssertionTest-expectThrowsDetectsTypeMismatchesViaExplicitTypeHint
Wed May 16 04:56:01 UTC 2018: Match not added in database because it already exists
Wed May 16 04:56:01 UTC 2018: Code found org.junit.Assert-assertNotEquals with org.junit.tests.assertion.AssertionTest-assertNotEqualsConsidersDeltaCorrectly
Wed May 16 04:56:02 UTC 2018: Match not added in database because it already exists
Wed May 16 04:56:02 UTC 2018: Code found org.junit.Assert-assertEquals with org.junit.tests.assertion.AssertionTest-nullMessageDisappearsWithAssertEquals
Wed May 16 04:56:02 UTC 2018: Match not added in database because it already exists
Wed May 16 04:56:02 UTC 2018: Code found org.junit.Assert-assertNotEquals with org.junit.tests.assertion.AssertionTest-assertNotEqualsWorksWithPrimitiveTypes
Wed May 16 04:56:02 UTC 2018: Match not added in database because it already exists
Wed May 16 04:56:02 UTC 2018: Code found org.junit.Assert-assertNotEquals with org.junit.tests.assertion.AssertionTest-assertNotEqualsIgnoresFloatDeltaOnNaN
Wed May 16 04:56:03 UTC 2018: Match not added in database because it already exists
Wed May 16 04:56:03 UTC 2018: Code found org.junit.Assert-assertNotEquals with org.junit.tests.assertion.AssertionTest-assertNotEqualsConsidersFloatDeltaCorrectly
Wed May 16 04:56:03 UTC 2018: Match not added in database because it already exists
Wed May 16 04:56:03 UTC 2018: Code found org.junit.Assert-expectThrows with org.junit.tests.assertion.AssertionTest-expectThrowsWrapsAndPropagatesUnexpectedExceptions
Wed May 16 04:56:03 UTC 2018: Match not added in database because it already exists
Wed May 16 04:56:03 UTC 2018: Code found org.junit.Assert-expectThrows with org.junit.tests.assertion.AssertionTest-expectThrowsSuppliesACoherentErrorMessageUponTypeMismatch
Wed May 16 04:56:04 UTC 2018: Match not added in database because it already exists
Wed May 16 04:56:04 UTC 2018: Code found org.junit.Assert-assertNotEquals with org.junit.tests.assertion.AssertionTest-assertNotEqualsIncludesCorrectMessage
Wed May 16 04:56:04 UTC 2018: Match not added in database because it already exists
Wed May 16 04:56:04 UTC 2018: Code found org.junit.Assert-assertThat with org.junit.tests.assertion.AssertionTest-assertThatIncludesDescriptionOfTestedValueInErrorMessage
Wed May 16 04:56:05 UTC 2018: Match not added in database because it already exists
Wed May 16 04:56:05 UTC 2018: Code found org.junit.Assert-fail with org.junit.tests.assertion.AssertionTest-failWithNoMessageToString
Wed May 16 04:56:05 UTC 2018: Match not added in database because it already exists
Wed May 16 04:56:05 UTC 2018: Code found org.junit.Assert-assertThat with org.junit.tests.assertion.AssertionTest-assertThatDescriptionCanBeElided
Wed May 16 04:56:05 UTC 2018: Match not added in database because it already exists
Wed May 16 04:56:05 UTC 2018: Code found org.junit.Assert-fail with org.junit.tests.assertion.AssertionTest-failWithMessageToString
Wed May 16 04:56:06 UTC 2018: Match not added in database because it already exists
Wed May 16 04:56:06 UTC 2018: Code found org.junit.Assert-expectThrows with org.junit.tests.assertion.AssertionTest-expectThrowsRequiresAnExceptionToBeThrown
Wed May 16 04:56:06 UTC 2018: Match not added in database because it already exists
Wed May 16 04:56:06 UTC 2018: Code found org.junit.Assert-expectThrows with org.junit.tests.assertion.AssertionTest-expectThrowsIncludesAnInformativeDefaultMessage
Wed May 16 04:56:06 UTC 2018: Match not added in database because it already exists
Wed May 16 04:56:06 UTC 2018: Code found org.junit.Assert-expectThrows with org.junit.tests.assertion.AssertionTest-expectThrowsReturnsTheSameObjectThrown
Wed May 16 04:56:07 UTC 2018: Match not added in database because it already exists
Wed May 16 04:56:07 UTC 2018: Code found org.junit.Assert-assertEquals with org.junit.tests.assertion.AssertionTest-nullMessageDisappearsWithStringAssertEquals
Wed May 16 04:56:07 UTC 2018: Match not added in database because it already exists
Wed May 16 04:56:07 UTC 2018: Code found org.junit.Assert-assertNotEquals with org.junit.tests.assertion.AssertionTest-assertNotEqualsIncludesTheValueBeingTested
Wed May 16 04:56:07 UTC 2018: Match not added in database because it already exists
Wed May 16 04:56:07 UTC 2018: No link for: org.junit.tests.assertion.AssertionTest-twoDimensionalArraysConvertedToStringCorrectly
Wed May 16 04:56:08 UTC 2018: None match not added in database because it already exists
Wed May 16 04:56:08 UTC 2018: No link for: org.junit.tests.assertion.AssertionTest-objectsAreSame
Wed May 16 04:56:08 UTC 2018: None match not added in database because it already exists
Wed May 16 04:56:08 UTC 2018: No link for: org.junit.tests.assertion.AssertionTest-multiDimensionalArraysAreNotEqual
Wed May 16 04:56:08 UTC 2018: None match not added in database because it already exists
Wed May 16 04:56:08 UTC 2018: No link for: org.junit.tests.assertion.AssertionTest-charsNotEqual
Wed May 16 04:56:09 UTC 2018: None match not added in database because it already exists
Wed May 16 04:56:09 UTC 2018: No link for: org.junit.tests.assertion.AssertionTest-arraysElementsDiffer
Wed May 16 04:56:09 UTC 2018: None match not added in database because it already exists
Wed May 16 04:56:09 UTC 2018: No link for: org.junit.tests.assertion.AssertionTest-nullAndStringNullPrintCorrectError
Wed May 16 04:56:09 UTC 2018: None match not added in database because it already exists
Wed May 16 04:56:09 UTC 2018: No link for: org.junit.tests.assertion.AssertionTest-sameObjectIsNotEqual
Wed May 16 04:56:09 UTC 2018: None match not added in database because it already exists
Wed May 16 04:56:09 UTC 2018: No link for: org.junit.tests.assertion.AssertionTest-bytesNotEqual
Wed May 16 04:56:10 UTC 2018: None match not added in database because it already exists
Wed May 16 04:56:10 UTC 2018: No link for: org.junit.tests.assertion.AssertionTest-arraysDifferentLengthDifferingAtStartMessage
Wed May 16 04:56:10 UTC 2018: None match not added in database because it already exists
Wed May 16 04:56:10 UTC 2018: No link for: org.junit.tests.assertion.AssertionTest-notSameWithMessage
Wed May 16 04:56:10 UTC 2018: None match not added in database because it already exists
Wed May 16 04:56:10 UTC 2018: No link for: org.junit.tests.assertion.AssertionTest-nullNullmessage
Wed May 16 04:56:10 UTC 2018: None match not added in database because it already exists
Wed May 16 04:56:10 UTC 2018: No link for: org.junit.tests.assertion.AssertionTest-notEqualsObjectWithNull
Wed May 16 04:56:11 UTC 2018: None match not added in database because it already exists
Wed May 16 04:56:11 UTC 2018: No link for: org.junit.tests.assertion.AssertionTest-multiDimensionalArraysDeclaredAsOneDimensionalAreEqual
Wed May 16 04:56:11 UTC 2018: None match not added in database because it already exists
Wed May 16 04:56:11 UTC 2018: No link for: org.junit.tests.assertion.AssertionTest-intsEqualLongs
Wed May 16 04:56:11 UTC 2018: None match not added in database because it already exists
Wed May 16 04:56:11 UTC 2018: No link for: org.junit.tests.assertion.AssertionTest-objectsWithDiferentReferencesAreNotEqual
Wed May 16 04:56:12 UTC 2018: None match not added in database because it already exists
Wed May 16 04:56:12 UTC 2018: No link for: org.junit.tests.assertion.AssertionTest-twoDimensionalArraysDifferentInnerLengthNotEqual
Wed May 16 04:56:12 UTC 2018: None match not added in database because it already exists
Wed May 16 04:56:12 UTC 2018: No link for: org.junit.tests.assertion.AssertionTest-compareBigDecimalAndInteger
Wed May 16 04:56:12 UTC 2018: None match not added in database because it already exists
Wed May 16 04:56:12 UTC 2018: No link for: org.junit.tests.assertion.AssertionTest-arraysDifferAtElement0nullMessage
Wed May 16 04:56:13 UTC 2018: None match not added in database because it already exists
Wed May 16 04:56:13 UTC 2018: No link for: org.junit.tests.assertion.AssertionTest-doublesNotEqual
Wed May 16 04:56:13 UTC 2018: None match not added in database because it already exists
Wed May 16 04:56:13 UTC 2018: No link for: org.junit.tests.assertion.AssertionTest-arraysNotEqualWithMessage
Wed May 16 04:56:13 UTC 2018: None match not added in database because it already exists
Wed May 16 04:56:13 UTC 2018: No link for: org.junit.tests.assertion.AssertionTest-arraysDifferentLengthDifferingAtEndAndExpectedArrayLongerMessage
Wed May 16 04:56:13 UTC 2018: None match not added in database because it already exists
Wed May 16 04:56:13 UTC 2018: No link for: org.junit.tests.assertion.AssertionTest-objectsNotEquals
Wed May 16 04:56:14 UTC 2018: None match not added in database because it already exists
Wed May 16 04:56:14 UTC 2018: No link for: org.junit.tests.assertion.AssertionTest-multiDimensionalArraysDifferentLengthNoMessage
Wed May 16 04:56:14 UTC 2018: None match not added in database because it already exists
Wed May 16 04:56:14 UTC 2018: No link for: org.junit.tests.assertion.AssertionTest-objectsNotSame
Wed May 16 04:56:14 UTC 2018: None match not added in database because it already exists
Wed May 16 04:56:14 UTC 2018: No link for: org.junit.tests.assertion.AssertionTest-booleansNotEqual
Wed May 16 04:56:15 UTC 2018: None match not added in database because it already exists
Wed May 16 04:56:15 UTC 2018: No link for: org.junit.tests.assertion.AssertionTest-floatsNotDoublesInArrays
Wed May 16 04:56:15 UTC 2018: None match not added in database because it already exists
Wed May 16 04:56:15 UTC 2018: No link for: org.junit.tests.assertion.AssertionTest-shortsNotEqual
Wed May 16 04:56:15 UTC 2018: None match not added in database because it already exists
Wed May 16 04:56:15 UTC 2018: No link for: org.junit.tests.assertion.AssertionTest-stringNullAndNullWorksToo
Wed May 16 04:56:16 UTC 2018: None match not added in database because it already exists
Wed May 16 04:56:16 UTC 2018: No link for: org.junit.tests.assertion.AssertionTest-arraysEqual
Wed May 16 04:56:16 UTC 2018: None match not added in database because it already exists
Wed May 16 04:56:16 UTC 2018: No link for: org.junit.tests.assertion.AssertionTest-notEqualsObjectWithNullWithMessage
Wed May 16 04:56:16 UTC 2018: None match not added in database because it already exists
Wed May 16 04:56:16 UTC 2018: No link for: org.junit.tests.assertion.AssertionTest-nullMessage
Wed May 16 04:56:17 UTC 2018: None match not added in database because it already exists
Wed May 16 04:56:17 UTC 2018: No link for: org.junit.tests.assertion.AssertionTest-nullWithMessage
Wed May 16 04:56:17 UTC 2018: None match not added in database because it already exists
Wed May 16 04:56:17 UTC 2018: No link for: org.junit.tests.assertion.AssertionTest-naNsAreEqual
Wed May 16 04:56:17 UTC 2018: None match not added in database because it already exists
Wed May 16 04:56:17 UTC 2018: No link for: org.junit.tests.assertion.AssertionTest-arraysDifferAtElement0withMessage
Wed May 16 04:56:18 UTC 2018: None match not added in database because it already exists
Wed May 16 04:56:18 UTC 2018: No link for: org.junit.tests.assertion.AssertionTest-bigDecimalsNotEqual
Wed May 16 04:56:18 UTC 2018: None match not added in database because it already exists
Wed May 16 04:56:18 UTC 2018: No link for: org.junit.tests.assertion.AssertionTest-notEqualsNullWithObjectWithMessage
Wed May 16 04:56:18 UTC 2018: None match not added in database because it already exists
Wed May 16 04:56:18 UTC 2018: No link for: org.junit.tests.assertion.AssertionTest-arraysDifferAtElement1nullMessage
Wed May 16 04:56:18 UTC 2018: None match not added in database because it already exists
Wed May 16 04:56:18 UTC 2018: No link for: org.junit.tests.assertion.AssertionTest-multiDimensionalIntArraysAreEqual
Wed May 16 04:56:19 UTC 2018: None match not added in database because it already exists
Wed May 16 04:56:19 UTC 2018: No link for: org.junit.tests.assertion.AssertionTest-notSame
Wed May 16 04:56:19 UTC 2018: None match not added in database because it already exists
Wed May 16 04:56:19 UTC 2018: No link for: org.junit.tests.assertion.AssertionTest-oneDimensionalBooleanArraysAreNotEqual
Wed May 16 04:56:20 UTC 2018: None match not added in database because it already exists
Wed May 16 04:56:20 UTC 2018: No link for: org.junit.tests.assertion.AssertionTest-arraysActualNullMessage
Wed May 16 04:56:20 UTC 2018: None match not added in database because it already exists
Wed May 16 04:56:20 UTC 2018: No link for: org.junit.tests.assertion.AssertionTest-arraysWithNullElementEqual
Wed May 16 04:56:20 UTC 2018: None match not added in database because it already exists
Wed May 16 04:56:20 UTC 2018: No link for: org.junit.tests.assertion.AssertionTest-intsNotEqual
Wed May 16 04:56:21 UTC 2018: None match not added in database because it already exists
Wed May 16 04:56:21 UTC 2018: No link for: org.junit.tests.assertion.AssertionTest-oneDimensionalFloatArraysAreNotEqual
Wed May 16 04:56:21 UTC 2018: None match not added in database because it already exists
Wed May 16 04:56:21 UTC 2018: No link for: org.junit.tests.assertion.AssertionTest-sameNullMessage
Wed May 16 04:56:21 UTC 2018: None match not added in database because it already exists
Wed May 16 04:56:21 UTC 2018: No link for: org.junit.tests.assertion.AssertionTest-stringsDifferWithUserMessage
Wed May 16 04:56:21 UTC 2018: None match not added in database because it already exists
Wed May 16 04:56:21 UTC 2018: No link for: org.junit.tests.assertion.AssertionTest-arraysDeclaredAsObjectAreComparedAsObjects
Wed May 16 04:56:22 UTC 2018: None match not added in database because it already exists
Wed May 16 04:56:22 UTC 2018: No link for: org.junit.tests.assertion.AssertionTest-oneDimensionalPrimitiveArraysAreEqual
Wed May 16 04:56:22 UTC 2018: None match not added in database because it already exists
Wed May 16 04:56:22 UTC 2018: No link for: org.junit.tests.assertion.AssertionTest-stringsNotEqual
Wed May 16 04:56:22 UTC 2018: None match not added in database because it already exists
Wed May 16 04:56:22 UTC 2018: No link for: org.junit.tests.assertion.AssertionTest-arraysNotEqual
Wed May 16 04:56:23 UTC 2018: None match not added in database because it already exists
Wed May 16 04:56:23 UTC 2018: No link for: org.junit.tests.assertion.AssertionTest-longsNotEqual
Wed May 16 04:56:24 UTC 2018: None match not added in database because it already exists
Wed May 16 04:56:24 UTC 2018: No link for: org.junit.tests.assertion.AssertionTest-arraysDifferentLengthDifferingAtEndMessage
Wed May 16 04:56:24 UTC 2018: None match not added in database because it already exists
Wed May 16 04:56:24 UTC 2018: No link for: org.junit.tests.assertion.AssertionTest-sameWithMessage
Wed May 16 04:56:25 UTC 2018: None match not added in database because it already exists
Wed May 16 04:56:25 UTC 2018: No link for: org.junit.tests.assertion.AssertionTest-notSameNullMessage
Wed May 16 04:56:25 UTC 2018: None match not added in database because it already exists
Wed May 16 04:56:25 UTC 2018: No link for: org.junit.tests.assertion.AssertionTest-notEqualsNullWithObject
Wed May 16 04:56:26 UTC 2018: None match not added in database because it already exists
Wed May 16 04:56:26 UTC 2018: No link for: org.junit.tests.assertion.AssertionTest-primitiveArraysConvertedToStringCorrectly
Wed May 16 04:56:26 UTC 2018: None match not added in database because it already exists
Wed May 16 04:56:26 UTC 2018: No link for: org.junit.tests.assertion.AssertionTest-multiDimensionalArraysAreNotEqualNoMessage
Wed May 16 04:56:26 UTC 2018: None match not added in database because it already exists
Wed May 16 04:56:26 UTC 2018: No link for: org.junit.tests.assertion.AssertionTest-arraysExpectedNullMessage
Wed May 16 04:56:27 UTC 2018: None match not added in database because it already exists
Wed May 16 04:56:27 UTC 2018: No link for: org.junit.tests.assertion.AssertionTest-arraysEqualWithMessage
Wed May 16 04:56:27 UTC 2018: None match not added in database because it already exists
Wed May 16 04:56:27 UTC 2018: No link for: org.junit.tests.assertion.AssertionTest-equals
Wed May 16 04:56:27 UTC 2018: None match not added in database because it already exists
Wed May 16 04:56:27 UTC 2018: No link for: org.junit.tests.assertion.AssertionTest-IntegerDoesNotEqualLong
Wed May 16 04:56:27 UTC 2018: None match not added in database because it already exists
Wed May 16 04:56:27 UTC 2018: No link for: org.junit.tests.assertion.AssertionTest-arraysDifferAtElement1withMessage
Wed May 16 04:56:28 UTC 2018: None match not added in database because it already exists
Wed May 16 04:56:28 UTC 2018: No link for: org.junit.tests.assertion.AssertionTest-implicitTypecastEquality
Wed May 16 04:56:28 UTC 2018: None match not added in database because it already exists
Wed May 16 04:56:28 UTC 2018: No link for: org.junit.tests.assertion.AssertionTest-floatsNotEqualWithoutDelta
Wed May 16 04:56:28 UTC 2018: None match not added in database because it already exists
Wed May 16 04:56:28 UTC 2018: No link for: org.junit.tests.assertion.AssertionTest-multiDimensionalArraysAreEqual
Wed May 16 04:56:29 UTC 2018: None match not added in database because it already exists
Wed May 16 04:56:29 UTC 2018: No link for: org.junit.tests.assertion.AssertionTest-multiDimensionalArraysDifferentLengthMessage
Wed May 16 04:56:29 UTC 2018: None match not added in database because it already exists
Wed May 16 04:56:29 UTC 2018: No link for: org.junit.tests.assertion.AssertionTest-oneDimensionalDoubleArraysAreNotEqual
Wed May 16 04:56:29 UTC 2018: None match not added in database because it already exists
Wed May 16 04:56:29 UTC 2018: No link for: org.junit.tests.assertion.AssertionTest-floatsNotEqual
Wed May 16 04:56:30 UTC 2018: None match not added in database because it already exists
Wed May 16 04:56:30 UTC 2018: No link for: org.junit.tests.assertion.AssertionTest-same
Wed May 16 04:56:30 UTC 2018: None match not added in database because it already exists
Wed May 16 04:56:30 UTC 2018: No link for: org.junit.tests.assertion.AssertionTest-errorMessageDistinguishesDifferentValuesWithSameToString
Wed May 16 04:56:30 UTC 2018: None match not added in database because it already exists
Wed May 16 04:56:30 UTC 2018: No link for: org.junit.tests.assertion.AssertionTest-twoDimensionalArraysDifferentOuterLengthNotEqual
Wed May 16 04:56:31 UTC 2018: None match not added in database because it already exists
Wed May 16 04:56:31 UTC 2018: Linking done for m-giltri__lab2_3 test class org.junit.tests.assertion.AssertionTest
Wed May 16 04:56:31 UTC 2018: Found element on the queue
Wed May 16 04:56:31 UTC 2018: Updating status
Wed May 16 04:56:31 UTC 2018: Working
Wed May 16 04:56:33 UTC 2018: Start m-giltri__lab2_3 test class org.junit.tests.assertion.ComparisonFailureTest
Wed May 16 04:56:34 UTC 2018: Setting lastTestMethodIndex: 62410
Wed May 16 04:56:34 UTC 2018: Starting linking
Wed May 16 04:56:34 UTC 2018: No link for: org.junit.tests.assertion.ComparisonFailureTest-compactFailureMessage
Wed May 16 04:56:34 UTC 2018: None match not added in database because it already exists
Wed May 16 04:56:34 UTC 2018: Linking done for m-giltri__lab2_3 test class org.junit.tests.assertion.ComparisonFailureTest
Wed May 16 04:56:34 UTC 2018: Found element on the queue
Wed May 16 04:56:34 UTC 2018: Updating status
Wed May 16 04:56:34 UTC 2018: Working
Wed May 16 04:56:37 UTC 2018: Start m-giltri__lab2_3 test class org.junit.tests.assertion.MultipleFailureExceptionTest
Wed May 16 04:56:37 UTC 2018: Setting lastTestMethodIndex: 62412
Wed May 16 04:56:37 UTC 2018: Starting linking
Wed May 16 04:56:37 UTC 2018: Code found org.junit.runners.model.MultipleFailureException-assertEmpty with org.junit.tests.assertion.MultipleFailureExceptionTest-assertEmptyThrowsMultipleFailureExceptionForManyThrowables
Wed May 16 04:56:37 UTC 2018: Match not added in database because it already exists
Wed May 16 04:56:37 UTC 2018: Code found org.junit.runners.model.MultipleFailureException-assertEmpty with org.junit.tests.assertion.MultipleFailureExceptionTest-assertEmptyRethrowsSingleError
Wed May 16 04:56:37 UTC 2018: Match not added in database because it already exists
Wed May 16 04:56:37 UTC 2018: Code found org.junit.runners.model.MultipleFailureException-assertEmpty with org.junit.tests.assertion.MultipleFailureExceptionTest-assertEmptyDoesNotThrowForEmptyList
Wed May 16 04:56:38 UTC 2018: Match not added in database because it already exists
Wed May 16 04:56:38 UTC 2018: Code found org.junit.runners.model.MultipleFailureException-assertEmpty with org.junit.tests.assertion.MultipleFailureExceptionTest-assertEmptyRethrowsSingleRuntimeException
Wed May 16 04:56:38 UTC 2018: Match not added in database because it already exists
Wed May 16 04:56:38 UTC 2018: No link for: org.junit.tests.assertion.MultipleFailureExceptionTest-assertEmptyErrorListConstructorFailure
Wed May 16 04:56:38 UTC 2018: None match not added in database because it already exists
Wed May 16 04:56:38 UTC 2018: Linking done for m-giltri__lab2_3 test class org.junit.tests.assertion.MultipleFailureExceptionTest
Wed May 16 04:56:39 UTC 2018: Found element on the queue
Wed May 16 04:56:39 UTC 2018: Updating status
Wed May 16 04:56:39 UTC 2018: Working
Wed May 16 04:56:41 UTC 2018: Start m-giltri__lab2_3 test class org.junit.tests.deprecated.JUnit4ClassRunnerTest
Wed May 16 04:56:41 UTC 2018: Setting lastTestMethodIndex: 62414
Wed May 16 04:56:41 UTC 2018: Starting linking
Wed May 16 04:56:41 UTC 2018: Linking done for m-giltri__lab2_3 test class org.junit.tests.deprecated.JUnit4ClassRunnerTest
Wed May 16 04:56:42 UTC 2018: Found element on the queue
Wed May 16 04:56:42 UTC 2018: Updating status
Wed May 16 04:56:42 UTC 2018: Working
Wed May 16 04:56:44 UTC 2018: Start m-giltri__lab2_3 test class org.junit.tests.description.AnnotatedDescriptionTest
Wed May 16 04:56:44 UTC 2018: Setting lastTestMethodIndex: 62415
Wed May 16 04:56:44 UTC 2018: Starting linking
Wed May 16 04:56:44 UTC 2018: Linking done for m-giltri__lab2_3 test class org.junit.tests.description.AnnotatedDescriptionTest
Wed May 16 04:56:45 UTC 2018: Found element on the queue
Wed May 16 04:56:45 UTC 2018: Updating status
Wed May 16 04:56:45 UTC 2018: Working
Wed May 16 04:56:47 UTC 2018: Start m-giltri__lab2_3 test class org.junit.tests.description.SuiteDescriptionTest
Wed May 16 04:56:47 UTC 2018: Setting lastTestMethodIndex: 62417
Wed May 16 04:56:47 UTC 2018: Starting linking
Wed May 16 04:56:47 UTC 2018: Code found org.junit.runner.Description-hashCode with org.junit.tests.description.SuiteDescriptionTest-hashCodeIsReasonable
Wed May 16 04:56:47 UTC 2018: Match not added in database because it already exists
Wed May 16 04:56:47 UTC 2018: Code found org.junit.runner.Description-equals with org.junit.tests.description.SuiteDescriptionTest-equalsIsCorrect
Wed May 16 04:56:48 UTC 2018: Match not added in database because it already exists
Wed May 16 04:56:48 UTC 2018: Linking done for m-giltri__lab2_3 test class org.junit.tests.description.SuiteDescriptionTest
Wed May 16 04:56:48 UTC 2018: Found element on the queue
Wed May 16 04:56:48 UTC 2018: Updating status
Wed May 16 04:56:48 UTC 2018: Working
Wed May 16 04:56:51 UTC 2018: Start m-giltri__lab2_3 test class org.junit.tests.description.TestDescriptionMethodNameTest
Wed May 16 04:56:51 UTC 2018: Setting lastTestMethodIndex: 62419
Wed May 16 04:56:51 UTC 2018: Starting linking
Wed May 16 04:56:51 UTC 2018: No link for: org.junit.tests.description.TestDescriptionMethodNameTest-methodNameTest
Wed May 16 04:56:51 UTC 2018: None match not added in database because it already exists
Wed May 16 04:56:51 UTC 2018: Linking done for m-giltri__lab2_3 test class org.junit.tests.description.TestDescriptionMethodNameTest
Wed May 16 04:56:51 UTC 2018: Found element on the queue
Wed May 16 04:56:51 UTC 2018: Updating status
Wed May 16 04:56:51 UTC 2018: Working
Wed May 16 04:56:54 UTC 2018: Start m-giltri__lab2_3 test class org.junit.tests.description.TestDescriptionTest
Wed May 16 04:56:54 UTC 2018: Setting lastTestMethodIndex: 62421
Wed May 16 04:56:54 UTC 2018: Starting linking
Wed May 16 04:56:54 UTC 2018: Code found org.junit.runner.Description-equals with org.junit.tests.description.TestDescriptionTest-equalsIsFalseForNonTestDescription
Wed May 16 04:56:54 UTC 2018: Match not added in database because it already exists
Wed May 16 04:56:54 UTC 2018: Code found org.junit.runner.Description-equals with org.junit.tests.description.TestDescriptionTest-equalsIsTrueForSameNameAndNoExplicitUniqueId
Wed May 16 04:56:54 UTC 2018: Match not added in database because it already exists
Wed May 16 04:56:54 UTC 2018: Code found org.junit.runner.Description-equals with org.junit.tests.description.TestDescriptionTest-equalsIsFalseForSameNameAndDifferentUniqueId
Wed May 16 04:56:55 UTC 2018: Match not added in database because it already exists
Wed May 16 04:56:55 UTC 2018: Linking done for m-giltri__lab2_3 test class org.junit.tests.description.TestDescriptionTest
Wed May 16 04:56:55 UTC 2018: Found element on the queue
Wed May 16 04:56:55 UTC 2018: Updating status
Wed May 16 04:56:55 UTC 2018: Working
Wed May 16 04:56:58 UTC 2018: Start m-giltri__lab2_3 test class org.junit.experimental.categories.CategoriesAndParameterizedTest
Wed May 16 04:56:58 UTC 2018: Setting lastTestMethodIndex: 62423
Wed May 16 04:56:58 UTC 2018: Starting linking
Wed May 16 04:56:58 UTC 2018: Linking done for m-giltri__lab2_3 test class org.junit.experimental.categories.CategoriesAndParameterizedTest
Wed May 16 04:56:58 UTC 2018: Found element on the queue
Wed May 16 04:56:58 UTC 2018: Updating status
Wed May 16 04:56:58 UTC 2018: Working
Wed May 16 04:57:00 UTC 2018: Start m-giltri__lab2_3 test class org.junit.experimental.categories.CategoryFilterFactoryTest
Wed May 16 04:57:00 UTC 2018: Setting lastTestMethodIndex: 62425
Wed May 16 04:57:00 UTC 2018: Starting linking
Wed May 16 04:57:00 UTC 2018: Code found org.junit.experimental.categories.CategoryFilterFactory-createFilter with org.junit.experimental.categories.CategoryFilterFactoryTest-shouldCreateFilter
Wed May 16 04:57:01 UTC 2018: Match not added in database because it already exists
Wed May 16 04:57:01 UTC 2018: No link for: org.junit.experimental.categories.CategoryFilterFactoryTest-shouldThrowException
Wed May 16 04:57:01 UTC 2018: None match not added in database because it already exists
Wed May 16 04:57:01 UTC 2018: Linking done for m-giltri__lab2_3 test class org.junit.experimental.categories.CategoryFilterFactoryTest
Wed May 16 04:57:01 UTC 2018: Found element on the queue
Wed May 16 04:57:01 UTC 2018: Updating status
Wed May 16 04:57:01 UTC 2018: Working
Wed May 16 04:57:04 UTC 2018: Start m-giltri__lab2_3 test class org.junit.experimental.categories.CategoryTest
Wed May 16 04:57:04 UTC 2018: Setting lastTestMethodIndex: 62427
Wed May 16 04:57:04 UTC 2018: Starting linking
Wed May 16 04:57:04 UTC 2018: Linking done for m-giltri__lab2_3 test class org.junit.experimental.categories.CategoryTest
Wed May 16 04:57:04 UTC 2018: Found element on the queue
Wed May 16 04:57:04 UTC 2018: Updating status
Wed May 16 04:57:04 UTC 2018: Working
Wed May 16 04:57:07 UTC 2018: Start m-giltri__lab2_3 test class org.junit.experimental.categories.CategoryValidatorTest
Wed May 16 04:57:07 UTC 2018: Setting lastTestMethodIndex: 62428
Wed May 16 04:57:07 UTC 2018: Starting linking
Wed May 16 04:57:07 UTC 2018: Linking done for m-giltri__lab2_3 test class org.junit.experimental.categories.CategoryValidatorTest
Wed May 16 04:57:07 UTC 2018: Found element on the queue
Wed May 16 04:57:07 UTC 2018: Updating status
Wed May 16 04:57:07 UTC 2018: Working
Wed May 16 04:57:10 UTC 2018: Start m-giltri__lab2_3 test class org.junit.experimental.categories.JavadocTest
Wed May 16 04:57:10 UTC 2018: Setting lastTestMethodIndex: 62430
Wed May 16 04:57:10 UTC 2018: Starting linking
Wed May 16 04:57:10 UTC 2018: Linking done for m-giltri__lab2_3 test class org.junit.experimental.categories.JavadocTest
Wed May 16 04:57:10 UTC 2018: Found element on the queue
Wed May 16 04:57:10 UTC 2018: Updating status
Wed May 16 04:57:10 UTC 2018: Working
Wed May 16 04:57:12 UTC 2018: Start m-giltri__lab2_3 test class org.junit.experimental.categories.MultiCategoryTest
Wed May 16 04:57:12 UTC 2018: Setting lastTestMethodIndex: 62431
Wed May 16 04:57:12 UTC 2018: Starting linking
Wed May 16 04:57:12 UTC 2018: Linking done for m-giltri__lab2_3 test class org.junit.experimental.categories.MultiCategoryTest
Wed May 16 04:57:12 UTC 2018: Found element on the queue
Wed May 16 04:57:12 UTC 2018: Updating status
Wed May 16 04:57:12 UTC 2018: Working
Wed May 16 04:57:15 UTC 2018: Start m-giltri__lab2_3 test class org.junit.tests.experimental.max.DescriptionTest
Wed May 16 04:57:15 UTC 2018: Setting lastTestMethodIndex: 62432
Wed May 16 04:57:15 UTC 2018: Starting linking
Wed May 16 04:57:15 UTC 2018: Code found org.junit.runner.Description-createSuiteDescription with org.junit.tests.experimental.max.DescriptionTest-createSuiteDescription_whenNull
Wed May 16 04:57:15 UTC 2018: Match not added in database because it already exists
Wed May 16 04:57:15 UTC 2018: Code found org.junit.runner.Description-createSuiteDescription with org.junit.tests.experimental.max.DescriptionTest-createSuiteDescription_whenZeroLength
Wed May 16 04:57:16 UTC 2018: Match not added in database because it already exists
Wed May 16 04:57:16 UTC 2018: No link for: org.junit.tests.experimental.max.DescriptionTest-tessed
Wed May 16 04:57:16 UTC 2018: No link for: org.junit.tests.experimental.max.DescriptionTest-parseMethod_whenCantParse
Wed May 16 04:57:16 UTC 2018: None match not added in database because it already exists
Wed May 16 04:57:16 UTC 2018: No link for: org.junit.tests.experimental.max.DescriptionTest-sameNamesButDifferentUniqueIdAreNotEqual
Wed May 16 04:57:16 UTC 2018: None match not added in database because it already exists
Wed May 16 04:57:16 UTC 2018: No link for: org.junit.tests.experimental.max.DescriptionTest-parseClass_whenCantParse
Wed May 16 04:57:17 UTC 2018: None match not added in database because it already exists
Wed May 16 04:57:17 UTC 2018: No link for: org.junit.tests.experimental.max.DescriptionTest-parseClassAndMethodWithAnnotations
Wed May 16 04:57:17 UTC 2018: None match not added in database because it already exists
Wed May 16 04:57:17 UTC 2018: No link for: org.junit.tests.experimental.max.DescriptionTest-parseClassAndMethodNoAnnotations
Wed May 16 04:57:18 UTC 2018: None match not added in database because it already exists
Wed May 16 04:57:18 UTC 2018: No link for: org.junit.tests.experimental.max.DescriptionTest-parseClassNameAndMethodUniqueId
Wed May 16 04:57:18 UTC 2018: None match not added in database because it already exists
Wed May 16 04:57:18 UTC 2018: No link for: org.junit.tests.experimental.max.DescriptionTest-usesPassedInClassObject
Wed May 16 04:57:18 UTC 2018: None match not added in database because it already exists
Wed May 16 04:57:18 UTC 2018: Linking done for m-giltri__lab2_3 test class org.junit.tests.experimental.max.DescriptionTest
Wed May 16 04:57:19 UTC 2018: Found element on the queue
Wed May 16 04:57:19 UTC 2018: Updating status
Wed May 16 04:57:19 UTC 2018: Working
Wed May 16 04:57:21 UTC 2018: Start m-giltri__lab2_3 test class org.junit.tests.experimental.max.JUnit38SortingTest
Wed May 16 04:57:21 UTC 2018: Setting lastTestMethodIndex: 62433
Wed May 16 04:57:21 UTC 2018: Starting linking
Wed May 16 04:57:21 UTC 2018: Linking done for m-giltri__lab2_3 test class org.junit.tests.experimental.max.JUnit38SortingTest
Wed May 16 04:57:21 UTC 2018: Found element on the queue
Wed May 16 04:57:21 UTC 2018: Updating status
Wed May 16 04:57:21 UTC 2018: Working
Wed May 16 04:57:24 UTC 2018: Start m-giltri__lab2_3 test class org.junit.tests.experimental.max.MaxStarterTest
Wed May 16 04:57:24 UTC 2018: Setting lastTestMethodIndex: 62434
Wed May 16 04:57:24 UTC 2018: Starting linking
Wed May 16 04:57:24 UTC 2018: Linking done for m-giltri__lab2_3 test class org.junit.tests.experimental.max.MaxStarterTest
Wed May 16 04:57:24 UTC 2018: Found element on the queue
Wed May 16 04:57:24 UTC 2018: Updating status
Wed May 16 04:57:24 UTC 2018: Working
Wed May 16 04:57:26 UTC 2018: Start m-giltri__lab2_3 test class org.junit.tests.experimental.parallel.ParallelClassTest
Wed May 16 04:57:26 UTC 2018: Setting lastTestMethodIndex: 62435
Wed May 16 04:57:26 UTC 2018: Starting linking
Wed May 16 04:57:26 UTC 2018: Linking done for m-giltri__lab2_3 test class org.junit.tests.experimental.parallel.ParallelClassTest
Wed May 16 04:57:27 UTC 2018: Found element on the queue
Wed May 16 04:57:27 UTC 2018: Updating status
Wed May 16 04:57:27 UTC 2018: Working
Wed May 16 04:57:29 UTC 2018: Start m-giltri__lab2_3 test class org.junit.tests.experimental.parallel.ParallelMethodTest
Wed May 16 04:57:29 UTC 2018: Setting lastTestMethodIndex: 62436
Wed May 16 04:57:29 UTC 2018: Starting linking
Wed May 16 04:57:29 UTC 2018: Linking done for m-giltri__lab2_3 test class org.junit.tests.experimental.parallel.ParallelMethodTest
Wed May 16 04:57:29 UTC 2018: Found element on the queue
Wed May 16 04:57:29 UTC 2018: Updating status
Wed May 16 04:57:29 UTC 2018: Working
Wed May 16 04:57:32 UTC 2018: Start m-giltri__lab2_3 test class org.junit.tests.experimental.results.PrintableResultTest
Wed May 16 04:57:32 UTC 2018: Setting lastTestMethodIndex: 62437
Wed May 16 04:57:32 UTC 2018: Starting linking
Wed May 16 04:57:32 UTC 2018: Linking done for m-giltri__lab2_3 test class org.junit.tests.experimental.results.PrintableResultTest
Wed May 16 04:57:32 UTC 2018: Found element on the queue
Wed May 16 04:57:32 UTC 2018: Updating status
Wed May 16 04:57:32 UTC 2018: Working
Wed May 16 04:57:36 UTC 2018: Start m-giltri__lab2_3 test class org.junit.tests.experimental.results.ResultMatchersTest
Wed May 16 04:57:36 UTC 2018: Setting lastTestMethodIndex: 62438
Wed May 16 04:57:36 UTC 2018: Starting linking
Wed May 16 04:57:36 UTC 2018: Code found org.junit.experimental.results.ResultMatchers-hasFailureContaining with org.junit.tests.experimental.results.ResultMatchersTest-hasFailureContaining_givenResultWithOneFailure
Wed May 16 04:57:36 UTC 2018: Code found org.junit.experimental.results.ResultMatchers-hasFailureContaining with org.junit.tests.experimental.results.ResultMatchersTest-hasFailureContaining_givenResultWithNoFailures
Wed May 16 04:57:36 UTC 2018: No link for: org.junit.tests.experimental.results.ResultMatchersTest-hasFailuresHasGoodDescription
Wed May 16 04:57:37 UTC 2018: None match not added in database because it already exists
Wed May 16 04:57:37 UTC 2018: Linking done for m-giltri__lab2_3 test class org.junit.tests.experimental.results.ResultMatchersTest
Wed May 16 04:57:37 UTC 2018: Found element on the queue
Wed May 16 04:57:37 UTC 2018: Updating status
Wed May 16 04:57:37 UTC 2018: Working
Wed May 16 04:57:40 UTC 2018: Start m-giltri__lab2_3 test class org.junit.tests.experimental.theories.internal.AllMembersSupplierTest
Wed May 16 04:57:40 UTC 2018: Setting lastTestMethodIndex: 62440
Wed May 16 04:57:40 UTC 2018: Starting linking
Wed May 16 04:57:40 UTC 2018: Linking done for m-giltri__lab2_3 test class org.junit.tests.experimental.theories.internal.AllMembersSupplierTest
Wed May 16 04:57:40 UTC 2018: Found element on the queue
Wed May 16 04:57:40 UTC 2018: Updating status
Wed May 16 04:57:40 UTC 2018: Working
Wed May 16 04:57:43 UTC 2018: Start m-giltri__lab2_3 test class org.junit.tests.experimental.theories.internal.ParameterizedAssertionErrorTest
Wed May 16 04:57:43 UTC 2018: Setting lastTestMethodIndex: 62442
Wed May 16 04:57:43 UTC 2018: Starting linking
Wed May 16 04:57:43 UTC 2018: Code found org.junit.experimental.theories.internal.ParameterizedAssertionError-join with org.junit.tests.experimental.theories.internal.ParameterizedAssertionErrorTest-canJoinWhenToStringFails
Wed May 16 04:57:43 UTC 2018: Match not added in database because it already exists
Wed May 16 04:57:43 UTC 2018: Linking done for m-giltri__lab2_3 test class org.junit.tests.experimental.theories.internal.ParameterizedAssertionErrorTest
Wed May 16 04:57:43 UTC 2018: Found element on the queue
Wed May 16 04:57:43 UTC 2018: Updating status
Wed May 16 04:57:43 UTC 2018: Working
Wed May 16 04:57:46 UTC 2018: Start m-giltri__lab2_3 test class org.junit.tests.experimental.theories.internal.SpecificDataPointsSupplierTest
Wed May 16 04:57:46 UTC 2018: Setting lastTestMethodIndex: 62444
Wed May 16 04:57:46 UTC 2018: Starting linking
Wed May 16 04:57:46 UTC 2018: Linking done for m-giltri__lab2_3 test class org.junit.tests.experimental.theories.internal.SpecificDataPointsSupplierTest
Wed May 16 04:57:46 UTC 2018: Found element on the queue
Wed May 16 04:57:46 UTC 2018: Updating status
Wed May 16 04:57:46 UTC 2018: Working
Wed May 16 04:57:49 UTC 2018: Start m-giltri__lab2_3 test class org.junit.tests.experimental.theories.runner.FailingDataPointMethods
Wed May 16 04:57:49 UTC 2018: Setting lastTestMethodIndex: 62445
Wed May 16 04:57:49 UTC 2018: Starting linking
Wed May 16 04:57:49 UTC 2018: Linking done for m-giltri__lab2_3 test class org.junit.tests.experimental.theories.runner.FailingDataPointMethods
Wed May 16 04:57:50 UTC 2018: Found element on the queue
Wed May 16 04:57:50 UTC 2018: Updating status
Wed May 16 04:57:50 UTC 2018: Working
Wed May 16 04:57:52 UTC 2018: Start m-giltri__lab2_3 test class org.junit.tests.experimental.theories.runner.TheoriesPerformanceTest
Wed May 16 04:57:52 UTC 2018: Setting lastTestMethodIndex: 62446
Wed May 16 04:57:52 UTC 2018: Starting linking
Wed May 16 04:57:52 UTC 2018: Linking done for m-giltri__lab2_3 test class org.junit.tests.experimental.theories.runner.TheoriesPerformanceTest
Wed May 16 04:57:53 UTC 2018: Found element on the queue
Wed May 16 04:57:53 UTC 2018: Updating status
Wed May 16 04:57:53 UTC 2018: Working
Wed May 16 04:57:55 UTC 2018: Start m-giltri__lab2_3 test class org.junit.tests.experimental.theories.runner.TypeMatchingBetweenMultiDataPointsMethod
Wed May 16 04:57:55 UTC 2018: Setting lastTestMethodIndex: 62447
Wed May 16 04:57:55 UTC 2018: Starting linking
Wed May 16 04:57:55 UTC 2018: Linking done for m-giltri__lab2_3 test class org.junit.tests.experimental.theories.runner.TypeMatchingBetweenMultiDataPointsMethod
Wed May 16 04:57:55 UTC 2018: Found element on the queue
Wed May 16 04:57:55 UTC 2018: Updating status
Wed May 16 04:57:55 UTC 2018: Working
Wed May 16 04:57:58 UTC 2018: Start m-giltri__lab2_3 test class org.junit.tests.experimental.theories.runner.UnsuccessfulWithDataPointFields
Wed May 16 04:57:58 UTC 2018: Setting lastTestMethodIndex: 62448
Wed May 16 04:57:58 UTC 2018: Starting linking
Wed May 16 04:57:58 UTC 2018: Linking done for m-giltri__lab2_3 test class org.junit.tests.experimental.theories.runner.UnsuccessfulWithDataPointFields
Wed May 16 04:57:58 UTC 2018: Found element on the queue
Wed May 16 04:57:58 UTC 2018: Updating status
Wed May 16 04:57:58 UTC 2018: Working
Wed May 16 04:58:00 UTC 2018: Start m-giltri__lab2_3 test class org.junit.tests.experimental.theories.runner.WhenNoParametersMatch
Wed May 16 04:58:00 UTC 2018: Setting lastTestMethodIndex: 62449
Wed May 16 04:58:00 UTC 2018: Starting linking
Wed May 16 04:58:00 UTC 2018: Linking done for m-giltri__lab2_3 test class org.junit.tests.experimental.theories.runner.WhenNoParametersMatch
Wed May 16 04:58:01 UTC 2018: Found element on the queue
Wed May 16 04:58:01 UTC 2018: Updating status
Wed May 16 04:58:01 UTC 2018: Working
Wed May 16 04:58:03 UTC 2018: Start m-giltri__lab2_3 test class org.junit.tests.experimental.theories.runner.WithAutoGeneratedDataPoints
Wed May 16 04:58:03 UTC 2018: Setting lastTestMethodIndex: 62450
Wed May 16 04:58:03 UTC 2018: Starting linking
Wed May 16 04:58:03 UTC 2018: Linking done for m-giltri__lab2_3 test class org.junit.tests.experimental.theories.runner.WithAutoGeneratedDataPoints
Wed May 16 04:58:03 UTC 2018: Found element on the queue
Wed May 16 04:58:03 UTC 2018: Updating status
Wed May 16 04:58:03 UTC 2018: Working
Wed May 16 04:58:06 UTC 2018: Start m-giltri__lab2_3 test class org.junit.tests.experimental.theories.runner.WithDataPointMethod
Wed May 16 04:58:06 UTC 2018: Setting lastTestMethodIndex: 62452
Wed May 16 04:58:06 UTC 2018: Starting linking
Wed May 16 04:58:06 UTC 2018: Linking done for m-giltri__lab2_3 test class org.junit.tests.experimental.theories.runner.WithDataPointMethod
Wed May 16 04:58:06 UTC 2018: Found element on the queue
Wed May 16 04:58:06 UTC 2018: Updating status
Wed May 16 04:58:06 UTC 2018: Working
Wed May 16 04:58:08 UTC 2018: Start m-giltri__lab2_3 test class org.junit.tests.experimental.theories.runner.WithExtendedParameterSources
Wed May 16 04:58:08 UTC 2018: Setting lastTestMethodIndex: 62454
Wed May 16 04:58:08 UTC 2018: Starting linking
Wed May 16 04:58:08 UTC 2018: Linking done for m-giltri__lab2_3 test class org.junit.tests.experimental.theories.runner.WithExtendedParameterSources
Wed May 16 04:58:09 UTC 2018: Found element on the queue
Wed May 16 04:58:09 UTC 2018: Updating status
Wed May 16 04:58:09 UTC 2018: Working
Wed May 16 04:58:11 UTC 2018: Start m-giltri__lab2_3 test class org.junit.tests.experimental.theories.runner.WithNamedDataPoints
Wed May 16 04:58:11 UTC 2018: Setting lastTestMethodIndex: 62456
Wed May 16 04:58:11 UTC 2018: Starting linking
Wed May 16 04:58:11 UTC 2018: Linking done for m-giltri__lab2_3 test class org.junit.tests.experimental.theories.runner.WithNamedDataPoints
Wed May 16 04:58:11 UTC 2018: Found element on the queue
Wed May 16 04:58:11 UTC 2018: Updating status
Wed May 16 04:58:11 UTC 2018: Working
Wed May 16 04:58:14 UTC 2018: Start m-giltri__lab2_3 test class org.junit.tests.experimental.theories.runner.WithOnlyTestAnnotations
Wed May 16 04:58:14 UTC 2018: Setting lastTestMethodIndex: 62458
Wed May 16 04:58:14 UTC 2018: Starting linking
Wed May 16 04:58:14 UTC 2018: Linking done for m-giltri__lab2_3 test class org.junit.tests.experimental.theories.runner.WithOnlyTestAnnotations
Wed May 16 04:58:14 UTC 2018: Found element on the queue
Wed May 16 04:58:14 UTC 2018: Updating status
Wed May 16 04:58:14 UTC 2018: Working
Wed May 16 04:58:16 UTC 2018: Start m-giltri__lab2_3 test class org.junit.tests.experimental.theories.runner.WithParameterSupplier
Wed May 16 04:58:16 UTC 2018: Setting lastTestMethodIndex: 62459
Wed May 16 04:58:16 UTC 2018: Starting linking
Wed May 16 04:58:16 UTC 2018: Linking done for m-giltri__lab2_3 test class org.junit.tests.experimental.theories.runner.WithParameterSupplier
Wed May 16 04:58:17 UTC 2018: Found element on the queue
Wed May 16 04:58:17 UTC 2018: Updating status
Wed May 16 04:58:17 UTC 2018: Working
Wed May 16 04:58:19 UTC 2018: Start m-giltri__lab2_3 test class org.junit.tests.experimental.theories.runner.WithUnresolvedGenericTypeVariablesOnTheoryParms
Wed May 16 04:58:19 UTC 2018: Setting lastTestMethodIndex: 62460
Wed May 16 04:58:19 UTC 2018: Starting linking
Wed May 16 04:58:19 UTC 2018: No link for: org.junit.tests.experimental.theories.runner.WithUnresolvedGenericTypeVariablesOnTheoryParms-whereTypeVariableIsOnTheoryParm
Wed May 16 04:58:19 UTC 2018: No link for: org.junit.tests.experimental.theories.runner.WithUnresolvedGenericTypeVariablesOnTheoryParms-whereTypeVariableIsOnTheTheory
Wed May 16 04:58:20 UTC 2018: None match not added in database because it already exists
Wed May 16 04:58:20 UTC 2018: No link for: org.junit.tests.experimental.theories.runner.WithUnresolvedGenericTypeVariablesOnTheoryParms-whereTypeVariableIsOnArrayTypeOnTheoryParm
Wed May 16 04:58:20 UTC 2018: No link for: org.junit.tests.experimental.theories.runner.WithUnresolvedGenericTypeVariablesOnTheoryParms-whereTypeVariableIsOnTheoryClass
Wed May 16 04:58:21 UTC 2018: No link for: org.junit.tests.experimental.theories.runner.WithUnresolvedGenericTypeVariablesOnTheoryParms-whereTypeVariablesAbound
Wed May 16 04:58:21 UTC 2018: No link for: org.junit.tests.experimental.theories.runner.WithUnresolvedGenericTypeVariablesOnTheoryParms-whereTypeVariableIsOnParameterizedTheoryParm
Wed May 16 04:58:21 UTC 2018: No link for: org.junit.tests.experimental.theories.runner.WithUnresolvedGenericTypeVariablesOnTheoryParms-whereTypeVariableIsOnComponentOfArrayTypeOnTheoryParm
Wed May 16 04:58:22 UTC 2018: No link for: org.junit.tests.experimental.theories.runner.WithUnresolvedGenericTypeVariablesOnTheoryParms-whereTypeVariableIsOnWildcardUpperBoundOnTheoryParm
Wed May 16 04:58:22 UTC 2018: No link for: org.junit.tests.experimental.theories.runner.WithUnresolvedGenericTypeVariablesOnTheoryParms-whereTypeVariableIsOnWildcardLowerBoundOnTheoryParm
Wed May 16 04:58:23 UTC 2018: Linking done for m-giltri__lab2_3 test class org.junit.tests.experimental.theories.runner.WithUnresolvedGenericTypeVariablesOnTheoryParms
Wed May 16 04:58:23 UTC 2018: Found element on the queue
Wed May 16 04:58:23 UTC 2018: Updating status
Wed May 16 04:58:23 UTC 2018: Working
Wed May 16 04:58:25 UTC 2018: Start m-giltri__lab2_3 test class org.junit.tests.experimental.theories.ParameterSignatureTest
Wed May 16 04:58:25 UTC 2018: Setting lastTestMethodIndex: 62463
Wed May 16 04:58:25 UTC 2018: Starting linking
Wed May 16 04:58:25 UTC 2018: Code found org.junit.experimental.theories.ParameterSignature-getAnnotations with org.junit.tests.experimental.theories.ParameterSignatureTest-getAnnotations
Wed May 16 04:58:26 UTC 2018: Match not added in database because it already exists
Wed May 16 04:58:26 UTC 2018: No link for: org.junit.tests.experimental.theories.ParameterSignatureTest-wrapperTypesShouldBeAcceptedAsPrimitiveTypes
Wed May 16 04:58:26 UTC 2018: None match not added in database because it already exists
Wed May 16 04:58:26 UTC 2018: No link for: org.junit.tests.experimental.theories.ParameterSignatureTest-primitiveTypesShouldBeAcceptedAsWrapperTypes
Wed May 16 04:58:26 UTC 2018: None match not added in database because it already exists
Wed May 16 04:58:26 UTC 2018: No link for: org.junit.tests.experimental.theories.ParameterSignatureTest-primitiveTypesShouldBeAcceptedAsWrapperTypeAssignables
Wed May 16 04:58:27 UTC 2018: None match not added in database because it already exists
Wed May 16 04:58:27 UTC 2018: Linking done for m-giltri__lab2_3 test class org.junit.tests.experimental.theories.ParameterSignatureTest
Wed May 16 04:58:27 UTC 2018: Found element on the queue
Wed May 16 04:58:27 UTC 2018: Updating status
Wed May 16 04:58:27 UTC 2018: Working
Wed May 16 04:58:29 UTC 2018: Start m-giltri__lab2_3 test class org.junit.tests.experimental.theories.TestedOnSupplierTest
Wed May 16 04:58:29 UTC 2018: Setting lastTestMethodIndex: 62465
Wed May 16 04:58:29 UTC 2018: Starting linking
Wed May 16 04:58:29 UTC 2018: No link for: org.junit.tests.experimental.theories.TestedOnSupplierTest-descriptionStatesParameterName
Wed May 16 04:58:30 UTC 2018: None match not added in database because it already exists
Wed May 16 04:58:30 UTC 2018: Linking done for m-giltri__lab2_3 test class org.junit.tests.experimental.theories.TestedOnSupplierTest
