Wed May 16 02:53:01 UTC 2018: Database:jdbc:mysql://localhost:3306/unittests
Wed May 16 02:53:01 UTC 2018: Starting
Wed May 16 02:53:01 UTC 2018: Found element on the queue
Wed May 16 02:53:01 UTC 2018: Updating status
Wed May 16 02:53:01 UTC 2018: Working
Wed May 16 02:53:01 UTC 2018: Create project parser
Wed May 16 02:53:06 UTC 2018: Create slicer
Wed May 16 02:53:06 UTC 2018: Wala does not support this class: com.ibm.wala.shrikeCT.InvalidClassFileException: Class file invalid at 10: bad magic number: 1297780736
Wed May 16 02:53:07 UTC 2018: Wala does not support this class: com.ibm.wala.shrikeCT.InvalidClassFileException: Class file invalid at 10: bad magic number: 1347093252
Wed May 16 02:53:10 UTC 2018: Create call graph
Wed May 16 02:53:14 UTC 2018: Create point analysis
Wed May 16 02:53:14 UTC 2018: Create call graph done
Wed May 16 02:53:14 UTC 2018: Start ktan2020__jenkins-1.507 test class hudson.cli.ConnectionTest
Wed May 16 02:53:14 UTC 2018: Setting lastTestMethodIndex: 58220
Wed May 16 02:53:14 UTC 2018: Starting linking
Wed May 16 02:53:14 UTC 2018: No link for: hudson.cli.ConnectionTest-testEncyrpt
Wed May 16 02:53:14 UTC 2018: None match not added in database because it already exists
Wed May 16 02:53:14 UTC 2018: Linking done for ktan2020__jenkins-1.507 test class hudson.cli.ConnectionTest
Wed May 16 02:53:15 UTC 2018: Found element on the queue
Wed May 16 02:53:15 UTC 2018: Updating status
Wed May 16 02:53:15 UTC 2018: Working
Wed May 16 02:53:15 UTC 2018: Create project parser
Wed May 16 02:53:30 UTC 2018: Start ktan2020__jenkins-1.507 test class jenkins.util.TreeStringBuilderTest
Wed May 16 02:53:30 UTC 2018: Setting lastTestMethodIndex: 58229
Wed May 16 02:53:30 UTC 2018: Starting linking
Wed May 16 02:53:30 UTC 2018: No link for: jenkins.util.TreeStringBuilderTest-testRandom
Wed May 16 02:53:31 UTC 2018: None match not added in database because it already exists
Wed May 16 02:53:31 UTC 2018: No link for: jenkins.util.TreeStringBuilderTest-test
Wed May 16 02:53:31 UTC 2018: None match not added in database because it already exists
Wed May 16 02:53:31 UTC 2018: Linking done for ktan2020__jenkins-1.507 test class jenkins.util.TreeStringBuilderTest
Wed May 16 02:53:31 UTC 2018: Found element on the queue
Wed May 16 02:53:31 UTC 2018: Updating status
Wed May 16 02:53:31 UTC 2018: Working
Wed May 16 02:53:34 UTC 2018: Start ktan2020__jenkins-1.507 test class hudson.UtilTest
Wed May 16 02:53:34 UTC 2018: Setting lastTestMethodIndex: 58231
Wed May 16 02:53:34 UTC 2018: Starting linking
Wed May 16 02:53:34 UTC 2018: Code found hudson.Util-rawEncode with hudson.UtilTest-testRawEncode
Wed May 16 02:53:34 UTC 2018: Code found hudson.Util-escape with hudson.UtilTest-testHtmlEscape
Wed May 16 02:53:35 UTC 2018: Code found hudson.Util-tryParseNumber with hudson.UtilTest-testTryParseNumber
Wed May 16 02:53:35 UTC 2018: Code found hudson.Util-encode with hudson.UtilTest-testEncodeSpaces
Wed May 16 02:53:35 UTC 2018: Code found hudson.Util-isSymlink with hudson.UtilTest-testIsSymlink
Wed May 16 02:53:35 UTC 2018: Code found hudson.Util-replaceMacro with hudson.UtilTest-testReplaceMacro
Wed May 16 02:53:36 UTC 2018: No link for: hudson.UtilTest-testDigestThreadSafety
Wed May 16 02:53:36 UTC 2018: No link for: hudson.UtilTest-testTimeSpanString
Wed May 16 02:53:36 UTC 2018: None match not added in database because it already exists
Wed May 16 02:53:36 UTC 2018: No link for: hudson.UtilTest-testSymlink
Wed May 16 02:53:37 UTC 2018: Linking done for ktan2020__jenkins-1.507 test class hudson.UtilTest
Wed May 16 02:53:37 UTC 2018: Found element on the queue
Wed May 16 02:53:37 UTC 2018: Updating status
Wed May 16 02:53:37 UTC 2018: Working
Wed May 16 02:53:40 UTC 2018: Start ktan2020__jenkins-1.507 test class hudson.FilePathTest
Wed May 16 02:53:40 UTC 2018: Setting lastTestMethodIndex: 58234
Wed May 16 02:53:40 UTC 2018: Starting linking
Wed May 16 02:53:40 UTC 2018: Linking done for ktan2020__jenkins-1.507 test class hudson.FilePathTest
Wed May 16 02:53:40 UTC 2018: Found element on the queue
Wed May 16 02:53:40 UTC 2018: Updating status
Wed May 16 02:53:40 UTC 2018: Working
Wed May 16 02:53:42 UTC 2018: Start ktan2020__jenkins-1.507 test class hudson.slaves.ComputerLauncherTest
Wed May 16 02:53:42 UTC 2018: Setting lastTestMethodIndex: 58236
Wed May 16 02:53:42 UTC 2018: Starting linking
Wed May 16 02:53:42 UTC 2018: No link for: hudson.slaves.ComputerLauncherTest-j2sdk4
Wed May 16 02:53:43 UTC 2018: None match not added in database because it already exists
Wed May 16 02:53:43 UTC 2018: No link for: hudson.slaves.ComputerLauncherTest-jdk6
Wed May 16 02:53:43 UTC 2018: No link for: hudson.slaves.ComputerLauncherTest-jdk10
Wed May 16 02:53:43 UTC 2018: No link for: hudson.slaves.ComputerLauncherTest-jdk7
Wed May 16 02:53:43 UTC 2018: No link for: hudson.slaves.ComputerLauncherTest-openJDK7
Wed May 16 02:53:44 UTC 2018: No link for: hudson.slaves.ComputerLauncherTest-jdk5
Wed May 16 02:53:44 UTC 2018: Linking done for ktan2020__jenkins-1.507 test class hudson.slaves.ComputerLauncherTest
Wed May 16 02:53:45 UTC 2018: Found element on the queue
Wed May 16 02:53:45 UTC 2018: Updating status
Wed May 16 02:53:45 UTC 2018: Working
Wed May 16 02:53:47 UTC 2018: Start ktan2020__jenkins-1.507 test class hudson.tasks.test.TestObjectTest
Wed May 16 02:53:47 UTC 2018: Setting lastTestMethodIndex: 58239
Wed May 16 02:53:47 UTC 2018: Starting linking
Wed May 16 02:53:47 UTC 2018: Code found hudson.tasks.test.TestObject-safe with hudson.tasks.test.TestObjectTest-testSafe
Wed May 16 02:53:47 UTC 2018: No link for: hudson.tasks.test.TestObjectTest-uniquifyName
Wed May 16 02:53:48 UTC 2018: Linking done for ktan2020__jenkins-1.507 test class hudson.tasks.test.TestObjectTest
Wed May 16 02:53:48 UTC 2018: Found element on the queue
Wed May 16 02:53:48 UTC 2018: Updating status
Wed May 16 02:53:48 UTC 2018: Working
Wed May 16 02:53:51 UTC 2018: Start ktan2020__jenkins-1.507 test class hudson.tasks._maven.Maven3MojoNoteTest
Wed May 16 02:53:51 UTC 2018: Setting lastTestMethodIndex: 58240
Wed May 16 02:53:51 UTC 2018: Starting linking
Wed May 16 02:53:51 UTC 2018: No link for: hudson.tasks._maven.Maven3MojoNoteTest-testAnnotateMavenPlugin
Wed May 16 02:53:51 UTC 2018: None match not added in database because it already exists
Wed May 16 02:53:51 UTC 2018: No link for: hudson.tasks._maven.Maven3MojoNoteTest-testAnnotateOtherPlugin
Wed May 16 02:53:51 UTC 2018: None match not added in database because it already exists
Wed May 16 02:53:51 UTC 2018: No link for: hudson.tasks._maven.Maven3MojoNoteTest-testAnnotateCodehausPlugin
Wed May 16 02:53:52 UTC 2018: None match not added in database because it already exists
Wed May 16 02:53:52 UTC 2018: Linking done for ktan2020__jenkins-1.507 test class hudson.tasks._maven.Maven3MojoNoteTest
Wed May 16 02:53:52 UTC 2018: Found element on the queue
Wed May 16 02:53:52 UTC 2018: Updating status
Wed May 16 02:53:52 UTC 2018: Working
Wed May 16 02:53:55 UTC 2018: Start ktan2020__jenkins-1.507 test class hudson.matrix.CombinationTest
Wed May 16 02:53:55 UTC 2018: Setting lastTestMethodIndex: 58243
Wed May 16 02:53:55 UTC 2018: Starting linking
Wed May 16 02:53:55 UTC 2018: Linking done for ktan2020__jenkins-1.507 test class hudson.matrix.CombinationTest
Wed May 16 02:53:55 UTC 2018: Found element on the queue
Wed May 16 02:53:55 UTC 2018: Updating status
Wed May 16 02:53:55 UTC 2018: Working
Wed May 16 02:53:58 UTC 2018: Start ktan2020__jenkins-1.507 test class hudson.MarkupTextTest
Wed May 16 02:53:58 UTC 2018: Setting lastTestMethodIndex: 58245
Wed May 16 02:53:58 UTC 2018: Starting linking
Wed May 16 02:53:58 UTC 2018: Linking done for ktan2020__jenkins-1.507 test class hudson.MarkupTextTest
Wed May 16 02:53:58 UTC 2018: Found element on the queue
Wed May 16 02:53:58 UTC 2018: Updating status
Wed May 16 02:53:58 UTC 2018: Working
Wed May 16 02:54:01 UTC 2018: Start ktan2020__jenkins-1.507 test class hudson.scheduler.CronTabEventualityTest
Wed May 16 02:54:01 UTC 2018: Setting lastTestMethodIndex: 58247
Wed May 16 02:54:01 UTC 2018: Starting linking
Wed May 16 02:54:01 UTC 2018: No link for: hudson.scheduler.CronTabEventualityTest-testHourlyWillBeEventuallyTriggeredWithinOneHour
Wed May 16 02:54:01 UTC 2018: No link for: hudson.scheduler.CronTabEventualityTest-testYearlyWillBeEventuallyTriggeredWithinOneYear
Wed May 16 02:54:01 UTC 2018: No link for: hudson.scheduler.CronTabEventualityTest-testWeeklyWillBeEventuallyTriggeredWithinOneWeek
Wed May 16 02:54:02 UTC 2018: No link for: hudson.scheduler.CronTabEventualityTest-testMonthlyWillBeEventuallyTriggeredWithinOneMonth
Wed May 16 02:54:02 UTC 2018: No link for: hudson.scheduler.CronTabEventualityTest-testFirstDayOfMonthWillBeEventuallyTriggeredWithinOneMonth
Wed May 16 02:54:02 UTC 2018: No link for: hudson.scheduler.CronTabEventualityTest-testDailyWillBeEventuallyTriggeredWithinOneDay
Wed May 16 02:54:03 UTC 2018: No link for: hudson.scheduler.CronTabEventualityTest-testMidnightWillBeEventuallyTriggeredWithinOneDay
Wed May 16 02:54:03 UTC 2018: No link for: hudson.scheduler.CronTabEventualityTest-testFirstSundayOfMonthWillBeEventuallyTriggeredWithinOneMonthAndOneWeek
Wed May 16 02:54:03 UTC 2018: No link for: hudson.scheduler.CronTabEventualityTest-testAnnuallyWillBeEventuallyTriggeredWithinOneYear
Wed May 16 02:54:04 UTC 2018: Linking done for ktan2020__jenkins-1.507 test class hudson.scheduler.CronTabEventualityTest
Wed May 16 02:54:04 UTC 2018: Found element on the queue
Wed May 16 02:54:04 UTC 2018: Updating status
Wed May 16 02:54:04 UTC 2018: Working
Wed May 16 02:54:07 UTC 2018: Start ktan2020__jenkins-1.507 test class hudson.scheduler.CronTabDayOfWeekLocaleTest
Wed May 16 02:54:07 UTC 2018: Setting lastTestMethodIndex: 58250
Wed May 16 02:54:07 UTC 2018: Starting linking
Wed May 16 02:54:07 UTC 2018: No link for: hudson.scheduler.CronTabDayOfWeekLocaleTest-isSundayAndNextRunIsMonday
Wed May 16 02:54:07 UTC 2018: None match not added in database because it already exists
Wed May 16 02:54:07 UTC 2018: No link for: hudson.scheduler.CronTabDayOfWeekLocaleTest-isSundayAndPreviousRunIsSaturday
Wed May 16 02:54:07 UTC 2018: None match not added in database because it already exists
Wed May 16 02:54:07 UTC 2018: No link for: hudson.scheduler.CronTabDayOfWeekLocaleTest-isSaturdayAndNextRunIsSundayAsterisk
Wed May 16 02:54:08 UTC 2018: None match not added in database because it already exists
Wed May 16 02:54:08 UTC 2018: No link for: hudson.scheduler.CronTabDayOfWeekLocaleTest-isSundayAndPreviousRunIsSaturdayAsterisk
Wed May 16 02:54:08 UTC 2018: None match not added in database because it already exists
Wed May 16 02:54:08 UTC 2018: No link for: hudson.scheduler.CronTabDayOfWeekLocaleTest-hudson8658
Wed May 16 02:54:08 UTC 2018: None match not added in database because it already exists
Wed May 16 02:54:08 UTC 2018: No link for: hudson.scheduler.CronTabDayOfWeekLocaleTest-isSundayAndNextRunIsThursday
Wed May 16 02:54:09 UTC 2018: None match not added in database because it already exists
Wed May 16 02:54:09 UTC 2018: No link for: hudson.scheduler.CronTabDayOfWeekLocaleTest-isSundayAndNextRunIsNextSunday
Wed May 16 02:54:09 UTC 2018: None match not added in database because it already exists
Wed May 16 02:54:09 UTC 2018: No link for: hudson.scheduler.CronTabDayOfWeekLocaleTest-isSundayAndNextRunIsWednesday
Wed May 16 02:54:09 UTC 2018: None match not added in database because it already exists
Wed May 16 02:54:09 UTC 2018: No link for: hudson.scheduler.CronTabDayOfWeekLocaleTest-isSundayAndPreviousRunIsFriday
Wed May 16 02:54:09 UTC 2018: None match not added in database because it already exists
Wed May 16 02:54:09 UTC 2018: No link for: hudson.scheduler.CronTabDayOfWeekLocaleTest-isSundayAndNextRunIsTuesday
Wed May 16 02:54:10 UTC 2018: None match not added in database because it already exists
Wed May 16 02:54:10 UTC 2018: No link for: hudson.scheduler.CronTabDayOfWeekLocaleTest-isSundayAndPreviousRunIsThursday
Wed May 16 02:54:10 UTC 2018: None match not added in database because it already exists
Wed May 16 02:54:10 UTC 2018: No link for: hudson.scheduler.CronTabDayOfWeekLocaleTest-isSundayAndNextRunIsFriday
Wed May 16 02:54:10 UTC 2018: None match not added in database because it already exists
Wed May 16 02:54:10 UTC 2018: No link for: hudson.scheduler.CronTabDayOfWeekLocaleTest-isSundayAndPreviousRunIsMonday
Wed May 16 02:54:11 UTC 2018: None match not added in database because it already exists
Wed May 16 02:54:11 UTC 2018: No link for: hudson.scheduler.CronTabDayOfWeekLocaleTest-isSundayAndPreviousRunIsPreviousSunday
Wed May 16 02:54:11 UTC 2018: None match not added in database because it already exists
Wed May 16 02:54:11 UTC 2018: No link for: hudson.scheduler.CronTabDayOfWeekLocaleTest-isSundayAndNextRunIsNextSunday7
Wed May 16 02:54:11 UTC 2018: None match not added in database because it already exists
Wed May 16 02:54:11 UTC 2018: No link for: hudson.scheduler.CronTabDayOfWeekLocaleTest-isSundayAndPreviousRunIsPreviousSunday7
Wed May 16 02:54:12 UTC 2018: None match not added in database because it already exists
Wed May 16 02:54:12 UTC 2018: No link for: hudson.scheduler.CronTabDayOfWeekLocaleTest-isSundayAndPreviousRunIsTuesday
Wed May 16 02:54:12 UTC 2018: None match not added in database because it already exists
Wed May 16 02:54:12 UTC 2018: No link for: hudson.scheduler.CronTabDayOfWeekLocaleTest-isSundayAndPreviousRunIsWednesday
Wed May 16 02:54:12 UTC 2018: None match not added in database because it already exists
Wed May 16 02:54:12 UTC 2018: No link for: hudson.scheduler.CronTabDayOfWeekLocaleTest-isSundayAndNextRunIsSaturday
Wed May 16 02:54:13 UTC 2018: None match not added in database because it already exists
Wed May 16 02:54:13 UTC 2018: Linking done for ktan2020__jenkins-1.507 test class hudson.scheduler.CronTabDayOfWeekLocaleTest
Wed May 16 02:54:13 UTC 2018: Found element on the queue
Wed May 16 02:54:13 UTC 2018: Updating status
Wed May 16 02:54:13 UTC 2018: Working
Wed May 16 02:54:16 UTC 2018: Start ktan2020__jenkins-1.507 test class hudson.model.BallColorTest
Wed May 16 02:54:16 UTC 2018: Setting lastTestMethodIndex: 58253
Wed May 16 02:54:16 UTC 2018: Starting linking
Wed May 16 02:54:16 UTC 2018: Linking done for ktan2020__jenkins-1.507 test class hudson.model.BallColorTest
Wed May 16 02:54:17 UTC 2018: Found element on the queue
Wed May 16 02:54:17 UTC 2018: Updating status
Wed May 16 02:54:17 UTC 2018: Working
Wed May 16 02:54:19 UTC 2018: Start ktan2020__jenkins-1.507 test class hudson.model.AbstractItemTest
Wed May 16 02:54:19 UTC 2018: Setting lastTestMethodIndex: 58255
Wed May 16 02:54:19 UTC 2018: Starting linking
Wed May 16 02:54:19 UTC 2018: Linking done for ktan2020__jenkins-1.507 test class hudson.model.AbstractItemTest
Wed May 16 02:54:20 UTC 2018: Found element on the queue
Wed May 16 02:54:20 UTC 2018: Updating status
Wed May 16 02:54:20 UTC 2018: Working
Wed May 16 02:54:23 UTC 2018: Start ktan2020__jenkins-1.507 test class hudson.model.ItemsTest
Wed May 16 02:54:23 UTC 2018: Setting lastTestMethodIndex: 58256
Wed May 16 02:54:23 UTC 2018: Starting linking
Wed May 16 02:54:23 UTC 2018: Code found hudson.model.Items-computeRelativeNamesAfterRenaming with hudson.model.ItemsTest-computeRelativeNamesAfterRenaming
Wed May 16 02:54:23 UTC 2018: Code found hudson.model.Items-getCanonicalName with hudson.model.ItemsTest-getCanonicalName
Wed May 16 02:54:24 UTC 2018: Match not added in database because it already exists
Wed May 16 02:54:24 UTC 2018: Linking done for ktan2020__jenkins-1.507 test class hudson.model.ItemsTest
Wed May 16 02:54:24 UTC 2018: Found element on the queue
Wed May 16 02:54:24 UTC 2018: Updating status
Wed May 16 02:54:24 UTC 2018: Working
Wed May 16 02:54:27 UTC 2018: Start ktan2020__jenkins-1.507 test class hudson.model.FingerprintTest
Wed May 16 02:54:27 UTC 2018: Setting lastTestMethodIndex: 58259
Wed May 16 02:54:27 UTC 2018: Starting linking
Wed May 16 02:54:27 UTC 2018: Linking done for ktan2020__jenkins-1.507 test class hudson.model.FingerprintTest
Wed May 16 02:54:28 UTC 2018: Found element on the queue
Wed May 16 02:54:28 UTC 2018: Updating status
Wed May 16 02:54:28 UTC 2018: Working
Wed May 16 02:54:30 UTC 2018: Start ktan2020__jenkins-1.507 test class hudson.model.ComputerTest
Wed May 16 02:54:30 UTC 2018: Setting lastTestMethodIndex: 58261
Wed May 16 02:54:30 UTC 2018: Starting linking
Wed May 16 02:54:30 UTC 2018: No link for: hudson.model.ComputerTest-testRelocate
Wed May 16 02:54:30 UTC 2018: None match not added in database because it already exists
Wed May 16 02:54:30 UTC 2018: Linking done for ktan2020__jenkins-1.507 test class hudson.model.ComputerTest
Wed May 16 02:54:31 UTC 2018: Found element on the queue
Wed May 16 02:54:31 UTC 2018: Updating status
Wed May 16 02:54:31 UTC 2018: Working
Wed May 16 02:54:33 UTC 2018: Start ktan2020__jenkins-1.507 test class hudson.model.ResourceListTest
Wed May 16 02:54:33 UTC 2018: Setting lastTestMethodIndex: 58264
Wed May 16 02:54:33 UTC 2018: Starting linking
Wed May 16 02:54:33 UTC 2018: Linking done for ktan2020__jenkins-1.507 test class hudson.model.ResourceListTest
Wed May 16 02:54:34 UTC 2018: Found element on the queue
Wed May 16 02:54:34 UTC 2018: Updating status
Wed May 16 02:54:34 UTC 2018: Working
Wed May 16 02:54:36 UTC 2018: Start ktan2020__jenkins-1.507 test class hudson.model.TimeSeriesTest
Wed May 16 02:54:36 UTC 2018: Setting lastTestMethodIndex: 58266
Wed May 16 02:54:36 UTC 2018: Starting linking
Wed May 16 02:54:36 UTC 2018: Linking done for ktan2020__jenkins-1.507 test class hudson.model.TimeSeriesTest
Wed May 16 02:54:37 UTC 2018: Found element on the queue
Wed May 16 02:54:37 UTC 2018: Updating status
Wed May 16 02:54:37 UTC 2018: Working
Wed May 16 02:54:39 UTC 2018: Start ktan2020__jenkins-1.507 test class hudson.model.AutoCompleteSeederTest
Wed May 16 02:54:39 UTC 2018: Setting lastTestMethodIndex: 58268
Wed May 16 02:54:39 UTC 2018: Starting linking
Wed May 16 02:54:39 UTC 2018: Linking done for ktan2020__jenkins-1.507 test class hudson.model.AutoCompleteSeederTest
Wed May 16 02:54:40 UTC 2018: Found element on the queue
Wed May 16 02:54:40 UTC 2018: Updating status
Wed May 16 02:54:40 UTC 2018: Working
Wed May 16 02:54:42 UTC 2018: Start ktan2020__jenkins-1.507 test class hudson.model.LoadStatisticsTest
Wed May 16 02:54:42 UTC 2018: Setting lastTestMethodIndex: 58270
Wed May 16 02:54:42 UTC 2018: Starting linking
Wed May 16 02:54:42 UTC 2018: Linking done for ktan2020__jenkins-1.507 test class hudson.model.LoadStatisticsTest
Wed May 16 02:54:43 UTC 2018: Found element on the queue
Wed May 16 02:54:43 UTC 2018: Updating status
Wed May 16 02:54:43 UTC 2018: Working
Wed May 16 02:54:45 UTC 2018: Start ktan2020__jenkins-1.507 test class hudson.model.BuildStatusSummaryTest
Wed May 16 02:54:45 UTC 2018: Setting lastTestMethodIndex: 58272
Wed May 16 02:54:45 UTC 2018: Starting linking
Wed May 16 02:54:45 UTC 2018: No link for: hudson.model.BuildStatusSummaryTest-testBuildGotNoTests
Wed May 16 02:54:45 UTC 2018: None match not added in database because it already exists
Wed May 16 02:54:45 UTC 2018: No link for: hudson.model.BuildStatusSummaryTest-testSuccess
Wed May 16 02:54:46 UTC 2018: None match not added in database because it already exists
Wed May 16 02:54:46 UTC 2018: No link for: hudson.model.BuildStatusSummaryTest-testFixed
Wed May 16 02:54:46 UTC 2018: None match not added in database because it already exists
Wed May 16 02:54:46 UTC 2018: No link for: hudson.model.BuildStatusSummaryTest-testBecameFailure
Wed May 16 02:54:46 UTC 2018: None match not added in database because it already exists
Wed May 16 02:54:46 UTC 2018: No link for: hudson.model.BuildStatusSummaryTest-testUnstableAfterFailure
Wed May 16 02:54:46 UTC 2018: None match not added in database because it already exists
Wed May 16 02:54:46 UTC 2018: No link for: hudson.model.BuildStatusSummaryTest-testBuildGotMoreFailingTests
Wed May 16 02:54:47 UTC 2018: None match not added in database because it already exists
Wed May 16 02:54:47 UTC 2018: No link for: hudson.model.BuildStatusSummaryTest-testBuildGotLessFailingTests
Wed May 16 02:54:47 UTC 2018: None match not added in database because it already exists
Wed May 16 02:54:47 UTC 2018: No link for: hudson.model.BuildStatusSummaryTest-testNotBuilt
Wed May 16 02:54:47 UTC 2018: None match not added in database because it already exists
Wed May 16 02:54:47 UTC 2018: No link for: hudson.model.BuildStatusSummaryTest-testNonTestRelatedBecameUnstable
Wed May 16 02:54:48 UTC 2018: None match not added in database because it already exists
Wed May 16 02:54:48 UTC 2018: No link for: hudson.model.BuildStatusSummaryTest-testFailure
Wed May 16 02:54:48 UTC 2018: None match not added in database because it already exists
Wed May 16 02:54:48 UTC 2018: No link for: hudson.model.BuildStatusSummaryTest-testBecameUnstable
Wed May 16 02:54:48 UTC 2018: None match not added in database because it already exists
Wed May 16 02:54:48 UTC 2018: No link for: hudson.model.BuildStatusSummaryTest-testNonTestRelatedUnstable
Wed May 16 02:54:49 UTC 2018: None match not added in database because it already exists
Wed May 16 02:54:49 UTC 2018: No link for: hudson.model.BuildStatusSummaryTest-testFailureSince
Wed May 16 02:54:49 UTC 2018: None match not added in database because it already exists
Wed May 16 02:54:49 UTC 2018: No link for: hudson.model.BuildStatusSummaryTest-testBuildEqualAmountOfTestsFailing
Wed May 16 02:54:49 UTC 2018: None match not added in database because it already exists
Wed May 16 02:54:49 UTC 2018: No link for: hudson.model.BuildStatusSummaryTest-testBuildGotAFailingTest
Wed May 16 02:54:49 UTC 2018: None match not added in database because it already exists
Wed May 16 02:54:49 UTC 2018: No link for: hudson.model.BuildStatusSummaryTest-testAborted
Wed May 16 02:54:50 UTC 2018: None match not added in database because it already exists
Wed May 16 02:54:50 UTC 2018: No link for: hudson.model.BuildStatusSummaryTest-testStatusUnknownIfRunIsStillBuilding
Wed May 16 02:54:50 UTC 2018: None match not added in database because it already exists
Wed May 16 02:54:50 UTC 2018: Linking done for ktan2020__jenkins-1.507 test class hudson.model.BuildStatusSummaryTest
Wed May 16 02:54:50 UTC 2018: Found element on the queue
Wed May 16 02:54:50 UTC 2018: Updating status
Wed May 16 02:54:50 UTC 2018: Working
Wed May 16 02:54:53 UTC 2018: Start ktan2020__jenkins-1.507 test class hudson.model.TaskActionTest
Wed May 16 02:54:53 UTC 2018: Setting lastTestMethodIndex: 58274
Wed May 16 02:54:53 UTC 2018: Starting linking
Wed May 16 02:54:53 UTC 2018: Linking done for ktan2020__jenkins-1.507 test class hudson.model.TaskActionTest
Wed May 16 02:54:53 UTC 2018: Found element on the queue
Wed May 16 02:54:53 UTC 2018: Updating status
Wed May 16 02:54:53 UTC 2018: Working
Wed May 16 02:54:56 UTC 2018: Start ktan2020__jenkins-1.507 test class hudson.markup.MyspacePolicyTest
Wed May 16 02:54:56 UTC 2018: Setting lastTestMethodIndex: 58275
Wed May 16 02:54:56 UTC 2018: Starting linking
Wed May 16 02:54:56 UTC 2018: No link for: hudson.markup.MyspacePolicyTest-testPolicy
Wed May 16 02:54:56 UTC 2018: Linking done for ktan2020__jenkins-1.507 test class hudson.markup.MyspacePolicyTest
Wed May 16 02:54:57 UTC 2018: Found element on the queue
Wed May 16 02:54:57 UTC 2018: Updating status
Wed May 16 02:54:57 UTC 2018: Working
Wed May 16 02:54:59 UTC 2018: Start ktan2020__jenkins-1.507 test class hudson.ProxyConfigurationTest
Wed May 16 02:54:59 UTC 2018: Setting lastTestMethodIndex: 58278
Wed May 16 02:54:59 UTC 2018: Starting linking
Wed May 16 02:54:59 UTC 2018: Linking done for ktan2020__jenkins-1.507 test class hudson.ProxyConfigurationTest
Wed May 16 02:55:00 UTC 2018: Found element on the queue
Wed May 16 02:55:00 UTC 2018: Updating status
Wed May 16 02:55:00 UTC 2018: Working
Wed May 16 02:55:02 UTC 2018: Start ktan2020__jenkins-1.507 test class hudson.BulkChangeTest
Wed May 16 02:55:02 UTC 2018: Setting lastTestMethodIndex: 58279
Wed May 16 02:55:02 UTC 2018: Starting linking
Wed May 16 02:55:02 UTC 2018: Linking done for ktan2020__jenkins-1.507 test class hudson.BulkChangeTest
Wed May 16 02:55:02 UTC 2018: Found element on the queue
Wed May 16 02:55:02 UTC 2018: Updating status
Wed May 16 02:55:02 UTC 2018: Working
Wed May 16 02:55:05 UTC 2018: Start ktan2020__jenkins-1.507 test class hudson.util.CopyOnWriteMapTest
Wed May 16 02:55:05 UTC 2018: Setting lastTestMethodIndex: 58282
Wed May 16 02:55:05 UTC 2018: Starting linking
Wed May 16 02:55:05 UTC 2018: Linking done for ktan2020__jenkins-1.507 test class hudson.util.CopyOnWriteMapTest
Wed May 16 02:55:05 UTC 2018: Found element on the queue
Wed May 16 02:55:05 UTC 2018: Updating status
Wed May 16 02:55:05 UTC 2018: Working
Wed May 16 02:55:08 UTC 2018: Start ktan2020__jenkins-1.507 test class hudson.util.CyclicGraphDetectorTest
Wed May 16 02:55:08 UTC 2018: Setting lastTestMethodIndex: 58285
Wed May 16 02:55:08 UTC 2018: Starting linking
Wed May 16 02:55:08 UTC 2018: Linking done for ktan2020__jenkins-1.507 test class hudson.util.CyclicGraphDetectorTest
Wed May 16 02:55:08 UTC 2018: Found element on the queue
Wed May 16 02:55:08 UTC 2018: Updating status
Wed May 16 02:55:08 UTC 2018: Working
Wed May 16 02:55:11 UTC 2018: Start ktan2020__jenkins-1.507 test class hudson.util.ArgumentListBuilderTest
Wed May 16 02:55:11 UTC 2018: Setting lastTestMethodIndex: 58288
Wed May 16 02:55:11 UTC 2018: Starting linking
Wed May 16 02:55:11 UTC 2018: No link for: hudson.util.ArgumentListBuilderTest-assertMaskOnClone
Wed May 16 02:55:11 UTC 2018: No link for: hudson.util.ArgumentListBuilderTest-assertKeyValuePairsWithMask
Wed May 16 02:55:12 UTC 2018: No link for: hudson.util.ArgumentListBuilderTest-testToWindowsCommand
Wed May 16 02:55:12 UTC 2018: No link for: hudson.util.ArgumentListBuilderTest-assertLastArgumentIsMasked
Wed May 16 02:55:12 UTC 2018: No link for: hudson.util.ArgumentListBuilderTest-assertEmptyMask
Wed May 16 02:55:13 UTC 2018: No link for: hudson.util.ArgumentListBuilderTest-assertPrependBeforeAddingMasked
Wed May 16 02:55:13 UTC 2018: No link for: hudson.util.ArgumentListBuilderTest-assertSeveralMaskedArguments
Wed May 16 02:55:13 UTC 2018: No link for: hudson.util.ArgumentListBuilderTest-assertPrependAfterAddingMasked
Wed May 16 02:55:13 UTC 2018: No link for: hudson.util.ArgumentListBuilderTest-assertKeyValuePairs
Wed May 16 02:55:14 UTC 2018: Linking done for ktan2020__jenkins-1.507 test class hudson.util.ArgumentListBuilderTest
Wed May 16 02:55:14 UTC 2018: Found element on the queue
Wed May 16 02:55:14 UTC 2018: Updating status
Wed May 16 02:55:14 UTC 2018: Working
Wed May 16 02:55:17 UTC 2018: Start ktan2020__jenkins-1.507 test class hudson.util.SubClassGeneratorTest
Wed May 16 02:55:17 UTC 2018: Setting lastTestMethodIndex: 58290
Wed May 16 02:55:17 UTC 2018: Starting linking
Wed May 16 02:55:17 UTC 2018: Linking done for ktan2020__jenkins-1.507 test class hudson.util.SubClassGeneratorTest
Wed May 16 02:55:17 UTC 2018: Found element on the queue
Wed May 16 02:55:17 UTC 2018: Updating status
Wed May 16 02:55:17 UTC 2018: Working
Wed May 16 02:55:20 UTC 2018: Start ktan2020__jenkins-1.507 test class hudson.util.FormValidationTest
Wed May 16 02:55:20 UTC 2018: Setting lastTestMethodIndex: 58293
Wed May 16 02:55:20 UTC 2018: Starting linking
Wed May 16 02:55:20 UTC 2018: Linking done for ktan2020__jenkins-1.507 test class hudson.util.FormValidationTest
Wed May 16 02:55:20 UTC 2018: Found element on the queue
Wed May 16 02:55:20 UTC 2018: Updating status
Wed May 16 02:55:20 UTC 2018: Working
Wed May 16 02:55:23 UTC 2018: Start ktan2020__jenkins-1.507 test class hudson.util.CopyOnWriteListTest
Wed May 16 02:55:23 UTC 2018: Setting lastTestMethodIndex: 58295
Wed May 16 02:55:23 UTC 2018: Starting linking
Wed May 16 02:55:23 UTC 2018: Linking done for ktan2020__jenkins-1.507 test class hudson.util.CopyOnWriteListTest
Wed May 16 02:55:23 UTC 2018: Found element on the queue
Wed May 16 02:55:23 UTC 2018: Updating status
Wed May 16 02:55:23 UTC 2018: Working
Wed May 16 02:55:26 UTC 2018: Start ktan2020__jenkins-1.507 test class hudson.util.io.ZipArchiverTest
Wed May 16 02:55:26 UTC 2018: Setting lastTestMethodIndex: 58298
Wed May 16 02:55:26 UTC 2018: Starting linking
Wed May 16 02:55:26 UTC 2018: Linking done for ktan2020__jenkins-1.507 test class hudson.util.io.ZipArchiverTest
Wed May 16 02:55:26 UTC 2018: Found element on the queue
Wed May 16 02:55:26 UTC 2018: Updating status
Wed May 16 02:55:26 UTC 2018: Working
Wed May 16 02:55:28 UTC 2018: Start ktan2020__jenkins-1.507 test class hudson.util.io.ReopenableRotatingFileOutputStreamTest
Wed May 16 02:55:28 UTC 2018: Setting lastTestMethodIndex: 58300
Wed May 16 02:55:28 UTC 2018: Starting linking
Wed May 16 02:55:28 UTC 2018: Linking done for ktan2020__jenkins-1.507 test class hudson.util.io.ReopenableRotatingFileOutputStreamTest
Wed May 16 02:55:29 UTC 2018: Found element on the queue
Wed May 16 02:55:29 UTC 2018: Updating status
Wed May 16 02:55:29 UTC 2018: Working
Wed May 16 02:55:32 UTC 2018: Start ktan2020__jenkins-1.507 test class hudson.util.XStream2EncodingTest
Wed May 16 02:55:32 UTC 2018: Setting lastTestMethodIndex: 58302
Wed May 16 02:55:32 UTC 2018: Starting linking
Wed May 16 02:55:32 UTC 2018: Code found hudson.util.XStream2-toXMLUTF8 with hudson.util.XStream2EncodingTest-toXMLUTF8
Wed May 16 02:55:32 UTC 2018: Match not added in database because it already exists
Wed May 16 02:55:32 UTC 2018: Code found hudson.util.XStream2-toXML with hudson.util.XStream2EncodingTest-toXMLUnspecifiedEncoding
Wed May 16 02:55:32 UTC 2018: Match not added in database because it already exists
Wed May 16 02:55:32 UTC 2018: Linking done for ktan2020__jenkins-1.507 test class hudson.util.XStream2EncodingTest
Wed May 16 02:55:33 UTC 2018: Found element on the queue
Wed May 16 02:55:33 UTC 2018: Updating status
Wed May 16 02:55:33 UTC 2018: Working
Wed May 16 02:55:35 UTC 2018: Start ktan2020__jenkins-1.507 test class hudson.util.IteratorsTest
Wed May 16 02:55:35 UTC 2018: Setting lastTestMethodIndex: 58306
Wed May 16 02:55:35 UTC 2018: Starting linking
Wed May 16 02:55:35 UTC 2018: Linking done for ktan2020__jenkins-1.507 test class hudson.util.IteratorsTest
Wed May 16 02:55:36 UTC 2018: Found element on the queue
Wed May 16 02:55:36 UTC 2018: Updating status
Wed May 16 02:55:36 UTC 2018: Working
Wed May 16 02:55:38 UTC 2018: Start ktan2020__jenkins-1.507 test class hudson.util.DirScannerTest
Wed May 16 02:55:38 UTC 2018: Setting lastTestMethodIndex: 58308
Wed May 16 02:55:38 UTC 2018: Starting linking
Wed May 16 02:55:38 UTC 2018: Linking done for ktan2020__jenkins-1.507 test class hudson.util.DirScannerTest
Wed May 16 02:55:38 UTC 2018: Found element on the queue
Wed May 16 02:55:38 UTC 2018: Updating status
Wed May 16 02:55:38 UTC 2018: Working
Wed May 16 02:55:41 UTC 2018: Start ktan2020__jenkins-1.507 test class hudson.util.LineEndNormalizingWriterTest
Wed May 16 02:55:41 UTC 2018: Setting lastTestMethodIndex: 58310
Wed May 16 02:55:41 UTC 2018: Starting linking
Wed May 16 02:55:41 UTC 2018: Linking done for ktan2020__jenkins-1.507 test class hudson.util.LineEndNormalizingWriterTest
Wed May 16 02:55:42 UTC 2018: Found element on the queue
Wed May 16 02:55:42 UTC 2018: Updating status
Wed May 16 02:55:42 UTC 2018: Working
Wed May 16 02:55:44 UTC 2018: Start ktan2020__jenkins-1.507 test class hudson.util.ProcessTreeTest
Wed May 16 02:55:44 UTC 2018: Setting lastTestMethodIndex: 58312
Wed May 16 02:55:44 UTC 2018: Starting linking
Wed May 16 02:55:44 UTC 2018: Linking done for ktan2020__jenkins-1.507 test class hudson.util.ProcessTreeTest
Wed May 16 02:55:45 UTC 2018: Found element on the queue
Wed May 16 02:55:45 UTC 2018: Updating status
Wed May 16 02:55:45 UTC 2018: Working
Wed May 16 02:55:47 UTC 2018: Start ktan2020__jenkins-1.507 test class hudson.EnvVarsTest
Wed May 16 02:55:47 UTC 2018: Setting lastTestMethodIndex: 58315
Wed May 16 02:55:47 UTC 2018: Starting linking
Wed May 16 02:55:47 UTC 2018: Linking done for ktan2020__jenkins-1.507 test class hudson.EnvVarsTest
Wed May 16 02:55:47 UTC 2018: Found element on the queue
Wed May 16 02:55:47 UTC 2018: Updating status
Wed May 16 02:55:47 UTC 2018: Working
Wed May 16 02:55:50 UTC 2018: Start ktan2020__jenkins-1.507 test class jenkins.ResilientJsonObjectTest
Wed May 16 02:55:50 UTC 2018: Setting lastTestMethodIndex: 58317
Wed May 16 02:55:50 UTC 2018: Starting linking
Wed May 16 02:55:50 UTC 2018: Linking done for ktan2020__jenkins-1.507 test class jenkins.ResilientJsonObjectTest
Wed May 16 02:55:50 UTC 2018: Found element on the queue
Wed May 16 02:55:50 UTC 2018: Updating status
Wed May 16 02:55:50 UTC 2018: Working
Wed May 16 02:55:53 UTC 2018: Start ktan2020__jenkins-1.507 test class jenkins.model.lazy.AbstractLazyLoadRunMapTest
Wed May 16 02:55:53 UTC 2018: Setting lastTestMethodIndex: 58319
Wed May 16 02:55:53 UTC 2018: Starting linking
Wed May 16 02:55:53 UTC 2018: No link for: jenkins.model.lazy.AbstractLazyLoadRunMapTest-fastSubMap
Wed May 16 02:55:53 UTC 2018: No link for: jenkins.model.lazy.AbstractLazyLoadRunMapTest-search
Wed May 16 02:55:53 UTC 2018: None match not added in database because it already exists
Wed May 16 02:55:53 UTC 2018: No link for: jenkins.model.lazy.AbstractLazyLoadRunMapTest-eagerLoading
Wed May 16 02:55:54 UTC 2018: No link for: jenkins.model.lazy.AbstractLazyLoadRunMapTest-bogusCache2
Wed May 16 02:55:54 UTC 2018: No link for: jenkins.model.lazy.AbstractLazyLoadRunMapTest-fastLookup
Wed May 16 02:55:54 UTC 2018: No link for: jenkins.model.lazy.AbstractLazyLoadRunMapTest-bogusCache
Wed May 16 02:55:55 UTC 2018: No link for: jenkins.model.lazy.AbstractLazyLoadRunMapTest-lastKey
Wed May 16 02:55:55 UTC 2018: None match not added in database because it already exists
Wed May 16 02:55:55 UTC 2018: No link for: jenkins.model.lazy.AbstractLazyLoadRunMapTest-lookupWithBogusKeyType
Wed May 16 02:55:55 UTC 2018: None match not added in database because it already exists
Wed May 16 02:55:55 UTC 2018: No link for: jenkins.model.lazy.AbstractLazyLoadRunMapTest-lookup
Wed May 16 02:55:56 UTC 2018: No link for: jenkins.model.lazy.AbstractLazyLoadRunMapTest-fastSearch
Wed May 16 02:55:56 UTC 2018: No link for: jenkins.model.lazy.AbstractLazyLoadRunMapTest-indexOutOfBounds
Wed May 16 02:55:56 UTC 2018: No link for: jenkins.model.lazy.AbstractLazyLoadRunMapTest-lookup2
Wed May 16 02:55:57 UTC 2018: None match not added in database because it already exists
Wed May 16 02:55:57 UTC 2018: No link for: jenkins.model.lazy.AbstractLazyLoadRunMapTest-incompleteCache
Wed May 16 02:55:57 UTC 2018: No link for: jenkins.model.lazy.AbstractLazyLoadRunMapTest-identity
Wed May 16 02:55:57 UTC 2018: None match not added in database because it already exists
Wed May 16 02:55:57 UTC 2018: No link for: jenkins.model.lazy.AbstractLazyLoadRunMapTest-idempotentLookup
Wed May 16 02:55:58 UTC 2018: No link for: jenkins.model.lazy.AbstractLazyLoadRunMapTest-bogusCacheAndHiddenRealData
Wed May 16 02:55:58 UTC 2018: No link for: jenkins.model.lazy.AbstractLazyLoadRunMapTest-unloadableData
Wed May 16 02:55:58 UTC 2018: No link for: jenkins.model.lazy.AbstractLazyLoadRunMapTest-firstKey
Wed May 16 02:55:59 UTC 2018: None match not added in database because it already exists
Wed May 16 02:55:59 UTC 2018: Linking done for ktan2020__jenkins-1.507 test class jenkins.model.lazy.AbstractLazyLoadRunMapTest
Wed May 16 02:55:59 UTC 2018: Found element on the queue
Wed May 16 02:55:59 UTC 2018: Updating status
Wed May 16 02:55:59 UTC 2018: Working
Wed May 16 02:56:02 UTC 2018: Start ktan2020__jenkins-1.507 test class jenkins.model.lazy.SortedListTest
Wed May 16 02:56:02 UTC 2018: Setting lastTestMethodIndex: 58323
Wed May 16 02:56:02 UTC 2018: Starting linking
Wed May 16 02:56:02 UTC 2018: No link for: jenkins.model.lazy.SortedListTest-testFloor
Wed May 16 02:56:02 UTC 2018: None match not added in database because it already exists
Wed May 16 02:56:02 UTC 2018: No link for: jenkins.model.lazy.SortedListTest-remove
Wed May 16 02:56:02 UTC 2018: None match not added in database because it already exists
Wed May 16 02:56:02 UTC 2018: No link for: jenkins.model.lazy.SortedListTest-testCeil
Wed May 16 02:56:03 UTC 2018: None match not added in database because it already exists
Wed May 16 02:56:03 UTC 2018: No link for: jenkins.model.lazy.SortedListTest-testRange
Wed May 16 02:56:03 UTC 2018: None match not added in database because it already exists
Wed May 16 02:56:03 UTC 2018: No link for: jenkins.model.lazy.SortedListTest-testClone
Wed May 16 02:56:03 UTC 2018: None match not added in database because it already exists
Wed May 16 02:56:03 UTC 2018: No link for: jenkins.model.lazy.SortedListTest-testHigher
Wed May 16 02:56:03 UTC 2018: None match not added in database because it already exists
Wed May 16 02:56:03 UTC 2018: No link for: jenkins.model.lazy.SortedListTest-testLower
Wed May 16 02:56:04 UTC 2018: None match not added in database because it already exists
Wed May 16 02:56:04 UTC 2018: Linking done for ktan2020__jenkins-1.507 test class jenkins.model.lazy.SortedListTest
Wed May 16 02:56:04 UTC 2018: Found element on the queue
Wed May 16 02:56:04 UTC 2018: Updating status
Wed May 16 02:56:04 UTC 2018: Working
Wed May 16 02:56:07 UTC 2018: Start ktan2020__jenkins-1.507 test class jenkins.util.MarkFindingOutputStreamTest
Wed May 16 02:56:07 UTC 2018: Setting lastTestMethodIndex: 58327
Wed May 16 02:56:07 UTC 2018: Starting linking
Wed May 16 02:56:07 UTC 2018: Linking done for ktan2020__jenkins-1.507 test class jenkins.util.MarkFindingOutputStreamTest
