Wed May 16 04:36:43 UTC 2018: Database:jdbc:mysql://localhost:3306/unittests
Wed May 16 04:36:43 UTC 2018: Starting
Wed May 16 04:36:43 UTC 2018: Found element on the queue
Wed May 16 04:36:43 UTC 2018: Updating status
Wed May 16 04:36:43 UTC 2018: Working
Wed May 16 04:36:43 UTC 2018: Create project parser
Wed May 16 04:36:53 UTC 2018: Create slicer
Wed May 16 04:36:58 UTC 2018: Create call graph
Wed May 16 04:37:09 UTC 2018: Create point analysis
Wed May 16 04:37:09 UTC 2018: Create call graph done
Wed May 16 04:37:09 UTC 2018: Start luiscoronel__JUnit2 test class org.junit.runners.model.FrameworkMethodTest
Wed May 16 04:37:09 UTC 2018: Setting lastTestMethodIndex: 61849
Wed May 16 04:37:09 UTC 2018: Starting linking
Wed May 16 04:37:09 UTC 2018: Code found org.junit.runners.model.FrameworkMethod-toString with org.junit.runners.model.FrameworkMethodTest-hasToStringWhichPrintsMethodName
Wed May 16 04:37:09 UTC 2018: Match not added in database because it already exists
Wed May 16 04:37:09 UTC 2018: No link for: org.junit.runners.model.FrameworkMethodTest-presentAnnotationIsAvailable
Wed May 16 04:37:10 UTC 2018: None match not added in database because it already exists
Wed May 16 04:37:10 UTC 2018: No link for: org.junit.runners.model.FrameworkMethodTest-missingAnnotationIsNotAvailable
Wed May 16 04:37:10 UTC 2018: None match not added in database because it already exists
Wed May 16 04:37:10 UTC 2018: No link for: org.junit.runners.model.FrameworkMethodTest-cannotBeCreatedWithoutUnderlyingField
Wed May 16 04:37:10 UTC 2018: None match not added in database because it already exists
Wed May 16 04:37:10 UTC 2018: Linking done for luiscoronel__JUnit2 test class org.junit.runners.model.FrameworkMethodTest
Wed May 16 04:37:11 UTC 2018: Found element on the queue
Wed May 16 04:37:11 UTC 2018: Updating status
Wed May 16 04:37:11 UTC 2018: Working
Wed May 16 04:37:13 UTC 2018: Start luiscoronel__JUnit2 test class org.junit.tests.junit3compatibility.JUnit4TestAdapterTest
Wed May 16 04:37:13 UTC 2018: Setting lastTestMethodIndex: 61851
Wed May 16 04:37:13 UTC 2018: Starting linking
Wed May 16 04:37:13 UTC 2018: Linking done for luiscoronel__JUnit2 test class org.junit.tests.junit3compatibility.JUnit4TestAdapterTest
Wed May 16 04:37:14 UTC 2018: Found element on the queue
Wed May 16 04:37:14 UTC 2018: Updating status
Wed May 16 04:37:14 UTC 2018: Working
Wed May 16 04:37:16 UTC 2018: Start luiscoronel__JUnit2 test class org.junit.tests.junit3compatibility.OldTestClassAdaptingListenerTest
Wed May 16 04:37:16 UTC 2018: Setting lastTestMethodIndex: 61853
Wed May 16 04:37:16 UTC 2018: Starting linking
Wed May 16 04:37:16 UTC 2018: Code found org.junit.internal.runners.JUnit38ClassRunner$OldTestClassAdaptingListener-addFailure with org.junit.tests.junit3compatibility.OldTestClassAdaptingListenerTest-addFailureDelegatesToNotifier
Wed May 16 04:37:16 UTC 2018: Match not added in database because it already exists
Wed May 16 04:37:16 UTC 2018: Linking done for luiscoronel__JUnit2 test class org.junit.tests.junit3compatibility.OldTestClassAdaptingListenerTest
Wed May 16 04:37:17 UTC 2018: Found element on the queue
Wed May 16 04:37:17 UTC 2018: Updating status
Wed May 16 04:37:17 UTC 2018: Working
Wed May 16 04:37:19 UTC 2018: Start luiscoronel__JUnit2 test class org.junit.runners.model.InvalidTestClassErrorTest
Wed May 16 04:37:19 UTC 2018: Setting lastTestMethodIndex: 61854
Wed May 16 04:37:19 UTC 2018: Starting linking
Wed May 16 04:37:19 UTC 2018: No link for: org.junit.runners.model.InvalidTestClassErrorTest-invalidTestClassErrorShouldListAllValidationErrorsInItsMessage
Wed May 16 04:37:20 UTC 2018: None match not added in database because it already exists
Wed May 16 04:37:20 UTC 2018: Linking done for luiscoronel__JUnit2 test class org.junit.runners.model.InvalidTestClassErrorTest
Wed May 16 04:37:20 UTC 2018: Found element on the queue
Wed May 16 04:37:20 UTC 2018: Updating status
Wed May 16 04:37:20 UTC 2018: Working
Wed May 16 04:37:22 UTC 2018: Start luiscoronel__JUnit2 test class junit.tests.framework.TestCaseTest
Wed May 16 04:37:22 UTC 2018: Setting lastTestMethodIndex: 61856
Wed May 16 04:37:22 UTC 2018: Starting linking
Wed May 16 04:37:22 UTC 2018: Linking done for luiscoronel__JUnit2 test class junit.tests.framework.TestCaseTest
Wed May 16 04:37:23 UTC 2018: Found element on the queue
Wed May 16 04:37:23 UTC 2018: Updating status
Wed May 16 04:37:23 UTC 2018: Working
Wed May 16 04:37:25 UTC 2018: Start luiscoronel__JUnit2 test class junit.tests.framework.SuiteTest
Wed May 16 04:37:25 UTC 2018: Setting lastTestMethodIndex: 61857
Wed May 16 04:37:25 UTC 2018: Starting linking
Wed May 16 04:37:25 UTC 2018: Linking done for luiscoronel__JUnit2 test class junit.tests.framework.SuiteTest
Wed May 16 04:37:26 UTC 2018: Found element on the queue
Wed May 16 04:37:26 UTC 2018: Updating status
Wed May 16 04:37:26 UTC 2018: Working
Wed May 16 04:37:28 UTC 2018: Start luiscoronel__JUnit2 test class org.junit.runners.model.TestClassTest
Wed May 16 04:37:28 UTC 2018: Setting lastTestMethodIndex: 61859
Wed May 16 04:37:28 UTC 2018: Starting linking
Wed May 16 04:37:28 UTC 2018: Linking done for luiscoronel__JUnit2 test class org.junit.runners.model.TestClassTest
Wed May 16 04:37:29 UTC 2018: Found element on the queue
Wed May 16 04:37:29 UTC 2018: Updating status
Wed May 16 04:37:29 UTC 2018: Working
Wed May 16 04:37:31 UTC 2018: Start luiscoronel__JUnit2 test class org.junit.runners.parameterized.BlockJUnit4ClassRunnerWithParametersTest
Wed May 16 04:37:31 UTC 2018: Setting lastTestMethodIndex: 61861
Wed May 16 04:37:31 UTC 2018: Starting linking
Wed May 16 04:37:31 UTC 2018: Linking done for luiscoronel__JUnit2 test class org.junit.runners.parameterized.BlockJUnit4ClassRunnerWithParametersTest
Wed May 16 04:37:31 UTC 2018: Found element on the queue
Wed May 16 04:37:31 UTC 2018: Updating status
Wed May 16 04:37:31 UTC 2018: Working
Wed May 16 04:37:34 UTC 2018: Start luiscoronel__JUnit2 test class org.junit.runners.parameterized.ParameterizedNamesTest
Wed May 16 04:37:34 UTC 2018: Setting lastTestMethodIndex: 61862
Wed May 16 04:37:34 UTC 2018: Starting linking
Wed May 16 04:37:34 UTC 2018: Linking done for luiscoronel__JUnit2 test class org.junit.runners.parameterized.ParameterizedNamesTest
Wed May 16 04:37:34 UTC 2018: Found element on the queue
Wed May 16 04:37:34 UTC 2018: Updating status
Wed May 16 04:37:34 UTC 2018: Working
Wed May 16 04:37:37 UTC 2018: Start luiscoronel__JUnit2 test class junit.tests.framework.TestListenerTest
Wed May 16 04:37:37 UTC 2018: Setting lastTestMethodIndex: 61864
Wed May 16 04:37:37 UTC 2018: Starting linking
Wed May 16 04:37:37 UTC 2018: Linking done for luiscoronel__JUnit2 test class junit.tests.framework.TestListenerTest
Wed May 16 04:37:37 UTC 2018: Found element on the queue
Wed May 16 04:37:37 UTC 2018: Updating status
Wed May 16 04:37:37 UTC 2018: Working
Wed May 16 04:37:39 UTC 2018: Start luiscoronel__JUnit2 test class junit.tests.framework.AssertionFailedErrorTest
Wed May 16 04:37:39 UTC 2018: Setting lastTestMethodIndex: 61865
Wed May 16 04:37:39 UTC 2018: Starting linking
Wed May 16 04:37:39 UTC 2018: Linking done for luiscoronel__JUnit2 test class junit.tests.framework.AssertionFailedErrorTest
Wed May 16 04:37:40 UTC 2018: Found element on the queue
Wed May 16 04:37:40 UTC 2018: Updating status
Wed May 16 04:37:40 UTC 2018: Working
Wed May 16 04:37:42 UTC 2018: Start luiscoronel__JUnit2 test class org.junit.runners.parameterized.TestWithParametersTest
Wed May 16 04:37:42 UTC 2018: Setting lastTestMethodIndex: 61867
Wed May 16 04:37:42 UTC 2018: Starting linking
Wed May 16 04:37:42 UTC 2018: Code found org.junit.runners.parameterized.TestWithParameters-toString with org.junit.runners.parameterized.TestWithParametersTest-hasMeaningfulToString
Wed May 16 04:37:42 UTC 2018: Match not added in database because it already exists
Wed May 16 04:37:42 UTC 2018: Code found org.junit.runners.parameterized.TestWithParameters-hashCode with org.junit.runners.parameterized.TestWithParametersTest-hasSameHashCodeAsEqualTest
Wed May 16 04:37:43 UTC 2018: Match not added in database because it already exists
Wed May 16 04:37:43 UTC 2018: No link for: org.junit.runners.parameterized.TestWithParametersTest-isNotEqualToTestWithDifferentName
Wed May 16 04:37:43 UTC 2018: None match not added in database because it already exists
Wed May 16 04:37:43 UTC 2018: No link for: org.junit.runners.parameterized.TestWithParametersTest-cannotBeCreatedWithoutAName
Wed May 16 04:37:43 UTC 2018: None match not added in database because it already exists
Wed May 16 04:37:43 UTC 2018: No link for: org.junit.runners.parameterized.TestWithParametersTest-cannotBeCreatedWithoutParameters
Wed May 16 04:37:44 UTC 2018: None match not added in database because it already exists
Wed May 16 04:37:44 UTC 2018: No link for: org.junit.runners.parameterized.TestWithParametersTest-isNotEqualToTestWithDifferentParameters
Wed May 16 04:37:44 UTC 2018: None match not added in database because it already exists
Wed May 16 04:37:44 UTC 2018: No link for: org.junit.runners.parameterized.TestWithParametersTest-cannotBeCreatedWithoutTestClass
Wed May 16 04:37:44 UTC 2018: None match not added in database because it already exists
Wed May 16 04:37:44 UTC 2018: No link for: org.junit.runners.parameterized.TestWithParametersTest-isEqualToTestWithSameNameAndTestClassAndParameters
Wed May 16 04:37:45 UTC 2018: None match not added in database because it already exists
Wed May 16 04:37:45 UTC 2018: No link for: org.junit.runners.parameterized.TestWithParametersTest-doesNotConsiderParametersWhichChangedAfterTestInstantiation
Wed May 16 04:37:45 UTC 2018: None match not added in database because it already exists
Wed May 16 04:37:45 UTC 2018: No link for: org.junit.runners.parameterized.TestWithParametersTest-doesNotAllowToModifyProvidedParameters
Wed May 16 04:37:45 UTC 2018: None match not added in database because it already exists
Wed May 16 04:37:45 UTC 2018: No link for: org.junit.runners.parameterized.TestWithParametersTest-isNotEqualToTestWithDifferentTestClass
Wed May 16 04:37:46 UTC 2018: None match not added in database because it already exists
Wed May 16 04:37:46 UTC 2018: No link for: org.junit.runners.parameterized.TestWithParametersTest-isNotEqualToObjectWithDifferentClass
Wed May 16 04:37:46 UTC 2018: None match not added in database because it already exists
Wed May 16 04:37:46 UTC 2018: Linking done for luiscoronel__JUnit2 test class org.junit.runners.parameterized.TestWithParametersTest
Wed May 16 04:37:46 UTC 2018: Found element on the queue
Wed May 16 04:37:46 UTC 2018: Updating status
Wed May 16 04:37:46 UTC 2018: Working
Wed May 16 04:37:49 UTC 2018: Start luiscoronel__JUnit2 test class junit.tests.framework.AssertTest
Wed May 16 04:37:49 UTC 2018: Setting lastTestMethodIndex: 61870
Wed May 16 04:37:49 UTC 2018: Starting linking
Wed May 16 04:37:49 UTC 2018: Linking done for luiscoronel__JUnit2 test class junit.tests.framework.AssertTest
Wed May 16 04:37:49 UTC 2018: Found element on the queue
Wed May 16 04:37:49 UTC 2018: Updating status
Wed May 16 04:37:49 UTC 2018: Working
Wed May 16 04:37:51 UTC 2018: Start luiscoronel__JUnit2 test class junit.tests.framework.TestImplementorTest
Wed May 16 04:37:51 UTC 2018: Setting lastTestMethodIndex: 61871
Wed May 16 04:37:51 UTC 2018: Starting linking
Wed May 16 04:37:51 UTC 2018: Linking done for luiscoronel__JUnit2 test class junit.tests.framework.TestImplementorTest
Wed May 16 04:37:52 UTC 2018: Found element on the queue
Wed May 16 04:37:52 UTC 2018: Updating status
Wed May 16 04:37:52 UTC 2018: Working
Wed May 16 04:37:54 UTC 2018: Start luiscoronel__JUnit2 test class org.junit.runners.CustomBlockJUnit4ClassRunnerTest
Wed May 16 04:37:54 UTC 2018: Setting lastTestMethodIndex: 61873
Wed May 16 04:37:54 UTC 2018: Starting linking
Wed May 16 04:37:54 UTC 2018: No link for: org.junit.runners.CustomBlockJUnit4ClassRunnerTest-exceptionsFromMethodBlockMustNotResultInUnrootedTests
Wed May 16 04:37:55 UTC 2018: None match not added in database because it already exists
Wed May 16 04:37:55 UTC 2018: No link for: org.junit.runners.CustomBlockJUnit4ClassRunnerTest-shouldPass
Wed May 16 04:37:55 UTC 2018: No link for: org.junit.runners.CustomBlockJUnit4ClassRunnerTest-throwException
Wed May 16 04:37:55 UTC 2018: Linking done for luiscoronel__JUnit2 test class org.junit.runners.CustomBlockJUnit4ClassRunnerTest
Wed May 16 04:37:56 UTC 2018: Found element on the queue
Wed May 16 04:37:56 UTC 2018: Updating status
Wed May 16 04:37:56 UTC 2018: Working
Wed May 16 04:37:58 UTC 2018: Start luiscoronel__JUnit2 test class junit.tests.framework.NoArgTestCaseTest
Wed May 16 04:37:58 UTC 2018: Setting lastTestMethodIndex: 61875
Wed May 16 04:37:58 UTC 2018: Starting linking
Wed May 16 04:37:58 UTC 2018: Linking done for luiscoronel__JUnit2 test class junit.tests.framework.NoArgTestCaseTest
Wed May 16 04:37:59 UTC 2018: Found element on the queue
Wed May 16 04:37:59 UTC 2018: Updating status
Wed May 16 04:37:59 UTC 2018: Working
Wed May 16 04:38:01 UTC 2018: Start luiscoronel__JUnit2 test class junit.tests.framework.ComparisonCompactorTest
Wed May 16 04:38:01 UTC 2018: Setting lastTestMethodIndex: 61877
Wed May 16 04:38:01 UTC 2018: Starting linking
Wed May 16 04:38:01 UTC 2018: Linking done for luiscoronel__JUnit2 test class junit.tests.framework.ComparisonCompactorTest
Wed May 16 04:38:01 UTC 2018: Found element on the queue
Wed May 16 04:38:01 UTC 2018: Updating status
Wed May 16 04:38:01 UTC 2018: Working
Wed May 16 04:38:04 UTC 2018: Start luiscoronel__JUnit2 test class org.junit.runner.notification.ConcurrentRunNotifierTest
Wed May 16 04:38:04 UTC 2018: Setting lastTestMethodIndex: 61878
Wed May 16 04:38:04 UTC 2018: Starting linking
Wed May 16 04:38:04 UTC 2018: Linking done for luiscoronel__JUnit2 test class org.junit.runner.notification.ConcurrentRunNotifierTest
Wed May 16 04:38:04 UTC 2018: Found element on the queue
Wed May 16 04:38:04 UTC 2018: Updating status
Wed May 16 04:38:04 UTC 2018: Working
Wed May 16 04:38:07 UTC 2018: Start luiscoronel__JUnit2 test class junit.tests.framework.ComparisonFailureTest
Wed May 16 04:38:07 UTC 2018: Setting lastTestMethodIndex: 61879
Wed May 16 04:38:07 UTC 2018: Starting linking
Wed May 16 04:38:07 UTC 2018: Linking done for luiscoronel__JUnit2 test class junit.tests.framework.ComparisonFailureTest
Wed May 16 04:38:07 UTC 2018: Found element on the queue
Wed May 16 04:38:07 UTC 2018: Updating status
Wed May 16 04:38:07 UTC 2018: Working
Wed May 16 04:38:10 UTC 2018: Start luiscoronel__JUnit2 test class org.junit.runner.notification.RunNotifierTest
Wed May 16 04:38:10 UTC 2018: Setting lastTestMethodIndex: 61881
Wed May 16 04:38:10 UTC 2018: Starting linking
Wed May 16 04:38:10 UTC 2018: Code found org.junit.runner.notification.RunNotifier-wrapIfNotThreadSafe with org.junit.runner.notification.RunNotifierTest-wrapIfNotThreadSafeShouldNotWrapThreadSafeListeners
Wed May 16 04:38:10 UTC 2018: Code found org.junit.runner.notification.RunNotifier-wrapIfNotThreadSafe with org.junit.runner.notification.RunNotifierTest-wrapIfNotThreadSafeShouldWrapNonThreadSafeListeners
Wed May 16 04:38:10 UTC 2018: No link for: org.junit.runner.notification.RunNotifierTest-notifiesSecondListenerIfFirstThrowsException
Wed May 16 04:38:11 UTC 2018: None match not added in database because it already exists
Wed May 16 04:38:11 UTC 2018: No link for: org.junit.runner.notification.RunNotifierTest-addAndRemoveWithNonThreadSafeListener
Wed May 16 04:38:11 UTC 2018: No link for: org.junit.runner.notification.RunNotifierTest-addAndRemoveWithThreadSafeListener
Wed May 16 04:38:11 UTC 2018: No link for: org.junit.runner.notification.RunNotifierTest-addFirstAndRemoveWithNonThreadSafeListener
Wed May 16 04:38:12 UTC 2018: No link for: org.junit.runner.notification.RunNotifierTest-addFirstAndRemoveWithThreadSafeListener
Wed May 16 04:38:12 UTC 2018: No link for: org.junit.runner.notification.RunNotifierTest-hasNoProblemsWithFailingListeners
Wed May 16 04:38:12 UTC 2018: None match not added in database because it already exists
Wed May 16 04:38:12 UTC 2018: Linking done for luiscoronel__JUnit2 test class org.junit.runner.notification.RunNotifierTest
Wed May 16 04:38:13 UTC 2018: Found element on the queue
Wed May 16 04:38:13 UTC 2018: Updating status
Wed May 16 04:38:13 UTC 2018: Working
Wed May 16 04:38:15 UTC 2018: Start luiscoronel__JUnit2 test class junit.tests.framework.DoublePrecisionAssertTest
Wed May 16 04:38:15 UTC 2018: Setting lastTestMethodIndex: 61883
Wed May 16 04:38:15 UTC 2018: Starting linking
Wed May 16 04:38:15 UTC 2018: Linking done for luiscoronel__JUnit2 test class junit.tests.framework.DoublePrecisionAssertTest
Wed May 16 04:38:16 UTC 2018: Found element on the queue
Wed May 16 04:38:16 UTC 2018: Updating status
Wed May 16 04:38:16 UTC 2018: Working
Wed May 16 04:38:18 UTC 2018: Start luiscoronel__JUnit2 test class org.junit.runner.notification.SynchronizedRunListenerTest
Wed May 16 04:38:18 UTC 2018: Setting lastTestMethodIndex: 61884
Wed May 16 04:38:18 UTC 2018: Starting linking
Wed May 16 04:38:18 UTC 2018: Linking done for luiscoronel__JUnit2 test class org.junit.runner.notification.SynchronizedRunListenerTest
Wed May 16 04:38:18 UTC 2018: Found element on the queue
Wed May 16 04:38:18 UTC 2018: Updating status
Wed May 16 04:38:18 UTC 2018: Working
Wed May 16 04:38:21 UTC 2018: Start luiscoronel__JUnit2 test class junit.tests.framework.FloatAssertTest
Wed May 16 04:38:21 UTC 2018: Setting lastTestMethodIndex: 61886
Wed May 16 04:38:21 UTC 2018: Starting linking
Wed May 16 04:38:21 UTC 2018: Linking done for luiscoronel__JUnit2 test class junit.tests.framework.FloatAssertTest
Wed May 16 04:38:21 UTC 2018: Found element on the queue
Wed May 16 04:38:21 UTC 2018: Updating status
Wed May 16 04:38:21 UTC 2018: Working
Wed May 16 04:38:24 UTC 2018: Start luiscoronel__JUnit2 test class junit.tests.runner.StackFilterTest
Wed May 16 04:38:24 UTC 2018: Setting lastTestMethodIndex: 61887
Wed May 16 04:38:24 UTC 2018: Starting linking
Wed May 16 04:38:24 UTC 2018: Linking done for luiscoronel__JUnit2 test class junit.tests.runner.StackFilterTest
Wed May 16 04:38:24 UTC 2018: Found element on the queue
Wed May 16 04:38:24 UTC 2018: Updating status
Wed May 16 04:38:24 UTC 2018: Working
Wed May 16 04:38:26 UTC 2018: Start luiscoronel__JUnit2 test class junit.tests.runner.ResultTest
Wed May 16 04:38:26 UTC 2018: Setting lastTestMethodIndex: 61889
Wed May 16 04:38:26 UTC 2018: Starting linking
Wed May 16 04:38:26 UTC 2018: Linking done for luiscoronel__JUnit2 test class junit.tests.runner.ResultTest
Wed May 16 04:38:27 UTC 2018: Found element on the queue
Wed May 16 04:38:27 UTC 2018: Updating status
Wed May 16 04:38:27 UTC 2018: Working
Wed May 16 04:38:29 UTC 2018: Start luiscoronel__JUnit2 test class org.junit.runner.FilterFactoriesTest
Wed May 16 04:38:29 UTC 2018: Setting lastTestMethodIndex: 61890
Wed May 16 04:38:29 UTC 2018: Starting linking
Wed May 16 04:38:29 UTC 2018: Code found org.junit.runner.FilterFactories-createFilter with org.junit.runner.FilterFactoriesTest-shouldCreateFilter
Wed May 16 04:38:29 UTC 2018: Match not added in database because it already exists
Wed May 16 04:38:29 UTC 2018: No link for: org.junit.runner.FilterFactoriesTest-shouldThrowExceptionIfNotFilterFactory
Wed May 16 04:38:30 UTC 2018: None match not added in database because it already exists
Wed May 16 04:38:30 UTC 2018: No link for: org.junit.runner.FilterFactoriesTest-shouldPassOnDescriptionToFilterFactory
Wed May 16 04:38:30 UTC 2018: None match not added in database because it already exists
Wed May 16 04:38:30 UTC 2018: No link for: org.junit.runner.FilterFactoriesTest-passes
Wed May 16 04:38:30 UTC 2018: No link for: org.junit.runner.FilterFactoriesTest-shouldCreateFilterWithArguments
Wed May 16 04:38:31 UTC 2018: None match not added in database because it already exists
Wed May 16 04:38:31 UTC 2018: No link for: org.junit.runner.FilterFactoriesTest-shouldThrowExceptionIfNotInstantiable
Wed May 16 04:38:31 UTC 2018: None match not added in database because it already exists
Wed May 16 04:38:31 UTC 2018: No link for: org.junit.runner.FilterFactoriesTest-shouldCreateFilterWithNoArguments
Wed May 16 04:38:31 UTC 2018: None match not added in database because it already exists
Wed May 16 04:38:31 UTC 2018: Linking done for luiscoronel__JUnit2 test class org.junit.runner.FilterFactoriesTest
Wed May 16 04:38:32 UTC 2018: Found element on the queue
Wed May 16 04:38:32 UTC 2018: Updating status
Wed May 16 04:38:32 UTC 2018: Working
Wed May 16 04:38:34 UTC 2018: Start luiscoronel__JUnit2 test class junit.tests.runner.BaseTestRunnerTest
Wed May 16 04:38:34 UTC 2018: Setting lastTestMethodIndex: 61893
Wed May 16 04:38:34 UTC 2018: Starting linking
Wed May 16 04:38:34 UTC 2018: Linking done for luiscoronel__JUnit2 test class junit.tests.runner.BaseTestRunnerTest
Wed May 16 04:38:34 UTC 2018: Found element on the queue
Wed May 16 04:38:34 UTC 2018: Updating status
Wed May 16 04:38:34 UTC 2018: Working
Wed May 16 04:38:37 UTC 2018: Start luiscoronel__JUnit2 test class junit.tests.runner.TextFeedbackTest
Wed May 16 04:38:37 UTC 2018: Setting lastTestMethodIndex: 61894
Wed May 16 04:38:37 UTC 2018: Starting linking
Wed May 16 04:38:37 UTC 2018: Linking done for luiscoronel__JUnit2 test class junit.tests.runner.TextFeedbackTest
Wed May 16 04:38:37 UTC 2018: Found element on the queue
Wed May 16 04:38:37 UTC 2018: Updating status
Wed May 16 04:38:37 UTC 2018: Working
Wed May 16 04:38:40 UTC 2018: Start luiscoronel__JUnit2 test class org.junit.runner.FilterOptionIntegrationTest
Wed May 16 04:38:40 UTC 2018: Setting lastTestMethodIndex: 61896
Wed May 16 04:38:40 UTC 2018: Starting linking
Wed May 16 04:38:40 UTC 2018: No link for: org.junit.runner.FilterOptionIntegrationTest-shouldIncludeSomeTests
Wed May 16 04:38:40 UTC 2018: None match not added in database because it already exists
Wed May 16 04:38:40 UTC 2018: No link for: org.junit.runner.FilterOptionIntegrationTest-shouldExcludeSomeTests
Wed May 16 04:38:40 UTC 2018: None match not added in database because it already exists
Wed May 16 04:38:40 UTC 2018: No link for: org.junit.runner.FilterOptionIntegrationTest-dummyTest
Wed May 16 04:38:41 UTC 2018: No link for: org.junit.runner.FilterOptionIntegrationTest-shouldCombineFilters
Wed May 16 04:38:41 UTC 2018: None match not added in database because it already exists
Wed May 16 04:38:41 UTC 2018: No link for: org.junit.runner.FilterOptionIntegrationTest-shouldRunAllTests
Wed May 16 04:38:41 UTC 2018: None match not added in database because it already exists
Wed May 16 04:38:41 UTC 2018: Linking done for luiscoronel__JUnit2 test class org.junit.runner.FilterOptionIntegrationTest
Wed May 16 04:38:42 UTC 2018: Found element on the queue
Wed May 16 04:38:42 UTC 2018: Updating status
Wed May 16 04:38:42 UTC 2018: Working
Wed May 16 04:38:44 UTC 2018: Start luiscoronel__JUnit2 test class junit.tests.runner.TextRunnerSingleMethodTest
Wed May 16 04:38:44 UTC 2018: Setting lastTestMethodIndex: 61898
Wed May 16 04:38:44 UTC 2018: Starting linking
Wed May 16 04:38:44 UTC 2018: Linking done for luiscoronel__JUnit2 test class junit.tests.runner.TextRunnerSingleMethodTest
Wed May 16 04:38:45 UTC 2018: Found element on the queue
Wed May 16 04:38:45 UTC 2018: Updating status
Wed May 16 04:38:45 UTC 2018: Working
Wed May 16 04:38:47 UTC 2018: Start luiscoronel__JUnit2 test class org.junit.runner.JUnitCommandLineParseResultTest
Wed May 16 04:38:47 UTC 2018: Setting lastTestMethodIndex: 61900
Wed May 16 04:38:47 UTC 2018: Starting linking
Wed May 16 04:38:47 UTC 2018: No link for: org.junit.runner.JUnitCommandLineParseResultTest-shouldStopParsingOptionsUponDoubleHyphenArg
Wed May 16 04:38:48 UTC 2018: None match not added in database because it already exists
Wed May 16 04:38:48 UTC 2018: No link for: org.junit.runner.JUnitCommandLineParseResultTest-shouldStopParsingOptionsUponNonOption
Wed May 16 04:38:48 UTC 2018: None match not added in database because it already exists
Wed May 16 04:38:48 UTC 2018: No link for: org.junit.runner.JUnitCommandLineParseResultTest-shouldCreateFailureUponUncreatedFilter
Wed May 16 04:38:48 UTC 2018: None match not added in database because it already exists
Wed May 16 04:38:48 UTC 2018: No link for: org.junit.runner.JUnitCommandLineParseResultTest-shouldCreateFailureUponUnknownTestClass
Wed May 16 04:38:49 UTC 2018: None match not added in database because it already exists
Wed May 16 04:38:49 UTC 2018: No link for: org.junit.runner.JUnitCommandLineParseResultTest-shouldCreateFailureUponUnfoundFilterFactory
Wed May 16 04:38:49 UTC 2018: None match not added in database because it already exists
Wed May 16 04:38:49 UTC 2018: No link for: org.junit.runner.JUnitCommandLineParseResultTest-shouldCreateFailureUponUnknownOption
Wed May 16 04:38:49 UTC 2018: None match not added in database because it already exists
Wed May 16 04:38:49 UTC 2018: No link for: org.junit.runner.JUnitCommandLineParseResultTest-shouldCreateFailureUponBaldFilterOptionNotFollowedByValue
Wed May 16 04:38:49 UTC 2018: None match not added in database because it already exists
Wed May 16 04:38:49 UTC 2018: No link for: org.junit.runner.JUnitCommandLineParseResultTest-dummyTest
Wed May 16 04:38:50 UTC 2018: No link for: org.junit.runner.JUnitCommandLineParseResultTest-shouldParseFilterArgWithEqualsSyntax
Wed May 16 04:38:50 UTC 2018: None match not added in database because it already exists
Wed May 16 04:38:50 UTC 2018: No link for: org.junit.runner.JUnitCommandLineParseResultTest-shouldParseFilterArgInWhichValueIsASeparateArg
Wed May 16 04:38:50 UTC 2018: None match not added in database because it already exists
Wed May 16 04:38:50 UTC 2018: No link for: org.junit.runner.JUnitCommandLineParseResultTest-shouldAddToClasses
Wed May 16 04:38:51 UTC 2018: None match not added in database because it already exists
Wed May 16 04:38:51 UTC 2018: Linking done for luiscoronel__JUnit2 test class org.junit.runner.JUnitCommandLineParseResultTest
Wed May 16 04:38:51 UTC 2018: Found element on the queue
Wed May 16 04:38:51 UTC 2018: Updating status
Wed May 16 04:38:51 UTC 2018: Working
Wed May 16 04:38:54 UTC 2018: Start luiscoronel__JUnit2 test class org.junit.tests.assertion.AssertionTest
Wed May 16 04:38:54 UTC 2018: Setting lastTestMethodIndex: 61903
Wed May 16 04:38:54 UTC 2018: Starting linking
Wed May 16 04:38:54 UTC 2018: Code found org.junit.Assert-fail with org.junit.tests.assertion.AssertionTest-fails
Wed May 16 04:38:54 UTC 2018: Match not added in database because it already exists
Wed May 16 04:38:54 UTC 2018: Code found org.junit.Assert-assertNotEquals with org.junit.tests.assertion.AssertionTest-assertNotEqualsIgnoresDeltaOnNaN
Wed May 16 04:38:54 UTC 2018: Code found org.junit.Assert-assertThat with org.junit.tests.assertion.AssertionTest-assertThatIncludesAdvancedMismatch
Wed May 16 04:38:55 UTC 2018: Match not added in database because it already exists
Wed May 16 04:38:55 UTC 2018: Code found org.junit.Assert-expectThrows with org.junit.tests.assertion.AssertionTest-expectThrowsDetectsTypeMismatchesViaExplicitTypeHint
Wed May 16 04:38:55 UTC 2018: Code found org.junit.Assert-assertNotEquals with org.junit.tests.assertion.AssertionTest-assertNotEqualsConsidersDeltaCorrectly
Wed May 16 04:38:55 UTC 2018: Code found org.junit.Assert-expectThrows with org.junit.tests.assertion.AssertionTest-expectThrowsUsesCanonicalNameWhenRequiredExceptionNotThrown
Wed May 16 04:38:56 UTC 2018: Code found org.junit.Assert-expectThrows with org.junit.tests.assertion.AssertionTest-expectThrowsUsesCanonicalNameUponTypeMismatch
Wed May 16 04:38:56 UTC 2018: Code found org.junit.Assert-assertEquals with org.junit.tests.assertion.AssertionTest-nullMessageDisappearsWithAssertEquals
Wed May 16 04:38:56 UTC 2018: Match not added in database because it already exists
Wed May 16 04:38:56 UTC 2018: Code found org.junit.Assert-assertNotEquals with org.junit.tests.assertion.AssertionTest-assertNotEqualsWorksWithPrimitiveTypes
Wed May 16 04:38:56 UTC 2018: Code found org.junit.Assert-assertNotEquals with org.junit.tests.assertion.AssertionTest-assertNotEqualsIgnoresFloatDeltaOnNaN
Wed May 16 04:38:57 UTC 2018: Code found org.junit.Assert-expectThrows with org.junit.tests.assertion.AssertionTest-expectThrowsUsesNameUponTypeMismatchWithAnonymousClass
Wed May 16 04:38:57 UTC 2018: Code found org.junit.Assert-assertNotEquals with org.junit.tests.assertion.AssertionTest-assertNotEqualsConsidersFloatDeltaCorrectly
Wed May 16 04:38:57 UTC 2018: Code found org.junit.Assert-expectThrows with org.junit.tests.assertion.AssertionTest-expectThrowsWrapsAndPropagatesUnexpectedExceptions
Wed May 16 04:38:58 UTC 2018: Code found org.junit.Assert-expectThrows with org.junit.tests.assertion.AssertionTest-expectThrowsSuppliesACoherentErrorMessageUponTypeMismatch
Wed May 16 04:38:58 UTC 2018: Code found org.junit.Assert-assertNotEquals with org.junit.tests.assertion.AssertionTest-assertNotEqualsIncludesCorrectMessage
Wed May 16 04:38:58 UTC 2018: Code found org.junit.Assert-assertThat with org.junit.tests.assertion.AssertionTest-assertThatIncludesDescriptionOfTestedValueInErrorMessage
Wed May 16 04:38:59 UTC 2018: Match not added in database because it already exists
Wed May 16 04:38:59 UTC 2018: Code found org.junit.Assert-fail with org.junit.tests.assertion.AssertionTest-failWithNoMessageToString
Wed May 16 04:38:59 UTC 2018: Match not added in database because it already exists
Wed May 16 04:38:59 UTC 2018: Code found org.junit.Assert-assertThat with org.junit.tests.assertion.AssertionTest-assertThatDescriptionCanBeElided
Wed May 16 04:38:59 UTC 2018: Match not added in database because it already exists
Wed May 16 04:38:59 UTC 2018: Code found org.junit.Assert-fail with org.junit.tests.assertion.AssertionTest-failWithMessageToString
Wed May 16 04:39:00 UTC 2018: Match not added in database because it already exists
Wed May 16 04:39:00 UTC 2018: Code found org.junit.Assert-expectThrows with org.junit.tests.assertion.AssertionTest-expectThrowsRequiresAnExceptionToBeThrown
Wed May 16 04:39:00 UTC 2018: Code found org.junit.Assert-expectThrows with org.junit.tests.assertion.AssertionTest-expectThrowsIncludesAnInformativeDefaultMessage
Wed May 16 04:39:00 UTC 2018: Code found org.junit.Assert-expectThrows with org.junit.tests.assertion.AssertionTest-expectThrowsReturnsTheSameObjectThrown
Wed May 16 04:39:01 UTC 2018: Code found org.junit.Assert-assertEquals with org.junit.tests.assertion.AssertionTest-nullMessageDisappearsWithStringAssertEquals
Wed May 16 04:39:01 UTC 2018: Match not added in database because it already exists
Wed May 16 04:39:01 UTC 2018: Code found org.junit.Assert-assertNotEquals with org.junit.tests.assertion.AssertionTest-assertNotEqualsIncludesTheValueBeingTested
Wed May 16 04:39:01 UTC 2018: No link for: org.junit.tests.assertion.AssertionTest-twoDimensionalArraysConvertedToStringCorrectly
Wed May 16 04:39:01 UTC 2018: None match not added in database because it already exists
Wed May 16 04:39:01 UTC 2018: No link for: org.junit.tests.assertion.AssertionTest-objectsAreSame
Wed May 16 04:39:02 UTC 2018: None match not added in database because it already exists
Wed May 16 04:39:02 UTC 2018: No link for: org.junit.tests.assertion.AssertionTest-multiDimensionalArraysAreNotEqual
Wed May 16 04:39:02 UTC 2018: None match not added in database because it already exists
Wed May 16 04:39:02 UTC 2018: No link for: org.junit.tests.assertion.AssertionTest-charsNotEqual
Wed May 16 04:39:02 UTC 2018: None match not added in database because it already exists
Wed May 16 04:39:02 UTC 2018: No link for: org.junit.tests.assertion.AssertionTest-arraysElementsDiffer
Wed May 16 04:39:03 UTC 2018: None match not added in database because it already exists
Wed May 16 04:39:03 UTC 2018: No link for: org.junit.tests.assertion.AssertionTest-nullAndStringNullPrintCorrectError
Wed May 16 04:39:03 UTC 2018: None match not added in database because it already exists
Wed May 16 04:39:03 UTC 2018: No link for: org.junit.tests.assertion.AssertionTest-sameObjectIsNotEqual
Wed May 16 04:39:03 UTC 2018: No link for: org.junit.tests.assertion.AssertionTest-bytesNotEqual
Wed May 16 04:39:04 UTC 2018: None match not added in database because it already exists
Wed May 16 04:39:04 UTC 2018: No link for: org.junit.tests.assertion.AssertionTest-arraysDifferentLengthDifferingAtStartMessage
Wed May 16 04:39:04 UTC 2018: None match not added in database because it already exists
Wed May 16 04:39:04 UTC 2018: No link for: org.junit.tests.assertion.AssertionTest-notSameWithMessage
Wed May 16 04:39:04 UTC 2018: None match not added in database because it already exists
Wed May 16 04:39:04 UTC 2018: No link for: org.junit.tests.assertion.AssertionTest-nullNullmessage
Wed May 16 04:39:05 UTC 2018: None match not added in database because it already exists
Wed May 16 04:39:05 UTC 2018: No link for: org.junit.tests.assertion.AssertionTest-notEqualsObjectWithNull
Wed May 16 04:39:05 UTC 2018: None match not added in database because it already exists
Wed May 16 04:39:05 UTC 2018: No link for: org.junit.tests.assertion.AssertionTest-multiDimensionalArraysDeclaredAsOneDimensionalAreEqual
Wed May 16 04:39:05 UTC 2018: None match not added in database because it already exists
Wed May 16 04:39:05 UTC 2018: No link for: org.junit.tests.assertion.AssertionTest-intsEqualLongs
Wed May 16 04:39:05 UTC 2018: None match not added in database because it already exists
Wed May 16 04:39:05 UTC 2018: No link for: org.junit.tests.assertion.AssertionTest-objectsWithDiferentReferencesAreNotEqual
Wed May 16 04:39:06 UTC 2018: No link for: org.junit.tests.assertion.AssertionTest-twoDimensionalArraysDifferentInnerLengthNotEqual
Wed May 16 04:39:06 UTC 2018: None match not added in database because it already exists
Wed May 16 04:39:06 UTC 2018: No link for: org.junit.tests.assertion.AssertionTest-compareBigDecimalAndInteger
Wed May 16 04:39:06 UTC 2018: No link for: org.junit.tests.assertion.AssertionTest-arraysDifferAtElement0nullMessage
Wed May 16 04:39:07 UTC 2018: None match not added in database because it already exists
Wed May 16 04:39:07 UTC 2018: No link for: org.junit.tests.assertion.AssertionTest-doublesNotEqual
Wed May 16 04:39:07 UTC 2018: None match not added in database because it already exists
Wed May 16 04:39:07 UTC 2018: No link for: org.junit.tests.assertion.AssertionTest-arraysNotEqualWithMessage
Wed May 16 04:39:07 UTC 2018: None match not added in database because it already exists
Wed May 16 04:39:07 UTC 2018: No link for: org.junit.tests.assertion.AssertionTest-arraysDifferentLengthDifferingAtEndAndExpectedArrayLongerMessage
Wed May 16 04:39:08 UTC 2018: None match not added in database because it already exists
Wed May 16 04:39:08 UTC 2018: No link for: org.junit.tests.assertion.AssertionTest-objectsNotEquals
Wed May 16 04:39:08 UTC 2018: None match not added in database because it already exists
Wed May 16 04:39:08 UTC 2018: No link for: org.junit.tests.assertion.AssertionTest-multiDimensionalArraysDifferentLengthNoMessage
Wed May 16 04:39:08 UTC 2018: None match not added in database because it already exists
Wed May 16 04:39:08 UTC 2018: No link for: org.junit.tests.assertion.AssertionTest-objectsNotSame
Wed May 16 04:39:09 UTC 2018: None match not added in database because it already exists
Wed May 16 04:39:09 UTC 2018: No link for: org.junit.tests.assertion.AssertionTest-booleansNotEqual
Wed May 16 04:39:09 UTC 2018: None match not added in database because it already exists
Wed May 16 04:39:09 UTC 2018: No link for: org.junit.tests.assertion.AssertionTest-floatsNotDoublesInArrays
Wed May 16 04:39:09 UTC 2018: None match not added in database because it already exists
Wed May 16 04:39:09 UTC 2018: No link for: org.junit.tests.assertion.AssertionTest-shortsNotEqual
Wed May 16 04:39:10 UTC 2018: None match not added in database because it already exists
Wed May 16 04:39:10 UTC 2018: No link for: org.junit.tests.assertion.AssertionTest-stringNullAndNullWorksToo
Wed May 16 04:39:10 UTC 2018: None match not added in database because it already exists
Wed May 16 04:39:10 UTC 2018: No link for: org.junit.tests.assertion.AssertionTest-arraysEqual
Wed May 16 04:39:10 UTC 2018: None match not added in database because it already exists
Wed May 16 04:39:10 UTC 2018: No link for: org.junit.tests.assertion.AssertionTest-notEqualsObjectWithNullWithMessage
Wed May 16 04:39:10 UTC 2018: None match not added in database because it already exists
Wed May 16 04:39:10 UTC 2018: No link for: org.junit.tests.assertion.AssertionTest-nullMessage
Wed May 16 04:39:11 UTC 2018: None match not added in database because it already exists
Wed May 16 04:39:11 UTC 2018: No link for: org.junit.tests.assertion.AssertionTest-nullWithMessage
Wed May 16 04:39:11 UTC 2018: None match not added in database because it already exists
Wed May 16 04:39:11 UTC 2018: No link for: org.junit.tests.assertion.AssertionTest-naNsAreEqual
Wed May 16 04:39:11 UTC 2018: None match not added in database because it already exists
Wed May 16 04:39:11 UTC 2018: No link for: org.junit.tests.assertion.AssertionTest-arraysDifferAtElement0withMessage
Wed May 16 04:39:12 UTC 2018: None match not added in database because it already exists
Wed May 16 04:39:12 UTC 2018: No link for: org.junit.tests.assertion.AssertionTest-bigDecimalsNotEqual
Wed May 16 04:39:12 UTC 2018: None match not added in database because it already exists
Wed May 16 04:39:12 UTC 2018: No link for: org.junit.tests.assertion.AssertionTest-notEqualsNullWithObjectWithMessage
Wed May 16 04:39:12 UTC 2018: None match not added in database because it already exists
Wed May 16 04:39:12 UTC 2018: No link for: org.junit.tests.assertion.AssertionTest-arraysDifferAtElement1nullMessage
Wed May 16 04:39:13 UTC 2018: None match not added in database because it already exists
Wed May 16 04:39:13 UTC 2018: No link for: org.junit.tests.assertion.AssertionTest-multiDimensionalIntArraysAreEqual
Wed May 16 04:39:13 UTC 2018: None match not added in database because it already exists
Wed May 16 04:39:13 UTC 2018: No link for: org.junit.tests.assertion.AssertionTest-notSame
Wed May 16 04:39:13 UTC 2018: None match not added in database because it already exists
Wed May 16 04:39:13 UTC 2018: No link for: org.junit.tests.assertion.AssertionTest-oneDimensionalBooleanArraysAreNotEqual
Wed May 16 04:39:14 UTC 2018: None match not added in database because it already exists
Wed May 16 04:39:14 UTC 2018: No link for: org.junit.tests.assertion.AssertionTest-arraysActualNullMessage
Wed May 16 04:39:14 UTC 2018: None match not added in database because it already exists
Wed May 16 04:39:14 UTC 2018: No link for: org.junit.tests.assertion.AssertionTest-arraysWithNullElementEqual
Wed May 16 04:39:14 UTC 2018: None match not added in database because it already exists
Wed May 16 04:39:14 UTC 2018: No link for: org.junit.tests.assertion.AssertionTest-intsNotEqual
Wed May 16 04:39:14 UTC 2018: None match not added in database because it already exists
Wed May 16 04:39:14 UTC 2018: No link for: org.junit.tests.assertion.AssertionTest-oneDimensionalFloatArraysAreNotEqual
Wed May 16 04:39:15 UTC 2018: None match not added in database because it already exists
Wed May 16 04:39:15 UTC 2018: No link for: org.junit.tests.assertion.AssertionTest-sameNullMessage
Wed May 16 04:39:15 UTC 2018: None match not added in database because it already exists
Wed May 16 04:39:15 UTC 2018: No link for: org.junit.tests.assertion.AssertionTest-stringsDifferWithUserMessage
Wed May 16 04:39:15 UTC 2018: None match not added in database because it already exists
Wed May 16 04:39:15 UTC 2018: No link for: org.junit.tests.assertion.AssertionTest-arraysDeclaredAsObjectAreComparedAsObjects
Wed May 16 04:39:16 UTC 2018: None match not added in database because it already exists
Wed May 16 04:39:16 UTC 2018: No link for: org.junit.tests.assertion.AssertionTest-oneDimensionalPrimitiveArraysAreEqual
Wed May 16 04:39:16 UTC 2018: None match not added in database because it already exists
Wed May 16 04:39:16 UTC 2018: No link for: org.junit.tests.assertion.AssertionTest-stringsNotEqual
Wed May 16 04:39:16 UTC 2018: None match not added in database because it already exists
Wed May 16 04:39:16 UTC 2018: No link for: org.junit.tests.assertion.AssertionTest-nullToString
Wed May 16 04:39:17 UTC 2018: No link for: org.junit.tests.assertion.AssertionTest-arraysNotEqual
Wed May 16 04:39:17 UTC 2018: None match not added in database because it already exists
Wed May 16 04:39:17 UTC 2018: No link for: org.junit.tests.assertion.AssertionTest-longsNotEqual
Wed May 16 04:39:17 UTC 2018: None match not added in database because it already exists
Wed May 16 04:39:17 UTC 2018: No link for: org.junit.tests.assertion.AssertionTest-arraysDifferentLengthDifferingAtEndMessage
Wed May 16 04:39:17 UTC 2018: None match not added in database because it already exists
Wed May 16 04:39:17 UTC 2018: No link for: org.junit.tests.assertion.AssertionTest-sameWithMessage
Wed May 16 04:39:18 UTC 2018: None match not added in database because it already exists
Wed May 16 04:39:18 UTC 2018: No link for: org.junit.tests.assertion.AssertionTest-notSameNullMessage
Wed May 16 04:39:18 UTC 2018: None match not added in database because it already exists
Wed May 16 04:39:18 UTC 2018: No link for: org.junit.tests.assertion.AssertionTest-notEqualsNullWithObject
Wed May 16 04:39:18 UTC 2018: None match not added in database because it already exists
Wed May 16 04:39:18 UTC 2018: No link for: org.junit.tests.assertion.AssertionTest-primitiveArraysConvertedToStringCorrectly
Wed May 16 04:39:19 UTC 2018: None match not added in database because it already exists
Wed May 16 04:39:19 UTC 2018: No link for: org.junit.tests.assertion.AssertionTest-multiDimensionalArraysAreNotEqualNoMessage
Wed May 16 04:39:19 UTC 2018: None match not added in database because it already exists
Wed May 16 04:39:19 UTC 2018: No link for: org.junit.tests.assertion.AssertionTest-arraysExpectedNullMessage
Wed May 16 04:39:19 UTC 2018: None match not added in database because it already exists
Wed May 16 04:39:19 UTC 2018: No link for: org.junit.tests.assertion.AssertionTest-arraysEqualWithMessage
Wed May 16 04:39:20 UTC 2018: None match not added in database because it already exists
Wed May 16 04:39:20 UTC 2018: No link for: org.junit.tests.assertion.AssertionTest-equals
Wed May 16 04:39:20 UTC 2018: None match not added in database because it already exists
Wed May 16 04:39:20 UTC 2018: No link for: org.junit.tests.assertion.AssertionTest-IntegerDoesNotEqualLong
Wed May 16 04:39:20 UTC 2018: None match not added in database because it already exists
Wed May 16 04:39:20 UTC 2018: No link for: org.junit.tests.assertion.AssertionTest-arraysDifferAtElement1withMessage
Wed May 16 04:39:21 UTC 2018: None match not added in database because it already exists
Wed May 16 04:39:21 UTC 2018: No link for: org.junit.tests.assertion.AssertionTest-implicitTypecastEquality
Wed May 16 04:39:21 UTC 2018: None match not added in database because it already exists
Wed May 16 04:39:21 UTC 2018: No link for: org.junit.tests.assertion.AssertionTest-floatsNotEqualWithoutDelta
Wed May 16 04:39:21 UTC 2018: None match not added in database because it already exists
Wed May 16 04:39:21 UTC 2018: No link for: org.junit.tests.assertion.AssertionTest-multiDimensionalArraysAreEqual
Wed May 16 04:39:22 UTC 2018: None match not added in database because it already exists
Wed May 16 04:39:22 UTC 2018: No link for: org.junit.tests.assertion.AssertionTest-multiDimensionalArraysDifferentLengthMessage
Wed May 16 04:39:22 UTC 2018: None match not added in database because it already exists
Wed May 16 04:39:22 UTC 2018: No link for: org.junit.tests.assertion.AssertionTest-oneDimensionalDoubleArraysAreNotEqual
Wed May 16 04:39:22 UTC 2018: None match not added in database because it already exists
Wed May 16 04:39:22 UTC 2018: No link for: org.junit.tests.assertion.AssertionTest-floatsNotEqual
Wed May 16 04:39:22 UTC 2018: None match not added in database because it already exists
Wed May 16 04:39:22 UTC 2018: No link for: org.junit.tests.assertion.AssertionTest-same
Wed May 16 04:39:23 UTC 2018: None match not added in database because it already exists
Wed May 16 04:39:23 UTC 2018: No link for: org.junit.tests.assertion.AssertionTest-errorMessageDistinguishesDifferentValuesWithSameToString
Wed May 16 04:39:23 UTC 2018: None match not added in database because it already exists
Wed May 16 04:39:23 UTC 2018: No link for: org.junit.tests.assertion.AssertionTest-twoDimensionalArraysDifferentOuterLengthNotEqual
Wed May 16 04:39:23 UTC 2018: None match not added in database because it already exists
Wed May 16 04:39:23 UTC 2018: Linking done for luiscoronel__JUnit2 test class org.junit.tests.assertion.AssertionTest
Wed May 16 04:39:24 UTC 2018: Found element on the queue
Wed May 16 04:39:24 UTC 2018: Updating status
Wed May 16 04:39:24 UTC 2018: Working
Wed May 16 04:39:26 UTC 2018: Start luiscoronel__JUnit2 test class junit.tests.runner.TextRunnerTest
Wed May 16 04:39:26 UTC 2018: Setting lastTestMethodIndex: 61911
Wed May 16 04:39:26 UTC 2018: Starting linking
Wed May 16 04:39:26 UTC 2018: Linking done for luiscoronel__JUnit2 test class junit.tests.runner.TextRunnerTest
Wed May 16 04:39:27 UTC 2018: Found element on the queue
Wed May 16 04:39:27 UTC 2018: Updating status
Wed May 16 04:39:27 UTC 2018: Working
Wed May 16 04:39:29 UTC 2018: Start luiscoronel__JUnit2 test class org.junit.tests.assertion.ComparisonFailureTest
Wed May 16 04:39:29 UTC 2018: Setting lastTestMethodIndex: 61913
Wed May 16 04:39:29 UTC 2018: Starting linking
Wed May 16 04:39:29 UTC 2018: No link for: org.junit.tests.assertion.ComparisonFailureTest-compactFailureMessage
Wed May 16 04:39:29 UTC 2018: None match not added in database because it already exists
Wed May 16 04:39:29 UTC 2018: Linking done for luiscoronel__JUnit2 test class org.junit.tests.assertion.ComparisonFailureTest
Wed May 16 04:39:30 UTC 2018: Found element on the queue
Wed May 16 04:39:30 UTC 2018: Updating status
Wed May 16 04:39:30 UTC 2018: Working
Wed May 16 04:39:32 UTC 2018: Start luiscoronel__JUnit2 test class org.junit.tests.assertion.MultipleFailureExceptionTest
Wed May 16 04:39:32 UTC 2018: Setting lastTestMethodIndex: 61914
Wed May 16 04:39:32 UTC 2018: Starting linking
Wed May 16 04:39:32 UTC 2018: Code found org.junit.runners.model.MultipleFailureException-assertEmpty with org.junit.tests.assertion.MultipleFailureExceptionTest-assertEmptyThrowsMultipleFailureExceptionForManyThrowables
Wed May 16 04:39:32 UTC 2018: Match not added in database because it already exists
Wed May 16 04:39:32 UTC 2018: Code found org.junit.runners.model.MultipleFailureException-assertEmpty with org.junit.tests.assertion.MultipleFailureExceptionTest-assertEmptyRethrowsSingleError
Wed May 16 04:39:33 UTC 2018: Match not added in database because it already exists
Wed May 16 04:39:33 UTC 2018: Code found org.junit.runners.model.MultipleFailureException-assertEmpty with org.junit.tests.assertion.MultipleFailureExceptionTest-assertEmptyDoesNotThrowForEmptyList
Wed May 16 04:39:33 UTC 2018: Match not added in database because it already exists
Wed May 16 04:39:33 UTC 2018: Code found org.junit.runners.model.MultipleFailureException-assertEmpty with org.junit.tests.assertion.MultipleFailureExceptionTest-assertEmptyRethrowsSingleRuntimeException
Wed May 16 04:39:33 UTC 2018: Match not added in database because it already exists
Wed May 16 04:39:33 UTC 2018: Code found org.junit.runners.model.MultipleFailureException-assertEmpty with org.junit.tests.assertion.MultipleFailureExceptionTest-assertEmptyWrapsAssumptionFailuresForManyThrowables
Wed May 16 04:39:33 UTC 2018: Match not added in database because it already exists
Wed May 16 04:39:33 UTC 2018: No link for: org.junit.tests.assertion.MultipleFailureExceptionTest-assertEmptyErrorListConstructorFailure
Wed May 16 04:39:34 UTC 2018: None match not added in database because it already exists
Wed May 16 04:39:34 UTC 2018: Linking done for luiscoronel__JUnit2 test class org.junit.tests.assertion.MultipleFailureExceptionTest
Wed May 16 04:39:34 UTC 2018: Found element on the queue
Wed May 16 04:39:34 UTC 2018: Updating status
Wed May 16 04:39:34 UTC 2018: Working
Wed May 16 04:39:37 UTC 2018: Start luiscoronel__JUnit2 test class org.junit.tests.deprecated.JUnit4ClassRunnerTest
Wed May 16 04:39:37 UTC 2018: Setting lastTestMethodIndex: 61915
Wed May 16 04:39:37 UTC 2018: Starting linking
Wed May 16 04:39:37 UTC 2018: Linking done for luiscoronel__JUnit2 test class org.junit.tests.deprecated.JUnit4ClassRunnerTest
Wed May 16 04:39:37 UTC 2018: Found element on the queue
Wed May 16 04:39:37 UTC 2018: Updating status
Wed May 16 04:39:37 UTC 2018: Working
Wed May 16 04:39:40 UTC 2018: Start luiscoronel__JUnit2 test class org.junit.runner.JUnitCoreTest
Wed May 16 04:39:40 UTC 2018: Setting lastTestMethodIndex: 61916
Wed May 16 04:39:40 UTC 2018: Starting linking
Wed May 16 04:39:40 UTC 2018: No link for: org.junit.runner.JUnitCoreTest-shouldAddFailuresToResult
Wed May 16 04:39:40 UTC 2018: None match not added in database because it already exists
Wed May 16 04:39:40 UTC 2018: Linking done for luiscoronel__JUnit2 test class org.junit.runner.JUnitCoreTest
Wed May 16 04:39:40 UTC 2018: Found element on the queue
Wed May 16 04:39:40 UTC 2018: Updating status
Wed May 16 04:39:40 UTC 2018: Working
Wed May 16 04:39:43 UTC 2018: Start luiscoronel__JUnit2 test class org.junit.tests.description.AnnotatedDescriptionTest
Wed May 16 04:39:43 UTC 2018: Setting lastTestMethodIndex: 61917
Wed May 16 04:39:43 UTC 2018: Starting linking
Wed May 16 04:39:43 UTC 2018: Linking done for luiscoronel__JUnit2 test class org.junit.tests.description.AnnotatedDescriptionTest
Wed May 16 04:39:43 UTC 2018: Found element on the queue
Wed May 16 04:39:43 UTC 2018: Updating status
Wed May 16 04:39:43 UTC 2018: Working
Wed May 16 04:39:46 UTC 2018: Start luiscoronel__JUnit2 test class junit.tests.extensions.ExtensionTest
Wed May 16 04:39:46 UTC 2018: Setting lastTestMethodIndex: 61919
Wed May 16 04:39:46 UTC 2018: Starting linking
Wed May 16 04:39:46 UTC 2018: Linking done for luiscoronel__JUnit2 test class junit.tests.extensions.ExtensionTest
Wed May 16 04:39:46 UTC 2018: Found element on the queue
Wed May 16 04:39:46 UTC 2018: Updating status
Wed May 16 04:39:46 UTC 2018: Working
Wed May 16 04:39:49 UTC 2018: Start luiscoronel__JUnit2 test class org.junit.tests.description.SuiteDescriptionTest
Wed May 16 04:39:49 UTC 2018: Setting lastTestMethodIndex: 61920
Wed May 16 04:39:49 UTC 2018: Starting linking
Wed May 16 04:39:49 UTC 2018: Code found org.junit.runner.Description-hashCode with org.junit.tests.description.SuiteDescriptionTest-hashCodeIsReasonable
Wed May 16 04:39:49 UTC 2018: Match not added in database because it already exists
Wed May 16 04:39:49 UTC 2018: Code found org.junit.runner.Description-equals with org.junit.tests.description.SuiteDescriptionTest-equalsIsCorrect
Wed May 16 04:39:49 UTC 2018: Match not added in database because it already exists
Wed May 16 04:39:49 UTC 2018: Linking done for luiscoronel__JUnit2 test class org.junit.tests.description.SuiteDescriptionTest
Wed May 16 04:39:50 UTC 2018: Found element on the queue
Wed May 16 04:39:50 UTC 2018: Updating status
Wed May 16 04:39:50 UTC 2018: Working
Wed May 16 04:39:52 UTC 2018: Start luiscoronel__JUnit2 test class org.junit.tests.description.TestDescriptionMethodNameTest
Wed May 16 04:39:52 UTC 2018: Setting lastTestMethodIndex: 61922
Wed May 16 04:39:52 UTC 2018: Starting linking
Wed May 16 04:39:52 UTC 2018: No link for: org.junit.tests.description.TestDescriptionMethodNameTest-methodNameTest
Wed May 16 04:39:52 UTC 2018: None match not added in database because it already exists
Wed May 16 04:39:52 UTC 2018: Linking done for luiscoronel__JUnit2 test class org.junit.tests.description.TestDescriptionMethodNameTest
Wed May 16 04:39:53 UTC 2018: Found element on the queue
Wed May 16 04:39:53 UTC 2018: Updating status
Wed May 16 04:39:53 UTC 2018: Working
Wed May 16 04:39:55 UTC 2018: Start luiscoronel__JUnit2 test class junit.tests.extensions.ActiveTestTest
Wed May 16 04:39:55 UTC 2018: Setting lastTestMethodIndex: 61924
Wed May 16 04:39:55 UTC 2018: Starting linking
Wed May 16 04:39:55 UTC 2018: Linking done for luiscoronel__JUnit2 test class junit.tests.extensions.ActiveTestTest
Wed May 16 04:39:56 UTC 2018: Found element on the queue
Wed May 16 04:39:56 UTC 2018: Updating status
Wed May 16 04:39:56 UTC 2018: Working
Wed May 16 04:39:58 UTC 2018: Start luiscoronel__JUnit2 test class org.junit.runner.RequestTest
Wed May 16 04:39:58 UTC 2018: Setting lastTestMethodIndex: 61926
Wed May 16 04:39:58 UTC 2018: Starting linking
Wed May 16 04:39:58 UTC 2018: Code found org.junit.runner.Request-classes with org.junit.runner.RequestTest-createsADescriptionWithANameForClasses
Wed May 16 04:39:58 UTC 2018: Match not added in database because it already exists
Wed May 16 04:39:58 UTC 2018: Linking done for luiscoronel__JUnit2 test class org.junit.runner.RequestTest
Wed May 16 04:39:59 UTC 2018: Found element on the queue
Wed May 16 04:39:59 UTC 2018: Updating status
Wed May 16 04:39:59 UTC 2018: Working
Wed May 16 04:40:01 UTC 2018: Start luiscoronel__JUnit2 test class org.junit.tests.description.TestDescriptionTest
Wed May 16 04:40:01 UTC 2018: Setting lastTestMethodIndex: 61928
Wed May 16 04:40:01 UTC 2018: Starting linking
Wed May 16 04:40:01 UTC 2018: Code found org.junit.runner.Description-equals with org.junit.tests.description.TestDescriptionTest-equalsIsFalseForNonTestDescription
Wed May 16 04:40:01 UTC 2018: Match not added in database because it already exists
Wed May 16 04:40:01 UTC 2018: Code found org.junit.runner.Description-equals with org.junit.tests.description.TestDescriptionTest-equalsIsTrueForSameNameAndNoExplicitUniqueId
Wed May 16 04:40:02 UTC 2018: Match not added in database because it already exists
Wed May 16 04:40:02 UTC 2018: Code found org.junit.runner.Description-equals with org.junit.tests.description.TestDescriptionTest-equalsIsFalseForSameNameAndDifferentUniqueId
Wed May 16 04:40:02 UTC 2018: Match not added in database because it already exists
Wed May 16 04:40:02 UTC 2018: Linking done for luiscoronel__JUnit2 test class org.junit.tests.description.TestDescriptionTest
Wed May 16 04:40:03 UTC 2018: Found element on the queue
Wed May 16 04:40:03 UTC 2018: Updating status
Wed May 16 04:40:03 UTC 2018: Working
Wed May 16 04:40:05 UTC 2018: Start luiscoronel__JUnit2 test class junit.tests.extensions.RepeatedTestTest
Wed May 16 04:40:05 UTC 2018: Setting lastTestMethodIndex: 61930
Wed May 16 04:40:05 UTC 2018: Starting linking
Wed May 16 04:40:05 UTC 2018: Linking done for luiscoronel__JUnit2 test class junit.tests.extensions.RepeatedTestTest
Wed May 16 04:40:05 UTC 2018: Found element on the queue
Wed May 16 04:40:05 UTC 2018: Updating status
Wed May 16 04:40:05 UTC 2018: Working
Wed May 16 04:40:08 UTC 2018: Start luiscoronel__JUnit2 test class org.junit.experimental.categories.CategoriesAndParameterizedTest
Wed May 16 04:40:08 UTC 2018: Setting lastTestMethodIndex: 61931
Wed May 16 04:40:08 UTC 2018: Starting linking
Wed May 16 04:40:08 UTC 2018: Linking done for luiscoronel__JUnit2 test class org.junit.experimental.categories.CategoriesAndParameterizedTest
Wed May 16 04:40:08 UTC 2018: Found element on the queue
Wed May 16 04:40:08 UTC 2018: Updating status
Wed May 16 04:40:08 UTC 2018: Working
Wed May 16 04:40:10 UTC 2018: Start luiscoronel__JUnit2 test class org.junit.tests.junit3compatibility.SuiteMethodTest
Wed May 16 04:40:10 UTC 2018: Setting lastTestMethodIndex: 61933
Wed May 16 04:40:10 UTC 2018: Starting linking
Wed May 16 04:40:10 UTC 2018: Linking done for luiscoronel__JUnit2 test class org.junit.tests.junit3compatibility.SuiteMethodTest
Wed May 16 04:40:11 UTC 2018: Found element on the queue
Wed May 16 04:40:11 UTC 2018: Updating status
Wed May 16 04:40:11 UTC 2018: Working
Wed May 16 04:40:13 UTC 2018: Start luiscoronel__JUnit2 test class org.junit.tests.running.classes.BlockJUnit4ClassRunnerTest
Wed May 16 04:40:13 UTC 2018: Setting lastTestMethodIndex: 61935
Wed May 16 04:40:13 UTC 2018: Starting linking
Wed May 16 04:40:13 UTC 2018: Linking done for luiscoronel__JUnit2 test class org.junit.tests.running.classes.BlockJUnit4ClassRunnerTest
Wed May 16 04:40:13 UTC 2018: Found element on the queue
Wed May 16 04:40:13 UTC 2018: Updating status
Wed May 16 04:40:13 UTC 2018: Working
Wed May 16 04:40:16 UTC 2018: Start luiscoronel__JUnit2 test class org.junit.tests.running.classes.ClassLevelMethodsWithIgnoredTestsTest
Wed May 16 04:40:16 UTC 2018: Setting lastTestMethodIndex: 61937
Wed May 16 04:40:16 UTC 2018: Starting linking
Wed May 16 04:40:16 UTC 2018: Linking done for luiscoronel__JUnit2 test class org.junit.tests.running.classes.ClassLevelMethodsWithIgnoredTestsTest
Wed May 16 04:40:16 UTC 2018: Found element on the queue
Wed May 16 04:40:16 UTC 2018: Updating status
Wed May 16 04:40:16 UTC 2018: Working
Wed May 16 04:40:18 UTC 2018: Start luiscoronel__JUnit2 test class org.junit.experimental.categories.CategoryFilterFactoryTest
Wed May 16 04:40:18 UTC 2018: Setting lastTestMethodIndex: 61938
Wed May 16 04:40:18 UTC 2018: Starting linking
Wed May 16 04:40:18 UTC 2018: Code found org.junit.experimental.categories.CategoryFilterFactory-createFilter with org.junit.experimental.categories.CategoryFilterFactoryTest-shouldCreateFilter
Wed May 16 04:40:19 UTC 2018: Match not added in database because it already exists
Wed May 16 04:40:19 UTC 2018: No link for: org.junit.experimental.categories.CategoryFilterFactoryTest-shouldThrowException
Wed May 16 04:40:19 UTC 2018: None match not added in database because it already exists
Wed May 16 04:40:19 UTC 2018: Linking done for luiscoronel__JUnit2 test class org.junit.experimental.categories.CategoryFilterFactoryTest
Wed May 16 04:40:20 UTC 2018: Found element on the queue
Wed May 16 04:40:20 UTC 2018: Updating status
Wed May 16 04:40:20 UTC 2018: Working
Wed May 16 04:40:22 UTC 2018: Start luiscoronel__JUnit2 test class org.junit.tests.listening.ListenerTest
Wed May 16 04:40:22 UTC 2018: Setting lastTestMethodIndex: 61940
Wed May 16 04:40:22 UTC 2018: Starting linking
Wed May 16 04:40:22 UTC 2018: Linking done for luiscoronel__JUnit2 test class org.junit.tests.listening.ListenerTest
Wed May 16 04:40:22 UTC 2018: Found element on the queue
Wed May 16 04:40:22 UTC 2018: Updating status
Wed May 16 04:40:22 UTC 2018: Working
Wed May 16 04:40:25 UTC 2018: Start luiscoronel__JUnit2 test class org.junit.experimental.categories.CategoryTest
Wed May 16 04:40:25 UTC 2018: Setting lastTestMethodIndex: 61942
Wed May 16 04:40:25 UTC 2018: Starting linking
Wed May 16 04:40:25 UTC 2018: Linking done for luiscoronel__JUnit2 test class org.junit.experimental.categories.CategoryTest
Wed May 16 04:40:25 UTC 2018: Found element on the queue
Wed May 16 04:40:25 UTC 2018: Updating status
Wed May 16 04:40:25 UTC 2018: Working
Wed May 16 04:40:27 UTC 2018: Start luiscoronel__JUnit2 test class org.junit.experimental.categories.CategoryValidatorTest
Wed May 16 04:40:27 UTC 2018: Setting lastTestMethodIndex: 61944
Wed May 16 04:40:27 UTC 2018: Starting linking
Wed May 16 04:40:27 UTC 2018: Linking done for luiscoronel__JUnit2 test class org.junit.experimental.categories.CategoryValidatorTest
Wed May 16 04:40:28 UTC 2018: Found element on the queue
Wed May 16 04:40:28 UTC 2018: Updating status
Wed May 16 04:40:28 UTC 2018: Working
Wed May 16 04:40:30 UTC 2018: Start luiscoronel__JUnit2 test class org.junit.tests.listening.RunnerTest
Wed May 16 04:40:30 UTC 2018: Setting lastTestMethodIndex: 61945
Wed May 16 04:40:30 UTC 2018: Starting linking
Wed May 16 04:40:30 UTC 2018: Linking done for luiscoronel__JUnit2 test class org.junit.tests.listening.RunnerTest
Wed May 16 04:40:31 UTC 2018: Found element on the queue
Wed May 16 04:40:31 UTC 2018: Updating status
Wed May 16 04:40:31 UTC 2018: Working
Wed May 16 04:40:33 UTC 2018: Start luiscoronel__JUnit2 test class org.junit.tests.running.classes.EnclosedTest
Wed May 16 04:40:33 UTC 2018: Setting lastTestMethodIndex: 61947
Wed May 16 04:40:33 UTC 2018: Starting linking
Wed May 16 04:40:33 UTC 2018: Linking done for luiscoronel__JUnit2 test class org.junit.tests.running.classes.EnclosedTest
Wed May 16 04:40:33 UTC 2018: Found element on the queue
Wed May 16 04:40:33 UTC 2018: Updating status
Wed May 16 04:40:33 UTC 2018: Working
Wed May 16 04:40:36 UTC 2018: Start luiscoronel__JUnit2 test class org.junit.experimental.categories.JavadocTest
Wed May 16 04:40:36 UTC 2018: Setting lastTestMethodIndex: 61949
Wed May 16 04:40:36 UTC 2018: Starting linking
Wed May 16 04:40:36 UTC 2018: Linking done for luiscoronel__JUnit2 test class org.junit.experimental.categories.JavadocTest
Wed May 16 04:40:36 UTC 2018: Found element on the queue
Wed May 16 04:40:36 UTC 2018: Updating status
Wed May 16 04:40:36 UTC 2018: Working
Wed May 16 04:40:38 UTC 2018: Start luiscoronel__JUnit2 test class org.junit.tests.listening.TestListenerTest
Wed May 16 04:40:38 UTC 2018: Setting lastTestMethodIndex: 61951
Wed May 16 04:40:38 UTC 2018: Starting linking
Wed May 16 04:40:38 UTC 2018: Linking done for luiscoronel__JUnit2 test class org.junit.tests.listening.TestListenerTest
Wed May 16 04:40:39 UTC 2018: Found element on the queue
Wed May 16 04:40:39 UTC 2018: Updating status
Wed May 16 04:40:39 UTC 2018: Working
Wed May 16 04:40:41 UTC 2018: Start luiscoronel__JUnit2 test class org.junit.tests.running.classes.IgnoreClassTest
Wed May 16 04:40:41 UTC 2018: Setting lastTestMethodIndex: 61952
Wed May 16 04:40:41 UTC 2018: Starting linking
Wed May 16 04:40:41 UTC 2018: Linking done for luiscoronel__JUnit2 test class org.junit.tests.running.classes.IgnoreClassTest
Wed May 16 04:40:41 UTC 2018: Found element on the queue
Wed May 16 04:40:41 UTC 2018: Updating status
Wed May 16 04:40:41 UTC 2018: Working
Wed May 16 04:40:44 UTC 2018: Start luiscoronel__JUnit2 test class org.junit.experimental.categories.MultiCategoryTest
Wed May 16 04:40:44 UTC 2018: Setting lastTestMethodIndex: 61954
Wed May 16 04:40:44 UTC 2018: Starting linking
Wed May 16 04:40:44 UTC 2018: Linking done for luiscoronel__JUnit2 test class org.junit.experimental.categories.MultiCategoryTest
Wed May 16 04:40:44 UTC 2018: Found element on the queue
Wed May 16 04:40:44 UTC 2018: Updating status
Wed May 16 04:40:44 UTC 2018: Working
Wed May 16 04:40:46 UTC 2018: Start luiscoronel__JUnit2 test class org.junit.tests.listening.TextListenerTest
Wed May 16 04:40:46 UTC 2018: Setting lastTestMethodIndex: 61956
Wed May 16 04:40:46 UTC 2018: Starting linking
Wed May 16 04:40:46 UTC 2018: Linking done for luiscoronel__JUnit2 test class org.junit.tests.listening.TextListenerTest
Wed May 16 04:40:47 UTC 2018: Found element on the queue
Wed May 16 04:40:47 UTC 2018: Updating status
Wed May 16 04:40:47 UTC 2018: Working
Wed May 16 04:40:49 UTC 2018: Start luiscoronel__JUnit2 test class org.junit.tests.experimental.max.DescriptionTest
Wed May 16 04:40:49 UTC 2018: Setting lastTestMethodIndex: 61957
Wed May 16 04:40:49 UTC 2018: Starting linking
Wed May 16 04:40:49 UTC 2018: Code found org.junit.runner.Description-createSuiteDescription with org.junit.tests.experimental.max.DescriptionTest-createSuiteDescription_whenNull
Wed May 16 04:40:49 UTC 2018: Match not added in database because it already exists
Wed May 16 04:40:49 UTC 2018: Code found org.junit.runner.Description-createSuiteDescription with org.junit.tests.experimental.max.DescriptionTest-createSuiteDescription_whenZeroLength
Wed May 16 04:40:49 UTC 2018: Match not added in database because it already exists
Wed May 16 04:40:49 UTC 2018: No link for: org.junit.tests.experimental.max.DescriptionTest-tessed
Wed May 16 04:40:50 UTC 2018: No link for: org.junit.tests.experimental.max.DescriptionTest-parseMethod_whenCantParse
Wed May 16 04:40:50 UTC 2018: None match not added in database because it already exists
Wed May 16 04:40:50 UTC 2018: No link for: org.junit.tests.experimental.max.DescriptionTest-sameNamesButDifferentUniqueIdAreNotEqual
Wed May 16 04:40:51 UTC 2018: None match not added in database because it already exists
Wed May 16 04:40:51 UTC 2018: No link for: org.junit.tests.experimental.max.DescriptionTest-parseClass_whenCantParse
Wed May 16 04:40:51 UTC 2018: None match not added in database because it already exists
Wed May 16 04:40:51 UTC 2018: No link for: org.junit.tests.experimental.max.DescriptionTest-parseClassAndMethodWithAnnotations
Wed May 16 04:40:51 UTC 2018: None match not added in database because it already exists
Wed May 16 04:40:51 UTC 2018: No link for: org.junit.tests.experimental.max.DescriptionTest-parseClassAndMethodNoAnnotations
Wed May 16 04:40:52 UTC 2018: None match not added in database because it already exists
Wed May 16 04:40:52 UTC 2018: No link for: org.junit.tests.experimental.max.DescriptionTest-parseClassNameAndMethodUniqueId
Wed May 16 04:40:52 UTC 2018: None match not added in database because it already exists
Wed May 16 04:40:52 UTC 2018: No link for: org.junit.tests.experimental.max.DescriptionTest-usesPassedInClassObject
Wed May 16 04:40:53 UTC 2018: None match not added in database because it already exists
Wed May 16 04:40:53 UTC 2018: Linking done for luiscoronel__JUnit2 test class org.junit.tests.experimental.max.DescriptionTest
Wed May 16 04:40:54 UTC 2018: Found element on the queue
Wed May 16 04:40:54 UTC 2018: Updating status
Wed May 16 04:40:54 UTC 2018: Working
Wed May 16 04:40:56 UTC 2018: Start luiscoronel__JUnit2 test class org.junit.tests.running.classes.ParameterizedTestTest
Wed May 16 04:40:56 UTC 2018: Setting lastTestMethodIndex: 61958
Wed May 16 04:40:56 UTC 2018: Starting linking
Wed May 16 04:40:56 UTC 2018: Linking done for luiscoronel__JUnit2 test class org.junit.tests.running.classes.ParameterizedTestTest
Wed May 16 04:40:57 UTC 2018: Found element on the queue
Wed May 16 04:40:57 UTC 2018: Updating status
Wed May 16 04:40:57 UTC 2018: Working
Wed May 16 04:40:59 UTC 2018: Start luiscoronel__JUnit2 test class org.junit.tests.experimental.max.JUnit38SortingTest
Wed May 16 04:40:59 UTC 2018: Setting lastTestMethodIndex: 61959
Wed May 16 04:40:59 UTC 2018: Starting linking
Wed May 16 04:40:59 UTC 2018: Linking done for luiscoronel__JUnit2 test class org.junit.tests.experimental.max.JUnit38SortingTest
Wed May 16 04:40:59 UTC 2018: Found element on the queue
Wed May 16 04:40:59 UTC 2018: Updating status
Wed May 16 04:40:59 UTC 2018: Working
Wed May 16 04:41:01 UTC 2018: Start luiscoronel__JUnit2 test class org.junit.tests.listening.UserStopTest
Wed May 16 04:41:01 UTC 2018: Setting lastTestMethodIndex: 61960
Wed May 16 04:41:01 UTC 2018: Starting linking
Wed May 16 04:41:01 UTC 2018: Code found org.junit.internal.runners.ErrorReportingRunner-run with org.junit.tests.listening.UserStopTest-stopClassRunner
Wed May 16 04:41:02 UTC 2018: No link for: org.junit.tests.listening.UserStopTest-userStop
Wed May 16 04:41:02 UTC 2018: None match not added in database because it already exists
Wed May 16 04:41:02 UTC 2018: No link for: org.junit.tests.listening.UserStopTest-foo
Wed May 16 04:41:03 UTC 2018: Linking done for luiscoronel__JUnit2 test class org.junit.tests.listening.UserStopTest
Wed May 16 04:41:03 UTC 2018: Found element on the queue
Wed May 16 04:41:03 UTC 2018: Updating status
Wed May 16 04:41:03 UTC 2018: Working
Wed May 16 04:41:05 UTC 2018: Start luiscoronel__JUnit2 test class org.junit.tests.experimental.max.MaxStarterTest
Wed May 16 04:41:05 UTC 2018: Setting lastTestMethodIndex: 61961
Wed May 16 04:41:05 UTC 2018: Starting linking
Wed May 16 04:41:05 UTC 2018: Linking done for luiscoronel__JUnit2 test class org.junit.tests.experimental.max.MaxStarterTest
Wed May 16 04:41:06 UTC 2018: Found element on the queue
Wed May 16 04:41:06 UTC 2018: Updating status
Wed May 16 04:41:06 UTC 2018: Working
Wed May 16 04:41:08 UTC 2018: Start luiscoronel__JUnit2 test class org.junit.tests.running.classes.ParentRunnerFilteringTest
Wed May 16 04:41:08 UTC 2018: Setting lastTestMethodIndex: 61963
Wed May 16 04:41:08 UTC 2018: Starting linking
Wed May 16 04:41:08 UTC 2018: Linking done for luiscoronel__JUnit2 test class org.junit.tests.running.classes.ParentRunnerFilteringTest
Wed May 16 04:41:09 UTC 2018: Found element on the queue
Wed May 16 04:41:09 UTC 2018: Updating status
Wed May 16 04:41:09 UTC 2018: Working
Wed May 16 04:41:11 UTC 2018: Start luiscoronel__JUnit2 test class org.junit.tests.experimental.parallel.ParallelClassTest
Wed May 16 04:41:11 UTC 2018: Setting lastTestMethodIndex: 61965
Wed May 16 04:41:11 UTC 2018: Starting linking
Wed May 16 04:41:11 UTC 2018: Linking done for luiscoronel__JUnit2 test class org.junit.tests.experimental.parallel.ParallelClassTest
Wed May 16 04:41:11 UTC 2018: Found element on the queue
Wed May 16 04:41:11 UTC 2018: Updating status
Wed May 16 04:41:11 UTC 2018: Working
Wed May 16 04:41:14 UTC 2018: Start luiscoronel__JUnit2 test class org.junit.tests.experimental.parallel.ParallelMethodTest
Wed May 16 04:41:14 UTC 2018: Setting lastTestMethodIndex: 61966
Wed May 16 04:41:14 UTC 2018: Starting linking
Wed May 16 04:41:14 UTC 2018: Linking done for luiscoronel__JUnit2 test class org.junit.tests.experimental.parallel.ParallelMethodTest
Wed May 16 04:41:14 UTC 2018: Found element on the queue
Wed May 16 04:41:14 UTC 2018: Updating status
Wed May 16 04:41:14 UTC 2018: Working
Wed May 16 04:41:16 UTC 2018: Start luiscoronel__JUnit2 test class org.junit.tests.experimental.results.PrintableResultTest
Wed May 16 04:41:16 UTC 2018: Setting lastTestMethodIndex: 61968
Wed May 16 04:41:16 UTC 2018: Starting linking
Wed May 16 04:41:16 UTC 2018: Linking done for luiscoronel__JUnit2 test class org.junit.tests.experimental.results.PrintableResultTest
Wed May 16 04:41:17 UTC 2018: Found element on the queue
Wed May 16 04:41:17 UTC 2018: Updating status
Wed May 16 04:41:17 UTC 2018: Working
Wed May 16 04:41:19 UTC 2018: Start luiscoronel__JUnit2 test class org.junit.tests.experimental.results.ResultMatchersTest
Wed May 16 04:41:19 UTC 2018: Setting lastTestMethodIndex: 61970
Wed May 16 04:41:19 UTC 2018: Starting linking
Wed May 16 04:41:19 UTC 2018: Code found org.junit.experimental.results.ResultMatchers-hasFailureContaining with org.junit.tests.experimental.results.ResultMatchersTest-hasFailureContaining_givenResultWithOneFailure
Wed May 16 04:41:20 UTC 2018: Match not added in database because it already exists
Wed May 16 04:41:20 UTC 2018: Code found org.junit.experimental.results.ResultMatchers-hasFailureContaining with org.junit.tests.experimental.results.ResultMatchersTest-hasFailureContaining_givenResultWithNoFailures
Wed May 16 04:41:20 UTC 2018: Match not added in database because it already exists
Wed May 16 04:41:20 UTC 2018: No link for: org.junit.tests.experimental.results.ResultMatchersTest-hasFailuresHasGoodDescription
Wed May 16 04:41:20 UTC 2018: None match not added in database because it already exists
Wed May 16 04:41:20 UTC 2018: Linking done for luiscoronel__JUnit2 test class org.junit.tests.experimental.results.ResultMatchersTest
Wed May 16 04:41:21 UTC 2018: Found element on the queue
Wed May 16 04:41:21 UTC 2018: Updating status
Wed May 16 04:41:21 UTC 2018: Working
Wed May 16 04:41:23 UTC 2018: Start luiscoronel__JUnit2 test class org.junit.tests.running.classes.ParentRunnerTest
Wed May 16 04:41:23 UTC 2018: Setting lastTestMethodIndex: 61972
Wed May 16 04:41:23 UTC 2018: Starting linking
Wed May 16 04:41:23 UTC 2018: Linking done for luiscoronel__JUnit2 test class org.junit.tests.running.classes.ParentRunnerTest
Wed May 16 04:41:23 UTC 2018: Found element on the queue
Wed May 16 04:41:23 UTC 2018: Updating status
Wed May 16 04:41:23 UTC 2018: Working
Wed May 16 04:41:26 UTC 2018: Start luiscoronel__JUnit2 test class org.junit.tests.experimental.theories.internal.AllMembersSupplierTest
Wed May 16 04:41:26 UTC 2018: Setting lastTestMethodIndex: 61973
Wed May 16 04:41:26 UTC 2018: Starting linking
Wed May 16 04:41:26 UTC 2018: Linking done for luiscoronel__JUnit2 test class org.junit.tests.experimental.theories.internal.AllMembersSupplierTest
Wed May 16 04:41:26 UTC 2018: Found element on the queue
Wed May 16 04:41:26 UTC 2018: Updating status
Wed May 16 04:41:26 UTC 2018: Working
Wed May 16 04:41:28 UTC 2018: Start luiscoronel__JUnit2 test class org.junit.tests.running.classes.parent.ParentRunnerClassLoaderTest
Wed May 16 04:41:28 UTC 2018: Setting lastTestMethodIndex: 61975
Wed May 16 04:41:28 UTC 2018: Starting linking
Wed May 16 04:41:28 UTC 2018: No link for: org.junit.tests.running.classes.parent.ParentRunnerClassLoaderTest-testClassRuleAccessToClassInAnotherClassLoader
Wed May 16 04:41:29 UTC 2018: None match not added in database because it already exists
Wed May 16 04:41:29 UTC 2018: No link for: org.junit.tests.running.classes.parent.ParentRunnerClassLoaderTest-testBackwardCompatibilityWithOverrideGetName
Wed May 16 04:41:29 UTC 2018: None match not added in database because it already exists
Wed May 16 04:41:29 UTC 2018: No link for: org.junit.tests.running.classes.parent.ParentRunnerClassLoaderTest-testDescriptionContainCorrectTestClass
Wed May 16 04:41:29 UTC 2018: None match not added in database because it already exists
Wed May 16 04:41:29 UTC 2018: Linking done for luiscoronel__JUnit2 test class org.junit.tests.running.classes.parent.ParentRunnerClassLoaderTest
Wed May 16 04:41:30 UTC 2018: Found element on the queue
Wed May 16 04:41:30 UTC 2018: Updating status
Wed May 16 04:41:30 UTC 2018: Working
Wed May 16 04:41:32 UTC 2018: Start luiscoronel__JUnit2 test class org.junit.tests.experimental.theories.internal.ParameterizedAssertionErrorTest
Wed May 16 04:41:32 UTC 2018: Setting lastTestMethodIndex: 61977
Wed May 16 04:41:32 UTC 2018: Starting linking
Wed May 16 04:41:32 UTC 2018: Code found org.junit.experimental.theories.internal.ParameterizedAssertionError-join with org.junit.tests.experimental.theories.internal.ParameterizedAssertionErrorTest-canJoinWhenToStringFails
Wed May 16 04:41:32 UTC 2018: Match not added in database because it already exists
Wed May 16 04:41:32 UTC 2018: Linking done for luiscoronel__JUnit2 test class org.junit.tests.experimental.theories.internal.ParameterizedAssertionErrorTest
Wed May 16 04:41:33 UTC 2018: Found element on the queue
Wed May 16 04:41:33 UTC 2018: Updating status
Wed May 16 04:41:33 UTC 2018: Working
Wed May 16 04:41:35 UTC 2018: Start luiscoronel__JUnit2 test class org.junit.tests.experimental.theories.internal.SpecificDataPointsSupplierTest
Wed May 16 04:41:35 UTC 2018: Setting lastTestMethodIndex: 61979
Wed May 16 04:41:35 UTC 2018: Starting linking
Wed May 16 04:41:35 UTC 2018: Linking done for luiscoronel__JUnit2 test class org.junit.tests.experimental.theories.internal.SpecificDataPointsSupplierTest
Wed May 16 04:41:35 UTC 2018: Found element on the queue
Wed May 16 04:41:35 UTC 2018: Updating status
Wed May 16 04:41:35 UTC 2018: Working
Wed May 16 04:41:38 UTC 2018: Start luiscoronel__JUnit2 test class org.junit.tests.experimental.theories.runner.FailingDataPointMethods
Wed May 16 04:41:38 UTC 2018: Setting lastTestMethodIndex: 61981
Wed May 16 04:41:38 UTC 2018: Starting linking
Wed May 16 04:41:38 UTC 2018: Linking done for luiscoronel__JUnit2 test class org.junit.tests.experimental.theories.runner.FailingDataPointMethods
Wed May 16 04:41:38 UTC 2018: Found element on the queue
Wed May 16 04:41:38 UTC 2018: Updating status
Wed May 16 04:41:38 UTC 2018: Working
Wed May 16 04:41:40 UTC 2018: Start luiscoronel__JUnit2 test class org.junit.tests.manipulation.FilterableTest
Wed May 16 04:41:40 UTC 2018: Setting lastTestMethodIndex: 61982
Wed May 16 04:41:40 UTC 2018: Starting linking
Wed May 16 04:41:40 UTC 2018: Linking done for luiscoronel__JUnit2 test class org.junit.tests.manipulation.FilterableTest
Wed May 16 04:41:41 UTC 2018: Found element on the queue
Wed May 16 04:41:41 UTC 2018: Updating status
Wed May 16 04:41:41 UTC 2018: Working
Wed May 16 04:41:43 UTC 2018: Start luiscoronel__JUnit2 test class org.junit.tests.experimental.theories.runner.TheoriesPerformanceTest
Wed May 16 04:41:43 UTC 2018: Setting lastTestMethodIndex: 61984
Wed May 16 04:41:43 UTC 2018: Starting linking
Wed May 16 04:41:43 UTC 2018: Linking done for luiscoronel__JUnit2 test class org.junit.tests.experimental.theories.runner.TheoriesPerformanceTest
Wed May 16 04:41:44 UTC 2018: Found element on the queue
Wed May 16 04:41:44 UTC 2018: Updating status
Wed May 16 04:41:44 UTC 2018: Working
Wed May 16 04:41:46 UTC 2018: Start luiscoronel__JUnit2 test class org.junit.tests.running.classes.RunWithTest
Wed May 16 04:41:46 UTC 2018: Setting lastTestMethodIndex: 61986
Wed May 16 04:41:46 UTC 2018: Starting linking
Wed May 16 04:41:46 UTC 2018: Linking done for luiscoronel__JUnit2 test class org.junit.tests.running.classes.RunWithTest
Wed May 16 04:41:46 UTC 2018: Found element on the queue
Wed May 16 04:41:46 UTC 2018: Updating status
Wed May 16 04:41:46 UTC 2018: Working
Wed May 16 04:41:49 UTC 2018: Start luiscoronel__JUnit2 test class org.junit.tests.experimental.theories.runner.TypeMatchingBetweenMultiDataPointsMethod
Wed May 16 04:41:49 UTC 2018: Setting lastTestMethodIndex: 61988
Wed May 16 04:41:49 UTC 2018: Starting linking
Wed May 16 04:41:49 UTC 2018: Linking done for luiscoronel__JUnit2 test class org.junit.tests.experimental.theories.runner.TypeMatchingBetweenMultiDataPointsMethod
Wed May 16 04:41:49 UTC 2018: Found element on the queue
Wed May 16 04:41:49 UTC 2018: Updating status
Wed May 16 04:41:49 UTC 2018: Working
Wed May 16 04:41:51 UTC 2018: Start luiscoronel__JUnit2 test class org.junit.tests.experimental.theories.runner.UnsuccessfulWithDataPointFields
Wed May 16 04:41:51 UTC 2018: Setting lastTestMethodIndex: 61989
Wed May 16 04:41:51 UTC 2018: Starting linking
Wed May 16 04:41:51 UTC 2018: Linking done for luiscoronel__JUnit2 test class org.junit.tests.experimental.theories.runner.UnsuccessfulWithDataPointFields
Wed May 16 04:41:52 UTC 2018: Found element on the queue
Wed May 16 04:41:52 UTC 2018: Updating status
Wed May 16 04:41:52 UTC 2018: Working
Wed May 16 04:41:54 UTC 2018: Start luiscoronel__JUnit2 test class org.junit.tests.manipulation.FilterTest
Wed May 16 04:41:54 UTC 2018: Setting lastTestMethodIndex: 61991
Wed May 16 04:41:54 UTC 2018: Starting linking
Wed May 16 04:41:54 UTC 2018: Linking done for luiscoronel__JUnit2 test class org.junit.tests.manipulation.FilterTest
Wed May 16 04:41:54 UTC 2018: Found element on the queue
Wed May 16 04:41:54 UTC 2018: Updating status
Wed May 16 04:41:54 UTC 2018: Working
Wed May 16 04:41:57 UTC 2018: Start luiscoronel__JUnit2 test class org.junit.tests.experimental.theories.runner.WhenNoParametersMatch
Wed May 16 04:41:57 UTC 2018: Setting lastTestMethodIndex: 61993
Wed May 16 04:41:57 UTC 2018: Starting linking
Wed May 16 04:41:57 UTC 2018: Linking done for luiscoronel__JUnit2 test class org.junit.tests.experimental.theories.runner.WhenNoParametersMatch
Wed May 16 04:41:57 UTC 2018: Found element on the queue
Wed May 16 04:41:57 UTC 2018: Updating status
Wed May 16 04:41:57 UTC 2018: Working
Wed May 16 04:41:59 UTC 2018: Start luiscoronel__JUnit2 test class org.junit.tests.experimental.theories.runner.WithAutoGeneratedDataPoints
Wed May 16 04:41:59 UTC 2018: Setting lastTestMethodIndex: 61994
Wed May 16 04:41:59 UTC 2018: Starting linking
Wed May 16 04:41:59 UTC 2018: Linking done for luiscoronel__JUnit2 test class org.junit.tests.experimental.theories.runner.WithAutoGeneratedDataPoints
Wed May 16 04:42:00 UTC 2018: Found element on the queue
Wed May 16 04:42:00 UTC 2018: Updating status
Wed May 16 04:42:00 UTC 2018: Working
Wed May 16 04:42:02 UTC 2018: Start luiscoronel__JUnit2 test class org.junit.tests.running.classes.SuiteTest
Wed May 16 04:42:02 UTC 2018: Setting lastTestMethodIndex: 61995
Wed May 16 04:42:02 UTC 2018: Starting linking
Wed May 16 04:42:02 UTC 2018: Linking done for luiscoronel__JUnit2 test class org.junit.tests.running.classes.SuiteTest
Wed May 16 04:42:02 UTC 2018: Found element on the queue
Wed May 16 04:42:02 UTC 2018: Updating status
Wed May 16 04:42:02 UTC 2018: Working
Wed May 16 04:42:05 UTC 2018: Start luiscoronel__JUnit2 test class org.junit.tests.experimental.theories.runner.WithDataPointMethod
Wed May 16 04:42:05 UTC 2018: Setting lastTestMethodIndex: 61997
Wed May 16 04:42:05 UTC 2018: Starting linking
Wed May 16 04:42:05 UTC 2018: Linking done for luiscoronel__JUnit2 test class org.junit.tests.experimental.theories.runner.WithDataPointMethod
Wed May 16 04:42:05 UTC 2018: Found element on the queue
Wed May 16 04:42:05 UTC 2018: Updating status
Wed May 16 04:42:05 UTC 2018: Working
Wed May 16 04:42:07 UTC 2018: Start luiscoronel__JUnit2 test class org.junit.tests.manipulation.SingleMethodTest
Wed May 16 04:42:07 UTC 2018: Setting lastTestMethodIndex: 61998
Wed May 16 04:42:07 UTC 2018: Starting linking
Wed May 16 04:42:07 UTC 2018: Linking done for luiscoronel__JUnit2 test class org.junit.tests.manipulation.SingleMethodTest
Wed May 16 04:42:08 UTC 2018: Found element on the queue
Wed May 16 04:42:08 UTC 2018: Updating status
Wed May 16 04:42:08 UTC 2018: Working
Wed May 16 04:42:10 UTC 2018: Start luiscoronel__JUnit2 test class org.junit.tests.experimental.theories.runner.WithExtendedParameterSources
Wed May 16 04:42:10 UTC 2018: Setting lastTestMethodIndex: 61999
Wed May 16 04:42:10 UTC 2018: Starting linking
Wed May 16 04:42:10 UTC 2018: Linking done for luiscoronel__JUnit2 test class org.junit.tests.experimental.theories.runner.WithExtendedParameterSources
Wed May 16 04:42:10 UTC 2018: Found element on the queue
Wed May 16 04:42:10 UTC 2018: Updating status
Wed May 16 04:42:10 UTC 2018: Working
Wed May 16 04:42:13 UTC 2018: Start luiscoronel__JUnit2 test class org.junit.rules.BlockJUnit4ClassRunnerOverrideTest
Wed May 16 04:42:13 UTC 2018: Setting lastTestMethodIndex: 62001
Wed May 16 04:42:13 UTC 2018: Starting linking
Wed May 16 04:42:13 UTC 2018: Linking done for luiscoronel__JUnit2 test class org.junit.rules.BlockJUnit4ClassRunnerOverrideTest
Wed May 16 04:42:13 UTC 2018: Found element on the queue
Wed May 16 04:42:13 UTC 2018: Updating status
Wed May 16 04:42:13 UTC 2018: Working
Wed May 16 04:42:15 UTC 2018: Start luiscoronel__JUnit2 test class org.junit.tests.running.classes.UseSuiteAsASuperclassTest
Wed May 16 04:42:15 UTC 2018: Setting lastTestMethodIndex: 62003
Wed May 16 04:42:15 UTC 2018: Starting linking
Wed May 16 04:42:15 UTC 2018: Linking done for luiscoronel__JUnit2 test class org.junit.tests.running.classes.UseSuiteAsASuperclassTest
Wed May 16 04:42:16 UTC 2018: Found element on the queue
Wed May 16 04:42:16 UTC 2018: Updating status
Wed May 16 04:42:16 UTC 2018: Working
Wed May 16 04:42:18 UTC 2018: Start luiscoronel__JUnit2 test class org.junit.tests.experimental.theories.runner.WithNamedDataPoints
Wed May 16 04:42:18 UTC 2018: Setting lastTestMethodIndex: 62005
Wed May 16 04:42:18 UTC 2018: Starting linking
Wed May 16 04:42:18 UTC 2018: Linking done for luiscoronel__JUnit2 test class org.junit.tests.experimental.theories.runner.WithNamedDataPoints
Wed May 16 04:42:18 UTC 2018: Found element on the queue
Wed May 16 04:42:18 UTC 2018: Updating status
Wed May 16 04:42:18 UTC 2018: Working
Wed May 16 04:42:21 UTC 2018: Start luiscoronel__JUnit2 test class org.junit.tests.experimental.theories.runner.WithOnlyTestAnnotations
Wed May 16 04:42:21 UTC 2018: Setting lastTestMethodIndex: 62006
Wed May 16 04:42:21 UTC 2018: Starting linking
Wed May 16 04:42:21 UTC 2018: Linking done for luiscoronel__JUnit2 test class org.junit.tests.experimental.theories.runner.WithOnlyTestAnnotations
Wed May 16 04:42:21 UTC 2018: Found element on the queue
Wed May 16 04:42:21 UTC 2018: Updating status
Wed May 16 04:42:21 UTC 2018: Working
Wed May 16 04:42:24 UTC 2018: Start luiscoronel__JUnit2 test class org.junit.rules.ClassRulesTest
Wed May 16 04:42:24 UTC 2018: Setting lastTestMethodIndex: 62008
Wed May 16 04:42:24 UTC 2018: Starting linking
Wed May 16 04:42:24 UTC 2018: Linking done for luiscoronel__JUnit2 test class org.junit.rules.ClassRulesTest
Wed May 16 04:42:24 UTC 2018: Found element on the queue
Wed May 16 04:42:24 UTC 2018: Updating status
Wed May 16 04:42:24 UTC 2018: Working
Wed May 16 04:42:27 UTC 2018: Start luiscoronel__JUnit2 test class org.junit.tests.running.core.CommandLineTest
Wed May 16 04:42:27 UTC 2018: Setting lastTestMethodIndex: 62010
Wed May 16 04:42:27 UTC 2018: Starting linking
Wed May 16 04:42:27 UTC 2018: Linking done for luiscoronel__JUnit2 test class org.junit.tests.running.core.CommandLineTest
Wed May 16 04:42:27 UTC 2018: Found element on the queue
Wed May 16 04:42:27 UTC 2018: Updating status
Wed May 16 04:42:27 UTC 2018: Working
Wed May 16 04:42:30 UTC 2018: Start luiscoronel__JUnit2 test class org.junit.tests.experimental.theories.runner.WithParameterSupplier
Wed May 16 04:42:30 UTC 2018: Setting lastTestMethodIndex: 62011
Wed May 16 04:42:30 UTC 2018: Starting linking
Wed May 16 04:42:30 UTC 2018: Linking done for luiscoronel__JUnit2 test class org.junit.tests.experimental.theories.runner.WithParameterSupplier
Wed May 16 04:42:31 UTC 2018: Found element on the queue
Wed May 16 04:42:31 UTC 2018: Updating status
Wed May 16 04:42:31 UTC 2018: Working
Wed May 16 04:42:33 UTC 2018: Start luiscoronel__JUnit2 test class org.junit.rules.DisableOnDebugTest
Wed May 16 04:42:33 UTC 2018: Setting lastTestMethodIndex: 62013
Wed May 16 04:42:33 UTC 2018: Starting linking
Wed May 16 04:42:33 UTC 2018: Linking done for luiscoronel__JUnit2 test class org.junit.rules.DisableOnDebugTest
Wed May 16 04:42:34 UTC 2018: Found element on the queue
Wed May 16 04:42:34 UTC 2018: Updating status
Wed May 16 04:42:34 UTC 2018: Working
Wed May 16 04:42:36 UTC 2018: Start luiscoronel__JUnit2 test class org.junit.tests.running.core.JUnitCoreReturnsCorrectExitCodeTest
Wed May 16 04:42:36 UTC 2018: Setting lastTestMethodIndex: 62015
Wed May 16 04:42:36 UTC 2018: Starting linking
Wed May 16 04:42:36 UTC 2018: Linking done for luiscoronel__JUnit2 test class org.junit.tests.running.core.JUnitCoreReturnsCorrectExitCodeTest
Wed May 16 04:42:36 UTC 2018: Found element on the queue
Wed May 16 04:42:36 UTC 2018: Updating status
Wed May 16 04:42:36 UTC 2018: Working
Wed May 16 04:42:39 UTC 2018: Start luiscoronel__JUnit2 test class org.junit.tests.experimental.theories.runner.WithUnresolvedGenericTypeVariablesOnTheoryParms
Wed May 16 04:42:39 UTC 2018: Setting lastTestMethodIndex: 62017
Wed May 16 04:42:39 UTC 2018: Starting linking
Wed May 16 04:42:39 UTC 2018: No link for: org.junit.tests.experimental.theories.runner.WithUnresolvedGenericTypeVariablesOnTheoryParms-whereTypeVariableIsOnTheoryParm
Wed May 16 04:42:40 UTC 2018: No link for: org.junit.tests.experimental.theories.runner.WithUnresolvedGenericTypeVariablesOnTheoryParms-whereTypeVariableIsOnTheTheory
Wed May 16 04:42:40 UTC 2018: None match not added in database because it already exists
Wed May 16 04:42:40 UTC 2018: No link for: org.junit.tests.experimental.theories.runner.WithUnresolvedGenericTypeVariablesOnTheoryParms-whereTypeVariableIsOnArrayTypeOnTheoryParm
Wed May 16 04:42:41 UTC 2018: No link for: org.junit.tests.experimental.theories.runner.WithUnresolvedGenericTypeVariablesOnTheoryParms-whereTypeVariableIsOnTheoryClass
Wed May 16 04:42:41 UTC 2018: No link for: org.junit.tests.experimental.theories.runner.WithUnresolvedGenericTypeVariablesOnTheoryParms-whereTypeVariablesAbound
Wed May 16 04:42:42 UTC 2018: No link for: org.junit.tests.experimental.theories.runner.WithUnresolvedGenericTypeVariablesOnTheoryParms-whereTypeVariableIsOnParameterizedTheoryParm
Wed May 16 04:42:42 UTC 2018: No link for: org.junit.tests.experimental.theories.runner.WithUnresolvedGenericTypeVariablesOnTheoryParms-whereTypeVariableIsOnComponentOfArrayTypeOnTheoryParm
Wed May 16 04:42:42 UTC 2018: No link for: org.junit.tests.experimental.theories.runner.WithUnresolvedGenericTypeVariablesOnTheoryParms-whereTypeVariableIsOnWildcardUpperBoundOnTheoryParm
Wed May 16 04:42:43 UTC 2018: No link for: org.junit.tests.experimental.theories.runner.WithUnresolvedGenericTypeVariablesOnTheoryParms-whereTypeVariableIsOnWildcardLowerBoundOnTheoryParm
Wed May 16 04:42:43 UTC 2018: Linking done for luiscoronel__JUnit2 test class org.junit.tests.experimental.theories.runner.WithUnresolvedGenericTypeVariablesOnTheoryParms
Wed May 16 04:42:44 UTC 2018: Found element on the queue
Wed May 16 04:42:44 UTC 2018: Updating status
Wed May 16 04:42:44 UTC 2018: Working
Wed May 16 04:42:46 UTC 2018: Start luiscoronel__JUnit2 test class org.junit.rules.ExpectedExceptionTest
Wed May 16 04:42:46 UTC 2018: Setting lastTestMethodIndex: 62020
Wed May 16 04:42:46 UTC 2018: Starting linking
Wed May 16 04:42:46 UTC 2018: Code found org.junit.runner.JUnitCore-run with org.junit.rules.ExpectedExceptionTest-runTestAndVerifyResult
Wed May 16 04:42:46 UTC 2018: Match not added in database because it already exists
Wed May 16 04:42:46 UTC 2018: No link for: org.junit.rules.ExpectedExceptionTest-throwsNullPointerExceptionWithMessage
Wed May 16 04:42:47 UTC 2018: No link for: org.junit.rules.ExpectedExceptionTest-doesntThrowNullPointerException
Wed May 16 04:42:47 UTC 2018: No link for: org.junit.rules.ExpectedExceptionTest-throwExceptionWithMatchingCause
Wed May 16 04:42:47 UTC 2018: No link for: org.junit.rules.ExpectedExceptionTest-throwsNullPointerException
Wed May 16 04:42:48 UTC 2018: No link for: org.junit.rules.ExpectedExceptionTest-throwsMore
Wed May 16 04:42:48 UTC 2018: No link for: org.junit.rules.ExpectedExceptionTest-fails
Wed May 16 04:42:48 UTC 2018: No link for: org.junit.rules.ExpectedExceptionTest-failedAssumption
Wed May 16 04:42:49 UTC 2018: No link for: org.junit.rules.ExpectedExceptionTest-doesntThrowAnything
Wed May 16 04:42:49 UTC 2018: No link for: org.junit.rules.ExpectedExceptionTest-throwWithCause
Wed May 16 04:42:49 UTC 2018: No link for: org.junit.rules.ExpectedExceptionTest-throwsNothing
Wed May 16 04:42:50 UTC 2018: No link for: org.junit.rules.ExpectedExceptionTest-throwExpectedNullCause
Wed May 16 04:42:50 UTC 2018: No link for: org.junit.rules.ExpectedExceptionTest-noThrow
Wed May 16 04:42:50 UTC 2018: Linking done for luiscoronel__JUnit2 test class org.junit.rules.ExpectedExceptionTest
Wed May 16 04:42:51 UTC 2018: Found element on the queue
Wed May 16 04:42:51 UTC 2018: Updating status
Wed May 16 04:42:51 UTC 2018: Working
Wed May 16 04:42:53 UTC 2018: Start luiscoronel__JUnit2 test class org.junit.tests.running.core.SystemExitTest
Wed May 16 04:42:54 UTC 2018: Setting lastTestMethodIndex: 62022
Wed May 16 04:42:54 UTC 2018: Starting linking
Wed May 16 04:42:54 UTC 2018: Linking done for luiscoronel__JUnit2 test class org.junit.tests.running.core.SystemExitTest
Wed May 16 04:42:54 UTC 2018: Found element on the queue
Wed May 16 04:42:54 UTC 2018: Updating status
Wed May 16 04:42:54 UTC 2018: Working
Wed May 16 04:42:57 UTC 2018: Start luiscoronel__JUnit2 test class org.junit.tests.experimental.theories.ParameterSignatureTest
Wed May 16 04:42:57 UTC 2018: Setting lastTestMethodIndex: 62024
Wed May 16 04:42:57 UTC 2018: Starting linking
Wed May 16 04:42:57 UTC 2018: Code found org.junit.experimental.theories.ParameterSignature-getAnnotations with org.junit.tests.experimental.theories.ParameterSignatureTest-getAnnotations
Wed May 16 04:42:57 UTC 2018: Match not added in database because it already exists
Wed May 16 04:42:57 UTC 2018: No link for: org.junit.tests.experimental.theories.ParameterSignatureTest-wrapperTypesShouldBeAcceptedAsPrimitiveTypes
Wed May 16 04:42:58 UTC 2018: None match not added in database because it already exists
Wed May 16 04:42:58 UTC 2018: No link for: org.junit.tests.experimental.theories.ParameterSignatureTest-primitiveTypesShouldBeAcceptedAsWrapperTypes
Wed May 16 04:42:58 UTC 2018: None match not added in database because it already exists
Wed May 16 04:42:58 UTC 2018: No link for: org.junit.tests.experimental.theories.ParameterSignatureTest-primitiveTypesShouldBeAcceptedAsWrapperTypeAssignables
Wed May 16 04:42:58 UTC 2018: None match not added in database because it already exists
Wed May 16 04:42:58 UTC 2018: Linking done for luiscoronel__JUnit2 test class org.junit.tests.experimental.theories.ParameterSignatureTest
Wed May 16 04:42:59 UTC 2018: Found element on the queue
Wed May 16 04:42:59 UTC 2018: Updating status
Wed May 16 04:42:59 UTC 2018: Working
Wed May 16 04:43:01 UTC 2018: Start luiscoronel__JUnit2 test class org.junit.rules.ExternalResourceRuleTest
Wed May 16 04:43:01 UTC 2018: Setting lastTestMethodIndex: 62026
Wed May 16 04:43:01 UTC 2018: Starting linking
Wed May 16 04:43:01 UTC 2018: Linking done for luiscoronel__JUnit2 test class org.junit.rules.ExternalResourceRuleTest
Wed May 16 04:43:02 UTC 2018: Found element on the queue
Wed May 16 04:43:02 UTC 2018: Updating status
Wed May 16 04:43:02 UTC 2018: Working
Wed May 16 04:43:04 UTC 2018: Start luiscoronel__JUnit2 test class org.junit.rules.MethodRulesTest
Wed May 16 04:43:04 UTC 2018: Setting lastTestMethodIndex: 62028
Wed May 16 04:43:04 UTC 2018: Starting linking
Wed May 16 04:43:04 UTC 2018: Linking done for luiscoronel__JUnit2 test class org.junit.rules.MethodRulesTest
Wed May 16 04:43:05 UTC 2018: Found element on the queue
Wed May 16 04:43:05 UTC 2018: Updating status
Wed May 16 04:43:05 UTC 2018: Working
Wed May 16 04:43:07 UTC 2018: Start luiscoronel__JUnit2 test class org.junit.tests.running.methods.AnnotationTest
Wed May 16 04:43:07 UTC 2018: Setting lastTestMethodIndex: 62030
Wed May 16 04:43:07 UTC 2018: Starting linking
Wed May 16 04:43:07 UTC 2018: Linking done for luiscoronel__JUnit2 test class org.junit.tests.running.methods.AnnotationTest
Wed May 16 04:43:07 UTC 2018: Found element on the queue
Wed May 16 04:43:07 UTC 2018: Updating status
Wed May 16 04:43:07 UTC 2018: Working
Wed May 16 04:43:10 UTC 2018: Start luiscoronel__JUnit2 test class org.junit.tests.experimental.theories.TestedOnSupplierTest
Wed May 16 04:43:10 UTC 2018: Setting lastTestMethodIndex: 62032
Wed May 16 04:43:10 UTC 2018: Starting linking
Wed May 16 04:43:10 UTC 2018: No link for: org.junit.tests.experimental.theories.TestedOnSupplierTest-descriptionStatesParameterName
Wed May 16 04:43:10 UTC 2018: None match not added in database because it already exists
Wed May 16 04:43:10 UTC 2018: Linking done for luiscoronel__JUnit2 test class org.junit.tests.experimental.theories.TestedOnSupplierTest
Wed May 16 04:43:10 UTC 2018: Found element on the queue
Wed May 16 04:43:10 UTC 2018: Updating status
Wed May 16 04:43:10 UTC 2018: Working
Wed May 16 04:43:13 UTC 2018: Start luiscoronel__JUnit2 test class org.junit.tests.running.methods.ExpectedTest
Wed May 16 04:43:13 UTC 2018: Setting lastTestMethodIndex: 62033
Wed May 16 04:43:13 UTC 2018: Starting linking
Wed May 16 04:43:13 UTC 2018: Linking done for luiscoronel__JUnit2 test class org.junit.tests.running.methods.ExpectedTest
Wed May 16 04:43:13 UTC 2018: Found element on the queue
Wed May 16 04:43:13 UTC 2018: Updating status
Wed May 16 04:43:13 UTC 2018: Working
Wed May 16 04:43:15 UTC 2018: Start luiscoronel__JUnit2 test class org.junit.tests.experimental.theories.AssumingInTheoriesTest
Wed May 16 04:43:15 UTC 2018: Setting lastTestMethodIndex: 62035
Wed May 16 04:43:15 UTC 2018: Starting linking
Wed May 16 04:43:15 UTC 2018: No link for: org.junit.tests.experimental.theories.AssumingInTheoriesTest-noTheoryAnnotationMeansAssumeShouldIgnore
Wed May 16 04:43:16 UTC 2018: None match not added in database because it already exists
Wed May 16 04:43:16 UTC 2018: No link for: org.junit.tests.experimental.theories.AssumingInTheoriesTest-theoryMeansOnlyAssumeShouldFail
Wed May 16 04:43:16 UTC 2018: None match not added in database because it already exists
Wed May 16 04:43:16 UTC 2018: Linking done for luiscoronel__JUnit2 test class org.junit.tests.experimental.theories.AssumingInTheoriesTest
Wed May 16 04:43:17 UTC 2018: Found element on the queue
Wed May 16 04:43:17 UTC 2018: Updating status
Wed May 16 04:43:17 UTC 2018: Working
Wed May 16 04:43:19 UTC 2018: Start luiscoronel__JUnit2 test class org.junit.rules.RuleChainTest
Wed May 16 04:43:19 UTC 2018: Setting lastTestMethodIndex: 62037
Wed May 16 04:43:19 UTC 2018: Starting linking
Wed May 16 04:43:19 UTC 2018: Linking done for luiscoronel__JUnit2 test class org.junit.rules.RuleChainTest
Wed May 16 04:43:19 UTC 2018: Found element on the queue
Wed May 16 04:43:19 UTC 2018: Updating status
Wed May 16 04:43:19 UTC 2018: Working
Wed May 16 04:43:22 UTC 2018: Start luiscoronel__JUnit2 test class org.junit.tests.experimental.theories.PotentialAssignmentTest
Wed May 16 04:43:22 UTC 2018: Setting lastTestMethodIndex: 62039
Wed May 16 04:43:22 UTC 2018: Starting linking
Wed May 16 04:43:22 UTC 2018: No link for: org.junit.tests.experimental.theories.PotentialAssignmentTest-shouldIncludeFailureInDescriptionIfToStringFails
Wed May 16 04:43:22 UTC 2018: None match not added in database because it already exists
Wed May 16 04:43:22 UTC 2018: No link for: org.junit.tests.experimental.theories.PotentialAssignmentTest-shouldUseQuotedValueInDescription
Wed May 16 04:43:23 UTC 2018: None match not added in database because it already exists
Wed May 16 04:43:23 UTC 2018: No link for: org.junit.tests.experimental.theories.PotentialAssignmentTest-shouldReturnGivenValue
Wed May 16 04:43:23 UTC 2018: None match not added in database because it already exists
Wed May 16 04:43:23 UTC 2018: No link for: org.junit.tests.experimental.theories.PotentialAssignmentTest-shouldNotUseQuotesForNullValueDescriptions
Wed May 16 04:43:23 UTC 2018: None match not added in database because it already exists
Wed May 16 04:43:23 UTC 2018: Linking done for luiscoronel__JUnit2 test class org.junit.tests.experimental.theories.PotentialAssignmentTest
Wed May 16 04:43:24 UTC 2018: Found element on the queue
Wed May 16 04:43:24 UTC 2018: Updating status
Wed May 16 04:43:24 UTC 2018: Working
Wed May 16 04:43:26 UTC 2018: Start luiscoronel__JUnit2 test class org.junit.rules.RuleMemberValidatorTest
Wed May 16 04:43:26 UTC 2018: Setting lastTestMethodIndex: 62041
Wed May 16 04:43:26 UTC 2018: Starting linking
Wed May 16 04:43:26 UTC 2018: No link for: org.junit.rules.RuleMemberValidatorTest-acceptStaticTestRuleThatIsAlsoClassRule
Wed May 16 04:43:26 UTC 2018: No link for: org.junit.rules.RuleMemberValidatorTest-rejectClassRuleMethodReturnsAnArbitraryObject
Wed May 16 04:43:27 UTC 2018: No link for: org.junit.rules.RuleMemberValidatorTest-methodRejectNonStaticClassRule
Wed May 16 04:43:27 UTC 2018: No link for: org.junit.rules.RuleMemberValidatorTest-rejectStaticMethodRule
Wed May 16 04:43:28 UTC 2018: No link for: org.junit.rules.RuleMemberValidatorTest-acceptMethodRule
Wed May 16 04:43:28 UTC 2018: No link for: org.junit.rules.RuleMemberValidatorTest-rejectClassRuleInNonPublicClass
Wed May 16 04:43:28 UTC 2018: No link for: org.junit.rules.RuleMemberValidatorTest-rejectStaticTestRule
Wed May 16 04:43:29 UTC 2018: No link for: org.junit.rules.RuleMemberValidatorTest-acceptNonStaticTestRule
Wed May 16 04:43:29 UTC 2018: No link for: org.junit.rules.RuleMemberValidatorTest-methodAcceptMethodRuleMethod
Wed May 16 04:43:30 UTC 2018: No link for: org.junit.rules.RuleMemberValidatorTest-rejectProtectedClassRule
Wed May 16 04:43:30 UTC 2018: None match not added in database because it already exists
Wed May 16 04:43:30 UTC 2018: No link for: org.junit.rules.RuleMemberValidatorTest-methodRejectArbitraryObjectWithRuleAnnotation
Wed May 16 04:43:30 UTC 2018: No link for: org.junit.rules.RuleMemberValidatorTest-acceptMethodStaticTestRuleThatIsAlsoClassRule
Wed May 16 04:43:31 UTC 2018: No link for: org.junit.rules.RuleMemberValidatorTest-rejectArbitraryObjectWithRuleAnnotation
Wed May 16 04:43:31 UTC 2018: No link for: org.junit.rules.RuleMemberValidatorTest-rejectClassRuleIsAnArbitraryObject
Wed May 16 04:43:31 UTC 2018: No link for: org.junit.rules.RuleMemberValidatorTest-methodRejectProtectedClassRule
Wed May 16 04:43:32 UTC 2018: No link for: org.junit.rules.RuleMemberValidatorTest-rejectNonStaticClassRule
Wed May 16 04:43:32 UTC 2018: No link for: org.junit.rules.RuleMemberValidatorTest-rejectClassRuleThatIsImplemetationOfMethodRule
Wed May 16 04:43:32 UTC 2018: No link for: org.junit.rules.RuleMemberValidatorTest-rejectClassRuleThatReturnsImplementationOfMethodRule
Wed May 16 04:43:33 UTC 2018: No link for: org.junit.rules.RuleMemberValidatorTest-rejectMethodStaticTestRule
Wed May 16 04:43:33 UTC 2018: No link for: org.junit.rules.RuleMemberValidatorTest-rejectMethodStaticMethodRule
Wed May 16 04:43:33 UTC 2018: No link for: org.junit.rules.RuleMemberValidatorTest-acceptMethodNonStaticTestRule
Wed May 16 04:43:34 UTC 2018: Linking done for luiscoronel__JUnit2 test class org.junit.rules.RuleMemberValidatorTest
Wed May 16 04:43:34 UTC 2018: Found element on the queue
Wed May 16 04:43:34 UTC 2018: Updating status
Wed May 16 04:43:34 UTC 2018: Working
Wed May 16 04:43:36 UTC 2018: Start luiscoronel__JUnit2 test class org.junit.tests.running.methods.InheritedTestTest
Wed May 16 04:43:36 UTC 2018: Setting lastTestMethodIndex: 62045
Wed May 16 04:43:36 UTC 2018: Starting linking
Wed May 16 04:43:36 UTC 2018: Linking done for luiscoronel__JUnit2 test class org.junit.tests.running.methods.InheritedTestTest
Wed May 16 04:43:37 UTC 2018: Found element on the queue
Wed May 16 04:43:37 UTC 2018: Updating status
Wed May 16 04:43:37 UTC 2018: Working
Wed May 16 04:43:39 UTC 2018: Start luiscoronel__JUnit2 test class org.junit.tests.experimental.AssumptionTest
Wed May 16 04:43:39 UTC 2018: Setting lastTestMethodIndex: 62047
Wed May 16 04:43:39 UTC 2018: Starting linking
Wed May 16 04:43:39 UTC 2018: Linking done for luiscoronel__JUnit2 test class org.junit.tests.experimental.AssumptionTest
Wed May 16 04:43:40 UTC 2018: Found element on the queue
Wed May 16 04:43:40 UTC 2018: Updating status
Wed May 16 04:43:40 UTC 2018: Working
Wed May 16 04:43:42 UTC 2018: Start luiscoronel__JUnit2 test class org.junit.tests.running.methods.ParameterizedTestMethodTest
Wed May 16 04:43:42 UTC 2018: Setting lastTestMethodIndex: 62049
Wed May 16 04:43:42 UTC 2018: Starting linking
Wed May 16 04:43:42 UTC 2018: Linking done for luiscoronel__JUnit2 test class org.junit.tests.running.methods.ParameterizedTestMethodTest
Wed May 16 04:43:43 UTC 2018: Found element on the queue
Wed May 16 04:43:43 UTC 2018: Updating status
Wed May 16 04:43:43 UTC 2018: Working
Wed May 16 04:43:45 UTC 2018: Start luiscoronel__JUnit2 test class org.junit.tests.experimental.MatcherTest
Wed May 16 04:43:45 UTC 2018: Setting lastTestMethodIndex: 62051
Wed May 16 04:43:45 UTC 2018: Starting linking
Wed May 16 04:43:45 UTC 2018: Linking done for luiscoronel__JUnit2 test class org.junit.tests.experimental.MatcherTest
Wed May 16 04:43:45 UTC 2018: Found element on the queue
Wed May 16 04:43:45 UTC 2018: Updating status
Wed May 16 04:43:45 UTC 2018: Working
Wed May 16 04:43:48 UTC 2018: Start luiscoronel__JUnit2 test class org.junit.rules.StopwatchTest
Wed May 16 04:43:48 UTC 2018: Setting lastTestMethodIndex: 62052
Wed May 16 04:43:48 UTC 2018: Starting linking
Wed May 16 04:43:48 UTC 2018: Linking done for luiscoronel__JUnit2 test class org.junit.rules.StopwatchTest
Wed May 16 04:43:48 UTC 2018: Found element on the queue
Wed May 16 04:43:48 UTC 2018: Updating status
Wed May 16 04:43:48 UTC 2018: Working
Wed May 16 04:43:50 UTC 2018: Start luiscoronel__JUnit2 test class org.junit.tests.experimental.theories.extendingwithstubs.StubbedTheoriesTest
Wed May 16 04:43:50 UTC 2018: Setting lastTestMethodIndex: 62054
Wed May 16 04:43:50 UTC 2018: Starting linking
Wed May 16 04:43:50 UTC 2018: Linking done for luiscoronel__JUnit2 test class org.junit.tests.experimental.theories.extendingwithstubs.StubbedTheoriesTest
Wed May 16 04:43:51 UTC 2018: Found element on the queue
Wed May 16 04:43:51 UTC 2018: Updating status
Wed May 16 04:43:51 UTC 2018: Working
Wed May 16 04:43:53 UTC 2018: Start luiscoronel__JUnit2 test class org.junit.tests.running.methods.TestMethodTest
Wed May 16 04:43:53 UTC 2018: Setting lastTestMethodIndex: 62056
Wed May 16 04:43:53 UTC 2018: Starting linking
Wed May 16 04:43:53 UTC 2018: Linking done for luiscoronel__JUnit2 test class org.junit.tests.running.methods.TestMethodTest
Wed May 16 04:43:54 UTC 2018: Found element on the queue
Wed May 16 04:43:54 UTC 2018: Updating status
Wed May 16 04:43:54 UTC 2018: Working
Wed May 16 04:43:56 UTC 2018: Start luiscoronel__JUnit2 test class org.junit.rules.TempFolderRuleTest
Wed May 16 04:43:56 UTC 2018: Setting lastTestMethodIndex: 62058
Wed May 16 04:43:56 UTC 2018: Starting linking
Wed May 16 04:43:56 UTC 2018: Linking done for luiscoronel__JUnit2 test class org.junit.rules.TempFolderRuleTest
Wed May 16 04:43:56 UTC 2018: Found element on the queue
Wed May 16 04:43:56 UTC 2018: Updating status
Wed May 16 04:43:56 UTC 2018: Working
Wed May 16 04:43:59 UTC 2018: Start luiscoronel__JUnit2 test class org.junit.internal.builders.AnnotatedBuilderTest
Wed May 16 04:43:59 UTC 2018: Setting lastTestMethodIndex: 62059
Wed May 16 04:43:59 UTC 2018: Starting linking
Wed May 16 04:43:59 UTC 2018: No link for: org.junit.internal.builders.AnnotatedBuilderTest-test
Wed May 16 04:43:59 UTC 2018: No link for: org.junit.internal.builders.AnnotatedBuilderTest-topLevelTestClassWithAnnotation_isRunWithAnnotatedRunner
Wed May 16 04:43:59 UTC 2018: None match not added in database because it already exists
Wed May 16 04:43:59 UTC 2018: No link for: org.junit.internal.builders.AnnotatedBuilderTest-topLevelTestClassWithoutAnnotation_isRunWithDefaultRunner
Wed May 16 04:44:00 UTC 2018: None match not added in database because it already exists
Wed May 16 04:44:00 UTC 2018: No link for: org.junit.internal.builders.AnnotatedBuilderTest-memberClassDeepInsideAnnotatedTopLevelClass_isRunWithTopLevelRunner
Wed May 16 04:44:00 UTC 2018: None match not added in database because it already exists
Wed May 16 04:44:00 UTC 2018: No link for: org.junit.internal.builders.AnnotatedBuilderTest-annotatedMemberClassInsideAnnotatedTopLevelClass_isRunWithOwnRunner
Wed May 16 04:44:01 UTC 2018: None match not added in database because it already exists
Wed May 16 04:44:01 UTC 2018: No link for: org.junit.internal.builders.AnnotatedBuilderTest-memberClassDeepInsideAnnotatedMemberClass_isRunWithParentMemberClassRunner
Wed May 16 04:44:01 UTC 2018: None match not added in database because it already exists
Wed May 16 04:44:01 UTC 2018: No link for: org.junit.internal.builders.AnnotatedBuilderTest-memberClassInsideAnnotatedTopLevelClass_isRunWithTopLevelRunner
Wed May 16 04:44:01 UTC 2018: None match not added in database because it already exists
Wed May 16 04:44:01 UTC 2018: Linking done for luiscoronel__JUnit2 test class org.junit.internal.builders.AnnotatedBuilderTest
Wed May 16 04:44:02 UTC 2018: Found element on the queue
Wed May 16 04:44:02 UTC 2018: Updating status
Wed May 16 04:44:02 UTC 2018: Working
Wed May 16 04:44:04 UTC 2018: Start luiscoronel__JUnit2 test class org.junit.samples.ListTest
Wed May 16 04:44:04 UTC 2018: Setting lastTestMethodIndex: 62062
Wed May 16 04:44:04 UTC 2018: Starting linking
Wed May 16 04:44:04 UTC 2018: No link for: org.junit.samples.ListTest-removeAll
Wed May 16 04:44:04 UTC 2018: None match not added in database because it already exists
Wed May 16 04:44:04 UTC 2018: No link for: org.junit.samples.ListTest-testCopy
Wed May 16 04:44:05 UTC 2018: None match not added in database because it already exists
Wed May 16 04:44:05 UTC 2018: No link for: org.junit.samples.ListTest-elementAt
Wed May 16 04:44:05 UTC 2018: None match not added in database because it already exists
Wed May 16 04:44:05 UTC 2018: No link for: org.junit.samples.ListTest-capacity
Wed May 16 04:44:05 UTC 2018: None match not added in database because it already exists
Wed May 16 04:44:05 UTC 2018: No link for: org.junit.samples.ListTest-contains
Wed May 16 04:44:06 UTC 2018: None match not added in database because it already exists
Wed May 16 04:44:06 UTC 2018: No link for: org.junit.samples.ListTest-removeElement
Wed May 16 04:44:06 UTC 2018: None match not added in database because it already exists
Wed May 16 04:44:06 UTC 2018: Linking done for luiscoronel__JUnit2 test class org.junit.samples.ListTest
Wed May 16 04:44:06 UTC 2018: Found element on the queue
Wed May 16 04:44:06 UTC 2018: Updating status
Wed May 16 04:44:06 UTC 2018: Working
Wed May 16 04:44:09 UTC 2018: Start luiscoronel__JUnit2 test class org.junit.internal.ChecksTest
Wed May 16 04:44:09 UTC 2018: Setting lastTestMethodIndex: 62065
Wed May 16 04:44:09 UTC 2018: Starting linking
Wed May 16 04:44:09 UTC 2018: Code found org.junit.internal.Checks-notNull with org.junit.internal.ChecksTest-notNullWithNullMessageShouldThrowOnNullValues
Wed May 16 04:44:09 UTC 2018: Match not added in database because it already exists
Wed May 16 04:44:09 UTC 2018: Code found org.junit.internal.Checks-notNull with org.junit.internal.ChecksTest-notNullShouldThrowOnNullValues
Wed May 16 04:44:09 UTC 2018: Match not added in database because it already exists
Wed May 16 04:44:09 UTC 2018: Code found org.junit.internal.Checks-notNull with org.junit.internal.ChecksTest-notNullShouldReturnNonNullValues
Wed May 16 04:44:10 UTC 2018: Match not added in database because it already exists
Wed May 16 04:44:10 UTC 2018: Code found org.junit.internal.Checks-notNull with org.junit.internal.ChecksTest-notNullWithMessageShouldReturnNonNullValues
Wed May 16 04:44:10 UTC 2018: Match not added in database because it already exists
Wed May 16 04:44:10 UTC 2018: Code found org.junit.internal.Checks-notNull with org.junit.internal.ChecksTest-notNullWithMessageShouldThrowOnNullValues
Wed May 16 04:44:11 UTC 2018: Match not added in database because it already exists
Wed May 16 04:44:11 UTC 2018: Linking done for luiscoronel__JUnit2 test class org.junit.internal.ChecksTest
Wed May 16 04:44:11 UTC 2018: Found element on the queue
Wed May 16 04:44:11 UTC 2018: Updating status
Wed May 16 04:44:11 UTC 2018: Working
Wed May 16 04:44:13 UTC 2018: Start luiscoronel__JUnit2 test class org.junit.rules.TemporaryFolderRuleAssuredDeletionTest
Wed May 16 04:44:13 UTC 2018: Setting lastTestMethodIndex: 62067
Wed May 16 04:44:13 UTC 2018: Starting linking
Wed May 16 04:44:13 UTC 2018: Linking done for luiscoronel__JUnit2 test class org.junit.rules.TemporaryFolderRuleAssuredDeletionTest
Wed May 16 04:44:14 UTC 2018: Found element on the queue
Wed May 16 04:44:14 UTC 2018: Updating status
Wed May 16 04:44:14 UTC 2018: Working
Wed May 16 04:44:16 UTC 2018: Start luiscoronel__JUnit2 test class org.junit.samples.money.MoneyTest
Wed May 16 04:44:16 UTC 2018: Setting lastTestMethodIndex: 62069
Wed May 16 04:44:16 UTC 2018: Starting linking
Wed May 16 04:44:16 UTC 2018: Code found junit.samples.money.Money-add with org.junit.samples.money.MoneyTest-testSimpleBagAdd
Wed May 16 04:44:16 UTC 2018: Match not added in database because it already exists
Wed May 16 04:44:16 UTC 2018: Code found junit.samples.money.Money-negate with org.junit.samples.money.MoneyTest-testSimpleNegate
Wed May 16 04:44:17 UTC 2018: Match not added in database because it already exists
Wed May 16 04:44:17 UTC 2018: Code found junit.samples.money.Money-multiply with org.junit.samples.money.MoneyTest-testSimpleMultiply
Wed May 16 04:44:17 UTC 2018: Match not added in database because it already exists
Wed May 16 04:44:17 UTC 2018: Code found junit.samples.money.Money-equals with org.junit.samples.money.MoneyTest-testMoneyBagEquals
Wed May 16 04:44:18 UTC 2018: Match not added in database because it already exists
Wed May 16 04:44:18 UTC 2018: Code found junit.samples.money.Money-equals with org.junit.samples.money.MoneyTest-testMoneyEquals
Wed May 16 04:44:18 UTC 2018: Match not added in database because it already exists
Wed May 16 04:44:18 UTC 2018: Code found junit.samples.money.Money-add with org.junit.samples.money.MoneyTest-testSimpleAdd
Wed May 16 04:44:18 UTC 2018: Match not added in database because it already exists
Wed May 16 04:44:18 UTC 2018: Code found junit.samples.money.Money-add with org.junit.samples.money.MoneyTest-testMixedSimpleAdd
Wed May 16 04:44:19 UTC 2018: Match not added in database because it already exists
Wed May 16 04:44:19 UTC 2018: Code found junit.samples.money.Money-subtract with org.junit.samples.money.MoneyTest-testSimpleSubtract
Wed May 16 04:44:19 UTC 2018: Match not added in database because it already exists
Wed May 16 04:44:19 UTC 2018: No link for: org.junit.samples.money.MoneyTest-testBagSimpleAdd
Wed May 16 04:44:19 UTC 2018: None match not added in database because it already exists
Wed May 16 04:44:19 UTC 2018: No link for: org.junit.samples.money.MoneyTest-testMoneyBagHash
Wed May 16 04:44:20 UTC 2018: None match not added in database because it already exists
Wed May 16 04:44:20 UTC 2018: No link for: org.junit.samples.money.MoneyTest-testMoneyHash
Wed May 16 04:44:20 UTC 2018: None match not added in database because it already exists
Wed May 16 04:44:20 UTC 2018: No link for: org.junit.samples.money.MoneyTest-testBagSumAdd
Wed May 16 04:44:20 UTC 2018: None match not added in database because it already exists
Wed May 16 04:44:20 UTC 2018: No link for: org.junit.samples.money.MoneyTest-testBagNotEquals
Wed May 16 04:44:21 UTC 2018: None match not added in database because it already exists
Wed May 16 04:44:21 UTC 2018: No link for: org.junit.samples.money.MoneyTest-zeroMoniesAreEqualRegardlessOfCurrency
Wed May 16 04:44:21 UTC 2018: None match not added in database because it already exists
Wed May 16 04:44:21 UTC 2018: No link for: org.junit.samples.money.MoneyTest-testIsZero
Wed May 16 04:44:21 UTC 2018: None match not added in database because it already exists
Wed May 16 04:44:21 UTC 2018: No link for: org.junit.samples.money.MoneyTest-testSimplify
Wed May 16 04:44:22 UTC 2018: None match not added in database because it already exists
Wed May 16 04:44:22 UTC 2018: No link for: org.junit.samples.money.MoneyTest-testNormalize2
Wed May 16 04:44:22 UTC 2018: None match not added in database because it already exists
Wed May 16 04:44:22 UTC 2018: No link for: org.junit.samples.money.MoneyTest-testNormalize3
Wed May 16 04:44:22 UTC 2018: None match not added in database because it already exists
Wed May 16 04:44:22 UTC 2018: No link for: org.junit.samples.money.MoneyTest-testNormalize4
Wed May 16 04:44:23 UTC 2018: None match not added in database because it already exists
Wed May 16 04:44:23 UTC 2018: No link for: org.junit.samples.money.MoneyTest-testBagMultiply
Wed May 16 04:44:23 UTC 2018: None match not added in database because it already exists
Wed May 16 04:44:23 UTC 2018: No link for: org.junit.samples.money.MoneyTest-testBagNegate
Wed May 16 04:44:23 UTC 2018: None match not added in database because it already exists
Wed May 16 04:44:23 UTC 2018: No link for: org.junit.samples.money.MoneyTest-testBagSubtract
Wed May 16 04:44:24 UTC 2018: None match not added in database because it already exists
Wed May 16 04:44:24 UTC 2018: No link for: org.junit.samples.money.MoneyTest-testPrint
Wed May 16 04:44:24 UTC 2018: None match not added in database because it already exists
Wed May 16 04:44:24 UTC 2018: Linking done for luiscoronel__JUnit2 test class org.junit.samples.money.MoneyTest
Wed May 16 04:44:25 UTC 2018: Found element on the queue
Wed May 16 04:44:25 UTC 2018: Updating status
Wed May 16 04:44:25 UTC 2018: Working
Wed May 16 04:44:27 UTC 2018: Start luiscoronel__JUnit2 test class org.junit.internal.runners.ErrorReportingRunnerTest
Wed May 16 04:44:27 UTC 2018: Setting lastTestMethodIndex: 62073
Wed May 16 04:44:27 UTC 2018: Starting linking
Wed May 16 04:44:27 UTC 2018: No link for: org.junit.internal.runners.ErrorReportingRunnerTest-cannotCreateWithoutClass
Wed May 16 04:44:27 UTC 2018: None match not added in database because it already exists
Wed May 16 04:44:27 UTC 2018: No link for: org.junit.internal.runners.ErrorReportingRunnerTest-cannotCreateWithNullClass
Wed May 16 04:44:28 UTC 2018: None match not added in database because it already exists
Wed May 16 04:44:28 UTC 2018: No link for: org.junit.internal.runners.ErrorReportingRunnerTest-cannotCreateWithNullClass2
Wed May 16 04:44:28 UTC 2018: None match not added in database because it already exists
Wed May 16 04:44:28 UTC 2018: No link for: org.junit.internal.runners.ErrorReportingRunnerTest-testMethodReturningString
Wed May 16 04:44:28 UTC 2018: No link for: org.junit.internal.runners.ErrorReportingRunnerTest-givenInvalidTestClassErrorAsCause
Wed May 16 04:44:29 UTC 2018: None match not added in database because it already exists
Wed May 16 04:44:29 UTC 2018: No link for: org.junit.internal.runners.ErrorReportingRunnerTest-cannotCreateWithNullClasses
Wed May 16 04:44:29 UTC 2018: None match not added in database because it already exists
Wed May 16 04:44:29 UTC 2018: No link for: org.junit.internal.runners.ErrorReportingRunnerTest-givenInvalidTestClass_integrationTest
Wed May 16 04:44:30 UTC 2018: None match not added in database because it already exists
Wed May 16 04:44:30 UTC 2018: Linking done for luiscoronel__JUnit2 test class org.junit.internal.runners.ErrorReportingRunnerTest
Wed May 16 04:44:30 UTC 2018: Found element on the queue
Wed May 16 04:44:30 UTC 2018: Updating status
Wed May 16 04:44:30 UTC 2018: Working
Wed May 16 04:44:32 UTC 2018: Start luiscoronel__JUnit2 test class org.junit.tests.validation.BadlyFormedClassesTest
Wed May 16 04:44:32 UTC 2018: Setting lastTestMethodIndex: 62076
Wed May 16 04:44:32 UTC 2018: Starting linking
Wed May 16 04:44:32 UTC 2018: Linking done for luiscoronel__JUnit2 test class org.junit.tests.validation.BadlyFormedClassesTest
Wed May 16 04:44:33 UTC 2018: Found element on the queue
Wed May 16 04:44:33 UTC 2018: Updating status
Wed May 16 04:44:33 UTC 2018: Working
Wed May 16 04:44:35 UTC 2018: Start luiscoronel__JUnit2 test class org.junit.rules.TemporaryFolderUsageTest
Wed May 16 04:44:35 UTC 2018: Setting lastTestMethodIndex: 62077
Wed May 16 04:44:35 UTC 2018: Starting linking
Wed May 16 04:44:35 UTC 2018: No code found org.junit.rules.TemporaryFolder-delete with org.junit.rules.TemporaryFolderUsageTest-deleteRemovesRootFolder
Wed May 16 04:44:35 UTC 2018: No code found org.junit.rules.TemporaryFolder-getRoot with org.junit.rules.TemporaryFolderUsageTest-getRootShouldThrowIllegalStateExceptionIfCreateWasNotInvoked
Wed May 16 04:44:36 UTC 2018: No code found org.junit.rules.TemporaryFolder-newFolder with org.junit.rules.TemporaryFolderUsageTest-newFolderWithGivenFolderThrowsIOExceptionIfFolderExists
Wed May 16 04:44:36 UTC 2018: No code found org.junit.rules.TemporaryFolder-newFolder with org.junit.rules.TemporaryFolderUsageTest-newFolderWithPathContainingForwardSlashCreatesDirectories
Wed May 16 04:44:36 UTC 2018: No code found org.junit.rules.TemporaryFolder-newFile with org.junit.rules.TemporaryFolderUsageTest-newFileThrowsIllegalStateExceptionIfCreateWasNotInvoked
Wed May 16 04:44:37 UTC 2018: No code found org.junit.rules.TemporaryFolder-create with org.junit.rules.TemporaryFolderUsageTest-newRandomFolderIsCreatedUnderRootFolder
Wed May 16 04:44:37 UTC 2018: No code found org.junit.rules.TemporaryFolder-newFile with org.junit.rules.TemporaryFolderUsageTest-newFileWithGivenFilenameThrowsIOExceptionIfFileExists
Wed May 16 04:44:37 UTC 2018: No code found org.junit.rules.TemporaryFolder-create with org.junit.rules.TemporaryFolderUsageTest-newNamedFileIsCreatedUnderRootFolder
Wed May 16 04:44:38 UTC 2018: No code found org.junit.rules.TemporaryFolder-create with org.junit.rules.TemporaryFolderUsageTest-newNestedFoldersCreatedUnderRootFolder
Wed May 16 04:44:38 UTC 2018: No code found org.junit.rules.TemporaryFolder-newFolder with org.junit.rules.TemporaryFolderUsageTest-newFolderWithGivenFolderThrowsIOExceptionIfFileExists
Wed May 16 04:44:38 UTC 2018: No code found org.junit.rules.TemporaryFolder-newFolder with org.junit.rules.TemporaryFolderUsageTest-newFolderWithGivenPathThrowsIOExceptionIfFolderExists
Wed May 16 04:44:39 UTC 2018: No code found org.junit.rules.TemporaryFolder-newFolder with org.junit.rules.TemporaryFolderUsageTest-newFolderWithPathsContainingForwardSlashCreatesFullPath
Wed May 16 04:44:39 UTC 2018: No code found org.junit.rules.TemporaryFolder-delete with org.junit.rules.TemporaryFolderUsageTest-deleteShouldDoNothingIfRootFolderWasNotInitialized
Wed May 16 04:44:39 UTC 2018: No code found org.junit.rules.TemporaryFolder-newFolder with org.junit.rules.TemporaryFolderUsageTest-newFolderWithPathStartingWithFileSeparatorThrowsIOException
Wed May 16 04:44:40 UTC 2018: No code found org.junit.rules.TemporaryFolder-newFolder with org.junit.rules.TemporaryFolderUsageTest-newFolderWithGivenPathThrowsIllegalStateExceptionIfCreateWasNotInvoked
Wed May 16 04:44:40 UTC 2018: No code found org.junit.rules.TemporaryFolder-newFolder with org.junit.rules.TemporaryFolderUsageTest-newFolderThrowsIllegalStateExceptionIfCreateWasNotInvoked
Wed May 16 04:44:40 UTC 2018: No code found org.junit.rules.TemporaryFolder-newFolder with org.junit.rules.TemporaryFolderUsageTest-newFolderWithPathsContainingFileSeparatorCreatesFullPath
Wed May 16 04:44:41 UTC 2018: No code found org.junit.rules.TemporaryFolder-create with org.junit.rules.TemporaryFolderUsageTest-newRandomFileIsCreatedUnderRootFolder
Wed May 16 04:44:41 UTC 2018: No code found org.junit.rules.TemporaryFolder-create with org.junit.rules.TemporaryFolderUsageTest-createInitializesRootFolder
Wed May 16 04:44:41 UTC 2018: No code found org.junit.rules.TemporaryFolder-newFolder with org.junit.rules.TemporaryFolderUsageTest-newFolderWithPathContainingFileSeparaterCreatesDirectories
Wed May 16 04:44:41 UTC 2018: No code found org.junit.rules.TemporaryFolder-newFolder with org.junit.rules.TemporaryFolderUsageTest-newFolderWithGivenEmptyArrayThrowsIllegalArgumentException
Wed May 16 04:44:42 UTC 2018: No code found org.junit.rules.TemporaryFolder-newFile with org.junit.rules.TemporaryFolderUsageTest-newFileWithGivenNameThrowsIllegalStateExceptionIfCreateWasNotInvoked
Wed May 16 04:44:42 UTC 2018: No link for: org.junit.rules.TemporaryFolderUsageTest-canSetTheBaseFileForATemporaryFolder
Wed May 16 04:44:42 UTC 2018: None match not added in database because it already exists
Wed May 16 04:44:42 UTC 2018: Linking done for luiscoronel__JUnit2 test class org.junit.rules.TemporaryFolderUsageTest
Wed May 16 04:44:43 UTC 2018: Found element on the queue
Wed May 16 04:44:43 UTC 2018: Updating status
Wed May 16 04:44:43 UTC 2018: Working
Wed May 16 04:44:45 UTC 2018: Start luiscoronel__JUnit2 test class org.junit.tests.validation.FailedConstructionTest
Wed May 16 04:44:45 UTC 2018: Setting lastTestMethodIndex: 62079
Wed May 16 04:44:45 UTC 2018: Starting linking
Wed May 16 04:44:45 UTC 2018: Linking done for luiscoronel__JUnit2 test class org.junit.tests.validation.FailedConstructionTest
Wed May 16 04:44:46 UTC 2018: Found element on the queue
Wed May 16 04:44:46 UTC 2018: Updating status
Wed May 16 04:44:46 UTC 2018: Working
Wed May 16 04:44:48 UTC 2018: Start luiscoronel__JUnit2 test class org.junit.internal.runners.statements.ExpectExceptionTest
Wed May 16 04:44:48 UTC 2018: Setting lastTestMethodIndex: 62081
Wed May 16 04:44:48 UTC 2018: Starting linking
Wed May 16 04:44:48 UTC 2018: Code found org.junit.Assert-fail with org.junit.internal.runners.statements.ExpectExceptionTest-whenExpectingAssumptionViolatedExceptionStatementsThrowingDifferentExceptionShouldFail
Wed May 16 04:44:49 UTC 2018: Match not added in database because it already exists
Wed May 16 04:44:49 UTC 2018: Code found org.junit.Assert-fail with org.junit.internal.runners.statements.ExpectExceptionTest-whenExpectingAssumptionViolatedExceptionStatementsPassingShouldFail
Wed May 16 04:44:49 UTC 2018: Match not added in database because it already exists
Wed May 16 04:44:49 UTC 2018: No link for: org.junit.internal.runners.statements.ExpectExceptionTest-whenExpectingAssumptionViolatedExceptionStatementsThrowingItShouldPass
Wed May 16 04:44:49 UTC 2018: None match not added in database because it already exists
Wed May 16 04:44:49 UTC 2018: No link for: org.junit.internal.runners.statements.ExpectExceptionTest-whenExpectingAssumptionViolatedExceptionStatementsThrowingSubclassShouldPass
Wed May 16 04:44:49 UTC 2018: None match not added in database because it already exists
Wed May 16 04:44:49 UTC 2018: Linking done for luiscoronel__JUnit2 test class org.junit.internal.runners.statements.ExpectExceptionTest
Wed May 16 04:44:50 UTC 2018: Found element on the queue
Wed May 16 04:44:50 UTC 2018: Updating status
Wed May 16 04:44:50 UTC 2018: Working
Wed May 16 04:44:52 UTC 2018: Start luiscoronel__JUnit2 test class org.junit.rules.TestRuleTest
Wed May 16 04:44:52 UTC 2018: Setting lastTestMethodIndex: 62083
Wed May 16 04:44:52 UTC 2018: Starting linking
Wed May 16 04:44:52 UTC 2018: Linking done for luiscoronel__JUnit2 test class org.junit.rules.TestRuleTest
Wed May 16 04:44:53 UTC 2018: Found element on the queue
Wed May 16 04:44:53 UTC 2018: Updating status
Wed May 16 04:44:53 UTC 2018: Working
Wed May 16 04:44:55 UTC 2018: Start luiscoronel__JUnit2 test class org.junit.internal.runners.statements.FailOnTimeoutTest
Wed May 16 04:44:55 UTC 2018: Setting lastTestMethodIndex: 62084
Wed May 16 04:44:55 UTC 2018: Starting linking
Wed May 16 04:44:55 UTC 2018: No link for: org.junit.internal.runners.statements.FailOnTimeoutTest-throwTimeoutExceptionOnSecondCallAlthoughFirstCallThrowsException
Wed May 16 04:44:55 UTC 2018: None match not added in database because it already exists
Wed May 16 04:44:55 UTC 2018: No link for: org.junit.internal.runners.statements.FailOnTimeoutTest-stackTraceContainsRealCauseOfTimeout
Wed May 16 04:44:56 UTC 2018: No link for: org.junit.internal.runners.statements.FailOnTimeoutTest-sendUpExceptionThrownByStatement
Wed May 16 04:44:56 UTC 2018: None match not added in database because it already exists
Wed May 16 04:44:56 UTC 2018: No link for: org.junit.internal.runners.statements.FailOnTimeoutTest-throwsTestTimedOutException
Wed May 16 04:44:56 UTC 2018: None match not added in database because it already exists
Wed May 16 04:44:56 UTC 2018: No link for: org.junit.internal.runners.statements.FailOnTimeoutTest-stopEndlessStatement
Wed May 16 04:44:57 UTC 2018: No link for: org.junit.internal.runners.statements.FailOnTimeoutTest-throwExceptionIfTheSecondCallToEvaluateNeedsTooMuchTime
Wed May 16 04:44:57 UTC 2018: None match not added in database because it already exists
Wed May 16 04:44:57 UTC 2018: No link for: org.junit.internal.runners.statements.FailOnTimeoutTest-throwsExceptionWithTimeoutValueAndTimeUnitSet
Wed May 16 04:44:57 UTC 2018: None match not added in database because it already exists
Wed May 16 04:44:57 UTC 2018: No link for: org.junit.internal.runners.statements.FailOnTimeoutTest-throwExceptionWithNiceMessageOnTimeout
Wed May 16 04:44:58 UTC 2018: None match not added in database because it already exists
Wed May 16 04:44:58 UTC 2018: Linking done for luiscoronel__JUnit2 test class org.junit.internal.runners.statements.FailOnTimeoutTest
Wed May 16 04:44:58 UTC 2018: Found element on the queue
Wed May 16 04:44:58 UTC 2018: Updating status
Wed May 16 04:44:58 UTC 2018: Working
Wed May 16 04:45:00 UTC 2018: Start luiscoronel__JUnit2 test class org.junit.tests.validation.ValidationTest
Wed May 16 04:45:00 UTC 2018: Setting lastTestMethodIndex: 62087
Wed May 16 04:45:00 UTC 2018: Starting linking
Wed May 16 04:45:00 UTC 2018: Linking done for luiscoronel__JUnit2 test class org.junit.tests.validation.ValidationTest
Wed May 16 04:45:01 UTC 2018: Found element on the queue
Wed May 16 04:45:01 UTC 2018: Updating status
Wed May 16 04:45:01 UTC 2018: Working
Wed May 16 04:45:03 UTC 2018: Start luiscoronel__JUnit2 test class org.junit.internal.MethodSorterTest
Wed May 16 04:45:03 UTC 2018: Setting lastTestMethodIndex: 62089
Wed May 16 04:45:03 UTC 2018: Starting linking
Wed May 16 04:45:03 UTC 2018: Linking done for luiscoronel__JUnit2 test class org.junit.internal.MethodSorterTest
Wed May 16 04:45:04 UTC 2018: Found element on the queue
Wed May 16 04:45:04 UTC 2018: Updating status
Wed May 16 04:45:04 UTC 2018: Working
Wed May 16 04:45:06 UTC 2018: Start luiscoronel__JUnit2 test class org.junit.validator.AnnotationsValidatorTest
Wed May 16 04:45:06 UTC 2018: Setting lastTestMethodIndex: 62090
Wed May 16 04:45:06 UTC 2018: Starting linking
Wed May 16 04:45:06 UTC 2018: Linking done for luiscoronel__JUnit2 test class org.junit.validator.AnnotationsValidatorTest
Wed May 16 04:45:06 UTC 2018: Found element on the queue
Wed May 16 04:45:06 UTC 2018: Updating status
Wed May 16 04:45:06 UTC 2018: Working
Wed May 16 04:45:09 UTC 2018: Start luiscoronel__JUnit2 test class org.junit.internal.matchers.StacktracePrintingMatcherTest
Wed May 16 04:45:09 UTC 2018: Setting lastTestMethodIndex: 62092
Wed May 16 04:45:09 UTC 2018: Starting linking
Wed May 16 04:45:09 UTC 2018: Code found org.junit.Assert-assertThat with org.junit.internal.matchers.StacktracePrintingMatcherTest-assertThatIncludesStacktrace
Wed May 16 04:45:09 UTC 2018: Match not added in database because it already exists
Wed May 16 04:45:09 UTC 2018: No link for: org.junit.internal.matchers.StacktracePrintingMatcherTest-failsWhenInnerMatcherFails
Wed May 16 04:45:09 UTC 2018: None match not added in database because it already exists
Wed May 16 04:45:09 UTC 2018: No link for: org.junit.internal.matchers.StacktracePrintingMatcherTest-succeedsWhenInnerMatcherSucceeds
Wed May 16 04:45:10 UTC 2018: None match not added in database because it already exists
Wed May 16 04:45:10 UTC 2018: Linking done for luiscoronel__JUnit2 test class org.junit.internal.matchers.StacktracePrintingMatcherTest
Wed May 16 04:45:10 UTC 2018: Found element on the queue
Wed May 16 04:45:10 UTC 2018: Updating status
Wed May 16 04:45:10 UTC 2018: Working
Wed May 16 04:45:13 UTC 2018: Start luiscoronel__JUnit2 test class org.junit.internal.StackTracesTest
Wed May 16 04:45:13 UTC 2018: Setting lastTestMethodIndex: 62094
Wed May 16 04:45:13 UTC 2018: Starting linking
Wed May 16 04:45:13 UTC 2018: No link for: org.junit.internal.StackTracesTest-getTrimmedStackWithSuppressedExceptions
Wed May 16 04:45:13 UTC 2018: None match not added in database because it already exists
Wed May 16 04:45:13 UTC 2018: No link for: org.junit.internal.StackTracesTest-getTrimmedStackForJUnit4TestFailingInBeforeMethod
Wed May 16 04:45:13 UTC 2018: None match not added in database because it already exists
Wed May 16 04:45:13 UTC 2018: No link for: org.junit.internal.StackTracesTest-getTrimmedStackForJUnit4TestFailingInMethodRule
Wed May 16 04:45:14 UTC 2018: None match not added in database because it already exists
Wed May 16 04:45:14 UTC 2018: No link for: org.junit.internal.StackTracesTest-getTrimmedStackForJUnit3TestFailingInSetupMethod
Wed May 16 04:45:14 UTC 2018: None match not added in database because it already exists
Wed May 16 04:45:14 UTC 2018: No link for: org.junit.internal.StackTracesTest-alwaysThrows
Wed May 16 04:45:14 UTC 2018: No link for: org.junit.internal.StackTracesTest-alwaysPasses
Wed May 16 04:45:15 UTC 2018: No link for: org.junit.internal.StackTracesTest-getTrimmedStackForJUnit4TestFailingInTestRule
Wed May 16 04:45:15 UTC 2018: None match not added in database because it already exists
Wed May 16 04:45:15 UTC 2018: No link for: org.junit.internal.StackTracesTest-getTrimmedStackForJUnit4TestFailingInTestMethodWithCause
Wed May 16 04:45:15 UTC 2018: None match not added in database because it already exists
Wed May 16 04:45:15 UTC 2018: No link for: org.junit.internal.StackTracesTest-getTrimmedStackForJUnit3TestFailingInTestMethod
Wed May 16 04:45:16 UTC 2018: None match not added in database because it already exists
Wed May 16 04:45:16 UTC 2018: No link for: org.junit.internal.StackTracesTest-getTrimmedStackForJUnit4TestFailingInTestMethod
Wed May 16 04:45:16 UTC 2018: None match not added in database because it already exists
Wed May 16 04:45:16 UTC 2018: Linking done for luiscoronel__JUnit2 test class org.junit.internal.StackTracesTest
Wed May 16 04:45:16 UTC 2018: Found element on the queue
Wed May 16 04:45:16 UTC 2018: Updating status
Wed May 16 04:45:17 UTC 2018: Working
Wed May 16 04:45:19 UTC 2018: Start luiscoronel__JUnit2 test class org.junit.rules.TestWatcherTest
Wed May 16 04:45:19 UTC 2018: Setting lastTestMethodIndex: 62097
Wed May 16 04:45:19 UTC 2018: Starting linking
Wed May 16 04:45:19 UTC 2018: Linking done for luiscoronel__JUnit2 test class org.junit.rules.TestWatcherTest
Wed May 16 04:45:19 UTC 2018: Found element on the queue
Wed May 16 04:45:19 UTC 2018: Updating status
Wed May 16 04:45:19 UTC 2018: Working
Wed May 16 04:45:22 UTC 2018: Start luiscoronel__JUnit2 test class org.junit.validator.AnnotationValidatorFactoryTest
Wed May 16 04:45:22 UTC 2018: Setting lastTestMethodIndex: 62099
Wed May 16 04:45:22 UTC 2018: Starting linking
Wed May 16 04:45:22 UTC 2018: Code found org.junit.validator.AnnotationValidatorFactory-createAnnotationValidator with org.junit.validator.AnnotationValidatorFactoryTest-createAnnotationValidator
Wed May 16 04:45:22 UTC 2018: Match not added in database because it already exists
Wed May 16 04:45:22 UTC 2018: No link for: org.junit.validator.AnnotationValidatorFactoryTest-exceptionWhenAnnotationValidatorCantBeCreated
Wed May 16 04:45:22 UTC 2018: Linking done for luiscoronel__JUnit2 test class org.junit.validator.AnnotationValidatorFactoryTest
Wed May 16 04:45:23 UTC 2018: Found element on the queue
Wed May 16 04:45:23 UTC 2018: Updating status
Wed May 16 04:45:23 UTC 2018: Working
Wed May 16 04:45:25 UTC 2018: Start luiscoronel__JUnit2 test class org.junit.internal.matchers.ThrowableCauseMatcherTest
Wed May 16 04:45:25 UTC 2018: Setting lastTestMethodIndex: 62101
Wed May 16 04:45:25 UTC 2018: Starting linking
Wed May 16 04:45:25 UTC 2018: No link for: org.junit.internal.matchers.ThrowableCauseMatcherTest-shouldAllowCauseOfDifferentClassFromRoot
Wed May 16 04:45:25 UTC 2018: None match not added in database because it already exists
Wed May 16 04:45:25 UTC 2018: Linking done for luiscoronel__JUnit2 test class org.junit.internal.matchers.ThrowableCauseMatcherTest
Wed May 16 04:45:26 UTC 2018: Found element on the queue
Wed May 16 04:45:26 UTC 2018: Updating status
Wed May 16 04:45:26 UTC 2018: Working
Wed May 16 04:45:28 UTC 2018: Start luiscoronel__JUnit2 test class org.junit.internal.ArrayComparisonFailureTest
Wed May 16 04:45:28 UTC 2018: Setting lastTestMethodIndex: 62103
Wed May 16 04:45:28 UTC 2018: Starting linking
Wed May 16 04:45:28 UTC 2018: No link for: org.junit.internal.ArrayComparisonFailureTest-classShouldAccept411Version
Wed May 16 04:45:29 UTC 2018: None match not added in database because it already exists
Wed May 16 04:45:29 UTC 2018: No link for: org.junit.internal.ArrayComparisonFailureTest-classShouldAccept412Version
Wed May 16 04:45:29 UTC 2018: None match not added in database because it already exists
Wed May 16 04:45:29 UTC 2018: Linking done for luiscoronel__JUnit2 test class org.junit.internal.ArrayComparisonFailureTest
Wed May 16 04:45:29 UTC 2018: Found element on the queue
Wed May 16 04:45:29 UTC 2018: Updating status
Wed May 16 04:45:29 UTC 2018: Working
Wed May 16 04:45:32 UTC 2018: Start luiscoronel__JUnit2 test class org.junit.validator.PublicClassValidatorTest
Wed May 16 04:45:32 UTC 2018: Setting lastTestMethodIndex: 62105
Wed May 16 04:45:32 UTC 2018: Starting linking
Wed May 16 04:45:32 UTC 2018: Linking done for luiscoronel__JUnit2 test class org.junit.validator.PublicClassValidatorTest
Wed May 16 04:45:32 UTC 2018: Found element on the queue
Wed May 16 04:45:32 UTC 2018: Updating status
Wed May 16 04:45:32 UTC 2018: Working
Wed May 16 04:45:35 UTC 2018: Start luiscoronel__JUnit2 test class org.junit.rules.TestWatchmanTest
Wed May 16 04:45:35 UTC 2018: Setting lastTestMethodIndex: 62106
Wed May 16 04:45:35 UTC 2018: Starting linking
Wed May 16 04:45:35 UTC 2018: Linking done for luiscoronel__JUnit2 test class org.junit.rules.TestWatchmanTest
Wed May 16 04:45:35 UTC 2018: Found element on the queue
Wed May 16 04:45:35 UTC 2018: Updating status
Wed May 16 04:45:35 UTC 2018: Working
Wed May 16 04:45:37 UTC 2018: Start luiscoronel__JUnit2 test class org.junit.tests.junit3compatibility.AllTestsTest
Wed May 16 04:45:37 UTC 2018: Setting lastTestMethodIndex: 62108
Wed May 16 04:45:37 UTC 2018: Starting linking
Wed May 16 04:45:37 UTC 2018: Linking done for luiscoronel__JUnit2 test class org.junit.tests.junit3compatibility.AllTestsTest
Wed May 16 04:45:38 UTC 2018: Found element on the queue
Wed May 16 04:45:38 UTC 2018: Updating status
Wed May 16 04:45:38 UTC 2018: Working
Wed May 16 04:45:40 UTC 2018: Start luiscoronel__JUnit2 test class org.junit.AssumptionViolatedExceptionTest
Wed May 16 04:45:40 UTC 2018: Setting lastTestMethodIndex: 62110
Wed May 16 04:45:40 UTC 2018: Starting linking
Wed May 16 04:45:40 UTC 2018: No code found org.junit.AssumptionViolatedException-initCause with org.junit.AssumptionViolatedExceptionTest-canInitCauseWithInstanceCreatedWithString
Wed May 16 04:45:41 UTC 2018: No link for: org.junit.AssumptionViolatedExceptionTest-canSetCauseWithInstanceCreatedWithMainConstructor
Wed May 16 04:45:41 UTC 2018: None match not added in database because it already exists
Wed May 16 04:45:41 UTC 2018: No link for: org.junit.AssumptionViolatedExceptionTest-canSetCauseWithInstanceCreatedWithObjectAndMatcher
Wed May 16 04:45:41 UTC 2018: None match not added in database because it already exists
Wed May 16 04:45:41 UTC 2018: No link for: org.junit.AssumptionViolatedExceptionTest-assumptionViolatedExceptionWithMatcherDescribesItself
Wed May 16 04:45:42 UTC 2018: None match not added in database because it already exists
Wed May 16 04:45:42 UTC 2018: No link for: org.junit.AssumptionViolatedExceptionTest-canSetCauseWithInstanceCreatedWithAssumptionObjectAndMatcher
Wed May 16 04:45:42 UTC 2018: None match not added in database because it already exists
Wed May 16 04:45:42 UTC 2018: No link for: org.junit.AssumptionViolatedExceptionTest-canSetCauseWithInstanceCreatedWithExplicitThrowableConstructor
Wed May 16 04:45:42 UTC 2018: None match not added in database because it already exists
Wed May 16 04:45:42 UTC 2018: No link for: org.junit.AssumptionViolatedExceptionTest-simpleAssumptionViolatedExceptionDescribesItself
Wed May 16 04:45:43 UTC 2018: None match not added in database because it already exists
Wed May 16 04:45:43 UTC 2018: Linking done for luiscoronel__JUnit2 test class org.junit.AssumptionViolatedExceptionTest
Wed May 16 04:45:43 UTC 2018: Found element on the queue
Wed May 16 04:45:43 UTC 2018: Updating status
Wed May 16 04:45:43 UTC 2018: Working
Wed May 16 04:45:46 UTC 2018: Start luiscoronel__JUnit2 test class org.junit.tests.ObjectContractTest
Wed May 16 04:45:46 UTC 2018: Setting lastTestMethodIndex: 62112
Wed May 16 04:45:46 UTC 2018: Starting linking
Wed May 16 04:45:46 UTC 2018: No link for: org.junit.tests.ObjectContractTest-equalsThrowsNoException
Wed May 16 04:45:46 UTC 2018: None match not added in database because it already exists
Wed May 16 04:45:46 UTC 2018: Linking done for luiscoronel__JUnit2 test class org.junit.tests.ObjectContractTest
Wed May 16 04:45:46 UTC 2018: Found element on the queue
Wed May 16 04:45:46 UTC 2018: Updating status
Wed May 16 04:45:46 UTC 2018: Working
Wed May 16 04:45:49 UTC 2018: Start luiscoronel__JUnit2 test class org.junit.tests.junit3compatibility.ClassRequestTest
Wed May 16 04:45:49 UTC 2018: Setting lastTestMethodIndex: 62114
Wed May 16 04:45:49 UTC 2018: Starting linking
Wed May 16 04:45:49 UTC 2018: Linking done for luiscoronel__JUnit2 test class org.junit.tests.junit3compatibility.ClassRequestTest
Wed May 16 04:45:49 UTC 2018: Found element on the queue
Wed May 16 04:45:49 UTC 2018: Updating status
Wed May 16 04:45:49 UTC 2018: Working
Wed May 16 04:45:51 UTC 2018: Start luiscoronel__JUnit2 test class org.junit.rules.TimeoutRuleTest
Wed May 16 04:45:51 UTC 2018: Setting lastTestMethodIndex: 62116
Wed May 16 04:45:51 UTC 2018: Starting linking
Wed May 16 04:45:51 UTC 2018: Linking done for luiscoronel__JUnit2 test class org.junit.rules.TimeoutRuleTest
Wed May 16 04:45:52 UTC 2018: Found element on the queue
Wed May 16 04:45:52 UTC 2018: Updating status
Wed May 16 04:45:52 UTC 2018: Working
Wed May 16 04:45:54 UTC 2018: Start luiscoronel__JUnit2 test class org.junit.tests.junit3compatibility.ForwardCompatibilityPrintingTest
Wed May 16 04:45:54 UTC 2018: Setting lastTestMethodIndex: 62118
Wed May 16 04:45:54 UTC 2018: Starting linking
Wed May 16 04:45:54 UTC 2018: Linking done for luiscoronel__JUnit2 test class org.junit.tests.junit3compatibility.ForwardCompatibilityPrintingTest
Wed May 16 04:45:55 UTC 2018: Found element on the queue
Wed May 16 04:45:55 UTC 2018: Updating status
Wed May 16 04:45:55 UTC 2018: Working
Wed May 16 04:45:57 UTC 2018: Start luiscoronel__JUnit2 test class org.junit.tests.junit3compatibility.ForwardCompatibilityTest
Wed May 16 04:45:57 UTC 2018: Setting lastTestMethodIndex: 62120
Wed May 16 04:45:57 UTC 2018: Starting linking
Wed May 16 04:45:57 UTC 2018: Linking done for luiscoronel__JUnit2 test class org.junit.tests.junit3compatibility.ForwardCompatibilityTest
Wed May 16 04:45:57 UTC 2018: Found element on the queue
Wed May 16 04:45:57 UTC 2018: Updating status
Wed May 16 04:45:57 UTC 2018: Working
Wed May 16 04:46:00 UTC 2018: Start luiscoronel__JUnit2 test class org.junit.rules.VerifierRuleTest
Wed May 16 04:46:00 UTC 2018: Setting lastTestMethodIndex: 62122
Wed May 16 04:46:00 UTC 2018: Starting linking
Wed May 16 04:46:00 UTC 2018: Linking done for luiscoronel__JUnit2 test class org.junit.rules.VerifierRuleTest
Wed May 16 04:46:00 UTC 2018: Found element on the queue
Wed May 16 04:46:00 UTC 2018: Updating status
Wed May 16 04:46:00 UTC 2018: Working
Wed May 16 04:46:03 UTC 2018: Start luiscoronel__JUnit2 test class org.junit.tests.junit3compatibility.InitializationErrorForwardCompatibilityTest
Wed May 16 04:46:03 UTC 2018: Setting lastTestMethodIndex: 62123
Wed May 16 04:46:03 UTC 2018: Starting linking
Wed May 16 04:46:03 UTC 2018: Linking done for luiscoronel__JUnit2 test class org.junit.tests.junit3compatibility.InitializationErrorForwardCompatibilityTest
Wed May 16 04:46:03 UTC 2018: Found element on the queue
Wed May 16 04:46:03 UTC 2018: Updating status
Wed May 16 04:46:03 UTC 2018: Working
Wed May 16 04:46:05 UTC 2018: Start luiscoronel__JUnit2 test class org.junit.tests.junit3compatibility.JUnit38ClassRunnerTest
Wed May 16 04:46:05 UTC 2018: Setting lastTestMethodIndex: 62125
Wed May 16 04:46:05 UTC 2018: Starting linking
Wed May 16 04:46:05 UTC 2018: Linking done for luiscoronel__JUnit2 test class org.junit.tests.junit3compatibility.JUnit38ClassRunnerTest
Wed May 16 04:46:06 UTC 2018: Found element on the queue
Wed May 16 04:46:06 UTC 2018: Updating status
Wed May 16 04:46:06 UTC 2018: Working
Wed May 16 04:46:08 UTC 2018: Start luiscoronel__JUnit2 test class org.junit.runners.model.FrameworkFieldTest
Wed May 16 04:46:08 UTC 2018: Setting lastTestMethodIndex: 62127
Wed May 16 04:46:08 UTC 2018: Starting linking
Wed May 16 04:46:08 UTC 2018: Code found org.junit.runners.model.FrameworkField-toString with org.junit.runners.model.FrameworkFieldTest-hasToStringWhichPrintsFieldName
Wed May 16 04:46:08 UTC 2018: Match not added in database because it already exists
Wed May 16 04:46:08 UTC 2018: No link for: org.junit.runners.model.FrameworkFieldTest-cannotBeCreatedWithoutUnderlyingField
Wed May 16 04:46:09 UTC 2018: None match not added in database because it already exists
Wed May 16 04:46:09 UTC 2018: No link for: org.junit.runners.model.FrameworkFieldTest-presentAnnotationIsAvailable
Wed May 16 04:46:09 UTC 2018: None match not added in database because it already exists
Wed May 16 04:46:09 UTC 2018: No link for: org.junit.runners.model.FrameworkFieldTest-missingAnnotationIsNotAvailable
Wed May 16 04:46:10 UTC 2018: None match not added in database because it already exists
Wed May 16 04:46:10 UTC 2018: Linking done for luiscoronel__JUnit2 test class org.junit.runners.model.FrameworkFieldTest
