Wed May 16 05:46:53 UTC 2018: Database:jdbc:mysql://localhost:3306/unittests
Wed May 16 05:46:53 UTC 2018: Starting
Wed May 16 05:46:54 UTC 2018: Found element on the queue
Wed May 16 05:46:54 UTC 2018: Updating status
Wed May 16 05:46:54 UTC 2018: Working
Wed May 16 05:46:54 UTC 2018: Create project parser
Wed May 16 05:47:06 UTC 2018: Create slicer
Wed May 16 05:47:09 UTC 2018: Create call graph
Wed May 16 05:47:21 UTC 2018: Create point analysis
Wed May 16 05:47:21 UTC 2018: Create call graph done
Wed May 16 05:47:21 UTC 2018: Start Mehyar77__NewJun test class org.junit.internal.matchers.ThrowableCauseMatcherTest
Wed May 16 05:47:21 UTC 2018: Setting lastTestMethodIndex: 63667
Wed May 16 05:47:21 UTC 2018: Starting linking
Wed May 16 05:47:21 UTC 2018: No link for: org.junit.internal.matchers.ThrowableCauseMatcherTest-shouldAllowCauseOfDifferentClassFromRoot
Wed May 16 05:47:22 UTC 2018: None match not added in database because it already exists
Wed May 16 05:47:22 UTC 2018: Linking done for Mehyar77__NewJun test class org.junit.internal.matchers.ThrowableCauseMatcherTest
Wed May 16 05:47:22 UTC 2018: Found element on the queue
Wed May 16 05:47:22 UTC 2018: Updating status
Wed May 16 05:47:22 UTC 2018: Working
Wed May 16 05:47:25 UTC 2018: Start Mehyar77__NewJun test class org.junit.internal.ArrayComparisonFailureTest
Wed May 16 05:47:25 UTC 2018: Setting lastTestMethodIndex: 63670
Wed May 16 05:47:25 UTC 2018: Starting linking
Wed May 16 05:47:25 UTC 2018: No link for: org.junit.internal.ArrayComparisonFailureTest-classShouldAccept411Version
Wed May 16 05:47:25 UTC 2018: None match not added in database because it already exists
Wed May 16 05:47:25 UTC 2018: No link for: org.junit.internal.ArrayComparisonFailureTest-classShouldAccept412Version
Wed May 16 05:47:25 UTC 2018: None match not added in database because it already exists
Wed May 16 05:47:25 UTC 2018: Linking done for Mehyar77__NewJun test class org.junit.internal.ArrayComparisonFailureTest
Wed May 16 05:47:26 UTC 2018: Found element on the queue
Wed May 16 05:47:26 UTC 2018: Updating status
Wed May 16 05:47:26 UTC 2018: Working
Wed May 16 05:47:28 UTC 2018: Start Mehyar77__NewJun test class org.junit.tests.junit3compatibility.AllTestsTest
Wed May 16 05:47:28 UTC 2018: Setting lastTestMethodIndex: 63673
Wed May 16 05:47:28 UTC 2018: Starting linking
Wed May 16 05:47:28 UTC 2018: Linking done for Mehyar77__NewJun test class org.junit.tests.junit3compatibility.AllTestsTest
Wed May 16 05:47:29 UTC 2018: Found element on the queue
Wed May 16 05:47:29 UTC 2018: Updating status
Wed May 16 05:47:29 UTC 2018: Working
Wed May 16 05:47:32 UTC 2018: Start Mehyar77__NewJun test class org.junit.tests.junit3compatibility.ClassRequestTest
Wed May 16 05:47:32 UTC 2018: Setting lastTestMethodIndex: 63675
Wed May 16 05:47:32 UTC 2018: Starting linking
Wed May 16 05:47:32 UTC 2018: Linking done for Mehyar77__NewJun test class org.junit.tests.junit3compatibility.ClassRequestTest
Wed May 16 05:47:32 UTC 2018: Found element on the queue
Wed May 16 05:47:32 UTC 2018: Updating status
Wed May 16 05:47:32 UTC 2018: Working
Wed May 16 05:47:35 UTC 2018: Start Mehyar77__NewJun test class org.junit.tests.junit3compatibility.ForwardCompatibilityPrintingTest
Wed May 16 05:47:35 UTC 2018: Setting lastTestMethodIndex: 63677
Wed May 16 05:47:35 UTC 2018: Starting linking
Wed May 16 05:47:35 UTC 2018: Linking done for Mehyar77__NewJun test class org.junit.tests.junit3compatibility.ForwardCompatibilityPrintingTest
Wed May 16 05:47:35 UTC 2018: Found element on the queue
Wed May 16 05:47:35 UTC 2018: Updating status
Wed May 16 05:47:35 UTC 2018: Working
Wed May 16 05:47:38 UTC 2018: Start Mehyar77__NewJun test class org.junit.tests.junit3compatibility.ForwardCompatibilityTest
Wed May 16 05:47:38 UTC 2018: Setting lastTestMethodIndex: 63680
Wed May 16 05:47:38 UTC 2018: Starting linking
Wed May 16 05:47:38 UTC 2018: Linking done for Mehyar77__NewJun test class org.junit.tests.junit3compatibility.ForwardCompatibilityTest
Wed May 16 05:47:38 UTC 2018: Found element on the queue
Wed May 16 05:47:38 UTC 2018: Updating status
Wed May 16 05:47:38 UTC 2018: Working
Wed May 16 05:47:41 UTC 2018: Start Mehyar77__NewJun test class org.junit.tests.junit3compatibility.InitializationErrorForwardCompatibilityTest
Wed May 16 05:47:41 UTC 2018: Setting lastTestMethodIndex: 63682
Wed May 16 05:47:41 UTC 2018: Starting linking
Wed May 16 05:47:41 UTC 2018: Linking done for Mehyar77__NewJun test class org.junit.tests.junit3compatibility.InitializationErrorForwardCompatibilityTest
Wed May 16 05:47:41 UTC 2018: Found element on the queue
Wed May 16 05:47:41 UTC 2018: Updating status
Wed May 16 05:47:41 UTC 2018: Working
Wed May 16 05:47:44 UTC 2018: Start Mehyar77__NewJun test class org.junit.tests.junit3compatibility.JUnit38ClassRunnerTest
Wed May 16 05:47:44 UTC 2018: Setting lastTestMethodIndex: 63684
Wed May 16 05:47:44 UTC 2018: Starting linking
Wed May 16 05:47:44 UTC 2018: Linking done for Mehyar77__NewJun test class org.junit.tests.junit3compatibility.JUnit38ClassRunnerTest
Wed May 16 05:47:44 UTC 2018: Found element on the queue
Wed May 16 05:47:44 UTC 2018: Updating status
Wed May 16 05:47:44 UTC 2018: Working
Wed May 16 05:47:47 UTC 2018: Start Mehyar77__NewJun test class org.junit.tests.junit3compatibility.JUnit4TestAdapterTest
Wed May 16 05:47:47 UTC 2018: Setting lastTestMethodIndex: 63687
Wed May 16 05:47:47 UTC 2018: Starting linking
Wed May 16 05:47:47 UTC 2018: Linking done for Mehyar77__NewJun test class org.junit.tests.junit3compatibility.JUnit4TestAdapterTest
Wed May 16 05:47:47 UTC 2018: Found element on the queue
Wed May 16 05:47:47 UTC 2018: Updating status
Wed May 16 05:47:47 UTC 2018: Working
Wed May 16 05:47:50 UTC 2018: Start Mehyar77__NewJun test class org.junit.tests.junit3compatibility.OldTestClassAdaptingListenerTest
Wed May 16 05:47:50 UTC 2018: Setting lastTestMethodIndex: 63690
Wed May 16 05:47:50 UTC 2018: Starting linking
Wed May 16 05:47:50 UTC 2018: Code found org.junit.internal.runners.JUnit38ClassRunner$OldTestClassAdaptingListener-addFailure with org.junit.tests.junit3compatibility.OldTestClassAdaptingListenerTest-addFailureDelegatesToNotifier
Wed May 16 05:47:51 UTC 2018: Match not added in database because it already exists
Wed May 16 05:47:51 UTC 2018: Linking done for Mehyar77__NewJun test class org.junit.tests.junit3compatibility.OldTestClassAdaptingListenerTest
Wed May 16 05:47:51 UTC 2018: Found element on the queue
Wed May 16 05:47:51 UTC 2018: Updating status
Wed May 16 05:47:51 UTC 2018: Working
Wed May 16 05:47:54 UTC 2018: Start Mehyar77__NewJun test class junit.tests.framework.TestCaseTest
Wed May 16 05:47:54 UTC 2018: Setting lastTestMethodIndex: 63693
Wed May 16 05:47:54 UTC 2018: Starting linking
Wed May 16 05:47:54 UTC 2018: Linking done for Mehyar77__NewJun test class junit.tests.framework.TestCaseTest
Wed May 16 05:47:54 UTC 2018: Found element on the queue
Wed May 16 05:47:54 UTC 2018: Updating status
Wed May 16 05:47:54 UTC 2018: Working
Wed May 16 05:47:57 UTC 2018: Start Mehyar77__NewJun test class junit.tests.framework.SuiteTest
Wed May 16 05:47:57 UTC 2018: Setting lastTestMethodIndex: 63696
Wed May 16 05:47:57 UTC 2018: Starting linking
Wed May 16 05:47:57 UTC 2018: Linking done for Mehyar77__NewJun test class junit.tests.framework.SuiteTest
Wed May 16 05:47:57 UTC 2018: Found element on the queue
Wed May 16 05:47:57 UTC 2018: Updating status
Wed May 16 05:47:57 UTC 2018: Working
Wed May 16 05:48:00 UTC 2018: Start Mehyar77__NewJun test class junit.tests.framework.TestListenerTest
Wed May 16 05:48:00 UTC 2018: Setting lastTestMethodIndex: 63698
Wed May 16 05:48:00 UTC 2018: Starting linking
Wed May 16 05:48:00 UTC 2018: Linking done for Mehyar77__NewJun test class junit.tests.framework.TestListenerTest
Wed May 16 05:48:00 UTC 2018: Found element on the queue
Wed May 16 05:48:00 UTC 2018: Updating status
Wed May 16 05:48:00 UTC 2018: Working
Wed May 16 05:48:03 UTC 2018: Start Mehyar77__NewJun test class junit.tests.framework.AssertionFailedErrorTest
Wed May 16 05:48:03 UTC 2018: Setting lastTestMethodIndex: 63701
Wed May 16 05:48:03 UTC 2018: Starting linking
Wed May 16 05:48:03 UTC 2018: Linking done for Mehyar77__NewJun test class junit.tests.framework.AssertionFailedErrorTest
Wed May 16 05:48:03 UTC 2018: Found element on the queue
Wed May 16 05:48:03 UTC 2018: Updating status
Wed May 16 05:48:03 UTC 2018: Working
Wed May 16 05:48:06 UTC 2018: Start Mehyar77__NewJun test class junit.tests.framework.AssertTest
Wed May 16 05:48:06 UTC 2018: Setting lastTestMethodIndex: 63704
Wed May 16 05:48:06 UTC 2018: Starting linking
Wed May 16 05:48:06 UTC 2018: Linking done for Mehyar77__NewJun test class junit.tests.framework.AssertTest
Wed May 16 05:48:06 UTC 2018: Found element on the queue
Wed May 16 05:48:06 UTC 2018: Updating status
Wed May 16 05:48:06 UTC 2018: Working
Wed May 16 05:48:09 UTC 2018: Start Mehyar77__NewJun test class junit.tests.framework.TestImplementorTest
Wed May 16 05:48:09 UTC 2018: Setting lastTestMethodIndex: 63707
Wed May 16 05:48:09 UTC 2018: Starting linking
Wed May 16 05:48:09 UTC 2018: Linking done for Mehyar77__NewJun test class junit.tests.framework.TestImplementorTest
Wed May 16 05:48:09 UTC 2018: Found element on the queue
Wed May 16 05:48:09 UTC 2018: Updating status
Wed May 16 05:48:09 UTC 2018: Working
Wed May 16 05:48:12 UTC 2018: Start Mehyar77__NewJun test class junit.tests.framework.NoArgTestCaseTest
Wed May 16 05:48:12 UTC 2018: Setting lastTestMethodIndex: 63710
Wed May 16 05:48:12 UTC 2018: Starting linking
Wed May 16 05:48:12 UTC 2018: Linking done for Mehyar77__NewJun test class junit.tests.framework.NoArgTestCaseTest
Wed May 16 05:48:12 UTC 2018: Found element on the queue
Wed May 16 05:48:12 UTC 2018: Updating status
Wed May 16 05:48:12 UTC 2018: Working
Wed May 16 05:48:15 UTC 2018: Start Mehyar77__NewJun test class junit.tests.framework.ComparisonCompactorTest
Wed May 16 05:48:15 UTC 2018: Setting lastTestMethodIndex: 63713
Wed May 16 05:48:15 UTC 2018: Starting linking
Wed May 16 05:48:15 UTC 2018: Linking done for Mehyar77__NewJun test class junit.tests.framework.ComparisonCompactorTest
Wed May 16 05:48:15 UTC 2018: Found element on the queue
Wed May 16 05:48:15 UTC 2018: Updating status
Wed May 16 05:48:15 UTC 2018: Working
Wed May 16 05:48:18 UTC 2018: Start Mehyar77__NewJun test class junit.tests.framework.ComparisonFailureTest
Wed May 16 05:48:18 UTC 2018: Setting lastTestMethodIndex: 63716
Wed May 16 05:48:18 UTC 2018: Starting linking
Wed May 16 05:48:18 UTC 2018: Linking done for Mehyar77__NewJun test class junit.tests.framework.ComparisonFailureTest
Wed May 16 05:48:18 UTC 2018: Found element on the queue
Wed May 16 05:48:18 UTC 2018: Updating status
Wed May 16 05:48:18 UTC 2018: Working
Wed May 16 05:48:21 UTC 2018: Start Mehyar77__NewJun test class junit.tests.framework.DoublePrecisionAssertTest
Wed May 16 05:48:21 UTC 2018: Setting lastTestMethodIndex: 63718
Wed May 16 05:48:21 UTC 2018: Starting linking
Wed May 16 05:48:21 UTC 2018: Linking done for Mehyar77__NewJun test class junit.tests.framework.DoublePrecisionAssertTest
Wed May 16 05:48:21 UTC 2018: Found element on the queue
Wed May 16 05:48:21 UTC 2018: Updating status
Wed May 16 05:48:21 UTC 2018: Working
Wed May 16 05:48:24 UTC 2018: Start Mehyar77__NewJun test class junit.tests.framework.FloatAssertTest
Wed May 16 05:48:24 UTC 2018: Setting lastTestMethodIndex: 63721
Wed May 16 05:48:24 UTC 2018: Starting linking
Wed May 16 05:48:24 UTC 2018: Linking done for Mehyar77__NewJun test class junit.tests.framework.FloatAssertTest
Wed May 16 05:48:24 UTC 2018: Found element on the queue
Wed May 16 05:48:24 UTC 2018: Updating status
Wed May 16 05:48:24 UTC 2018: Working
Wed May 16 05:48:27 UTC 2018: Start Mehyar77__NewJun test class junit.tests.runner.StackFilterTest
Wed May 16 05:48:27 UTC 2018: Setting lastTestMethodIndex: 63724
Wed May 16 05:48:27 UTC 2018: Starting linking
Wed May 16 05:48:27 UTC 2018: Linking done for Mehyar77__NewJun test class junit.tests.runner.StackFilterTest
Wed May 16 05:48:27 UTC 2018: Found element on the queue
Wed May 16 05:48:27 UTC 2018: Updating status
Wed May 16 05:48:27 UTC 2018: Working
Wed May 16 05:48:30 UTC 2018: Start Mehyar77__NewJun test class junit.tests.runner.ResultTest
Wed May 16 05:48:30 UTC 2018: Setting lastTestMethodIndex: 63727
Wed May 16 05:48:30 UTC 2018: Starting linking
Wed May 16 05:48:30 UTC 2018: Linking done for Mehyar77__NewJun test class junit.tests.runner.ResultTest
Wed May 16 05:48:30 UTC 2018: Found element on the queue
Wed May 16 05:48:30 UTC 2018: Updating status
Wed May 16 05:48:30 UTC 2018: Working
Wed May 16 05:48:33 UTC 2018: Start Mehyar77__NewJun test class junit.tests.runner.BaseTestRunnerTest
Wed May 16 05:48:33 UTC 2018: Setting lastTestMethodIndex: 63729
Wed May 16 05:48:33 UTC 2018: Starting linking
Wed May 16 05:48:33 UTC 2018: Linking done for Mehyar77__NewJun test class junit.tests.runner.BaseTestRunnerTest
Wed May 16 05:48:33 UTC 2018: Found element on the queue
Wed May 16 05:48:33 UTC 2018: Updating status
Wed May 16 05:48:33 UTC 2018: Working
Wed May 16 05:48:36 UTC 2018: Start Mehyar77__NewJun test class junit.tests.runner.TextFeedbackTest
Wed May 16 05:48:36 UTC 2018: Setting lastTestMethodIndex: 63732
Wed May 16 05:48:36 UTC 2018: Starting linking
Wed May 16 05:48:36 UTC 2018: Linking done for Mehyar77__NewJun test class junit.tests.runner.TextFeedbackTest
Wed May 16 05:48:36 UTC 2018: Found element on the queue
Wed May 16 05:48:36 UTC 2018: Updating status
Wed May 16 05:48:36 UTC 2018: Working
Wed May 16 05:48:39 UTC 2018: Start Mehyar77__NewJun test class junit.tests.runner.TextRunnerSingleMethodTest
Wed May 16 05:48:39 UTC 2018: Setting lastTestMethodIndex: 63735
Wed May 16 05:48:39 UTC 2018: Starting linking
Wed May 16 05:48:39 UTC 2018: Linking done for Mehyar77__NewJun test class junit.tests.runner.TextRunnerSingleMethodTest
Wed May 16 05:48:39 UTC 2018: Found element on the queue
Wed May 16 05:48:39 UTC 2018: Updating status
Wed May 16 05:48:39 UTC 2018: Working
Wed May 16 05:48:42 UTC 2018: Start Mehyar77__NewJun test class junit.tests.runner.TextRunnerTest
Wed May 16 05:48:42 UTC 2018: Setting lastTestMethodIndex: 63738
Wed May 16 05:48:42 UTC 2018: Starting linking
Wed May 16 05:48:42 UTC 2018: Linking done for Mehyar77__NewJun test class junit.tests.runner.TextRunnerTest
Wed May 16 05:48:42 UTC 2018: Found element on the queue
Wed May 16 05:48:42 UTC 2018: Updating status
Wed May 16 05:48:42 UTC 2018: Working
Wed May 16 05:48:45 UTC 2018: Start Mehyar77__NewJun test class junit.tests.extensions.ExtensionTest
Wed May 16 05:48:45 UTC 2018: Setting lastTestMethodIndex: 63740
Wed May 16 05:48:45 UTC 2018: Starting linking
Wed May 16 05:48:45 UTC 2018: Linking done for Mehyar77__NewJun test class junit.tests.extensions.ExtensionTest
Wed May 16 05:48:45 UTC 2018: Found element on the queue
Wed May 16 05:48:45 UTC 2018: Updating status
Wed May 16 05:48:45 UTC 2018: Working
Wed May 16 05:48:48 UTC 2018: Start Mehyar77__NewJun test class junit.tests.extensions.ActiveTestTest
Wed May 16 05:48:48 UTC 2018: Setting lastTestMethodIndex: 63743
Wed May 16 05:48:48 UTC 2018: Starting linking
Wed May 16 05:48:48 UTC 2018: Linking done for Mehyar77__NewJun test class junit.tests.extensions.ActiveTestTest
Wed May 16 05:48:48 UTC 2018: Found element on the queue
Wed May 16 05:48:48 UTC 2018: Updating status
Wed May 16 05:48:48 UTC 2018: Working
Wed May 16 05:48:51 UTC 2018: Start Mehyar77__NewJun test class junit.tests.extensions.RepeatedTestTest
Wed May 16 05:48:51 UTC 2018: Setting lastTestMethodIndex: 63746
Wed May 16 05:48:51 UTC 2018: Starting linking
Wed May 16 05:48:51 UTC 2018: Linking done for Mehyar77__NewJun test class junit.tests.extensions.RepeatedTestTest
Wed May 16 05:48:51 UTC 2018: Found element on the queue
Wed May 16 05:48:51 UTC 2018: Updating status
Wed May 16 05:48:51 UTC 2018: Working
Wed May 16 05:48:54 UTC 2018: Start Mehyar77__NewJun test class org.junit.tests.junit3compatibility.SuiteMethodTest
Wed May 16 05:48:54 UTC 2018: Setting lastTestMethodIndex: 63748
Wed May 16 05:48:54 UTC 2018: Starting linking
Wed May 16 05:48:54 UTC 2018: Linking done for Mehyar77__NewJun test class org.junit.tests.junit3compatibility.SuiteMethodTest
Wed May 16 05:48:54 UTC 2018: Found element on the queue
Wed May 16 05:48:54 UTC 2018: Updating status
Wed May 16 05:48:54 UTC 2018: Working
Wed May 16 05:48:57 UTC 2018: Start Mehyar77__NewJun test class org.junit.tests.listening.ListenerTest
Wed May 16 05:48:57 UTC 2018: Setting lastTestMethodIndex: 63749
Wed May 16 05:48:57 UTC 2018: Starting linking
Wed May 16 05:48:57 UTC 2018: Linking done for Mehyar77__NewJun test class org.junit.tests.listening.ListenerTest
Wed May 16 05:48:57 UTC 2018: Found element on the queue
Wed May 16 05:48:57 UTC 2018: Updating status
Wed May 16 05:48:57 UTC 2018: Working
Wed May 16 05:49:00 UTC 2018: Start Mehyar77__NewJun test class org.junit.tests.listening.RunnerTest
Wed May 16 05:49:00 UTC 2018: Setting lastTestMethodIndex: 63751
Wed May 16 05:49:00 UTC 2018: Starting linking
Wed May 16 05:49:00 UTC 2018: Linking done for Mehyar77__NewJun test class org.junit.tests.listening.RunnerTest
Wed May 16 05:49:00 UTC 2018: Found element on the queue
Wed May 16 05:49:00 UTC 2018: Updating status
Wed May 16 05:49:00 UTC 2018: Working
Wed May 16 05:49:03 UTC 2018: Start Mehyar77__NewJun test class org.junit.tests.listening.TestListenerTest
Wed May 16 05:49:03 UTC 2018: Setting lastTestMethodIndex: 63752
Wed May 16 05:49:03 UTC 2018: Starting linking
Wed May 16 05:49:03 UTC 2018: Linking done for Mehyar77__NewJun test class org.junit.tests.listening.TestListenerTest
Wed May 16 05:49:03 UTC 2018: Found element on the queue
Wed May 16 05:49:03 UTC 2018: Updating status
Wed May 16 05:49:03 UTC 2018: Working
Wed May 16 05:49:06 UTC 2018: Start Mehyar77__NewJun test class org.junit.tests.listening.TextListenerTest
Wed May 16 05:49:06 UTC 2018: Setting lastTestMethodIndex: 63753
Wed May 16 05:49:06 UTC 2018: Starting linking
Wed May 16 05:49:06 UTC 2018: Linking done for Mehyar77__NewJun test class org.junit.tests.listening.TextListenerTest
Wed May 16 05:49:06 UTC 2018: Found element on the queue
Wed May 16 05:49:06 UTC 2018: Updating status
Wed May 16 05:49:06 UTC 2018: Working
Wed May 16 05:49:08 UTC 2018: Start Mehyar77__NewJun test class org.junit.tests.listening.UserStopTest
Wed May 16 05:49:08 UTC 2018: Setting lastTestMethodIndex: 63754
Wed May 16 05:49:08 UTC 2018: Starting linking
Wed May 16 05:49:08 UTC 2018: Code found org.junit.internal.runners.ErrorReportingRunner-run with org.junit.tests.listening.UserStopTest-stopClassRunner
Wed May 16 05:49:09 UTC 2018: No link for: org.junit.tests.listening.UserStopTest-userStop
Wed May 16 05:49:09 UTC 2018: None match not added in database because it already exists
Wed May 16 05:49:09 UTC 2018: No link for: org.junit.tests.listening.UserStopTest-foo
Wed May 16 05:49:09 UTC 2018: Linking done for Mehyar77__NewJun test class org.junit.tests.listening.UserStopTest
Wed May 16 05:49:10 UTC 2018: Found element on the queue
Wed May 16 05:49:10 UTC 2018: Updating status
Wed May 16 05:49:10 UTC 2018: Working
Wed May 16 05:49:12 UTC 2018: Start Mehyar77__NewJun test class org.junit.tests.manipulation.FilterableTest
Wed May 16 05:49:12 UTC 2018: Setting lastTestMethodIndex: 63756
Wed May 16 05:49:12 UTC 2018: Starting linking
Wed May 16 05:49:12 UTC 2018: Linking done for Mehyar77__NewJun test class org.junit.tests.manipulation.FilterableTest
Wed May 16 05:49:13 UTC 2018: Found element on the queue
Wed May 16 05:49:13 UTC 2018: Updating status
Wed May 16 05:49:13 UTC 2018: Working
Wed May 16 05:49:16 UTC 2018: Start Mehyar77__NewJun test class org.junit.tests.manipulation.FilterTest
Wed May 16 05:49:16 UTC 2018: Setting lastTestMethodIndex: 63758
Wed May 16 05:49:16 UTC 2018: Starting linking
Wed May 16 05:49:16 UTC 2018: Linking done for Mehyar77__NewJun test class org.junit.tests.manipulation.FilterTest
Wed May 16 05:49:16 UTC 2018: Found element on the queue
Wed May 16 05:49:16 UTC 2018: Updating status
Wed May 16 05:49:16 UTC 2018: Working
Wed May 16 05:49:19 UTC 2018: Start Mehyar77__NewJun test class org.junit.tests.manipulation.SingleMethodTest
Wed May 16 05:49:19 UTC 2018: Setting lastTestMethodIndex: 63760
Wed May 16 05:49:19 UTC 2018: Starting linking
Wed May 16 05:49:19 UTC 2018: Linking done for Mehyar77__NewJun test class org.junit.tests.manipulation.SingleMethodTest
Wed May 16 05:49:19 UTC 2018: Found element on the queue
Wed May 16 05:49:19 UTC 2018: Updating status
Wed May 16 05:49:19 UTC 2018: Working
Wed May 16 05:49:22 UTC 2018: Start Mehyar77__NewJun test class org.junit.rules.BlockJUnit4ClassRunnerOverrideTest
Wed May 16 05:49:22 UTC 2018: Setting lastTestMethodIndex: 63763
Wed May 16 05:49:22 UTC 2018: Starting linking
Wed May 16 05:49:22 UTC 2018: Linking done for Mehyar77__NewJun test class org.junit.rules.BlockJUnit4ClassRunnerOverrideTest
Wed May 16 05:49:22 UTC 2018: Found element on the queue
Wed May 16 05:49:22 UTC 2018: Updating status
Wed May 16 05:49:22 UTC 2018: Working
Wed May 16 05:49:25 UTC 2018: Start Mehyar77__NewJun test class org.junit.rules.ClassRulesTest
Wed May 16 05:49:25 UTC 2018: Setting lastTestMethodIndex: 63766
Wed May 16 05:49:25 UTC 2018: Starting linking
Wed May 16 05:49:25 UTC 2018: Linking done for Mehyar77__NewJun test class org.junit.rules.ClassRulesTest
Wed May 16 05:49:25 UTC 2018: Found element on the queue
Wed May 16 05:49:25 UTC 2018: Updating status
Wed May 16 05:49:25 UTC 2018: Working
Wed May 16 05:49:28 UTC 2018: Start Mehyar77__NewJun test class org.junit.rules.DisableOnDebugTest
Wed May 16 05:49:28 UTC 2018: Setting lastTestMethodIndex: 63769
Wed May 16 05:49:28 UTC 2018: Starting linking
Wed May 16 05:49:28 UTC 2018: Linking done for Mehyar77__NewJun test class org.junit.rules.DisableOnDebugTest
Wed May 16 05:49:28 UTC 2018: Found element on the queue
Wed May 16 05:49:28 UTC 2018: Updating status
Wed May 16 05:49:28 UTC 2018: Working
Wed May 16 05:49:31 UTC 2018: Start Mehyar77__NewJun test class org.junit.rules.ExpectedExceptionTest
Wed May 16 05:49:31 UTC 2018: Setting lastTestMethodIndex: 63772
Wed May 16 05:49:31 UTC 2018: Starting linking
Wed May 16 05:49:31 UTC 2018: Code found org.junit.runner.JUnitCore-run with org.junit.rules.ExpectedExceptionTest-runTestAndVerifyResult
Wed May 16 05:49:31 UTC 2018: Match not added in database because it already exists
Wed May 16 05:49:31 UTC 2018: No link for: org.junit.rules.ExpectedExceptionTest-throwsNullPointerExceptionWithMessage
Wed May 16 05:49:32 UTC 2018: No link for: org.junit.rules.ExpectedExceptionTest-doesntThrowNullPointerException
Wed May 16 05:49:32 UTC 2018: No link for: org.junit.rules.ExpectedExceptionTest-throwExceptionWithMatchingCause
Wed May 16 05:49:33 UTC 2018: No link for: org.junit.rules.ExpectedExceptionTest-throwsNullPointerException
Wed May 16 05:49:33 UTC 2018: No link for: org.junit.rules.ExpectedExceptionTest-throwsMore
Wed May 16 05:49:34 UTC 2018: No link for: org.junit.rules.ExpectedExceptionTest-fails
Wed May 16 05:49:34 UTC 2018: No link for: org.junit.rules.ExpectedExceptionTest-failedAssumption
Wed May 16 05:49:34 UTC 2018: No link for: org.junit.rules.ExpectedExceptionTest-doesntThrowAnything
Wed May 16 05:49:35 UTC 2018: No link for: org.junit.rules.ExpectedExceptionTest-throwWithCause
Wed May 16 05:49:35 UTC 2018: No link for: org.junit.rules.ExpectedExceptionTest-throwsNothing
Wed May 16 05:49:36 UTC 2018: No link for: org.junit.rules.ExpectedExceptionTest-throwExpectedNullCause
Wed May 16 05:49:36 UTC 2018: No link for: org.junit.rules.ExpectedExceptionTest-noThrow
Wed May 16 05:49:37 UTC 2018: Linking done for Mehyar77__NewJun test class org.junit.rules.ExpectedExceptionTest
Wed May 16 05:49:37 UTC 2018: Found element on the queue
Wed May 16 05:49:37 UTC 2018: Updating status
Wed May 16 05:49:37 UTC 2018: Working
Wed May 16 05:49:40 UTC 2018: Start Mehyar77__NewJun test class org.junit.rules.ExternalResourceRuleTest
Wed May 16 05:49:40 UTC 2018: Setting lastTestMethodIndex: 63777
Wed May 16 05:49:40 UTC 2018: Starting linking
Wed May 16 05:49:40 UTC 2018: Linking done for Mehyar77__NewJun test class org.junit.rules.ExternalResourceRuleTest
Wed May 16 05:49:40 UTC 2018: Found element on the queue
Wed May 16 05:49:40 UTC 2018: Updating status
Wed May 16 05:49:40 UTC 2018: Working
Wed May 16 05:49:43 UTC 2018: Start Mehyar77__NewJun test class org.junit.rules.MethodRulesTest
Wed May 16 05:49:43 UTC 2018: Setting lastTestMethodIndex: 63780
Wed May 16 05:49:43 UTC 2018: Starting linking
Wed May 16 05:49:43 UTC 2018: Linking done for Mehyar77__NewJun test class org.junit.rules.MethodRulesTest
Wed May 16 05:49:43 UTC 2018: Found element on the queue
Wed May 16 05:49:43 UTC 2018: Updating status
Wed May 16 05:49:43 UTC 2018: Working
Wed May 16 05:49:46 UTC 2018: Start Mehyar77__NewJun test class org.junit.rules.RuleChainTest
Wed May 16 05:49:46 UTC 2018: Setting lastTestMethodIndex: 63781
Wed May 16 05:49:46 UTC 2018: Starting linking
Wed May 16 05:49:46 UTC 2018: Linking done for Mehyar77__NewJun test class org.junit.rules.RuleChainTest
Wed May 16 05:49:46 UTC 2018: Found element on the queue
Wed May 16 05:49:46 UTC 2018: Updating status
Wed May 16 05:49:46 UTC 2018: Working
Wed May 16 05:49:49 UTC 2018: Start Mehyar77__NewJun test class org.junit.rules.RuleMemberValidatorTest
Wed May 16 05:49:49 UTC 2018: Setting lastTestMethodIndex: 63783
Wed May 16 05:49:49 UTC 2018: Starting linking
Wed May 16 05:49:49 UTC 2018: No link for: org.junit.rules.RuleMemberValidatorTest-acceptStaticTestRuleThatIsAlsoClassRule
Wed May 16 05:49:49 UTC 2018: No link for: org.junit.rules.RuleMemberValidatorTest-rejectClassRuleMethodReturnsAnArbitraryObject
Wed May 16 05:49:50 UTC 2018: No link for: org.junit.rules.RuleMemberValidatorTest-methodRejectNonStaticClassRule
Wed May 16 05:49:50 UTC 2018: No link for: org.junit.rules.RuleMemberValidatorTest-rejectStaticMethodRule
Wed May 16 05:49:51 UTC 2018: No link for: org.junit.rules.RuleMemberValidatorTest-acceptMethodRule
Wed May 16 05:49:51 UTC 2018: No link for: org.junit.rules.RuleMemberValidatorTest-rejectClassRuleInNonPublicClass
Wed May 16 05:49:51 UTC 2018: No link for: org.junit.rules.RuleMemberValidatorTest-rejectStaticTestRule
Wed May 16 05:49:52 UTC 2018: No link for: org.junit.rules.RuleMemberValidatorTest-acceptNonStaticTestRule
Wed May 16 05:49:52 UTC 2018: No link for: org.junit.rules.RuleMemberValidatorTest-methodAcceptMethodRuleMethod
Wed May 16 05:49:53 UTC 2018: No link for: org.junit.rules.RuleMemberValidatorTest-rejectProtectedClassRule
Wed May 16 05:49:53 UTC 2018: None match not added in database because it already exists
Wed May 16 05:49:53 UTC 2018: No link for: org.junit.rules.RuleMemberValidatorTest-methodRejectArbitraryObjectWithRuleAnnotation
Wed May 16 05:49:53 UTC 2018: No link for: org.junit.rules.RuleMemberValidatorTest-acceptMethodStaticTestRuleThatIsAlsoClassRule
Wed May 16 05:49:54 UTC 2018: No link for: org.junit.rules.RuleMemberValidatorTest-rejectArbitraryObjectWithRuleAnnotation
Wed May 16 05:49:54 UTC 2018: No link for: org.junit.rules.RuleMemberValidatorTest-rejectClassRuleIsAnArbitraryObject
Wed May 16 05:49:55 UTC 2018: No link for: org.junit.rules.RuleMemberValidatorTest-methodRejectProtectedClassRule
Wed May 16 05:49:55 UTC 2018: No link for: org.junit.rules.RuleMemberValidatorTest-rejectNonStaticClassRule
Wed May 16 05:49:55 UTC 2018: No link for: org.junit.rules.RuleMemberValidatorTest-rejectClassRuleThatIsImplemetationOfMethodRule
Wed May 16 05:49:56 UTC 2018: No link for: org.junit.rules.RuleMemberValidatorTest-rejectClassRuleThatReturnsImplementationOfMethodRule
Wed May 16 05:49:56 UTC 2018: No link for: org.junit.rules.RuleMemberValidatorTest-rejectMethodStaticTestRule
Wed May 16 05:49:56 UTC 2018: No link for: org.junit.rules.RuleMemberValidatorTest-rejectMethodStaticMethodRule
Wed May 16 05:49:57 UTC 2018: No link for: org.junit.rules.RuleMemberValidatorTest-acceptMethodNonStaticTestRule
Wed May 16 05:49:57 UTC 2018: Linking done for Mehyar77__NewJun test class org.junit.rules.RuleMemberValidatorTest
Wed May 16 05:49:58 UTC 2018: Found element on the queue
Wed May 16 05:49:58 UTC 2018: Updating status
Wed May 16 05:49:58 UTC 2018: Working
Wed May 16 05:50:00 UTC 2018: Start Mehyar77__NewJun test class org.junit.rules.StopwatchTest
Wed May 16 05:50:00 UTC 2018: Setting lastTestMethodIndex: 63788
Wed May 16 05:50:00 UTC 2018: Starting linking
Wed May 16 05:50:00 UTC 2018: Linking done for Mehyar77__NewJun test class org.junit.rules.StopwatchTest
Wed May 16 05:50:01 UTC 2018: Found element on the queue
Wed May 16 05:50:01 UTC 2018: Updating status
Wed May 16 05:50:01 UTC 2018: Working
Wed May 16 05:50:03 UTC 2018: Start Mehyar77__NewJun test class org.junit.rules.TempFolderRuleTest
Wed May 16 05:50:03 UTC 2018: Setting lastTestMethodIndex: 63790
Wed May 16 05:50:03 UTC 2018: Starting linking
Wed May 16 05:50:03 UTC 2018: Linking done for Mehyar77__NewJun test class org.junit.rules.TempFolderRuleTest
Wed May 16 05:50:04 UTC 2018: Found element on the queue
Wed May 16 05:50:04 UTC 2018: Updating status
Wed May 16 05:50:04 UTC 2018: Working
Wed May 16 05:50:06 UTC 2018: Start Mehyar77__NewJun test class org.junit.rules.TemporaryFolderRuleAssuredDeletionTest
Wed May 16 05:50:06 UTC 2018: Setting lastTestMethodIndex: 63791
Wed May 16 05:50:06 UTC 2018: Starting linking
Wed May 16 05:50:06 UTC 2018: Linking done for Mehyar77__NewJun test class org.junit.rules.TemporaryFolderRuleAssuredDeletionTest
Wed May 16 05:50:07 UTC 2018: Found element on the queue
Wed May 16 05:50:07 UTC 2018: Updating status
Wed May 16 05:50:07 UTC 2018: Working
Wed May 16 05:50:09 UTC 2018: Start Mehyar77__NewJun test class org.junit.rules.TemporaryFolderUsageTest
Wed May 16 05:50:09 UTC 2018: Setting lastTestMethodIndex: 63793
Wed May 16 05:50:09 UTC 2018: Starting linking
Wed May 16 05:50:09 UTC 2018: No code found org.junit.rules.TemporaryFolder-delete with org.junit.rules.TemporaryFolderUsageTest-deleteRemovesRootFolder
Wed May 16 05:50:10 UTC 2018: No code found org.junit.rules.TemporaryFolder-getRoot with org.junit.rules.TemporaryFolderUsageTest-getRootShouldThrowIllegalStateExceptionIfCreateWasNotInvoked
Wed May 16 05:50:10 UTC 2018: No code found org.junit.rules.TemporaryFolder-newFolder with org.junit.rules.TemporaryFolderUsageTest-newFolderWithGivenFolderThrowsIOExceptionIfFolderExists
Wed May 16 05:50:11 UTC 2018: No code found org.junit.rules.TemporaryFolder-newFolder with org.junit.rules.TemporaryFolderUsageTest-newFolderWithPathContainingForwardSlashCreatesDirectories
Wed May 16 05:50:11 UTC 2018: No code found org.junit.rules.TemporaryFolder-newFile with org.junit.rules.TemporaryFolderUsageTest-newFileThrowsIllegalStateExceptionIfCreateWasNotInvoked
Wed May 16 05:50:11 UTC 2018: No code found org.junit.rules.TemporaryFolder-create with org.junit.rules.TemporaryFolderUsageTest-newRandomFolderIsCreatedUnderRootFolder
Wed May 16 05:50:12 UTC 2018: No code found org.junit.rules.TemporaryFolder-newFile with org.junit.rules.TemporaryFolderUsageTest-newFileWithGivenFilenameThrowsIOExceptionIfFileExists
Wed May 16 05:50:12 UTC 2018: No code found org.junit.rules.TemporaryFolder-create with org.junit.rules.TemporaryFolderUsageTest-newNamedFileIsCreatedUnderRootFolder
Wed May 16 05:50:12 UTC 2018: No code found org.junit.rules.TemporaryFolder-create with org.junit.rules.TemporaryFolderUsageTest-newNestedFoldersCreatedUnderRootFolder
Wed May 16 05:50:13 UTC 2018: No code found org.junit.rules.TemporaryFolder-newFolder with org.junit.rules.TemporaryFolderUsageTest-newFolderWithGivenFolderThrowsIOExceptionIfFileExists
Wed May 16 05:50:13 UTC 2018: No code found org.junit.rules.TemporaryFolder-newFolder with org.junit.rules.TemporaryFolderUsageTest-newFolderWithGivenPathThrowsIOExceptionIfFolderExists
Wed May 16 05:50:14 UTC 2018: No code found org.junit.rules.TemporaryFolder-newFolder with org.junit.rules.TemporaryFolderUsageTest-newFolderWithPathsContainingForwardSlashCreatesFullPath
Wed May 16 05:50:14 UTC 2018: No code found org.junit.rules.TemporaryFolder-delete with org.junit.rules.TemporaryFolderUsageTest-deleteShouldDoNothingIfRootFolderWasNotInitialized
Wed May 16 05:50:14 UTC 2018: No code found org.junit.rules.TemporaryFolder-newFolder with org.junit.rules.TemporaryFolderUsageTest-newFolderWithPathStartingWithFileSeparatorThrowsIOException
Wed May 16 05:50:15 UTC 2018: No code found org.junit.rules.TemporaryFolder-newFolder with org.junit.rules.TemporaryFolderUsageTest-newFolderWithGivenPathThrowsIllegalStateExceptionIfCreateWasNotInvoked
Wed May 16 05:50:15 UTC 2018: No code found org.junit.rules.TemporaryFolder-newFolder with org.junit.rules.TemporaryFolderUsageTest-newFolderThrowsIllegalStateExceptionIfCreateWasNotInvoked
Wed May 16 05:50:16 UTC 2018: No code found org.junit.rules.TemporaryFolder-newFolder with org.junit.rules.TemporaryFolderUsageTest-newFolderWithPathsContainingFileSeparatorCreatesFullPath
Wed May 16 05:50:16 UTC 2018: No code found org.junit.rules.TemporaryFolder-create with org.junit.rules.TemporaryFolderUsageTest-newRandomFileIsCreatedUnderRootFolder
Wed May 16 05:50:16 UTC 2018: No code found org.junit.rules.TemporaryFolder-create with org.junit.rules.TemporaryFolderUsageTest-createInitializesRootFolder
Wed May 16 05:50:17 UTC 2018: No code found org.junit.rules.TemporaryFolder-newFolder with org.junit.rules.TemporaryFolderUsageTest-newFolderWithPathContainingFileSeparaterCreatesDirectories
Wed May 16 05:50:17 UTC 2018: No code found org.junit.rules.TemporaryFolder-newFolder with org.junit.rules.TemporaryFolderUsageTest-newFolderWithGivenEmptyArrayThrowsIllegalArgumentException
Wed May 16 05:50:17 UTC 2018: No code found org.junit.rules.TemporaryFolder-newFile with org.junit.rules.TemporaryFolderUsageTest-newFileWithGivenNameThrowsIllegalStateExceptionIfCreateWasNotInvoked
Wed May 16 05:50:18 UTC 2018: No link for: org.junit.rules.TemporaryFolderUsageTest-canSetTheBaseFileForATemporaryFolder
Wed May 16 05:50:18 UTC 2018: None match not added in database because it already exists
Wed May 16 05:50:18 UTC 2018: Linking done for Mehyar77__NewJun test class org.junit.rules.TemporaryFolderUsageTest
Wed May 16 05:50:19 UTC 2018: Found element on the queue
Wed May 16 05:50:19 UTC 2018: Updating status
Wed May 16 05:50:19 UTC 2018: Working
Wed May 16 05:50:21 UTC 2018: Start Mehyar77__NewJun test class org.junit.rules.TestRuleTest
Wed May 16 05:50:21 UTC 2018: Setting lastTestMethodIndex: 63799
Wed May 16 05:50:21 UTC 2018: Starting linking
Wed May 16 05:50:21 UTC 2018: Linking done for Mehyar77__NewJun test class org.junit.rules.TestRuleTest
Wed May 16 05:50:22 UTC 2018: Found element on the queue
Wed May 16 05:50:22 UTC 2018: Updating status
Wed May 16 05:50:22 UTC 2018: Working
Wed May 16 05:50:24 UTC 2018: Start Mehyar77__NewJun test class org.junit.rules.TestWatcherTest
Wed May 16 05:50:24 UTC 2018: Setting lastTestMethodIndex: 63802
Wed May 16 05:50:24 UTC 2018: Starting linking
Wed May 16 05:50:24 UTC 2018: Linking done for Mehyar77__NewJun test class org.junit.rules.TestWatcherTest
Wed May 16 05:50:25 UTC 2018: Found element on the queue
Wed May 16 05:50:25 UTC 2018: Updating status
Wed May 16 05:50:25 UTC 2018: Working
Wed May 16 05:50:28 UTC 2018: Start Mehyar77__NewJun test class org.junit.rules.TestWatchmanTest
Wed May 16 05:50:28 UTC 2018: Setting lastTestMethodIndex: 63803
Wed May 16 05:50:28 UTC 2018: Starting linking
Wed May 16 05:50:28 UTC 2018: Linking done for Mehyar77__NewJun test class org.junit.rules.TestWatchmanTest
Wed May 16 05:50:28 UTC 2018: Found element on the queue
Wed May 16 05:50:28 UTC 2018: Updating status
Wed May 16 05:50:28 UTC 2018: Working
Wed May 16 05:50:30 UTC 2018: Start Mehyar77__NewJun test class org.junit.rules.TimeoutRuleTest
Wed May 16 05:50:31 UTC 2018: Setting lastTestMethodIndex: 63805
Wed May 16 05:50:31 UTC 2018: Starting linking
Wed May 16 05:50:31 UTC 2018: Linking done for Mehyar77__NewJun test class org.junit.rules.TimeoutRuleTest
Wed May 16 05:50:31 UTC 2018: Found element on the queue
Wed May 16 05:50:31 UTC 2018: Updating status
Wed May 16 05:50:31 UTC 2018: Working
Wed May 16 05:50:34 UTC 2018: Start Mehyar77__NewJun test class org.junit.rules.VerifierRuleTest
Wed May 16 05:50:34 UTC 2018: Setting lastTestMethodIndex: 63808
Wed May 16 05:50:34 UTC 2018: Starting linking
Wed May 16 05:50:34 UTC 2018: Linking done for Mehyar77__NewJun test class org.junit.rules.VerifierRuleTest
Wed May 16 05:50:34 UTC 2018: Found element on the queue
Wed May 16 05:50:34 UTC 2018: Updating status
Wed May 16 05:50:34 UTC 2018: Working
Wed May 16 05:50:37 UTC 2018: Start Mehyar77__NewJun test class org.junit.runners.model.FrameworkFieldTest
Wed May 16 05:50:37 UTC 2018: Setting lastTestMethodIndex: 63811
Wed May 16 05:50:37 UTC 2018: Starting linking
Wed May 16 05:50:37 UTC 2018: Code found org.junit.runners.model.FrameworkField-toString with org.junit.runners.model.FrameworkFieldTest-hasToStringWhichPrintsFieldName
Wed May 16 05:50:37 UTC 2018: Match not added in database because it already exists
Wed May 16 05:50:37 UTC 2018: No link for: org.junit.runners.model.FrameworkFieldTest-cannotBeCreatedWithoutUnderlyingField
Wed May 16 05:50:38 UTC 2018: None match not added in database because it already exists
Wed May 16 05:50:38 UTC 2018: No link for: org.junit.runners.model.FrameworkFieldTest-presentAnnotationIsAvailable
Wed May 16 05:50:38 UTC 2018: None match not added in database because it already exists
Wed May 16 05:50:38 UTC 2018: No link for: org.junit.runners.model.FrameworkFieldTest-missingAnnotationIsNotAvailable
Wed May 16 05:50:38 UTC 2018: None match not added in database because it already exists
Wed May 16 05:50:38 UTC 2018: Linking done for Mehyar77__NewJun test class org.junit.runners.model.FrameworkFieldTest
Wed May 16 05:50:39 UTC 2018: Found element on the queue
Wed May 16 05:50:39 UTC 2018: Updating status
Wed May 16 05:50:39 UTC 2018: Working
Wed May 16 05:50:42 UTC 2018: Start Mehyar77__NewJun test class org.junit.runners.model.FrameworkMethodTest
Wed May 16 05:50:42 UTC 2018: Setting lastTestMethodIndex: 63814
Wed May 16 05:50:42 UTC 2018: Starting linking
Wed May 16 05:50:42 UTC 2018: Code found org.junit.runners.model.FrameworkMethod-toString with org.junit.runners.model.FrameworkMethodTest-hasToStringWhichPrintsMethodName
Wed May 16 05:50:42 UTC 2018: Match not added in database because it already exists
Wed May 16 05:50:42 UTC 2018: No link for: org.junit.runners.model.FrameworkMethodTest-presentAnnotationIsAvailable
Wed May 16 05:50:42 UTC 2018: None match not added in database because it already exists
Wed May 16 05:50:42 UTC 2018: No link for: org.junit.runners.model.FrameworkMethodTest-missingAnnotationIsNotAvailable
Wed May 16 05:50:43 UTC 2018: None match not added in database because it already exists
Wed May 16 05:50:43 UTC 2018: No link for: org.junit.runners.model.FrameworkMethodTest-cannotBeCreatedWithoutUnderlyingField
Wed May 16 05:50:43 UTC 2018: None match not added in database because it already exists
Wed May 16 05:50:43 UTC 2018: Linking done for Mehyar77__NewJun test class org.junit.runners.model.FrameworkMethodTest
Wed May 16 05:50:44 UTC 2018: Found element on the queue
Wed May 16 05:50:44 UTC 2018: Updating status
Wed May 16 05:50:44 UTC 2018: Working
Wed May 16 05:50:46 UTC 2018: Start Mehyar77__NewJun test class org.junit.runners.model.InvalidTestClassErrorTest
Wed May 16 05:50:46 UTC 2018: Setting lastTestMethodIndex: 63817
Wed May 16 05:50:46 UTC 2018: Starting linking
Wed May 16 05:50:46 UTC 2018: No link for: org.junit.runners.model.InvalidTestClassErrorTest-invalidTestClassErrorShouldListAllValidationErrorsInItsMessage
Wed May 16 05:50:47 UTC 2018: None match not added in database because it already exists
Wed May 16 05:50:47 UTC 2018: Linking done for Mehyar77__NewJun test class org.junit.runners.model.InvalidTestClassErrorTest
Wed May 16 05:50:47 UTC 2018: Found element on the queue
Wed May 16 05:50:47 UTC 2018: Updating status
Wed May 16 05:50:47 UTC 2018: Working
Wed May 16 05:50:50 UTC 2018: Start Mehyar77__NewJun test class org.junit.runners.model.TestClassTest
Wed May 16 05:50:50 UTC 2018: Setting lastTestMethodIndex: 63819
Wed May 16 05:50:50 UTC 2018: Starting linking
Wed May 16 05:50:50 UTC 2018: Linking done for Mehyar77__NewJun test class org.junit.runners.model.TestClassTest
Wed May 16 05:50:50 UTC 2018: Found element on the queue
Wed May 16 05:50:50 UTC 2018: Updating status
Wed May 16 05:50:50 UTC 2018: Working
Wed May 16 05:50:54 UTC 2018: Start Mehyar77__NewJun test class org.junit.runners.parameterized.BlockJUnit4ClassRunnerWithParametersTest
Wed May 16 05:50:54 UTC 2018: Setting lastTestMethodIndex: 63821
Wed May 16 05:50:54 UTC 2018: Starting linking
Wed May 16 05:50:54 UTC 2018: Linking done for Mehyar77__NewJun test class org.junit.runners.parameterized.BlockJUnit4ClassRunnerWithParametersTest
Wed May 16 05:50:54 UTC 2018: Found element on the queue
Wed May 16 05:50:54 UTC 2018: Updating status
Wed May 16 05:50:54 UTC 2018: Working
Wed May 16 05:50:57 UTC 2018: Start Mehyar77__NewJun test class org.junit.runners.parameterized.ParameterizedNamesTest
Wed May 16 05:50:57 UTC 2018: Setting lastTestMethodIndex: 63823
Wed May 16 05:50:57 UTC 2018: Starting linking
Wed May 16 05:50:57 UTC 2018: Linking done for Mehyar77__NewJun test class org.junit.runners.parameterized.ParameterizedNamesTest
Wed May 16 05:50:58 UTC 2018: Found element on the queue
Wed May 16 05:50:58 UTC 2018: Updating status
Wed May 16 05:50:58 UTC 2018: Working
Wed May 16 05:51:01 UTC 2018: Start Mehyar77__NewJun test class org.junit.runners.parameterized.TestWithParametersTest
Wed May 16 05:51:01 UTC 2018: Setting lastTestMethodIndex: 63826
Wed May 16 05:51:01 UTC 2018: Starting linking
Wed May 16 05:51:01 UTC 2018: Code found org.junit.runners.parameterized.TestWithParameters-toString with org.junit.runners.parameterized.TestWithParametersTest-hasMeaningfulToString
Wed May 16 05:51:01 UTC 2018: Match not added in database because it already exists
Wed May 16 05:51:01 UTC 2018: Code found org.junit.runners.parameterized.TestWithParameters-hashCode with org.junit.runners.parameterized.TestWithParametersTest-hasSameHashCodeAsEqualTest
Wed May 16 05:51:02 UTC 2018: Match not added in database because it already exists
Wed May 16 05:51:02 UTC 2018: No link for: org.junit.runners.parameterized.TestWithParametersTest-isNotEqualToTestWithDifferentName
Wed May 16 05:51:02 UTC 2018: None match not added in database because it already exists
Wed May 16 05:51:02 UTC 2018: No link for: org.junit.runners.parameterized.TestWithParametersTest-cannotBeCreatedWithoutAName
Wed May 16 05:51:02 UTC 2018: None match not added in database because it already exists
Wed May 16 05:51:02 UTC 2018: No link for: org.junit.runners.parameterized.TestWithParametersTest-cannotBeCreatedWithoutParameters
Wed May 16 05:51:03 UTC 2018: None match not added in database because it already exists
Wed May 16 05:51:03 UTC 2018: No link for: org.junit.runners.parameterized.TestWithParametersTest-isNotEqualToTestWithDifferentParameters
Wed May 16 05:51:03 UTC 2018: None match not added in database because it already exists
Wed May 16 05:51:03 UTC 2018: No link for: org.junit.runners.parameterized.TestWithParametersTest-cannotBeCreatedWithoutTestClass
Wed May 16 05:51:04 UTC 2018: None match not added in database because it already exists
Wed May 16 05:51:04 UTC 2018: No link for: org.junit.runners.parameterized.TestWithParametersTest-isEqualToTestWithSameNameAndTestClassAndParameters
Wed May 16 05:51:04 UTC 2018: None match not added in database because it already exists
Wed May 16 05:51:04 UTC 2018: No link for: org.junit.runners.parameterized.TestWithParametersTest-doesNotConsiderParametersWhichChangedAfterTestInstantiation
Wed May 16 05:51:04 UTC 2018: None match not added in database because it already exists
Wed May 16 05:51:04 UTC 2018: No link for: org.junit.runners.parameterized.TestWithParametersTest-doesNotAllowToModifyProvidedParameters
Wed May 16 05:51:05 UTC 2018: None match not added in database because it already exists
Wed May 16 05:51:05 UTC 2018: No link for: org.junit.runners.parameterized.TestWithParametersTest-isNotEqualToTestWithDifferentTestClass
Wed May 16 05:51:05 UTC 2018: None match not added in database because it already exists
Wed May 16 05:51:05 UTC 2018: No link for: org.junit.runners.parameterized.TestWithParametersTest-isNotEqualToObjectWithDifferentClass
Wed May 16 05:51:06 UTC 2018: None match not added in database because it already exists
Wed May 16 05:51:06 UTC 2018: Linking done for Mehyar77__NewJun test class org.junit.runners.parameterized.TestWithParametersTest
Wed May 16 05:51:06 UTC 2018: Found element on the queue
Wed May 16 05:51:06 UTC 2018: Updating status
Wed May 16 05:51:06 UTC 2018: Working
Wed May 16 05:51:09 UTC 2018: Start Mehyar77__NewJun test class org.junit.runners.CustomBlockJUnit4ClassRunnerTest
Wed May 16 05:51:09 UTC 2018: Setting lastTestMethodIndex: 63830
Wed May 16 05:51:09 UTC 2018: Starting linking
Wed May 16 05:51:09 UTC 2018: No link for: org.junit.runners.CustomBlockJUnit4ClassRunnerTest-exceptionsFromMethodBlockMustNotResultInUnrootedTests
Wed May 16 05:51:09 UTC 2018: None match not added in database because it already exists
Wed May 16 05:51:09 UTC 2018: No link for: org.junit.runners.CustomBlockJUnit4ClassRunnerTest-shouldPass
Wed May 16 05:51:10 UTC 2018: No link for: org.junit.runners.CustomBlockJUnit4ClassRunnerTest-throwException
Wed May 16 05:51:10 UTC 2018: Linking done for Mehyar77__NewJun test class org.junit.runners.CustomBlockJUnit4ClassRunnerTest
Wed May 16 05:51:11 UTC 2018: Found element on the queue
Wed May 16 05:51:11 UTC 2018: Updating status
Wed May 16 05:51:11 UTC 2018: Working
Wed May 16 05:51:13 UTC 2018: Start Mehyar77__NewJun test class org.junit.runner.notification.ConcurrentRunNotifierTest
Wed May 16 05:51:13 UTC 2018: Setting lastTestMethodIndex: 63832
Wed May 16 05:51:13 UTC 2018: Starting linking
Wed May 16 05:51:13 UTC 2018: Linking done for Mehyar77__NewJun test class org.junit.runner.notification.ConcurrentRunNotifierTest
Wed May 16 05:51:14 UTC 2018: Found element on the queue
Wed May 16 05:51:14 UTC 2018: Updating status
Wed May 16 05:51:14 UTC 2018: Working
Wed May 16 05:51:16 UTC 2018: Start Mehyar77__NewJun test class org.junit.runner.notification.RunNotifierTest
Wed May 16 05:51:16 UTC 2018: Setting lastTestMethodIndex: 63834
Wed May 16 05:51:16 UTC 2018: Starting linking
Wed May 16 05:51:16 UTC 2018: Code found org.junit.runner.notification.RunNotifier-wrapIfNotThreadSafe with org.junit.runner.notification.RunNotifierTest-wrapIfNotThreadSafeShouldNotWrapThreadSafeListeners
Wed May 16 05:51:17 UTC 2018: Code found org.junit.runner.notification.RunNotifier-wrapIfNotThreadSafe with org.junit.runner.notification.RunNotifierTest-wrapIfNotThreadSafeShouldWrapNonThreadSafeListeners
Wed May 16 05:51:17 UTC 2018: No link for: org.junit.runner.notification.RunNotifierTest-notifiesSecondListenerIfFirstThrowsException
Wed May 16 05:51:17 UTC 2018: None match not added in database because it already exists
Wed May 16 05:51:17 UTC 2018: No link for: org.junit.runner.notification.RunNotifierTest-addAndRemoveWithNonThreadSafeListener
Wed May 16 05:51:18 UTC 2018: No link for: org.junit.runner.notification.RunNotifierTest-addAndRemoveWithThreadSafeListener
Wed May 16 05:51:18 UTC 2018: No link for: org.junit.runner.notification.RunNotifierTest-addFirstAndRemoveWithNonThreadSafeListener
Wed May 16 05:51:19 UTC 2018: No link for: org.junit.runner.notification.RunNotifierTest-addFirstAndRemoveWithThreadSafeListener
Wed May 16 05:51:19 UTC 2018: No link for: org.junit.runner.notification.RunNotifierTest-hasNoProblemsWithFailingListeners
Wed May 16 05:51:19 UTC 2018: None match not added in database because it already exists
Wed May 16 05:51:19 UTC 2018: Linking done for Mehyar77__NewJun test class org.junit.runner.notification.RunNotifierTest
Wed May 16 05:51:20 UTC 2018: Found element on the queue
Wed May 16 05:51:20 UTC 2018: Updating status
Wed May 16 05:51:20 UTC 2018: Working
Wed May 16 05:51:23 UTC 2018: Start Mehyar77__NewJun test class org.junit.runner.notification.SynchronizedRunListenerTest
Wed May 16 05:51:23 UTC 2018: Setting lastTestMethodIndex: 63837
Wed May 16 05:51:23 UTC 2018: Starting linking
Wed May 16 05:51:23 UTC 2018: Linking done for Mehyar77__NewJun test class org.junit.runner.notification.SynchronizedRunListenerTest
Wed May 16 05:51:23 UTC 2018: Found element on the queue
Wed May 16 05:51:23 UTC 2018: Updating status
Wed May 16 05:51:23 UTC 2018: Working
Wed May 16 05:51:26 UTC 2018: Start Mehyar77__NewJun test class org.junit.runner.FilterFactoriesTest
Wed May 16 05:51:26 UTC 2018: Setting lastTestMethodIndex: 63839
Wed May 16 05:51:26 UTC 2018: Starting linking
Wed May 16 05:51:26 UTC 2018: Code found org.junit.runner.FilterFactories-createFilter with org.junit.runner.FilterFactoriesTest-shouldCreateFilter
Wed May 16 05:51:26 UTC 2018: Match not added in database because it already exists
Wed May 16 05:51:26 UTC 2018: No link for: org.junit.runner.FilterFactoriesTest-shouldThrowExceptionIfNotFilterFactory
Wed May 16 05:51:26 UTC 2018: None match not added in database because it already exists
Wed May 16 05:51:26 UTC 2018: No link for: org.junit.runner.FilterFactoriesTest-shouldPassOnDescriptionToFilterFactory
Wed May 16 05:51:27 UTC 2018: None match not added in database because it already exists
Wed May 16 05:51:27 UTC 2018: No link for: org.junit.runner.FilterFactoriesTest-passes
Wed May 16 05:51:27 UTC 2018: No link for: org.junit.runner.FilterFactoriesTest-shouldCreateFilterWithArguments
Wed May 16 05:51:28 UTC 2018: None match not added in database because it already exists
Wed May 16 05:51:28 UTC 2018: No link for: org.junit.runner.FilterFactoriesTest-shouldThrowExceptionIfNotInstantiable
Wed May 16 05:51:28 UTC 2018: None match not added in database because it already exists
Wed May 16 05:51:28 UTC 2018: No link for: org.junit.runner.FilterFactoriesTest-shouldCreateFilterWithNoArguments
Wed May 16 05:51:28 UTC 2018: None match not added in database because it already exists
Wed May 16 05:51:28 UTC 2018: Linking done for Mehyar77__NewJun test class org.junit.runner.FilterFactoriesTest
Wed May 16 05:51:29 UTC 2018: Found element on the queue
Wed May 16 05:51:29 UTC 2018: Updating status
Wed May 16 05:51:29 UTC 2018: Working
Wed May 16 05:51:31 UTC 2018: Start Mehyar77__NewJun test class org.junit.runner.FilterOptionIntegrationTest
Wed May 16 05:51:31 UTC 2018: Setting lastTestMethodIndex: 63842
Wed May 16 05:51:31 UTC 2018: Starting linking
Wed May 16 05:51:31 UTC 2018: No link for: org.junit.runner.FilterOptionIntegrationTest-shouldIncludeSomeTests
Wed May 16 05:51:32 UTC 2018: None match not added in database because it already exists
Wed May 16 05:51:32 UTC 2018: No link for: org.junit.runner.FilterOptionIntegrationTest-shouldExcludeSomeTests
Wed May 16 05:51:32 UTC 2018: None match not added in database because it already exists
Wed May 16 05:51:32 UTC 2018: No link for: org.junit.runner.FilterOptionIntegrationTest-dummyTest
Wed May 16 05:51:33 UTC 2018: No link for: org.junit.runner.FilterOptionIntegrationTest-shouldCombineFilters
Wed May 16 05:51:33 UTC 2018: None match not added in database because it already exists
Wed May 16 05:51:33 UTC 2018: No link for: org.junit.runner.FilterOptionIntegrationTest-shouldRunAllTests
Wed May 16 05:51:33 UTC 2018: None match not added in database because it already exists
Wed May 16 05:51:33 UTC 2018: Linking done for Mehyar77__NewJun test class org.junit.runner.FilterOptionIntegrationTest
Wed May 16 05:51:34 UTC 2018: Found element on the queue
Wed May 16 05:51:34 UTC 2018: Updating status
Wed May 16 05:51:34 UTC 2018: Working
Wed May 16 05:51:36 UTC 2018: Start Mehyar77__NewJun test class org.junit.runner.JUnitCommandLineParseResultTest
Wed May 16 05:51:36 UTC 2018: Setting lastTestMethodIndex: 63844
Wed May 16 05:51:36 UTC 2018: Starting linking
Wed May 16 05:51:36 UTC 2018: No link for: org.junit.runner.JUnitCommandLineParseResultTest-shouldStopParsingOptionsUponDoubleHyphenArg
Wed May 16 05:51:37 UTC 2018: None match not added in database because it already exists
Wed May 16 05:51:37 UTC 2018: No link for: org.junit.runner.JUnitCommandLineParseResultTest-shouldStopParsingOptionsUponNonOption
Wed May 16 05:51:37 UTC 2018: None match not added in database because it already exists
Wed May 16 05:51:37 UTC 2018: No link for: org.junit.runner.JUnitCommandLineParseResultTest-shouldCreateFailureUponUncreatedFilter
Wed May 16 05:51:38 UTC 2018: None match not added in database because it already exists
Wed May 16 05:51:38 UTC 2018: No link for: org.junit.runner.JUnitCommandLineParseResultTest-shouldCreateFailureUponUnknownTestClass
Wed May 16 05:51:38 UTC 2018: None match not added in database because it already exists
Wed May 16 05:51:38 UTC 2018: No link for: org.junit.runner.JUnitCommandLineParseResultTest-shouldCreateFailureUponUnfoundFilterFactory
Wed May 16 05:51:38 UTC 2018: None match not added in database because it already exists
Wed May 16 05:51:38 UTC 2018: No link for: org.junit.runner.JUnitCommandLineParseResultTest-shouldCreateFailureUponUnknownOption
Wed May 16 05:51:39 UTC 2018: None match not added in database because it already exists
Wed May 16 05:51:39 UTC 2018: No link for: org.junit.runner.JUnitCommandLineParseResultTest-shouldCreateFailureUponBaldFilterOptionNotFollowedByValue
Wed May 16 05:51:39 UTC 2018: None match not added in database because it already exists
Wed May 16 05:51:39 UTC 2018: No link for: org.junit.runner.JUnitCommandLineParseResultTest-dummyTest
Wed May 16 05:51:39 UTC 2018: No link for: org.junit.runner.JUnitCommandLineParseResultTest-shouldParseFilterArgWithEqualsSyntax
Wed May 16 05:51:40 UTC 2018: None match not added in database because it already exists
Wed May 16 05:51:40 UTC 2018: No link for: org.junit.runner.JUnitCommandLineParseResultTest-shouldParseFilterArgInWhichValueIsASeparateArg
Wed May 16 05:51:40 UTC 2018: None match not added in database because it already exists
Wed May 16 05:51:40 UTC 2018: No link for: org.junit.runner.JUnitCommandLineParseResultTest-shouldAddToClasses
Wed May 16 05:51:41 UTC 2018: None match not added in database because it already exists
Wed May 16 05:51:41 UTC 2018: Linking done for Mehyar77__NewJun test class org.junit.runner.JUnitCommandLineParseResultTest
Wed May 16 05:51:41 UTC 2018: Found element on the queue
Wed May 16 05:51:41 UTC 2018: Updating status
Wed May 16 05:51:41 UTC 2018: Working
Wed May 16 05:51:44 UTC 2018: Start Mehyar77__NewJun test class org.junit.runner.JUnitCoreTest
Wed May 16 05:51:44 UTC 2018: Setting lastTestMethodIndex: 63848
Wed May 16 05:51:44 UTC 2018: Starting linking
Wed May 16 05:51:44 UTC 2018: No link for: org.junit.runner.JUnitCoreTest-shouldAddFailuresToResult
Wed May 16 05:51:44 UTC 2018: None match not added in database because it already exists
Wed May 16 05:51:44 UTC 2018: Linking done for Mehyar77__NewJun test class org.junit.runner.JUnitCoreTest
Wed May 16 05:51:45 UTC 2018: Found element on the queue
Wed May 16 05:51:45 UTC 2018: Updating status
Wed May 16 05:51:45 UTC 2018: Working
Wed May 16 05:51:47 UTC 2018: Start Mehyar77__NewJun test class org.junit.runner.RequestTest
Wed May 16 05:51:47 UTC 2018: Setting lastTestMethodIndex: 63850
Wed May 16 05:51:47 UTC 2018: Starting linking
Wed May 16 05:51:47 UTC 2018: Code found org.junit.runner.Request-classes with org.junit.runner.RequestTest-createsADescriptionWithANameForClasses
Wed May 16 05:51:48 UTC 2018: Match not added in database because it already exists
Wed May 16 05:51:48 UTC 2018: Linking done for Mehyar77__NewJun test class org.junit.runner.RequestTest
Wed May 16 05:51:48 UTC 2018: Found element on the queue
Wed May 16 05:51:48 UTC 2018: Updating status
Wed May 16 05:51:48 UTC 2018: Working
Wed May 16 05:51:51 UTC 2018: Start Mehyar77__NewJun test class org.junit.tests.running.classes.BlockJUnit4ClassRunnerTest
Wed May 16 05:51:51 UTC 2018: Setting lastTestMethodIndex: 63853
Wed May 16 05:51:51 UTC 2018: Starting linking
Wed May 16 05:51:51 UTC 2018: Linking done for Mehyar77__NewJun test class org.junit.tests.running.classes.BlockJUnit4ClassRunnerTest
Wed May 16 05:51:51 UTC 2018: Found element on the queue
Wed May 16 05:51:51 UTC 2018: Updating status
Wed May 16 05:51:51 UTC 2018: Working
Wed May 16 05:51:54 UTC 2018: Start Mehyar77__NewJun test class org.junit.tests.running.classes.ClassLevelMethodsWithIgnoredTestsTest
Wed May 16 05:51:54 UTC 2018: Setting lastTestMethodIndex: 63856
Wed May 16 05:51:54 UTC 2018: Starting linking
Wed May 16 05:51:54 UTC 2018: Linking done for Mehyar77__NewJun test class org.junit.tests.running.classes.ClassLevelMethodsWithIgnoredTestsTest
Wed May 16 05:51:54 UTC 2018: Found element on the queue
Wed May 16 05:51:54 UTC 2018: Updating status
Wed May 16 05:51:54 UTC 2018: Working
Wed May 16 05:51:57 UTC 2018: Start Mehyar77__NewJun test class org.junit.tests.running.classes.EnclosedTest
Wed May 16 05:51:57 UTC 2018: Setting lastTestMethodIndex: 63859
Wed May 16 05:51:57 UTC 2018: Starting linking
Wed May 16 05:51:57 UTC 2018: Linking done for Mehyar77__NewJun test class org.junit.tests.running.classes.EnclosedTest
Wed May 16 05:51:57 UTC 2018: Found element on the queue
Wed May 16 05:51:57 UTC 2018: Updating status
Wed May 16 05:51:57 UTC 2018: Working
Wed May 16 05:51:59 UTC 2018: Start Mehyar77__NewJun test class org.junit.tests.running.classes.IgnoreClassTest
Wed May 16 05:51:59 UTC 2018: Setting lastTestMethodIndex: 63861
Wed May 16 05:51:59 UTC 2018: Starting linking
Wed May 16 05:51:59 UTC 2018: Linking done for Mehyar77__NewJun test class org.junit.tests.running.classes.IgnoreClassTest
Wed May 16 05:52:00 UTC 2018: Found element on the queue
Wed May 16 05:52:00 UTC 2018: Updating status
Wed May 16 05:52:00 UTC 2018: Working
Wed May 16 05:52:03 UTC 2018: Start Mehyar77__NewJun test class org.junit.tests.running.classes.ParameterizedTestTest
Wed May 16 05:52:03 UTC 2018: Setting lastTestMethodIndex: 63864
Wed May 16 05:52:03 UTC 2018: Starting linking
Wed May 16 05:52:03 UTC 2018: Linking done for Mehyar77__NewJun test class org.junit.tests.running.classes.ParameterizedTestTest
Wed May 16 05:52:03 UTC 2018: Found element on the queue
Wed May 16 05:52:03 UTC 2018: Updating status
Wed May 16 05:52:03 UTC 2018: Working
Wed May 16 05:52:06 UTC 2018: Start Mehyar77__NewJun test class org.junit.tests.running.classes.ParentRunnerFilteringTest
Wed May 16 05:52:06 UTC 2018: Setting lastTestMethodIndex: 63867
Wed May 16 05:52:06 UTC 2018: Starting linking
Wed May 16 05:52:06 UTC 2018: Linking done for Mehyar77__NewJun test class org.junit.tests.running.classes.ParentRunnerFilteringTest
Wed May 16 05:52:06 UTC 2018: Found element on the queue
Wed May 16 05:52:06 UTC 2018: Updating status
Wed May 16 05:52:06 UTC 2018: Working
Wed May 16 05:52:08 UTC 2018: Start Mehyar77__NewJun test class org.junit.tests.running.classes.ParentRunnerTest
Wed May 16 05:52:08 UTC 2018: Setting lastTestMethodIndex: 63870
Wed May 16 05:52:08 UTC 2018: Starting linking
Wed May 16 05:52:08 UTC 2018: Linking done for Mehyar77__NewJun test class org.junit.tests.running.classes.ParentRunnerTest
Wed May 16 05:52:09 UTC 2018: Found element on the queue
Wed May 16 05:52:09 UTC 2018: Updating status
Wed May 16 05:52:09 UTC 2018: Working
Wed May 16 05:52:11 UTC 2018: Start Mehyar77__NewJun test class org.junit.tests.running.classes.parent.ParentRunnerClassLoaderTest
Wed May 16 05:52:11 UTC 2018: Setting lastTestMethodIndex: 63872
Wed May 16 05:52:11 UTC 2018: Starting linking
Wed May 16 05:52:11 UTC 2018: No link for: org.junit.tests.running.classes.parent.ParentRunnerClassLoaderTest-testClassRuleAccessToClassInAnotherClassLoader
Wed May 16 05:52:12 UTC 2018: None match not added in database because it already exists
Wed May 16 05:52:12 UTC 2018: No link for: org.junit.tests.running.classes.parent.ParentRunnerClassLoaderTest-testBackwardCompatibilityWithOverrideGetName
Wed May 16 05:52:12 UTC 2018: None match not added in database because it already exists
Wed May 16 05:52:12 UTC 2018: No link for: org.junit.tests.running.classes.parent.ParentRunnerClassLoaderTest-testDescriptionContainCorrectTestClass
Wed May 16 05:52:13 UTC 2018: None match not added in database because it already exists
Wed May 16 05:52:13 UTC 2018: Linking done for Mehyar77__NewJun test class org.junit.tests.running.classes.parent.ParentRunnerClassLoaderTest
Wed May 16 05:52:13 UTC 2018: Found element on the queue
Wed May 16 05:52:13 UTC 2018: Updating status
Wed May 16 05:52:13 UTC 2018: Working
Wed May 16 05:52:16 UTC 2018: Start Mehyar77__NewJun test class org.junit.tests.running.classes.RunWithTest
Wed May 16 05:52:16 UTC 2018: Setting lastTestMethodIndex: 63875
Wed May 16 05:52:16 UTC 2018: Starting linking
Wed May 16 05:52:16 UTC 2018: Linking done for Mehyar77__NewJun test class org.junit.tests.running.classes.RunWithTest
Wed May 16 05:52:16 UTC 2018: Found element on the queue
Wed May 16 05:52:16 UTC 2018: Updating status
Wed May 16 05:52:16 UTC 2018: Working
Wed May 16 05:52:19 UTC 2018: Start Mehyar77__NewJun test class org.junit.tests.running.classes.SuiteTest
Wed May 16 05:52:19 UTC 2018: Setting lastTestMethodIndex: 63877
Wed May 16 05:52:19 UTC 2018: Starting linking
Wed May 16 05:52:19 UTC 2018: Linking done for Mehyar77__NewJun test class org.junit.tests.running.classes.SuiteTest
Wed May 16 05:52:19 UTC 2018: Found element on the queue
Wed May 16 05:52:19 UTC 2018: Updating status
Wed May 16 05:52:19 UTC 2018: Working
Wed May 16 05:52:22 UTC 2018: Start Mehyar77__NewJun test class org.junit.tests.running.classes.UseSuiteAsASuperclassTest
Wed May 16 05:52:22 UTC 2018: Setting lastTestMethodIndex: 63878
Wed May 16 05:52:22 UTC 2018: Starting linking
Wed May 16 05:52:22 UTC 2018: Linking done for Mehyar77__NewJun test class org.junit.tests.running.classes.UseSuiteAsASuperclassTest
Wed May 16 05:52:22 UTC 2018: Found element on the queue
Wed May 16 05:52:22 UTC 2018: Updating status
Wed May 16 05:52:22 UTC 2018: Working
Wed May 16 05:52:25 UTC 2018: Start Mehyar77__NewJun test class org.junit.tests.running.core.CommandLineTest
Wed May 16 05:52:25 UTC 2018: Setting lastTestMethodIndex: 63881
Wed May 16 05:52:25 UTC 2018: Starting linking
Wed May 16 05:52:25 UTC 2018: Linking done for Mehyar77__NewJun test class org.junit.tests.running.core.CommandLineTest
Wed May 16 05:52:25 UTC 2018: Found element on the queue
Wed May 16 05:52:25 UTC 2018: Updating status
Wed May 16 05:52:25 UTC 2018: Working
Wed May 16 05:52:28 UTC 2018: Start Mehyar77__NewJun test class org.junit.tests.running.core.JUnitCoreReturnsCorrectExitCodeTest
Wed May 16 05:52:28 UTC 2018: Setting lastTestMethodIndex: 63883
Wed May 16 05:52:28 UTC 2018: Starting linking
Wed May 16 05:52:28 UTC 2018: Linking done for Mehyar77__NewJun test class org.junit.tests.running.core.JUnitCoreReturnsCorrectExitCodeTest
Wed May 16 05:52:28 UTC 2018: Found element on the queue
Wed May 16 05:52:28 UTC 2018: Updating status
Wed May 16 05:52:28 UTC 2018: Working
Wed May 16 05:52:31 UTC 2018: Start Mehyar77__NewJun test class org.junit.tests.running.core.SystemExitTest
Wed May 16 05:52:31 UTC 2018: Setting lastTestMethodIndex: 63885
Wed May 16 05:52:31 UTC 2018: Starting linking
Wed May 16 05:52:31 UTC 2018: Linking done for Mehyar77__NewJun test class org.junit.tests.running.core.SystemExitTest
Wed May 16 05:52:32 UTC 2018: Found element on the queue
Wed May 16 05:52:32 UTC 2018: Updating status
Wed May 16 05:52:32 UTC 2018: Working
Wed May 16 05:52:34 UTC 2018: Start Mehyar77__NewJun test class org.junit.tests.running.methods.AnnotationTest
Wed May 16 05:52:34 UTC 2018: Setting lastTestMethodIndex: 63887
Wed May 16 05:52:34 UTC 2018: Starting linking
Wed May 16 05:52:34 UTC 2018: Linking done for Mehyar77__NewJun test class org.junit.tests.running.methods.AnnotationTest
Wed May 16 05:52:35 UTC 2018: Found element on the queue
Wed May 16 05:52:35 UTC 2018: Updating status
Wed May 16 05:52:35 UTC 2018: Working
Wed May 16 05:52:37 UTC 2018: Start Mehyar77__NewJun test class org.junit.tests.running.methods.ExpectedTest
Wed May 16 05:52:37 UTC 2018: Setting lastTestMethodIndex: 63889
Wed May 16 05:52:37 UTC 2018: Starting linking
Wed May 16 05:52:37 UTC 2018: Linking done for Mehyar77__NewJun test class org.junit.tests.running.methods.ExpectedTest
Wed May 16 05:52:38 UTC 2018: Found element on the queue
Wed May 16 05:52:38 UTC 2018: Updating status
Wed May 16 05:52:38 UTC 2018: Working
Wed May 16 05:52:40 UTC 2018: Start Mehyar77__NewJun test class org.junit.tests.running.methods.InheritedTestTest
Wed May 16 05:52:40 UTC 2018: Setting lastTestMethodIndex: 63890
Wed May 16 05:52:40 UTC 2018: Starting linking
Wed May 16 05:52:40 UTC 2018: Linking done for Mehyar77__NewJun test class org.junit.tests.running.methods.InheritedTestTest
Wed May 16 05:52:41 UTC 2018: Found element on the queue
Wed May 16 05:52:41 UTC 2018: Updating status
Wed May 16 05:52:41 UTC 2018: Working
Wed May 16 05:52:44 UTC 2018: Start Mehyar77__NewJun test class org.junit.tests.running.methods.ParameterizedTestMethodTest
Wed May 16 05:52:44 UTC 2018: Setting lastTestMethodIndex: 63892
Wed May 16 05:52:44 UTC 2018: Starting linking
Wed May 16 05:52:44 UTC 2018: Linking done for Mehyar77__NewJun test class org.junit.tests.running.methods.ParameterizedTestMethodTest
Wed May 16 05:52:44 UTC 2018: Found element on the queue
Wed May 16 05:52:44 UTC 2018: Updating status
Wed May 16 05:52:44 UTC 2018: Working
Wed May 16 05:52:46 UTC 2018: Start Mehyar77__NewJun test class org.junit.tests.running.methods.TestMethodTest
Wed May 16 05:52:46 UTC 2018: Setting lastTestMethodIndex: 63894
Wed May 16 05:52:46 UTC 2018: Starting linking
Wed May 16 05:52:46 UTC 2018: Linking done for Mehyar77__NewJun test class org.junit.tests.running.methods.TestMethodTest
Wed May 16 05:52:47 UTC 2018: Found element on the queue
Wed May 16 05:52:47 UTC 2018: Updating status
Wed May 16 05:52:47 UTC 2018: Working
Wed May 16 05:52:49 UTC 2018: Start Mehyar77__NewJun test class org.junit.tests.running.methods.TimeoutTest
Wed May 16 05:52:49 UTC 2018: Setting lastTestMethodIndex: 63897
Wed May 16 05:52:49 UTC 2018: Starting linking
Wed May 16 05:52:49 UTC 2018: Linking done for Mehyar77__NewJun test class org.junit.tests.running.methods.TimeoutTest
Wed May 16 05:52:50 UTC 2018: Found element on the queue
Wed May 16 05:52:50 UTC 2018: Updating status
Wed May 16 05:52:50 UTC 2018: Working
Wed May 16 05:52:52 UTC 2018: Start Mehyar77__NewJun test class org.junit.samples.ListTest
Wed May 16 05:52:52 UTC 2018: Setting lastTestMethodIndex: 63898
Wed May 16 05:52:52 UTC 2018: Starting linking
Wed May 16 05:52:52 UTC 2018: No link for: org.junit.samples.ListTest-removeAll
Wed May 16 05:52:53 UTC 2018: None match not added in database because it already exists
Wed May 16 05:52:53 UTC 2018: No link for: org.junit.samples.ListTest-testCopy
Wed May 16 05:52:53 UTC 2018: None match not added in database because it already exists
Wed May 16 05:52:53 UTC 2018: No link for: org.junit.samples.ListTest-elementAt
Wed May 16 05:52:53 UTC 2018: None match not added in database because it already exists
Wed May 16 05:52:53 UTC 2018: No link for: org.junit.samples.ListTest-capacity
Wed May 16 05:52:54 UTC 2018: None match not added in database because it already exists
Wed May 16 05:52:54 UTC 2018: No link for: org.junit.samples.ListTest-contains
Wed May 16 05:52:54 UTC 2018: None match not added in database because it already exists
Wed May 16 05:52:54 UTC 2018: No link for: org.junit.samples.ListTest-removeElement
Wed May 16 05:52:54 UTC 2018: None match not added in database because it already exists
Wed May 16 05:52:54 UTC 2018: Linking done for Mehyar77__NewJun test class org.junit.samples.ListTest
Wed May 16 05:52:55 UTC 2018: Found element on the queue
Wed May 16 05:52:55 UTC 2018: Updating status
Wed May 16 05:52:55 UTC 2018: Working
Wed May 16 05:52:57 UTC 2018: Start Mehyar77__NewJun test class org.junit.samples.money.MoneyTest
Wed May 16 05:52:57 UTC 2018: Setting lastTestMethodIndex: 63901
Wed May 16 05:52:57 UTC 2018: Starting linking
Wed May 16 05:52:57 UTC 2018: Code found junit.samples.money.Money-add with org.junit.samples.money.MoneyTest-testSimpleBagAdd
Wed May 16 05:52:58 UTC 2018: Match not added in database because it already exists
Wed May 16 05:52:58 UTC 2018: Code found junit.samples.money.Money-negate with org.junit.samples.money.MoneyTest-testSimpleNegate
Wed May 16 05:52:58 UTC 2018: Match not added in database because it already exists
Wed May 16 05:52:58 UTC 2018: Code found junit.samples.money.Money-multiply with org.junit.samples.money.MoneyTest-testSimpleMultiply
Wed May 16 05:52:59 UTC 2018: Match not added in database because it already exists
Wed May 16 05:52:59 UTC 2018: Code found junit.samples.money.Money-equals with org.junit.samples.money.MoneyTest-testMoneyBagEquals
Wed May 16 05:52:59 UTC 2018: Match not added in database because it already exists
Wed May 16 05:52:59 UTC 2018: Code found junit.samples.money.Money-equals with org.junit.samples.money.MoneyTest-testMoneyEquals
Wed May 16 05:52:59 UTC 2018: Match not added in database because it already exists
Wed May 16 05:52:59 UTC 2018: Code found junit.samples.money.Money-add with org.junit.samples.money.MoneyTest-testSimpleAdd
Wed May 16 05:53:00 UTC 2018: Match not added in database because it already exists
Wed May 16 05:53:00 UTC 2018: Code found junit.samples.money.Money-add with org.junit.samples.money.MoneyTest-testMixedSimpleAdd
Wed May 16 05:53:00 UTC 2018: Match not added in database because it already exists
Wed May 16 05:53:00 UTC 2018: Code found junit.samples.money.Money-subtract with org.junit.samples.money.MoneyTest-testSimpleSubtract
Wed May 16 05:53:00 UTC 2018: Match not added in database because it already exists
Wed May 16 05:53:00 UTC 2018: No link for: org.junit.samples.money.MoneyTest-testBagSimpleAdd
Wed May 16 05:53:01 UTC 2018: None match not added in database because it already exists
Wed May 16 05:53:01 UTC 2018: No link for: org.junit.samples.money.MoneyTest-testMoneyBagHash
Wed May 16 05:53:01 UTC 2018: None match not added in database because it already exists
Wed May 16 05:53:01 UTC 2018: No link for: org.junit.samples.money.MoneyTest-testMoneyHash
Wed May 16 05:53:02 UTC 2018: None match not added in database because it already exists
Wed May 16 05:53:02 UTC 2018: No link for: org.junit.samples.money.MoneyTest-testBagSumAdd
Wed May 16 05:53:02 UTC 2018: None match not added in database because it already exists
Wed May 16 05:53:02 UTC 2018: No link for: org.junit.samples.money.MoneyTest-testBagNotEquals
Wed May 16 05:53:02 UTC 2018: None match not added in database because it already exists
Wed May 16 05:53:02 UTC 2018: No link for: org.junit.samples.money.MoneyTest-zeroMoniesAreEqualRegardlessOfCurrency
Wed May 16 05:53:03 UTC 2018: None match not added in database because it already exists
Wed May 16 05:53:03 UTC 2018: No link for: org.junit.samples.money.MoneyTest-testIsZero
Wed May 16 05:53:03 UTC 2018: None match not added in database because it already exists
Wed May 16 05:53:03 UTC 2018: No link for: org.junit.samples.money.MoneyTest-testSimplify
Wed May 16 05:53:04 UTC 2018: None match not added in database because it already exists
Wed May 16 05:53:04 UTC 2018: No link for: org.junit.samples.money.MoneyTest-testNormalize2
Wed May 16 05:53:04 UTC 2018: None match not added in database because it already exists
Wed May 16 05:53:04 UTC 2018: No link for: org.junit.samples.money.MoneyTest-testNormalize3
Wed May 16 05:53:04 UTC 2018: None match not added in database because it already exists
Wed May 16 05:53:04 UTC 2018: No link for: org.junit.samples.money.MoneyTest-testNormalize4
Wed May 16 05:53:05 UTC 2018: None match not added in database because it already exists
Wed May 16 05:53:05 UTC 2018: No link for: org.junit.samples.money.MoneyTest-testBagMultiply
Wed May 16 05:53:05 UTC 2018: None match not added in database because it already exists
Wed May 16 05:53:05 UTC 2018: No link for: org.junit.samples.money.MoneyTest-testBagNegate
Wed May 16 05:53:05 UTC 2018: None match not added in database because it already exists
Wed May 16 05:53:05 UTC 2018: No link for: org.junit.samples.money.MoneyTest-testBagSubtract
Wed May 16 05:53:06 UTC 2018: None match not added in database because it already exists
Wed May 16 05:53:06 UTC 2018: No link for: org.junit.samples.money.MoneyTest-testPrint
Wed May 16 05:53:06 UTC 2018: None match not added in database because it already exists
Wed May 16 05:53:06 UTC 2018: Linking done for Mehyar77__NewJun test class org.junit.samples.money.MoneyTest
Wed May 16 05:53:07 UTC 2018: Found element on the queue
Wed May 16 05:53:07 UTC 2018: Updating status
Wed May 16 05:53:07 UTC 2018: Working
Wed May 16 05:53:09 UTC 2018: Start Mehyar77__NewJun test class org.junit.tests.validation.BadlyFormedClassesTest
Wed May 16 05:53:09 UTC 2018: Setting lastTestMethodIndex: 63907
Wed May 16 05:53:09 UTC 2018: Starting linking
Wed May 16 05:53:09 UTC 2018: Linking done for Mehyar77__NewJun test class org.junit.tests.validation.BadlyFormedClassesTest
Wed May 16 05:53:10 UTC 2018: Found element on the queue
Wed May 16 05:53:10 UTC 2018: Updating status
Wed May 16 05:53:10 UTC 2018: Working
Wed May 16 05:53:12 UTC 2018: Start Mehyar77__NewJun test class org.junit.tests.validation.FailedConstructionTest
Wed May 16 05:53:12 UTC 2018: Setting lastTestMethodIndex: 63910
Wed May 16 05:53:12 UTC 2018: Starting linking
Wed May 16 05:53:12 UTC 2018: Linking done for Mehyar77__NewJun test class org.junit.tests.validation.FailedConstructionTest
Wed May 16 05:53:13 UTC 2018: Found element on the queue
Wed May 16 05:53:13 UTC 2018: Updating status
Wed May 16 05:53:13 UTC 2018: Working
Wed May 16 05:53:15 UTC 2018: Start Mehyar77__NewJun test class org.junit.tests.validation.ValidationTest
Wed May 16 05:53:15 UTC 2018: Setting lastTestMethodIndex: 63912
Wed May 16 05:53:15 UTC 2018: Starting linking
Wed May 16 05:53:15 UTC 2018: Linking done for Mehyar77__NewJun test class org.junit.tests.validation.ValidationTest
Wed May 16 05:53:16 UTC 2018: Found element on the queue
Wed May 16 05:53:16 UTC 2018: Updating status
Wed May 16 05:53:16 UTC 2018: Working
Wed May 16 05:53:18 UTC 2018: Start Mehyar77__NewJun test class org.junit.validator.AnnotationsValidatorTest
Wed May 16 05:53:18 UTC 2018: Setting lastTestMethodIndex: 63914
Wed May 16 05:53:18 UTC 2018: Starting linking
Wed May 16 05:53:18 UTC 2018: Linking done for Mehyar77__NewJun test class org.junit.validator.AnnotationsValidatorTest
Wed May 16 05:53:19 UTC 2018: Found element on the queue
Wed May 16 05:53:19 UTC 2018: Updating status
Wed May 16 05:53:19 UTC 2018: Working
Wed May 16 05:53:21 UTC 2018: Start Mehyar77__NewJun test class org.junit.validator.AnnotationValidatorFactoryTest
Wed May 16 05:53:21 UTC 2018: Setting lastTestMethodIndex: 63916
Wed May 16 05:53:21 UTC 2018: Starting linking
Wed May 16 05:53:21 UTC 2018: Code found org.junit.validator.AnnotationValidatorFactory-createAnnotationValidator with org.junit.validator.AnnotationValidatorFactoryTest-createAnnotationValidator
Wed May 16 05:53:22 UTC 2018: Match not added in database because it already exists
Wed May 16 05:53:22 UTC 2018: No link for: org.junit.validator.AnnotationValidatorFactoryTest-exceptionWhenAnnotationValidatorCantBeCreated
Wed May 16 05:53:22 UTC 2018: Linking done for Mehyar77__NewJun test class org.junit.validator.AnnotationValidatorFactoryTest
Wed May 16 05:53:22 UTC 2018: Found element on the queue
Wed May 16 05:53:22 UTC 2018: Updating status
Wed May 16 05:53:22 UTC 2018: Working
Wed May 16 05:53:25 UTC 2018: Start Mehyar77__NewJun test class org.junit.validator.PublicClassValidatorTest
Wed May 16 05:53:25 UTC 2018: Setting lastTestMethodIndex: 63919
Wed May 16 05:53:25 UTC 2018: Starting linking
Wed May 16 05:53:25 UTC 2018: Linking done for Mehyar77__NewJun test class org.junit.validator.PublicClassValidatorTest
Wed May 16 05:53:26 UTC 2018: Found element on the queue
Wed May 16 05:53:26 UTC 2018: Updating status
Wed May 16 05:53:26 UTC 2018: Working
Wed May 16 05:53:28 UTC 2018: Start Mehyar77__NewJun test class org.junit.AssumptionViolatedExceptionTest
Wed May 16 05:53:28 UTC 2018: Setting lastTestMethodIndex: 63921
Wed May 16 05:53:28 UTC 2018: Starting linking
Wed May 16 05:53:28 UTC 2018: No code found org.junit.AssumptionViolatedException-initCause with org.junit.AssumptionViolatedExceptionTest-canInitCauseWithInstanceCreatedWithString
Wed May 16 05:53:29 UTC 2018: No link for: org.junit.AssumptionViolatedExceptionTest-canSetCauseWithInstanceCreatedWithMainConstructor
Wed May 16 05:53:29 UTC 2018: None match not added in database because it already exists
Wed May 16 05:53:29 UTC 2018: No link for: org.junit.AssumptionViolatedExceptionTest-canSetCauseWithInstanceCreatedWithObjectAndMatcher
Wed May 16 05:53:29 UTC 2018: None match not added in database because it already exists
Wed May 16 05:53:29 UTC 2018: No link for: org.junit.AssumptionViolatedExceptionTest-assumptionViolatedExceptionWithMatcherDescribesItself
Wed May 16 05:53:30 UTC 2018: None match not added in database because it already exists
Wed May 16 05:53:30 UTC 2018: No link for: org.junit.AssumptionViolatedExceptionTest-canSetCauseWithInstanceCreatedWithAssumptionObjectAndMatcher
Wed May 16 05:53:30 UTC 2018: None match not added in database because it already exists
Wed May 16 05:53:30 UTC 2018: No link for: org.junit.AssumptionViolatedExceptionTest-canSetCauseWithInstanceCreatedWithExplicitThrowableConstructor
Wed May 16 05:53:31 UTC 2018: None match not added in database because it already exists
Wed May 16 05:53:31 UTC 2018: No link for: org.junit.AssumptionViolatedExceptionTest-simpleAssumptionViolatedExceptionDescribesItself
Wed May 16 05:53:31 UTC 2018: None match not added in database because it already exists
Wed May 16 05:53:31 UTC 2018: Linking done for Mehyar77__NewJun test class org.junit.AssumptionViolatedExceptionTest
Wed May 16 05:53:31 UTC 2018: Found element on the queue
Wed May 16 05:53:31 UTC 2018: Updating status
Wed May 16 05:53:31 UTC 2018: Working
Wed May 16 05:53:34 UTC 2018: Start Mehyar77__NewJun test class org.junit.tests.ObjectContractTest
Wed May 16 05:53:34 UTC 2018: Setting lastTestMethodIndex: 63925
Wed May 16 05:53:34 UTC 2018: Starting linking
Wed May 16 05:53:34 UTC 2018: No link for: org.junit.tests.ObjectContractTest-equalsThrowsNoException
Wed May 16 05:53:34 UTC 2018: None match not added in database because it already exists
Wed May 16 05:53:34 UTC 2018: Linking done for Mehyar77__NewJun test class org.junit.tests.ObjectContractTest
Wed May 16 05:53:35 UTC 2018: Found element on the queue
Wed May 16 05:53:35 UTC 2018: Updating status
Wed May 16 05:53:35 UTC 2018: Working
Wed May 16 05:53:38 UTC 2018: Start Mehyar77__NewJun test class org.junit.tests.assertion.AssertionTest
Wed May 16 05:53:38 UTC 2018: Setting lastTestMethodIndex: 63928
Wed May 16 05:53:38 UTC 2018: Starting linking
Wed May 16 05:53:38 UTC 2018: Code found org.junit.Assert-fail with org.junit.tests.assertion.AssertionTest-fails
Wed May 16 05:53:38 UTC 2018: Match not added in database because it already exists
Wed May 16 05:53:38 UTC 2018: Code found org.junit.Assert-assertNotEquals with org.junit.tests.assertion.AssertionTest-assertNotEqualsIgnoresDeltaOnNaN
Wed May 16 05:53:38 UTC 2018: Match not added in database because it already exists
Wed May 16 05:53:38 UTC 2018: Code found org.junit.Assert-assertThat with org.junit.tests.assertion.AssertionTest-assertThatIncludesAdvancedMismatch
Wed May 16 05:53:39 UTC 2018: Match not added in database because it already exists
Wed May 16 05:53:39 UTC 2018: Code found org.junit.Assert-expectThrows with org.junit.tests.assertion.AssertionTest-expectThrowsDetectsTypeMismatchesViaExplicitTypeHint
Wed May 16 05:53:39 UTC 2018: Match not added in database because it already exists
Wed May 16 05:53:39 UTC 2018: Code found org.junit.Assert-assertNotEquals with org.junit.tests.assertion.AssertionTest-assertNotEqualsConsidersDeltaCorrectly
Wed May 16 05:53:40 UTC 2018: Match not added in database because it already exists
Wed May 16 05:53:40 UTC 2018: Code found org.junit.Assert-expectThrows with org.junit.tests.assertion.AssertionTest-expectThrowsUsesCanonicalNameWhenRequiredExceptionNotThrown
Wed May 16 05:53:40 UTC 2018: Match not added in database because it already exists
Wed May 16 05:53:40 UTC 2018: Code found org.junit.Assert-expectThrows with org.junit.tests.assertion.AssertionTest-expectThrowsUsesCanonicalNameUponTypeMismatch
Wed May 16 05:53:40 UTC 2018: Match not added in database because it already exists
Wed May 16 05:53:40 UTC 2018: Code found org.junit.Assert-assertEquals with org.junit.tests.assertion.AssertionTest-nullMessageDisappearsWithAssertEquals
Wed May 16 05:53:41 UTC 2018: Match not added in database because it already exists
Wed May 16 05:53:41 UTC 2018: Code found org.junit.Assert-assertNotEquals with org.junit.tests.assertion.AssertionTest-assertNotEqualsWorksWithPrimitiveTypes
Wed May 16 05:53:41 UTC 2018: Match not added in database because it already exists
Wed May 16 05:53:41 UTC 2018: Code found org.junit.Assert-assertNotEquals with org.junit.tests.assertion.AssertionTest-assertNotEqualsIgnoresFloatDeltaOnNaN
Wed May 16 05:53:41 UTC 2018: Match not added in database because it already exists
Wed May 16 05:53:41 UTC 2018: Code found org.junit.Assert-expectThrows with org.junit.tests.assertion.AssertionTest-expectThrowsUsesNameUponTypeMismatchWithAnonymousClass
Wed May 16 05:53:42 UTC 2018: Match not added in database because it already exists
Wed May 16 05:53:42 UTC 2018: Code found org.junit.Assert-assertNotEquals with org.junit.tests.assertion.AssertionTest-assertNotEqualsConsidersFloatDeltaCorrectly
Wed May 16 05:53:42 UTC 2018: Match not added in database because it already exists
Wed May 16 05:53:42 UTC 2018: Code found org.junit.Assert-expectThrows with org.junit.tests.assertion.AssertionTest-expectThrowsWrapsAndPropagatesUnexpectedExceptions
Wed May 16 05:53:42 UTC 2018: Match not added in database because it already exists
Wed May 16 05:53:42 UTC 2018: Code found org.junit.Assert-expectThrows with org.junit.tests.assertion.AssertionTest-expectThrowsSuppliesACoherentErrorMessageUponTypeMismatch
Wed May 16 05:53:43 UTC 2018: Match not added in database because it already exists
Wed May 16 05:53:43 UTC 2018: Code found org.junit.Assert-assertNotEquals with org.junit.tests.assertion.AssertionTest-assertNotEqualsIncludesCorrectMessage
Wed May 16 05:53:43 UTC 2018: Match not added in database because it already exists
Wed May 16 05:53:43 UTC 2018: Code found org.junit.Assert-assertThat with org.junit.tests.assertion.AssertionTest-assertThatIncludesDescriptionOfTestedValueInErrorMessage
Wed May 16 05:53:44 UTC 2018: Match not added in database because it already exists
Wed May 16 05:53:44 UTC 2018: Code found org.junit.Assert-fail with org.junit.tests.assertion.AssertionTest-failWithNoMessageToString
Wed May 16 05:53:44 UTC 2018: Match not added in database because it already exists
Wed May 16 05:53:44 UTC 2018: Code found org.junit.Assert-assertThat with org.junit.tests.assertion.AssertionTest-assertThatDescriptionCanBeElided
Wed May 16 05:53:44 UTC 2018: Match not added in database because it already exists
Wed May 16 05:53:44 UTC 2018: Code found org.junit.Assert-fail with org.junit.tests.assertion.AssertionTest-failWithMessageToString
Wed May 16 05:53:45 UTC 2018: Match not added in database because it already exists
Wed May 16 05:53:45 UTC 2018: Code found org.junit.Assert-expectThrows with org.junit.tests.assertion.AssertionTest-expectThrowsRequiresAnExceptionToBeThrown
Wed May 16 05:53:45 UTC 2018: Match not added in database because it already exists
Wed May 16 05:53:45 UTC 2018: Code found org.junit.Assert-expectThrows with org.junit.tests.assertion.AssertionTest-expectThrowsIncludesAnInformativeDefaultMessage
Wed May 16 05:53:45 UTC 2018: Match not added in database because it already exists
Wed May 16 05:53:45 UTC 2018: Code found org.junit.Assert-expectThrows with org.junit.tests.assertion.AssertionTest-expectThrowsReturnsTheSameObjectThrown
Wed May 16 05:53:46 UTC 2018: Match not added in database because it already exists
Wed May 16 05:53:46 UTC 2018: Code found org.junit.Assert-assertEquals with org.junit.tests.assertion.AssertionTest-nullMessageDisappearsWithStringAssertEquals
Wed May 16 05:53:46 UTC 2018: Match not added in database because it already exists
Wed May 16 05:53:46 UTC 2018: Code found org.junit.Assert-assertNotEquals with org.junit.tests.assertion.AssertionTest-assertNotEqualsIncludesTheValueBeingTested
Wed May 16 05:53:47 UTC 2018: Match not added in database because it already exists
Wed May 16 05:53:47 UTC 2018: No link for: org.junit.tests.assertion.AssertionTest-twoDimensionalArraysConvertedToStringCorrectly
Wed May 16 05:53:47 UTC 2018: None match not added in database because it already exists
Wed May 16 05:53:47 UTC 2018: No link for: org.junit.tests.assertion.AssertionTest-objectsAreSame
Wed May 16 05:53:47 UTC 2018: None match not added in database because it already exists
Wed May 16 05:53:47 UTC 2018: No link for: org.junit.tests.assertion.AssertionTest-multiDimensionalArraysAreNotEqual
Wed May 16 05:53:48 UTC 2018: None match not added in database because it already exists
Wed May 16 05:53:48 UTC 2018: No link for: org.junit.tests.assertion.AssertionTest-charsNotEqual
Wed May 16 05:53:48 UTC 2018: None match not added in database because it already exists
Wed May 16 05:53:48 UTC 2018: No link for: org.junit.tests.assertion.AssertionTest-arraysElementsDiffer
Wed May 16 05:53:48 UTC 2018: None match not added in database because it already exists
Wed May 16 05:53:48 UTC 2018: No link for: org.junit.tests.assertion.AssertionTest-nullAndStringNullPrintCorrectError
Wed May 16 05:53:49 UTC 2018: None match not added in database because it already exists
Wed May 16 05:53:49 UTC 2018: No link for: org.junit.tests.assertion.AssertionTest-sameObjectIsNotEqual
Wed May 16 05:53:49 UTC 2018: None match not added in database because it already exists
Wed May 16 05:53:49 UTC 2018: No link for: org.junit.tests.assertion.AssertionTest-bytesNotEqual
Wed May 16 05:53:49 UTC 2018: None match not added in database because it already exists
Wed May 16 05:53:49 UTC 2018: No link for: org.junit.tests.assertion.AssertionTest-arraysDifferentLengthDifferingAtStartMessage
Wed May 16 05:53:50 UTC 2018: None match not added in database because it already exists
Wed May 16 05:53:50 UTC 2018: No link for: org.junit.tests.assertion.AssertionTest-notSameWithMessage
Wed May 16 05:53:50 UTC 2018: None match not added in database because it already exists
Wed May 16 05:53:50 UTC 2018: No link for: org.junit.tests.assertion.AssertionTest-nullNullmessage
Wed May 16 05:53:51 UTC 2018: None match not added in database because it already exists
Wed May 16 05:53:51 UTC 2018: No link for: org.junit.tests.assertion.AssertionTest-notEqualsObjectWithNull
Wed May 16 05:53:51 UTC 2018: None match not added in database because it already exists
Wed May 16 05:53:51 UTC 2018: No link for: org.junit.tests.assertion.AssertionTest-multiDimensionalArraysDeclaredAsOneDimensionalAreEqual
Wed May 16 05:53:51 UTC 2018: None match not added in database because it already exists
Wed May 16 05:53:51 UTC 2018: No link for: org.junit.tests.assertion.AssertionTest-intsEqualLongs
Wed May 16 05:53:52 UTC 2018: None match not added in database because it already exists
Wed May 16 05:53:52 UTC 2018: No link for: org.junit.tests.assertion.AssertionTest-objectsWithDiferentReferencesAreNotEqual
Wed May 16 05:53:52 UTC 2018: None match not added in database because it already exists
Wed May 16 05:53:52 UTC 2018: No link for: org.junit.tests.assertion.AssertionTest-twoDimensionalArraysDifferentInnerLengthNotEqual
Wed May 16 05:53:52 UTC 2018: None match not added in database because it already exists
Wed May 16 05:53:52 UTC 2018: No link for: org.junit.tests.assertion.AssertionTest-compareBigDecimalAndInteger
Wed May 16 05:53:53 UTC 2018: None match not added in database because it already exists
Wed May 16 05:53:53 UTC 2018: No link for: org.junit.tests.assertion.AssertionTest-arraysDifferAtElement0nullMessage
Wed May 16 05:53:53 UTC 2018: None match not added in database because it already exists
Wed May 16 05:53:53 UTC 2018: No link for: org.junit.tests.assertion.AssertionTest-doublesNotEqual
Wed May 16 05:53:54 UTC 2018: None match not added in database because it already exists
Wed May 16 05:53:54 UTC 2018: No link for: org.junit.tests.assertion.AssertionTest-arraysNotEqualWithMessage
Wed May 16 05:53:54 UTC 2018: None match not added in database because it already exists
Wed May 16 05:53:54 UTC 2018: No link for: org.junit.tests.assertion.AssertionTest-arraysDifferentLengthDifferingAtEndAndExpectedArrayLongerMessage
Wed May 16 05:53:54 UTC 2018: None match not added in database because it already exists
Wed May 16 05:53:54 UTC 2018: No link for: org.junit.tests.assertion.AssertionTest-objectsNotEquals
Wed May 16 05:53:55 UTC 2018: None match not added in database because it already exists
Wed May 16 05:53:55 UTC 2018: No link for: org.junit.tests.assertion.AssertionTest-multiDimensionalArraysDifferentLengthNoMessage
Wed May 16 05:53:55 UTC 2018: None match not added in database because it already exists
Wed May 16 05:53:55 UTC 2018: No link for: org.junit.tests.assertion.AssertionTest-objectsNotSame
Wed May 16 05:53:55 UTC 2018: None match not added in database because it already exists
Wed May 16 05:53:55 UTC 2018: No link for: org.junit.tests.assertion.AssertionTest-booleansNotEqual
Wed May 16 05:53:56 UTC 2018: None match not added in database because it already exists
Wed May 16 05:53:56 UTC 2018: No link for: org.junit.tests.assertion.AssertionTest-floatsNotDoublesInArrays
Wed May 16 05:53:56 UTC 2018: None match not added in database because it already exists
Wed May 16 05:53:56 UTC 2018: No link for: org.junit.tests.assertion.AssertionTest-shortsNotEqual
Wed May 16 05:53:57 UTC 2018: None match not added in database because it already exists
Wed May 16 05:53:57 UTC 2018: No link for: org.junit.tests.assertion.AssertionTest-stringNullAndNullWorksToo
Wed May 16 05:53:57 UTC 2018: None match not added in database because it already exists
Wed May 16 05:53:57 UTC 2018: No link for: org.junit.tests.assertion.AssertionTest-arraysEqual
Wed May 16 05:53:57 UTC 2018: None match not added in database because it already exists
Wed May 16 05:53:57 UTC 2018: No link for: org.junit.tests.assertion.AssertionTest-notEqualsObjectWithNullWithMessage
Wed May 16 05:53:58 UTC 2018: None match not added in database because it already exists
Wed May 16 05:53:58 UTC 2018: No link for: org.junit.tests.assertion.AssertionTest-nullMessage
Wed May 16 05:53:58 UTC 2018: None match not added in database because it already exists
Wed May 16 05:53:58 UTC 2018: No link for: org.junit.tests.assertion.AssertionTest-nullWithMessage
Wed May 16 05:53:59 UTC 2018: None match not added in database because it already exists
Wed May 16 05:53:59 UTC 2018: No link for: org.junit.tests.assertion.AssertionTest-naNsAreEqual
Wed May 16 05:53:59 UTC 2018: None match not added in database because it already exists
Wed May 16 05:53:59 UTC 2018: No link for: org.junit.tests.assertion.AssertionTest-arraysDifferAtElement0withMessage
Wed May 16 05:53:59 UTC 2018: None match not added in database because it already exists
Wed May 16 05:53:59 UTC 2018: No link for: org.junit.tests.assertion.AssertionTest-bigDecimalsNotEqual
Wed May 16 05:54:00 UTC 2018: None match not added in database because it already exists
Wed May 16 05:54:00 UTC 2018: No link for: org.junit.tests.assertion.AssertionTest-notEqualsNullWithObjectWithMessage
Wed May 16 05:54:00 UTC 2018: None match not added in database because it already exists
Wed May 16 05:54:00 UTC 2018: No link for: org.junit.tests.assertion.AssertionTest-arraysDifferAtElement1nullMessage
Wed May 16 05:54:01 UTC 2018: None match not added in database because it already exists
Wed May 16 05:54:01 UTC 2018: No link for: org.junit.tests.assertion.AssertionTest-multiDimensionalIntArraysAreEqual
Wed May 16 05:54:01 UTC 2018: None match not added in database because it already exists
Wed May 16 05:54:01 UTC 2018: No link for: org.junit.tests.assertion.AssertionTest-notSame
Wed May 16 05:54:01 UTC 2018: None match not added in database because it already exists
Wed May 16 05:54:01 UTC 2018: No link for: org.junit.tests.assertion.AssertionTest-oneDimensionalBooleanArraysAreNotEqual
Wed May 16 05:54:02 UTC 2018: None match not added in database because it already exists
Wed May 16 05:54:02 UTC 2018: No link for: org.junit.tests.assertion.AssertionTest-arraysActualNullMessage
Wed May 16 05:54:02 UTC 2018: None match not added in database because it already exists
Wed May 16 05:54:02 UTC 2018: No link for: org.junit.tests.assertion.AssertionTest-arraysWithNullElementEqual
Wed May 16 05:54:02 UTC 2018: None match not added in database because it already exists
Wed May 16 05:54:02 UTC 2018: No link for: org.junit.tests.assertion.AssertionTest-intsNotEqual
Wed May 16 05:54:03 UTC 2018: None match not added in database because it already exists
Wed May 16 05:54:03 UTC 2018: No link for: org.junit.tests.assertion.AssertionTest-oneDimensionalFloatArraysAreNotEqual
Wed May 16 05:54:03 UTC 2018: None match not added in database because it already exists
Wed May 16 05:54:03 UTC 2018: No link for: org.junit.tests.assertion.AssertionTest-sameNullMessage
Wed May 16 05:54:04 UTC 2018: None match not added in database because it already exists
Wed May 16 05:54:04 UTC 2018: No link for: org.junit.tests.assertion.AssertionTest-stringsDifferWithUserMessage
Wed May 16 05:54:04 UTC 2018: None match not added in database because it already exists
Wed May 16 05:54:04 UTC 2018: No link for: org.junit.tests.assertion.AssertionTest-arraysDeclaredAsObjectAreComparedAsObjects
Wed May 16 05:54:04 UTC 2018: None match not added in database because it already exists
Wed May 16 05:54:04 UTC 2018: No link for: org.junit.tests.assertion.AssertionTest-oneDimensionalPrimitiveArraysAreEqual
Wed May 16 05:54:05 UTC 2018: None match not added in database because it already exists
Wed May 16 05:54:05 UTC 2018: No link for: org.junit.tests.assertion.AssertionTest-stringsNotEqual
Wed May 16 05:54:05 UTC 2018: None match not added in database because it already exists
Wed May 16 05:54:05 UTC 2018: No link for: org.junit.tests.assertion.AssertionTest-arraysNotEqual
Wed May 16 05:54:05 UTC 2018: None match not added in database because it already exists
Wed May 16 05:54:05 UTC 2018: No link for: org.junit.tests.assertion.AssertionTest-longsNotEqual
Wed May 16 05:54:06 UTC 2018: None match not added in database because it already exists
Wed May 16 05:54:06 UTC 2018: No link for: org.junit.tests.assertion.AssertionTest-arraysDifferentLengthDifferingAtEndMessage
Wed May 16 05:54:06 UTC 2018: None match not added in database because it already exists
Wed May 16 05:54:06 UTC 2018: No link for: org.junit.tests.assertion.AssertionTest-sameWithMessage
Wed May 16 05:54:07 UTC 2018: None match not added in database because it already exists
Wed May 16 05:54:07 UTC 2018: No link for: org.junit.tests.assertion.AssertionTest-notSameNullMessage
Wed May 16 05:54:07 UTC 2018: None match not added in database because it already exists
Wed May 16 05:54:07 UTC 2018: No link for: org.junit.tests.assertion.AssertionTest-notEqualsNullWithObject
Wed May 16 05:54:07 UTC 2018: None match not added in database because it already exists
Wed May 16 05:54:07 UTC 2018: No link for: org.junit.tests.assertion.AssertionTest-primitiveArraysConvertedToStringCorrectly
Wed May 16 05:54:08 UTC 2018: None match not added in database because it already exists
Wed May 16 05:54:08 UTC 2018: No link for: org.junit.tests.assertion.AssertionTest-multiDimensionalArraysAreNotEqualNoMessage
Wed May 16 05:54:08 UTC 2018: None match not added in database because it already exists
Wed May 16 05:54:08 UTC 2018: No link for: org.junit.tests.assertion.AssertionTest-arraysExpectedNullMessage
Wed May 16 05:54:08 UTC 2018: None match not added in database because it already exists
Wed May 16 05:54:08 UTC 2018: No link for: org.junit.tests.assertion.AssertionTest-arraysEqualWithMessage
Wed May 16 05:54:09 UTC 2018: None match not added in database because it already exists
Wed May 16 05:54:09 UTC 2018: No link for: org.junit.tests.assertion.AssertionTest-equals
Wed May 16 05:54:09 UTC 2018: None match not added in database because it already exists
Wed May 16 05:54:09 UTC 2018: No link for: org.junit.tests.assertion.AssertionTest-IntegerDoesNotEqualLong
Wed May 16 05:54:10 UTC 2018: None match not added in database because it already exists
Wed May 16 05:54:10 UTC 2018: No link for: org.junit.tests.assertion.AssertionTest-arraysDifferAtElement1withMessage
Wed May 16 05:54:10 UTC 2018: None match not added in database because it already exists
Wed May 16 05:54:10 UTC 2018: No link for: org.junit.tests.assertion.AssertionTest-implicitTypecastEquality
Wed May 16 05:54:10 UTC 2018: None match not added in database because it already exists
Wed May 16 05:54:10 UTC 2018: No link for: org.junit.tests.assertion.AssertionTest-floatsNotEqualWithoutDelta
Wed May 16 05:54:11 UTC 2018: None match not added in database because it already exists
Wed May 16 05:54:11 UTC 2018: No link for: org.junit.tests.assertion.AssertionTest-multiDimensionalArraysAreEqual
Wed May 16 05:54:11 UTC 2018: None match not added in database because it already exists
Wed May 16 05:54:11 UTC 2018: No link for: org.junit.tests.assertion.AssertionTest-multiDimensionalArraysDifferentLengthMessage
Wed May 16 05:54:11 UTC 2018: None match not added in database because it already exists
Wed May 16 05:54:11 UTC 2018: No link for: org.junit.tests.assertion.AssertionTest-oneDimensionalDoubleArraysAreNotEqual
Wed May 16 05:54:12 UTC 2018: None match not added in database because it already exists
Wed May 16 05:54:12 UTC 2018: No link for: org.junit.tests.assertion.AssertionTest-floatsNotEqual
Wed May 16 05:54:12 UTC 2018: None match not added in database because it already exists
Wed May 16 05:54:12 UTC 2018: No link for: org.junit.tests.assertion.AssertionTest-same
Wed May 16 05:54:13 UTC 2018: None match not added in database because it already exists
Wed May 16 05:54:13 UTC 2018: No link for: org.junit.tests.assertion.AssertionTest-errorMessageDistinguishesDifferentValuesWithSameToString
Wed May 16 05:54:13 UTC 2018: None match not added in database because it already exists
Wed May 16 05:54:13 UTC 2018: No link for: org.junit.tests.assertion.AssertionTest-twoDimensionalArraysDifferentOuterLengthNotEqual
Wed May 16 05:54:13 UTC 2018: None match not added in database because it already exists
Wed May 16 05:54:13 UTC 2018: Linking done for Mehyar77__NewJun test class org.junit.tests.assertion.AssertionTest
Wed May 16 05:54:14 UTC 2018: Found element on the queue
Wed May 16 05:54:14 UTC 2018: Updating status
Wed May 16 05:54:14 UTC 2018: Working
Wed May 16 05:54:16 UTC 2018: Start Mehyar77__NewJun test class org.junit.tests.assertion.ComparisonFailureTest
Wed May 16 05:54:16 UTC 2018: Setting lastTestMethodIndex: 63945
Wed May 16 05:54:16 UTC 2018: Starting linking
Wed May 16 05:54:16 UTC 2018: No link for: org.junit.tests.assertion.ComparisonFailureTest-compactFailureMessage
Wed May 16 05:54:17 UTC 2018: None match not added in database because it already exists
Wed May 16 05:54:17 UTC 2018: Linking done for Mehyar77__NewJun test class org.junit.tests.assertion.ComparisonFailureTest
Wed May 16 05:54:17 UTC 2018: Found element on the queue
Wed May 16 05:54:17 UTC 2018: Updating status
Wed May 16 05:54:17 UTC 2018: Working
Wed May 16 05:54:20 UTC 2018: Start Mehyar77__NewJun test class org.junit.tests.assertion.MultipleFailureExceptionTest
Wed May 16 05:54:20 UTC 2018: Setting lastTestMethodIndex: 63947
Wed May 16 05:54:20 UTC 2018: Starting linking
Wed May 16 05:54:20 UTC 2018: Code found org.junit.runners.model.MultipleFailureException-assertEmpty with org.junit.tests.assertion.MultipleFailureExceptionTest-assertEmptyThrowsMultipleFailureExceptionForManyThrowables
Wed May 16 05:54:20 UTC 2018: Match not added in database because it already exists
Wed May 16 05:54:20 UTC 2018: Code found org.junit.runners.model.MultipleFailureException-assertEmpty with org.junit.tests.assertion.MultipleFailureExceptionTest-assertEmptyRethrowsSingleError
Wed May 16 05:54:21 UTC 2018: Match not added in database because it already exists
Wed May 16 05:54:21 UTC 2018: Code found org.junit.runners.model.MultipleFailureException-assertEmpty with org.junit.tests.assertion.MultipleFailureExceptionTest-assertEmptyDoesNotThrowForEmptyList
Wed May 16 05:54:21 UTC 2018: Match not added in database because it already exists
Wed May 16 05:54:21 UTC 2018: Code found org.junit.runners.model.MultipleFailureException-assertEmpty with org.junit.tests.assertion.MultipleFailureExceptionTest-assertEmptyRethrowsSingleRuntimeException
Wed May 16 05:54:21 UTC 2018: Match not added in database because it already exists
Wed May 16 05:54:21 UTC 2018: Code found org.junit.runners.model.MultipleFailureException-assertEmpty with org.junit.tests.assertion.MultipleFailureExceptionTest-assertEmptyWrapsAssumptionFailuresForManyThrowables
Wed May 16 05:54:22 UTC 2018: Match not added in database because it already exists
Wed May 16 05:54:22 UTC 2018: No link for: org.junit.tests.assertion.MultipleFailureExceptionTest-assertEmptyErrorListConstructorFailure
Wed May 16 05:54:22 UTC 2018: None match not added in database because it already exists
Wed May 16 05:54:22 UTC 2018: Linking done for Mehyar77__NewJun test class org.junit.tests.assertion.MultipleFailureExceptionTest
Wed May 16 05:54:23 UTC 2018: Found element on the queue
Wed May 16 05:54:23 UTC 2018: Updating status
Wed May 16 05:54:23 UTC 2018: Working
Wed May 16 05:54:25 UTC 2018: Start Mehyar77__NewJun test class org.junit.tests.deprecated.JUnit4ClassRunnerTest
Wed May 16 05:54:25 UTC 2018: Setting lastTestMethodIndex: 63951
Wed May 16 05:54:25 UTC 2018: Starting linking
Wed May 16 05:54:25 UTC 2018: Linking done for Mehyar77__NewJun test class org.junit.tests.deprecated.JUnit4ClassRunnerTest
Wed May 16 05:54:26 UTC 2018: Found element on the queue
Wed May 16 05:54:26 UTC 2018: Updating status
Wed May 16 05:54:26 UTC 2018: Working
Wed May 16 05:54:28 UTC 2018: Start Mehyar77__NewJun test class org.junit.tests.description.AnnotatedDescriptionTest
Wed May 16 05:54:28 UTC 2018: Setting lastTestMethodIndex: 63953
Wed May 16 05:54:28 UTC 2018: Starting linking
Wed May 16 05:54:28 UTC 2018: Linking done for Mehyar77__NewJun test class org.junit.tests.description.AnnotatedDescriptionTest
Wed May 16 05:54:29 UTC 2018: Found element on the queue
Wed May 16 05:54:29 UTC 2018: Updating status
Wed May 16 05:54:29 UTC 2018: Working
Wed May 16 05:54:31 UTC 2018: Start Mehyar77__NewJun test class org.junit.tests.description.SuiteDescriptionTest
Wed May 16 05:54:31 UTC 2018: Setting lastTestMethodIndex: 63956
Wed May 16 05:54:31 UTC 2018: Starting linking
Wed May 16 05:54:31 UTC 2018: Code found org.junit.runner.Description-hashCode with org.junit.tests.description.SuiteDescriptionTest-hashCodeIsReasonable
Wed May 16 05:54:32 UTC 2018: Match not added in database because it already exists
Wed May 16 05:54:32 UTC 2018: Code found org.junit.runner.Description-equals with org.junit.tests.description.SuiteDescriptionTest-equalsIsCorrect
Wed May 16 05:54:32 UTC 2018: Match not added in database because it already exists
Wed May 16 05:54:32 UTC 2018: Linking done for Mehyar77__NewJun test class org.junit.tests.description.SuiteDescriptionTest
Wed May 16 05:54:32 UTC 2018: Found element on the queue
Wed May 16 05:54:32 UTC 2018: Updating status
Wed May 16 05:54:32 UTC 2018: Working
Wed May 16 05:54:35 UTC 2018: Start Mehyar77__NewJun test class org.junit.tests.description.TestDescriptionMethodNameTest
Wed May 16 05:54:35 UTC 2018: Setting lastTestMethodIndex: 63958
Wed May 16 05:54:35 UTC 2018: Starting linking
Wed May 16 05:54:35 UTC 2018: No link for: org.junit.tests.description.TestDescriptionMethodNameTest-methodNameTest
Wed May 16 05:54:35 UTC 2018: None match not added in database because it already exists
Wed May 16 05:54:35 UTC 2018: Linking done for Mehyar77__NewJun test class org.junit.tests.description.TestDescriptionMethodNameTest
Wed May 16 05:54:36 UTC 2018: Found element on the queue
Wed May 16 05:54:36 UTC 2018: Updating status
Wed May 16 05:54:36 UTC 2018: Working
Wed May 16 05:54:39 UTC 2018: Start Mehyar77__NewJun test class org.junit.tests.description.TestDescriptionTest
Wed May 16 05:54:39 UTC 2018: Setting lastTestMethodIndex: 63961
Wed May 16 05:54:39 UTC 2018: Starting linking
Wed May 16 05:54:39 UTC 2018: Code found org.junit.runner.Description-equals with org.junit.tests.description.TestDescriptionTest-equalsIsFalseForNonTestDescription
Wed May 16 05:54:39 UTC 2018: Match not added in database because it already exists
Wed May 16 05:54:39 UTC 2018: Code found org.junit.runner.Description-equals with org.junit.tests.description.TestDescriptionTest-equalsIsTrueForSameNameAndNoExplicitUniqueId
Wed May 16 05:54:39 UTC 2018: Match not added in database because it already exists
Wed May 16 05:54:39 UTC 2018: Code found org.junit.runner.Description-equals with org.junit.tests.description.TestDescriptionTest-equalsIsFalseForSameNameAndDifferentUniqueId
Wed May 16 05:54:40 UTC 2018: Match not added in database because it already exists
Wed May 16 05:54:40 UTC 2018: Linking done for Mehyar77__NewJun test class org.junit.tests.description.TestDescriptionTest
Wed May 16 05:54:40 UTC 2018: Found element on the queue
Wed May 16 05:54:40 UTC 2018: Updating status
Wed May 16 05:54:40 UTC 2018: Working
Wed May 16 05:54:43 UTC 2018: Start Mehyar77__NewJun test class org.junit.experimental.categories.CategoriesAndParameterizedTest
Wed May 16 05:54:43 UTC 2018: Setting lastTestMethodIndex: 63964
Wed May 16 05:54:43 UTC 2018: Starting linking
Wed May 16 05:54:43 UTC 2018: Linking done for Mehyar77__NewJun test class org.junit.experimental.categories.CategoriesAndParameterizedTest
Wed May 16 05:54:43 UTC 2018: Found element on the queue
Wed May 16 05:54:43 UTC 2018: Updating status
Wed May 16 05:54:43 UTC 2018: Working
Wed May 16 05:54:46 UTC 2018: Start Mehyar77__NewJun test class org.junit.experimental.categories.CategoryFilterFactoryTest
Wed May 16 05:54:46 UTC 2018: Setting lastTestMethodIndex: 63967
Wed May 16 05:54:46 UTC 2018: Starting linking
Wed May 16 05:54:46 UTC 2018: Code found org.junit.experimental.categories.CategoryFilterFactory-createFilter with org.junit.experimental.categories.CategoryFilterFactoryTest-shouldCreateFilter
Wed May 16 05:54:47 UTC 2018: Match not added in database because it already exists
Wed May 16 05:54:47 UTC 2018: No link for: org.junit.experimental.categories.CategoryFilterFactoryTest-shouldThrowException
Wed May 16 05:54:47 UTC 2018: None match not added in database because it already exists
Wed May 16 05:54:47 UTC 2018: Linking done for Mehyar77__NewJun test class org.junit.experimental.categories.CategoryFilterFactoryTest
Wed May 16 05:54:47 UTC 2018: Found element on the queue
Wed May 16 05:54:47 UTC 2018: Updating status
Wed May 16 05:54:47 UTC 2018: Working
Wed May 16 05:54:50 UTC 2018: Start Mehyar77__NewJun test class org.junit.experimental.categories.CategoryTest
Wed May 16 05:54:50 UTC 2018: Setting lastTestMethodIndex: 63970
Wed May 16 05:54:50 UTC 2018: Starting linking
Wed May 16 05:54:50 UTC 2018: Linking done for Mehyar77__NewJun test class org.junit.experimental.categories.CategoryTest
Wed May 16 05:54:50 UTC 2018: Found element on the queue
Wed May 16 05:54:50 UTC 2018: Updating status
Wed May 16 05:54:50 UTC 2018: Working
Wed May 16 05:54:53 UTC 2018: Start Mehyar77__NewJun test class org.junit.experimental.categories.CategoryValidatorTest
Wed May 16 05:54:53 UTC 2018: Setting lastTestMethodIndex: 63973
Wed May 16 05:54:53 UTC 2018: Starting linking
Wed May 16 05:54:53 UTC 2018: Linking done for Mehyar77__NewJun test class org.junit.experimental.categories.CategoryValidatorTest
Wed May 16 05:54:53 UTC 2018: Found element on the queue
Wed May 16 05:54:53 UTC 2018: Updating status
Wed May 16 05:54:53 UTC 2018: Working
Wed May 16 05:54:56 UTC 2018: Start Mehyar77__NewJun test class org.junit.experimental.categories.JavadocTest
Wed May 16 05:54:56 UTC 2018: Setting lastTestMethodIndex: 63976
Wed May 16 05:54:56 UTC 2018: Starting linking
Wed May 16 05:54:56 UTC 2018: Linking done for Mehyar77__NewJun test class org.junit.experimental.categories.JavadocTest
Wed May 16 05:54:56 UTC 2018: Found element on the queue
Wed May 16 05:54:56 UTC 2018: Updating status
Wed May 16 05:54:56 UTC 2018: Working
Wed May 16 05:54:59 UTC 2018: Start Mehyar77__NewJun test class org.junit.experimental.categories.MultiCategoryTest
Wed May 16 05:54:59 UTC 2018: Setting lastTestMethodIndex: 63979
Wed May 16 05:54:59 UTC 2018: Starting linking
Wed May 16 05:54:59 UTC 2018: Linking done for Mehyar77__NewJun test class org.junit.experimental.categories.MultiCategoryTest
Wed May 16 05:54:59 UTC 2018: Found element on the queue
Wed May 16 05:54:59 UTC 2018: Updating status
Wed May 16 05:54:59 UTC 2018: Working
Wed May 16 05:55:02 UTC 2018: Start Mehyar77__NewJun test class org.junit.tests.experimental.max.DescriptionTest
Wed May 16 05:55:02 UTC 2018: Setting lastTestMethodIndex: 63981
Wed May 16 05:55:02 UTC 2018: Starting linking
Wed May 16 05:55:02 UTC 2018: Code found org.junit.runner.Description-createSuiteDescription with org.junit.tests.experimental.max.DescriptionTest-createSuiteDescription_whenNull
Wed May 16 05:55:02 UTC 2018: Match not added in database because it already exists
Wed May 16 05:55:02 UTC 2018: Code found org.junit.runner.Description-createSuiteDescription with org.junit.tests.experimental.max.DescriptionTest-createSuiteDescription_whenZeroLength
Wed May 16 05:55:03 UTC 2018: Match not added in database because it already exists
Wed May 16 05:55:03 UTC 2018: No link for: org.junit.tests.experimental.max.DescriptionTest-tessed
Wed May 16 05:55:03 UTC 2018: No link for: org.junit.tests.experimental.max.DescriptionTest-parseMethod_whenCantParse
Wed May 16 05:55:04 UTC 2018: None match not added in database because it already exists
Wed May 16 05:55:04 UTC 2018: No link for: org.junit.tests.experimental.max.DescriptionTest-sameNamesButDifferentUniqueIdAreNotEqual
Wed May 16 05:55:04 UTC 2018: None match not added in database because it already exists
Wed May 16 05:55:04 UTC 2018: No link for: org.junit.tests.experimental.max.DescriptionTest-parseClass_whenCantParse
Wed May 16 05:55:05 UTC 2018: None match not added in database because it already exists
Wed May 16 05:55:05 UTC 2018: No link for: org.junit.tests.experimental.max.DescriptionTest-parseClassAndMethodWithAnnotations
Wed May 16 05:55:05 UTC 2018: None match not added in database because it already exists
Wed May 16 05:55:05 UTC 2018: No link for: org.junit.tests.experimental.max.DescriptionTest-parseClassAndMethodNoAnnotations
Wed May 16 05:55:06 UTC 2018: None match not added in database because it already exists
Wed May 16 05:55:06 UTC 2018: No link for: org.junit.tests.experimental.max.DescriptionTest-parseClassNameAndMethodUniqueId
Wed May 16 05:55:06 UTC 2018: None match not added in database because it already exists
Wed May 16 05:55:06 UTC 2018: No link for: org.junit.tests.experimental.max.DescriptionTest-usesPassedInClassObject
Wed May 16 05:55:07 UTC 2018: None match not added in database because it already exists
Wed May 16 05:55:07 UTC 2018: Linking done for Mehyar77__NewJun test class org.junit.tests.experimental.max.DescriptionTest
Wed May 16 05:55:07 UTC 2018: Found element on the queue
Wed May 16 05:55:07 UTC 2018: Updating status
Wed May 16 05:55:07 UTC 2018: Working
Wed May 16 05:55:10 UTC 2018: Start Mehyar77__NewJun test class org.junit.tests.experimental.max.JUnit38SortingTest
Wed May 16 05:55:10 UTC 2018: Setting lastTestMethodIndex: 63987
Wed May 16 05:55:10 UTC 2018: Starting linking
Wed May 16 05:55:10 UTC 2018: Linking done for Mehyar77__NewJun test class org.junit.tests.experimental.max.JUnit38SortingTest
Wed May 16 05:55:10 UTC 2018: Found element on the queue
Wed May 16 05:55:10 UTC 2018: Updating status
Wed May 16 05:55:10 UTC 2018: Working
Wed May 16 05:55:13 UTC 2018: Start Mehyar77__NewJun test class org.junit.tests.experimental.max.MaxStarterTest
Wed May 16 05:55:13 UTC 2018: Setting lastTestMethodIndex: 63989
Wed May 16 05:55:13 UTC 2018: Starting linking
Wed May 16 05:55:13 UTC 2018: Linking done for Mehyar77__NewJun test class org.junit.tests.experimental.max.MaxStarterTest
Wed May 16 05:55:13 UTC 2018: Found element on the queue
Wed May 16 05:55:13 UTC 2018: Updating status
Wed May 16 05:55:13 UTC 2018: Working
Wed May 16 05:55:16 UTC 2018: Start Mehyar77__NewJun test class org.junit.tests.experimental.parallel.ParallelClassTest
Wed May 16 05:55:16 UTC 2018: Setting lastTestMethodIndex: 63990
Wed May 16 05:55:16 UTC 2018: Starting linking
Wed May 16 05:55:16 UTC 2018: Linking done for Mehyar77__NewJun test class org.junit.tests.experimental.parallel.ParallelClassTest
Wed May 16 05:55:16 UTC 2018: Found element on the queue
Wed May 16 05:55:16 UTC 2018: Updating status
Wed May 16 05:55:17 UTC 2018: Working
Wed May 16 05:55:19 UTC 2018: Start Mehyar77__NewJun test class org.junit.tests.experimental.parallel.ParallelMethodTest
Wed May 16 05:55:19 UTC 2018: Setting lastTestMethodIndex: 63993
Wed May 16 05:55:19 UTC 2018: Starting linking
Wed May 16 05:55:19 UTC 2018: Linking done for Mehyar77__NewJun test class org.junit.tests.experimental.parallel.ParallelMethodTest
Wed May 16 05:55:20 UTC 2018: Found element on the queue
Wed May 16 05:55:20 UTC 2018: Updating status
Wed May 16 05:55:20 UTC 2018: Working
Wed May 16 05:55:22 UTC 2018: Start Mehyar77__NewJun test class org.junit.tests.experimental.results.PrintableResultTest
Wed May 16 05:55:22 UTC 2018: Setting lastTestMethodIndex: 63996
Wed May 16 05:55:22 UTC 2018: Starting linking
Wed May 16 05:55:22 UTC 2018: Linking done for Mehyar77__NewJun test class org.junit.tests.experimental.results.PrintableResultTest
Wed May 16 05:55:23 UTC 2018: Found element on the queue
Wed May 16 05:55:23 UTC 2018: Updating status
Wed May 16 05:55:23 UTC 2018: Working
Wed May 16 05:55:25 UTC 2018: Start Mehyar77__NewJun test class org.junit.tests.experimental.results.ResultMatchersTest
Wed May 16 05:55:25 UTC 2018: Setting lastTestMethodIndex: 63998
Wed May 16 05:55:25 UTC 2018: Starting linking
Wed May 16 05:55:25 UTC 2018: Code found org.junit.experimental.results.ResultMatchers-hasFailureContaining with org.junit.tests.experimental.results.ResultMatchersTest-hasFailureContaining_givenResultWithOneFailure
Wed May 16 05:55:26 UTC 2018: Match not added in database because it already exists
Wed May 16 05:55:26 UTC 2018: Code found org.junit.experimental.results.ResultMatchers-hasFailureContaining with org.junit.tests.experimental.results.ResultMatchersTest-hasFailureContaining_givenResultWithNoFailures
Wed May 16 05:55:26 UTC 2018: Match not added in database because it already exists
Wed May 16 05:55:26 UTC 2018: No link for: org.junit.tests.experimental.results.ResultMatchersTest-hasFailuresHasGoodDescription
Wed May 16 05:55:26 UTC 2018: None match not added in database because it already exists
Wed May 16 05:55:26 UTC 2018: Linking done for Mehyar77__NewJun test class org.junit.tests.experimental.results.ResultMatchersTest
Wed May 16 05:55:27 UTC 2018: Found element on the queue
Wed May 16 05:55:27 UTC 2018: Updating status
Wed May 16 05:55:27 UTC 2018: Working
Wed May 16 05:55:29 UTC 2018: Start Mehyar77__NewJun test class org.junit.tests.experimental.theories.internal.AllMembersSupplierTest
Wed May 16 05:55:29 UTC 2018: Setting lastTestMethodIndex: 64002
Wed May 16 05:55:29 UTC 2018: Starting linking
Wed May 16 05:55:29 UTC 2018: Linking done for Mehyar77__NewJun test class org.junit.tests.experimental.theories.internal.AllMembersSupplierTest
Wed May 16 05:55:30 UTC 2018: Found element on the queue
Wed May 16 05:55:30 UTC 2018: Updating status
Wed May 16 05:55:30 UTC 2018: Working
Wed May 16 05:55:32 UTC 2018: Start Mehyar77__NewJun test class org.junit.tests.experimental.theories.internal.ParameterizedAssertionErrorTest
Wed May 16 05:55:32 UTC 2018: Setting lastTestMethodIndex: 64004
Wed May 16 05:55:32 UTC 2018: Starting linking
Wed May 16 05:55:32 UTC 2018: Code found org.junit.experimental.theories.internal.ParameterizedAssertionError-join with org.junit.tests.experimental.theories.internal.ParameterizedAssertionErrorTest-canJoinWhenToStringFails
Wed May 16 05:55:33 UTC 2018: Match not added in database because it already exists
Wed May 16 05:55:33 UTC 2018: Linking done for Mehyar77__NewJun test class org.junit.tests.experimental.theories.internal.ParameterizedAssertionErrorTest
Wed May 16 05:55:33 UTC 2018: Found element on the queue
Wed May 16 05:55:33 UTC 2018: Updating status
Wed May 16 05:55:33 UTC 2018: Working
Wed May 16 05:55:36 UTC 2018: Start Mehyar77__NewJun test class org.junit.tests.experimental.theories.internal.SpecificDataPointsSupplierTest
Wed May 16 05:55:36 UTC 2018: Setting lastTestMethodIndex: 64007
Wed May 16 05:55:36 UTC 2018: Starting linking
Wed May 16 05:55:36 UTC 2018: Linking done for Mehyar77__NewJun test class org.junit.tests.experimental.theories.internal.SpecificDataPointsSupplierTest
Wed May 16 05:55:36 UTC 2018: Found element on the queue
Wed May 16 05:55:36 UTC 2018: Updating status
Wed May 16 05:55:36 UTC 2018: Working
Wed May 16 05:55:39 UTC 2018: Start Mehyar77__NewJun test class org.junit.tests.experimental.theories.runner.FailingDataPointMethods
Wed May 16 05:55:39 UTC 2018: Setting lastTestMethodIndex: 64008
Wed May 16 05:55:39 UTC 2018: Starting linking
Wed May 16 05:55:39 UTC 2018: Linking done for Mehyar77__NewJun test class org.junit.tests.experimental.theories.runner.FailingDataPointMethods
Wed May 16 05:55:39 UTC 2018: Found element on the queue
Wed May 16 05:55:39 UTC 2018: Updating status
Wed May 16 05:55:39 UTC 2018: Working
Wed May 16 05:55:42 UTC 2018: Start Mehyar77__NewJun test class org.junit.tests.experimental.theories.runner.TheoriesPerformanceTest
Wed May 16 05:55:42 UTC 2018: Setting lastTestMethodIndex: 64010
Wed May 16 05:55:42 UTC 2018: Starting linking
Wed May 16 05:55:42 UTC 2018: Linking done for Mehyar77__NewJun test class org.junit.tests.experimental.theories.runner.TheoriesPerformanceTest
Wed May 16 05:55:42 UTC 2018: Found element on the queue
Wed May 16 05:55:42 UTC 2018: Updating status
Wed May 16 05:55:42 UTC 2018: Working
Wed May 16 05:55:45 UTC 2018: Start Mehyar77__NewJun test class org.junit.tests.experimental.theories.runner.TypeMatchingBetweenMultiDataPointsMethod
Wed May 16 05:55:45 UTC 2018: Setting lastTestMethodIndex: 64012
Wed May 16 05:55:45 UTC 2018: Starting linking
Wed May 16 05:55:45 UTC 2018: Linking done for Mehyar77__NewJun test class org.junit.tests.experimental.theories.runner.TypeMatchingBetweenMultiDataPointsMethod
Wed May 16 05:55:46 UTC 2018: Found element on the queue
Wed May 16 05:55:46 UTC 2018: Updating status
Wed May 16 05:55:46 UTC 2018: Working
Wed May 16 05:55:48 UTC 2018: Start Mehyar77__NewJun test class org.junit.tests.experimental.theories.runner.UnsuccessfulWithDataPointFields
Wed May 16 05:55:48 UTC 2018: Setting lastTestMethodIndex: 64014
Wed May 16 05:55:48 UTC 2018: Starting linking
Wed May 16 05:55:48 UTC 2018: Linking done for Mehyar77__NewJun test class org.junit.tests.experimental.theories.runner.UnsuccessfulWithDataPointFields
Wed May 16 05:55:49 UTC 2018: Found element on the queue
Wed May 16 05:55:49 UTC 2018: Updating status
Wed May 16 05:55:49 UTC 2018: Working
Wed May 16 05:55:51 UTC 2018: Start Mehyar77__NewJun test class org.junit.tests.experimental.theories.runner.WhenNoParametersMatch
Wed May 16 05:55:51 UTC 2018: Setting lastTestMethodIndex: 64017
Wed May 16 05:55:51 UTC 2018: Starting linking
Wed May 16 05:55:51 UTC 2018: Linking done for Mehyar77__NewJun test class org.junit.tests.experimental.theories.runner.WhenNoParametersMatch
Wed May 16 05:55:52 UTC 2018: Found element on the queue
Wed May 16 05:55:52 UTC 2018: Updating status
Wed May 16 05:55:52 UTC 2018: Working
Wed May 16 05:55:54 UTC 2018: Start Mehyar77__NewJun test class org.junit.tests.experimental.theories.runner.WithAutoGeneratedDataPoints
Wed May 16 05:55:54 UTC 2018: Setting lastTestMethodIndex: 64020
Wed May 16 05:55:54 UTC 2018: Starting linking
Wed May 16 05:55:54 UTC 2018: Linking done for Mehyar77__NewJun test class org.junit.tests.experimental.theories.runner.WithAutoGeneratedDataPoints
Wed May 16 05:55:55 UTC 2018: Found element on the queue
Wed May 16 05:55:55 UTC 2018: Updating status
Wed May 16 05:55:55 UTC 2018: Working
Wed May 16 05:55:57 UTC 2018: Start Mehyar77__NewJun test class org.junit.tests.experimental.theories.runner.WithDataPointMethod
Wed May 16 05:55:57 UTC 2018: Setting lastTestMethodIndex: 64021
Wed May 16 05:55:57 UTC 2018: Starting linking
Wed May 16 05:55:57 UTC 2018: Linking done for Mehyar77__NewJun test class org.junit.tests.experimental.theories.runner.WithDataPointMethod
Wed May 16 05:55:58 UTC 2018: Found element on the queue
Wed May 16 05:55:58 UTC 2018: Updating status
Wed May 16 05:55:58 UTC 2018: Working
Wed May 16 05:56:00 UTC 2018: Start Mehyar77__NewJun test class org.junit.tests.experimental.theories.runner.WithExtendedParameterSources
Wed May 16 05:56:00 UTC 2018: Setting lastTestMethodIndex: 64023
Wed May 16 05:56:00 UTC 2018: Starting linking
Wed May 16 05:56:00 UTC 2018: Linking done for Mehyar77__NewJun test class org.junit.tests.experimental.theories.runner.WithExtendedParameterSources
Wed May 16 05:56:01 UTC 2018: Found element on the queue
Wed May 16 05:56:01 UTC 2018: Updating status
Wed May 16 05:56:01 UTC 2018: Working
Wed May 16 05:56:03 UTC 2018: Start Mehyar77__NewJun test class org.junit.tests.experimental.theories.runner.WithNamedDataPoints
Wed May 16 05:56:03 UTC 2018: Setting lastTestMethodIndex: 64025
Wed May 16 05:56:03 UTC 2018: Starting linking
Wed May 16 05:56:03 UTC 2018: Linking done for Mehyar77__NewJun test class org.junit.tests.experimental.theories.runner.WithNamedDataPoints
Wed May 16 05:56:04 UTC 2018: Found element on the queue
Wed May 16 05:56:04 UTC 2018: Updating status
Wed May 16 05:56:04 UTC 2018: Working
Wed May 16 05:56:06 UTC 2018: Start Mehyar77__NewJun test class org.junit.tests.experimental.theories.runner.WithOnlyTestAnnotations
Wed May 16 05:56:06 UTC 2018: Setting lastTestMethodIndex: 64028
Wed May 16 05:56:06 UTC 2018: Starting linking
Wed May 16 05:56:06 UTC 2018: Linking done for Mehyar77__NewJun test class org.junit.tests.experimental.theories.runner.WithOnlyTestAnnotations
Wed May 16 05:56:07 UTC 2018: Found element on the queue
Wed May 16 05:56:07 UTC 2018: Updating status
Wed May 16 05:56:07 UTC 2018: Working
Wed May 16 05:56:09 UTC 2018: Start Mehyar77__NewJun test class org.junit.tests.experimental.theories.runner.WithParameterSupplier
Wed May 16 05:56:09 UTC 2018: Setting lastTestMethodIndex: 64031
Wed May 16 05:56:09 UTC 2018: Starting linking
Wed May 16 05:56:09 UTC 2018: Linking done for Mehyar77__NewJun test class org.junit.tests.experimental.theories.runner.WithParameterSupplier
Wed May 16 05:56:10 UTC 2018: Found element on the queue
Wed May 16 05:56:10 UTC 2018: Updating status
Wed May 16 05:56:10 UTC 2018: Working
Wed May 16 05:56:12 UTC 2018: Start Mehyar77__NewJun test class org.junit.tests.experimental.theories.runner.WithUnresolvedGenericTypeVariablesOnTheoryParms
Wed May 16 05:56:12 UTC 2018: Setting lastTestMethodIndex: 64033
Wed May 16 05:56:12 UTC 2018: Starting linking
Wed May 16 05:56:12 UTC 2018: No link for: org.junit.tests.experimental.theories.runner.WithUnresolvedGenericTypeVariablesOnTheoryParms-whereTypeVariableIsOnTheoryParm
Wed May 16 05:56:13 UTC 2018: No link for: org.junit.tests.experimental.theories.runner.WithUnresolvedGenericTypeVariablesOnTheoryParms-whereTypeVariableIsOnTheTheory
Wed May 16 05:56:13 UTC 2018: None match not added in database because it already exists
Wed May 16 05:56:13 UTC 2018: No link for: org.junit.tests.experimental.theories.runner.WithUnresolvedGenericTypeVariablesOnTheoryParms-whereTypeVariableIsOnArrayTypeOnTheoryParm
Wed May 16 05:56:14 UTC 2018: No link for: org.junit.tests.experimental.theories.runner.WithUnresolvedGenericTypeVariablesOnTheoryParms-whereTypeVariableIsOnTheoryClass
Wed May 16 05:56:14 UTC 2018: No link for: org.junit.tests.experimental.theories.runner.WithUnresolvedGenericTypeVariablesOnTheoryParms-whereTypeVariablesAbound
Wed May 16 05:56:15 UTC 2018: No link for: org.junit.tests.experimental.theories.runner.WithUnresolvedGenericTypeVariablesOnTheoryParms-whereTypeVariableIsOnParameterizedTheoryParm
Wed May 16 05:56:15 UTC 2018: No link for: org.junit.tests.experimental.theories.runner.WithUnresolvedGenericTypeVariablesOnTheoryParms-whereTypeVariableIsOnComponentOfArrayTypeOnTheoryParm
Wed May 16 05:56:15 UTC 2018: No link for: org.junit.tests.experimental.theories.runner.WithUnresolvedGenericTypeVariablesOnTheoryParms-whereTypeVariableIsOnWildcardUpperBoundOnTheoryParm
Wed May 16 05:56:16 UTC 2018: No link for: org.junit.tests.experimental.theories.runner.WithUnresolvedGenericTypeVariablesOnTheoryParms-whereTypeVariableIsOnWildcardLowerBoundOnTheoryParm
Wed May 16 05:56:16 UTC 2018: Linking done for Mehyar77__NewJun test class org.junit.tests.experimental.theories.runner.WithUnresolvedGenericTypeVariablesOnTheoryParms
Wed May 16 05:56:17 UTC 2018: Found element on the queue
Wed May 16 05:56:17 UTC 2018: Updating status
Wed May 16 05:56:17 UTC 2018: Working
Wed May 16 05:56:19 UTC 2018: Start Mehyar77__NewJun test class org.junit.tests.experimental.theories.ParameterSignatureTest
Wed May 16 05:56:19 UTC 2018: Setting lastTestMethodIndex: 64035
Wed May 16 05:56:19 UTC 2018: Starting linking
Wed May 16 05:56:19 UTC 2018: Code found org.junit.experimental.theories.ParameterSignature-getAnnotations with org.junit.tests.experimental.theories.ParameterSignatureTest-getAnnotations
Wed May 16 05:56:20 UTC 2018: Match not added in database because it already exists
Wed May 16 05:56:20 UTC 2018: No link for: org.junit.tests.experimental.theories.ParameterSignatureTest-wrapperTypesShouldBeAcceptedAsPrimitiveTypes
Wed May 16 05:56:20 UTC 2018: None match not added in database because it already exists
Wed May 16 05:56:20 UTC 2018: No link for: org.junit.tests.experimental.theories.ParameterSignatureTest-primitiveTypesShouldBeAcceptedAsWrapperTypes
Wed May 16 05:56:20 UTC 2018: None match not added in database because it already exists
Wed May 16 05:56:20 UTC 2018: No link for: org.junit.tests.experimental.theories.ParameterSignatureTest-primitiveTypesShouldBeAcceptedAsWrapperTypeAssignables
Wed May 16 05:56:21 UTC 2018: None match not added in database because it already exists
Wed May 16 05:56:21 UTC 2018: Linking done for Mehyar77__NewJun test class org.junit.tests.experimental.theories.ParameterSignatureTest
Wed May 16 05:56:21 UTC 2018: Found element on the queue
Wed May 16 05:56:21 UTC 2018: Updating status
Wed May 16 05:56:21 UTC 2018: Working
Wed May 16 05:56:25 UTC 2018: Start Mehyar77__NewJun test class org.junit.tests.experimental.theories.TestedOnSupplierTest
Wed May 16 05:56:25 UTC 2018: Setting lastTestMethodIndex: 64037
Wed May 16 05:56:25 UTC 2018: Starting linking
Wed May 16 05:56:25 UTC 2018: No link for: org.junit.tests.experimental.theories.TestedOnSupplierTest-descriptionStatesParameterName
Wed May 16 05:56:25 UTC 2018: None match not added in database because it already exists
Wed May 16 05:56:25 UTC 2018: Linking done for Mehyar77__NewJun test class org.junit.tests.experimental.theories.TestedOnSupplierTest
Wed May 16 05:56:26 UTC 2018: Found element on the queue
Wed May 16 05:56:26 UTC 2018: Updating status
Wed May 16 05:56:26 UTC 2018: Working
Wed May 16 05:56:28 UTC 2018: Start Mehyar77__NewJun test class org.junit.tests.experimental.theories.AssumingInTheoriesTest
Wed May 16 05:56:28 UTC 2018: Setting lastTestMethodIndex: 64040
Wed May 16 05:56:28 UTC 2018: Starting linking
Wed May 16 05:56:28 UTC 2018: No link for: org.junit.tests.experimental.theories.AssumingInTheoriesTest-noTheoryAnnotationMeansAssumeShouldIgnore
Wed May 16 05:56:29 UTC 2018: None match not added in database because it already exists
Wed May 16 05:56:29 UTC 2018: No link for: org.junit.tests.experimental.theories.AssumingInTheoriesTest-theoryMeansOnlyAssumeShouldFail
Wed May 16 05:56:29 UTC 2018: None match not added in database because it already exists
Wed May 16 05:56:29 UTC 2018: Linking done for Mehyar77__NewJun test class org.junit.tests.experimental.theories.AssumingInTheoriesTest
Wed May 16 05:56:30 UTC 2018: Found element on the queue
Wed May 16 05:56:30 UTC 2018: Updating status
Wed May 16 05:56:30 UTC 2018: Working
Wed May 16 05:56:32 UTC 2018: Start Mehyar77__NewJun test class org.junit.tests.experimental.theories.PotentialAssignmentTest
Wed May 16 05:56:32 UTC 2018: Setting lastTestMethodIndex: 64042
Wed May 16 05:56:32 UTC 2018: Starting linking
Wed May 16 05:56:32 UTC 2018: No link for: org.junit.tests.experimental.theories.PotentialAssignmentTest-shouldIncludeFailureInDescriptionIfToStringFails
Wed May 16 05:56:32 UTC 2018: None match not added in database because it already exists
Wed May 16 05:56:32 UTC 2018: No link for: org.junit.tests.experimental.theories.PotentialAssignmentTest-shouldUseQuotedValueInDescription
Wed May 16 05:56:33 UTC 2018: None match not added in database because it already exists
Wed May 16 05:56:33 UTC 2018: No link for: org.junit.tests.experimental.theories.PotentialAssignmentTest-shouldReturnGivenValue
Wed May 16 05:56:33 UTC 2018: None match not added in database because it already exists
Wed May 16 05:56:33 UTC 2018: No link for: org.junit.tests.experimental.theories.PotentialAssignmentTest-shouldNotUseQuotesForNullValueDescriptions
Wed May 16 05:56:34 UTC 2018: None match not added in database because it already exists
Wed May 16 05:56:34 UTC 2018: Linking done for Mehyar77__NewJun test class org.junit.tests.experimental.theories.PotentialAssignmentTest
Wed May 16 05:56:34 UTC 2018: Found element on the queue
Wed May 16 05:56:34 UTC 2018: Updating status
Wed May 16 05:56:34 UTC 2018: Working
Wed May 16 05:56:37 UTC 2018: Start Mehyar77__NewJun test class org.junit.tests.experimental.AssumptionTest
Wed May 16 05:56:37 UTC 2018: Setting lastTestMethodIndex: 64047
Wed May 16 05:56:37 UTC 2018: Starting linking
Wed May 16 05:56:37 UTC 2018: Linking done for Mehyar77__NewJun test class org.junit.tests.experimental.AssumptionTest
Wed May 16 05:56:37 UTC 2018: Found element on the queue
Wed May 16 05:56:37 UTC 2018: Updating status
Wed May 16 05:56:37 UTC 2018: Working
Wed May 16 05:56:40 UTC 2018: Start Mehyar77__NewJun test class org.junit.tests.experimental.MatcherTest
Wed May 16 05:56:40 UTC 2018: Setting lastTestMethodIndex: 64049
Wed May 16 05:56:40 UTC 2018: Starting linking
Wed May 16 05:56:40 UTC 2018: Linking done for Mehyar77__NewJun test class org.junit.tests.experimental.MatcherTest
Wed May 16 05:56:40 UTC 2018: Found element on the queue
Wed May 16 05:56:40 UTC 2018: Updating status
Wed May 16 05:56:40 UTC 2018: Working
Wed May 16 05:56:43 UTC 2018: Start Mehyar77__NewJun test class org.junit.tests.experimental.theories.extendingwithstubs.StubbedTheoriesTest
Wed May 16 05:56:43 UTC 2018: Setting lastTestMethodIndex: 64052
Wed May 16 05:56:43 UTC 2018: Starting linking
Wed May 16 05:56:43 UTC 2018: Linking done for Mehyar77__NewJun test class org.junit.tests.experimental.theories.extendingwithstubs.StubbedTheoriesTest
Wed May 16 05:56:43 UTC 2018: Found element on the queue
Wed May 16 05:56:43 UTC 2018: Updating status
Wed May 16 05:56:43 UTC 2018: Working
Wed May 16 05:56:46 UTC 2018: Start Mehyar77__NewJun test class org.junit.internal.builders.AnnotatedBuilderTest
Wed May 16 05:56:46 UTC 2018: Setting lastTestMethodIndex: 64053
Wed May 16 05:56:46 UTC 2018: Starting linking
Wed May 16 05:56:46 UTC 2018: No link for: org.junit.internal.builders.AnnotatedBuilderTest-test
Wed May 16 05:56:47 UTC 2018: No link for: org.junit.internal.builders.AnnotatedBuilderTest-topLevelTestClassWithAnnotation_isRunWithAnnotatedRunner
Wed May 16 05:56:47 UTC 2018: None match not added in database because it already exists
Wed May 16 05:56:47 UTC 2018: No link for: org.junit.internal.builders.AnnotatedBuilderTest-topLevelTestClassWithoutAnnotation_isRunWithDefaultRunner
Wed May 16 05:56:47 UTC 2018: None match not added in database because it already exists
Wed May 16 05:56:47 UTC 2018: No link for: org.junit.internal.builders.AnnotatedBuilderTest-memberClassDeepInsideAnnotatedTopLevelClass_isRunWithTopLevelRunner
Wed May 16 05:56:48 UTC 2018: None match not added in database because it already exists
Wed May 16 05:56:48 UTC 2018: No link for: org.junit.internal.builders.AnnotatedBuilderTest-annotatedMemberClassInsideAnnotatedTopLevelClass_isRunWithOwnRunner
Wed May 16 05:56:49 UTC 2018: None match not added in database because it already exists
Wed May 16 05:56:49 UTC 2018: No link for: org.junit.internal.builders.AnnotatedBuilderTest-memberClassDeepInsideAnnotatedMemberClass_isRunWithParentMemberClassRunner
Wed May 16 05:56:49 UTC 2018: None match not added in database because it already exists
Wed May 16 05:56:49 UTC 2018: No link for: org.junit.internal.builders.AnnotatedBuilderTest-memberClassInsideAnnotatedTopLevelClass_isRunWithTopLevelRunner
Wed May 16 05:56:49 UTC 2018: None match not added in database because it already exists
Wed May 16 05:56:49 UTC 2018: Linking done for Mehyar77__NewJun test class org.junit.internal.builders.AnnotatedBuilderTest
Wed May 16 05:56:50 UTC 2018: Found element on the queue
Wed May 16 05:56:50 UTC 2018: Updating status
Wed May 16 05:56:50 UTC 2018: Working
Wed May 16 05:56:53 UTC 2018: Start Mehyar77__NewJun test class org.junit.internal.runners.ErrorReportingRunnerTest
Wed May 16 05:56:53 UTC 2018: Setting lastTestMethodIndex: 64056
Wed May 16 05:56:53 UTC 2018: Starting linking
Wed May 16 05:56:53 UTC 2018: No link for: org.junit.internal.runners.ErrorReportingRunnerTest-cannotCreateWithoutClass
Wed May 16 05:56:53 UTC 2018: None match not added in database because it already exists
Wed May 16 05:56:53 UTC 2018: No link for: org.junit.internal.runners.ErrorReportingRunnerTest-cannotCreateWithNullClass
Wed May 16 05:56:53 UTC 2018: None match not added in database because it already exists
Wed May 16 05:56:53 UTC 2018: No link for: org.junit.internal.runners.ErrorReportingRunnerTest-cannotCreateWithNullClass2
Wed May 16 05:56:54 UTC 2018: None match not added in database because it already exists
Wed May 16 05:56:54 UTC 2018: No link for: org.junit.internal.runners.ErrorReportingRunnerTest-testMethodReturningString
Wed May 16 05:56:54 UTC 2018: No link for: org.junit.internal.runners.ErrorReportingRunnerTest-givenInvalidTestClassErrorAsCause
Wed May 16 05:56:55 UTC 2018: None match not added in database because it already exists
Wed May 16 05:56:55 UTC 2018: No link for: org.junit.internal.runners.ErrorReportingRunnerTest-cannotCreateWithNullClasses
Wed May 16 05:56:55 UTC 2018: None match not added in database because it already exists
Wed May 16 05:56:55 UTC 2018: No link for: org.junit.internal.runners.ErrorReportingRunnerTest-givenInvalidTestClass_integrationTest
Wed May 16 05:56:55 UTC 2018: None match not added in database because it already exists
Wed May 16 05:56:55 UTC 2018: Linking done for Mehyar77__NewJun test class org.junit.internal.runners.ErrorReportingRunnerTest
Wed May 16 05:56:56 UTC 2018: Found element on the queue
Wed May 16 05:56:56 UTC 2018: Updating status
Wed May 16 05:56:56 UTC 2018: Working
Wed May 16 05:56:58 UTC 2018: Start Mehyar77__NewJun test class org.junit.internal.runners.statements.ExpectExceptionTest
Wed May 16 05:56:58 UTC 2018: Setting lastTestMethodIndex: 64058
Wed May 16 05:56:58 UTC 2018: Starting linking
Wed May 16 05:56:58 UTC 2018: Code found org.junit.Assert-fail with org.junit.internal.runners.statements.ExpectExceptionTest-whenExpectingAssumptionViolatedExceptionStatementsThrowingDifferentExceptionShouldFail
Wed May 16 05:56:59 UTC 2018: Match not added in database because it already exists
Wed May 16 05:56:59 UTC 2018: Code found org.junit.Assert-fail with org.junit.internal.runners.statements.ExpectExceptionTest-whenExpectingAssumptionViolatedExceptionStatementsPassingShouldFail
Wed May 16 05:56:59 UTC 2018: Match not added in database because it already exists
Wed May 16 05:56:59 UTC 2018: No link for: org.junit.internal.runners.statements.ExpectExceptionTest-whenExpectingAssumptionViolatedExceptionStatementsThrowingItShouldPass
Wed May 16 05:57:00 UTC 2018: None match not added in database because it already exists
Wed May 16 05:57:00 UTC 2018: No link for: org.junit.internal.runners.statements.ExpectExceptionTest-whenExpectingAssumptionViolatedExceptionStatementsThrowingSubclassShouldPass
Wed May 16 05:57:00 UTC 2018: None match not added in database because it already exists
Wed May 16 05:57:00 UTC 2018: Linking done for Mehyar77__NewJun test class org.junit.internal.runners.statements.ExpectExceptionTest
Wed May 16 05:57:01 UTC 2018: Found element on the queue
Wed May 16 05:57:01 UTC 2018: Updating status
Wed May 16 05:57:01 UTC 2018: Working
Wed May 16 05:57:04 UTC 2018: Start Mehyar77__NewJun test class org.junit.internal.runners.statements.FailOnTimeoutTest
Wed May 16 05:57:04 UTC 2018: Setting lastTestMethodIndex: 64061
Wed May 16 05:57:04 UTC 2018: Starting linking
Wed May 16 05:57:04 UTC 2018: No link for: org.junit.internal.runners.statements.FailOnTimeoutTest-throwTimeoutExceptionOnSecondCallAlthoughFirstCallThrowsException
Wed May 16 05:57:04 UTC 2018: None match not added in database because it already exists
Wed May 16 05:57:04 UTC 2018: No link for: org.junit.internal.runners.statements.FailOnTimeoutTest-stackTraceContainsRealCauseOfTimeout
Wed May 16 05:57:05 UTC 2018: No link for: org.junit.internal.runners.statements.FailOnTimeoutTest-sendUpExceptionThrownByStatement
Wed May 16 05:57:05 UTC 2018: None match not added in database because it already exists
Wed May 16 05:57:05 UTC 2018: No link for: org.junit.internal.runners.statements.FailOnTimeoutTest-throwsTestTimedOutException
Wed May 16 05:57:06 UTC 2018: None match not added in database because it already exists
Wed May 16 05:57:06 UTC 2018: No link for: org.junit.internal.runners.statements.FailOnTimeoutTest-stopEndlessStatement
Wed May 16 05:57:07 UTC 2018: No link for: org.junit.internal.runners.statements.FailOnTimeoutTest-throwExceptionIfTheSecondCallToEvaluateNeedsTooMuchTime
Wed May 16 05:57:07 UTC 2018: None match not added in database because it already exists
Wed May 16 05:57:07 UTC 2018: No link for: org.junit.internal.runners.statements.FailOnTimeoutTest-throwsExceptionWithTimeoutValueAndTimeUnitSet
Wed May 16 05:57:08 UTC 2018: None match not added in database because it already exists
Wed May 16 05:57:08 UTC 2018: No link for: org.junit.internal.runners.statements.FailOnTimeoutTest-throwExceptionWithNiceMessageOnTimeout
Wed May 16 05:57:09 UTC 2018: None match not added in database because it already exists
Wed May 16 05:57:09 UTC 2018: Linking done for Mehyar77__NewJun test class org.junit.internal.runners.statements.FailOnTimeoutTest
Wed May 16 05:57:09 UTC 2018: Found element on the queue
Wed May 16 05:57:09 UTC 2018: Updating status
Wed May 16 05:57:09 UTC 2018: Working
Wed May 16 05:57:12 UTC 2018: Start Mehyar77__NewJun test class org.junit.internal.MethodSorterTest
Wed May 16 05:57:12 UTC 2018: Setting lastTestMethodIndex: 64064
Wed May 16 05:57:12 UTC 2018: Starting linking
Wed May 16 05:57:12 UTC 2018: Linking done for Mehyar77__NewJun test class org.junit.internal.MethodSorterTest
Wed May 16 05:57:13 UTC 2018: Found element on the queue
Wed May 16 05:57:13 UTC 2018: Updating status
Wed May 16 05:57:13 UTC 2018: Working
Wed May 16 05:57:16 UTC 2018: Start Mehyar77__NewJun test class org.junit.internal.matchers.StacktracePrintingMatcherTest
Wed May 16 05:57:16 UTC 2018: Setting lastTestMethodIndex: 64066
Wed May 16 05:57:16 UTC 2018: Starting linking
Wed May 16 05:57:16 UTC 2018: Code found org.junit.Assert-assertThat with org.junit.internal.matchers.StacktracePrintingMatcherTest-assertThatIncludesStacktrace
Wed May 16 05:57:16 UTC 2018: Match not added in database because it already exists
Wed May 16 05:57:16 UTC 2018: No link for: org.junit.internal.matchers.StacktracePrintingMatcherTest-failsWhenInnerMatcherFails
Wed May 16 05:57:16 UTC 2018: None match not added in database because it already exists
Wed May 16 05:57:16 UTC 2018: No link for: org.junit.internal.matchers.StacktracePrintingMatcherTest-succeedsWhenInnerMatcherSucceeds
Wed May 16 05:57:17 UTC 2018: None match not added in database because it already exists
Wed May 16 05:57:17 UTC 2018: Linking done for Mehyar77__NewJun test class org.junit.internal.matchers.StacktracePrintingMatcherTest
Wed May 16 05:57:17 UTC 2018: Found element on the queue
Wed May 16 05:57:17 UTC 2018: Updating status
Wed May 16 05:57:17 UTC 2018: Working
Wed May 16 05:57:20 UTC 2018: Start Mehyar77__NewJun test class org.junit.internal.StackTracesTest
Wed May 16 05:57:20 UTC 2018: Setting lastTestMethodIndex: 64069
Wed May 16 05:57:20 UTC 2018: Starting linking
Wed May 16 05:57:20 UTC 2018: No link for: org.junit.internal.StackTracesTest-getTrimmedStackForJUnit4TestFailingInBeforeMethod
Wed May 16 05:57:21 UTC 2018: None match not added in database because it already exists
Wed May 16 05:57:21 UTC 2018: No link for: org.junit.internal.StackTracesTest-getTrimmedStackForJUnit4TestFailingInMethodRule
Wed May 16 05:57:21 UTC 2018: None match not added in database because it already exists
Wed May 16 05:57:21 UTC 2018: No link for: org.junit.internal.StackTracesTest-getTrimmedStackForJUnit3TestFailingInSetupMethod
Wed May 16 05:57:22 UTC 2018: None match not added in database because it already exists
Wed May 16 05:57:22 UTC 2018: No link for: org.junit.internal.StackTracesTest-alwaysThrows
Wed May 16 05:57:22 UTC 2018: No link for: org.junit.internal.StackTracesTest-alwaysPasses
Wed May 16 05:57:23 UTC 2018: No link for: org.junit.internal.StackTracesTest-getTrimmedStackForJUnit4TestFailingInTestRule
Wed May 16 05:57:23 UTC 2018: None match not added in database because it already exists
Wed May 16 05:57:23 UTC 2018: No link for: org.junit.internal.StackTracesTest-getTrimmedStackForJUnit4TestFailingInTestMethodWithCause
Wed May 16 05:57:23 UTC 2018: None match not added in database because it already exists
Wed May 16 05:57:23 UTC 2018: No link for: org.junit.internal.StackTracesTest-getTrimmedStackForJUnit3TestFailingInTestMethod
Wed May 16 05:57:24 UTC 2018: None match not added in database because it already exists
Wed May 16 05:57:24 UTC 2018: No link for: org.junit.internal.StackTracesTest-getTrimmedStackForJUnit4TestFailingInTestMethod
Wed May 16 05:57:24 UTC 2018: None match not added in database because it already exists
Wed May 16 05:57:24 UTC 2018: Linking done for Mehyar77__NewJun test class org.junit.internal.StackTracesTest
