Wed May 16 05:57:30 UTC 2018: Database:jdbc:mysql://localhost:3306/unittests
Wed May 16 05:57:30 UTC 2018: Starting
Wed May 16 05:57:31 UTC 2018: Found element on the queue
Wed May 16 05:57:31 UTC 2018: Updating status
Wed May 16 05:57:31 UTC 2018: Working
Wed May 16 05:57:31 UTC 2018: Create project parser
Wed May 16 05:57:41 UTC 2018: Create slicer
Wed May 16 05:57:45 UTC 2018: Create call graph
Wed May 16 05:57:57 UTC 2018: Create point analysis
Wed May 16 05:57:57 UTC 2018: Create call graph done
Wed May 16 05:57:57 UTC 2018: Start mengzhongguanyu__jun test class org.junit.runners.parameterized.ParameterizedNamesTest
Wed May 16 05:57:57 UTC 2018: Setting lastTestMethodIndex: 64080
Wed May 16 05:57:57 UTC 2018: Starting linking
Wed May 16 05:57:57 UTC 2018: Linking done for mengzhongguanyu__jun test class org.junit.runners.parameterized.ParameterizedNamesTest
Wed May 16 05:57:58 UTC 2018: Found element on the queue
Wed May 16 05:57:58 UTC 2018: Updating status
Wed May 16 05:57:58 UTC 2018: Working
Wed May 16 05:58:00 UTC 2018: Start mengzhongguanyu__jun test class org.junit.runners.parameterized.TestWithParametersTest
Wed May 16 05:58:00 UTC 2018: Setting lastTestMethodIndex: 64083
Wed May 16 05:58:00 UTC 2018: Starting linking
Wed May 16 05:58:00 UTC 2018: Code found org.junit.runners.parameterized.TestWithParameters-toString with org.junit.runners.parameterized.TestWithParametersTest-hasMeaningfulToString
Wed May 16 05:58:00 UTC 2018: Match not added in database because it already exists
Wed May 16 05:58:00 UTC 2018: Code found org.junit.runners.parameterized.TestWithParameters-hashCode with org.junit.runners.parameterized.TestWithParametersTest-hasSameHashCodeAsEqualTest
Wed May 16 05:58:01 UTC 2018: Match not added in database because it already exists
Wed May 16 05:58:01 UTC 2018: No link for: org.junit.runners.parameterized.TestWithParametersTest-isNotEqualToTestWithDifferentName
Wed May 16 05:58:01 UTC 2018: None match not added in database because it already exists
Wed May 16 05:58:01 UTC 2018: No link for: org.junit.runners.parameterized.TestWithParametersTest-cannotBeCreatedWithoutAName
Wed May 16 05:58:02 UTC 2018: None match not added in database because it already exists
Wed May 16 05:58:02 UTC 2018: No link for: org.junit.runners.parameterized.TestWithParametersTest-cannotBeCreatedWithoutParameters
Wed May 16 05:58:02 UTC 2018: None match not added in database because it already exists
Wed May 16 05:58:02 UTC 2018: No link for: org.junit.runners.parameterized.TestWithParametersTest-isNotEqualToTestWithDifferentParameters
Wed May 16 05:58:02 UTC 2018: None match not added in database because it already exists
Wed May 16 05:58:02 UTC 2018: No link for: org.junit.runners.parameterized.TestWithParametersTest-cannotBeCreatedWithoutTestClass
Wed May 16 05:58:03 UTC 2018: None match not added in database because it already exists
Wed May 16 05:58:03 UTC 2018: No link for: org.junit.runners.parameterized.TestWithParametersTest-isEqualToTestWithSameNameAndTestClassAndParameters
Wed May 16 05:58:03 UTC 2018: None match not added in database because it already exists
Wed May 16 05:58:03 UTC 2018: No link for: org.junit.runners.parameterized.TestWithParametersTest-doesNotConsiderParametersWhichChangedAfterTestInstantiation
Wed May 16 05:58:04 UTC 2018: None match not added in database because it already exists
Wed May 16 05:58:04 UTC 2018: No link for: org.junit.runners.parameterized.TestWithParametersTest-doesNotAllowToModifyProvidedParameters
Wed May 16 05:58:04 UTC 2018: None match not added in database because it already exists
Wed May 16 05:58:04 UTC 2018: No link for: org.junit.runners.parameterized.TestWithParametersTest-isNotEqualToTestWithDifferentTestClass
Wed May 16 05:58:04 UTC 2018: None match not added in database because it already exists
Wed May 16 05:58:04 UTC 2018: No link for: org.junit.runners.parameterized.TestWithParametersTest-isNotEqualToObjectWithDifferentClass
Wed May 16 05:58:05 UTC 2018: None match not added in database because it already exists
Wed May 16 05:58:05 UTC 2018: Linking done for mengzhongguanyu__jun test class org.junit.runners.parameterized.TestWithParametersTest
Wed May 16 05:58:05 UTC 2018: Found element on the queue
Wed May 16 05:58:05 UTC 2018: Updating status
Wed May 16 05:58:05 UTC 2018: Working
Wed May 16 05:58:07 UTC 2018: Start mengzhongguanyu__jun test class org.junit.runners.RuleContainerTest
Wed May 16 05:58:07 UTC 2018: Setting lastTestMethodIndex: 64086
Wed May 16 05:58:07 UTC 2018: Starting linking
Wed May 16 05:58:07 UTC 2018: No link for: org.junit.runners.RuleContainerTest-testRuleAroundMethodRule
Wed May 16 05:58:08 UTC 2018: None match not added in database because it already exists
Wed May 16 05:58:08 UTC 2018: No link for: org.junit.runners.RuleContainerTest-ordering2
Wed May 16 05:58:08 UTC 2018: None match not added in database because it already exists
Wed May 16 05:58:08 UTC 2018: No link for: org.junit.runners.RuleContainerTest-ordering1
Wed May 16 05:58:09 UTC 2018: None match not added in database because it already exists
Wed May 16 05:58:09 UTC 2018: No link for: org.junit.runners.RuleContainerTest-methodRulesOnly
Wed May 16 05:58:09 UTC 2018: None match not added in database because it already exists
Wed May 16 05:58:09 UTC 2018: Linking done for mengzhongguanyu__jun test class org.junit.runners.RuleContainerTest
Wed May 16 05:58:09 UTC 2018: Found element on the queue
Wed May 16 05:58:09 UTC 2018: Updating status
Wed May 16 05:58:09 UTC 2018: Working
Wed May 16 05:58:12 UTC 2018: Start mengzhongguanyu__jun test class org.junit.runners.CustomBlockJUnit4ClassRunnerTest
Wed May 16 05:58:12 UTC 2018: Setting lastTestMethodIndex: 64089
Wed May 16 05:58:12 UTC 2018: Starting linking
Wed May 16 05:58:12 UTC 2018: No link for: org.junit.runners.CustomBlockJUnit4ClassRunnerTest-exceptionsFromMethodBlockMustNotResultInUnrootedTests
Wed May 16 05:58:12 UTC 2018: None match not added in database because it already exists
Wed May 16 05:58:12 UTC 2018: No link for: org.junit.runners.CustomBlockJUnit4ClassRunnerTest-shouldPass
Wed May 16 05:58:13 UTC 2018: No link for: org.junit.runners.CustomBlockJUnit4ClassRunnerTest-throwException
Wed May 16 05:58:13 UTC 2018: Linking done for mengzhongguanyu__jun test class org.junit.runners.CustomBlockJUnit4ClassRunnerTest
Wed May 16 05:58:14 UTC 2018: Found element on the queue
Wed May 16 05:58:14 UTC 2018: Updating status
Wed May 16 05:58:14 UTC 2018: Working
Wed May 16 05:58:16 UTC 2018: Start mengzhongguanyu__jun test class org.junit.runner.notification.ConcurrentRunNotifierTest
Wed May 16 05:58:16 UTC 2018: Setting lastTestMethodIndex: 64092
Wed May 16 05:58:16 UTC 2018: Starting linking
Wed May 16 05:58:16 UTC 2018: Linking done for mengzhongguanyu__jun test class org.junit.runner.notification.ConcurrentRunNotifierTest
Wed May 16 05:58:17 UTC 2018: Found element on the queue
Wed May 16 05:58:17 UTC 2018: Updating status
Wed May 16 05:58:17 UTC 2018: Working
Wed May 16 05:58:19 UTC 2018: Start mengzhongguanyu__jun test class org.junit.runner.notification.RunNotifierTest
Wed May 16 05:58:19 UTC 2018: Setting lastTestMethodIndex: 64095
Wed May 16 05:58:19 UTC 2018: Starting linking
Wed May 16 05:58:19 UTC 2018: Code found org.junit.runner.notification.RunNotifier-wrapIfNotThreadSafe with org.junit.runner.notification.RunNotifierTest-wrapIfNotThreadSafeShouldNotWrapThreadSafeListeners
Wed May 16 05:58:20 UTC 2018: Code found org.junit.runner.notification.RunNotifier-wrapIfNotThreadSafe with org.junit.runner.notification.RunNotifierTest-wrapIfNotThreadSafeShouldWrapNonThreadSafeListeners
Wed May 16 05:58:20 UTC 2018: No link for: org.junit.runner.notification.RunNotifierTest-notifiesSecondListenerIfFirstThrowsException
Wed May 16 05:58:21 UTC 2018: None match not added in database because it already exists
Wed May 16 05:58:21 UTC 2018: No link for: org.junit.runner.notification.RunNotifierTest-addAndRemoveWithNonThreadSafeListener
Wed May 16 05:58:21 UTC 2018: No link for: org.junit.runner.notification.RunNotifierTest-addAndRemoveWithThreadSafeListener
Wed May 16 05:58:21 UTC 2018: No link for: org.junit.runner.notification.RunNotifierTest-addFirstAndRemoveWithNonThreadSafeListener
Wed May 16 05:58:22 UTC 2018: No link for: org.junit.runner.notification.RunNotifierTest-addFirstAndRemoveWithThreadSafeListener
Wed May 16 05:58:22 UTC 2018: No link for: org.junit.runner.notification.RunNotifierTest-hasNoProblemsWithFailingListeners
Wed May 16 05:58:22 UTC 2018: None match not added in database because it already exists
Wed May 16 05:58:22 UTC 2018: Linking done for mengzhongguanyu__jun test class org.junit.runner.notification.RunNotifierTest
Wed May 16 05:58:23 UTC 2018: Found element on the queue
Wed May 16 05:58:23 UTC 2018: Updating status
Wed May 16 05:58:23 UTC 2018: Working
Wed May 16 05:58:25 UTC 2018: Start mengzhongguanyu__jun test class org.junit.runner.notification.SynchronizedRunListenerTest
Wed May 16 05:58:25 UTC 2018: Setting lastTestMethodIndex: 64098
Wed May 16 05:58:25 UTC 2018: Starting linking
Wed May 16 05:58:25 UTC 2018: Linking done for mengzhongguanyu__jun test class org.junit.runner.notification.SynchronizedRunListenerTest
Wed May 16 05:58:26 UTC 2018: Found element on the queue
Wed May 16 05:58:26 UTC 2018: Updating status
Wed May 16 05:58:26 UTC 2018: Working
Wed May 16 05:58:28 UTC 2018: Start mengzhongguanyu__jun test class org.junit.runner.FilterFactoriesTest
Wed May 16 05:58:28 UTC 2018: Setting lastTestMethodIndex: 64101
Wed May 16 05:58:28 UTC 2018: Starting linking
Wed May 16 05:58:28 UTC 2018: Code found org.junit.runner.FilterFactories-createFilter with org.junit.runner.FilterFactoriesTest-shouldCreateFilter
Wed May 16 05:58:28 UTC 2018: Match not added in database because it already exists
Wed May 16 05:58:28 UTC 2018: No link for: org.junit.runner.FilterFactoriesTest-shouldThrowExceptionIfNotFilterFactory
Wed May 16 05:58:29 UTC 2018: None match not added in database because it already exists
Wed May 16 05:58:29 UTC 2018: No link for: org.junit.runner.FilterFactoriesTest-shouldPassOnDescriptionToFilterFactory
Wed May 16 05:58:29 UTC 2018: None match not added in database because it already exists
Wed May 16 05:58:29 UTC 2018: No link for: org.junit.runner.FilterFactoriesTest-passes
Wed May 16 05:58:30 UTC 2018: No link for: org.junit.runner.FilterFactoriesTest-shouldCreateFilterWithArguments
Wed May 16 05:58:30 UTC 2018: None match not added in database because it already exists
Wed May 16 05:58:30 UTC 2018: No link for: org.junit.runner.FilterFactoriesTest-shouldThrowExceptionIfNotInstantiable
Wed May 16 05:58:30 UTC 2018: None match not added in database because it already exists
Wed May 16 05:58:30 UTC 2018: No link for: org.junit.runner.FilterFactoriesTest-shouldCreateFilterWithNoArguments
Wed May 16 05:58:31 UTC 2018: None match not added in database because it already exists
Wed May 16 05:58:31 UTC 2018: Linking done for mengzhongguanyu__jun test class org.junit.runner.FilterFactoriesTest
Wed May 16 05:58:31 UTC 2018: Found element on the queue
Wed May 16 05:58:31 UTC 2018: Updating status
Wed May 16 05:58:31 UTC 2018: Working
Wed May 16 05:58:34 UTC 2018: Start mengzhongguanyu__jun test class org.junit.runner.FilterOptionIntegrationTest
Wed May 16 05:58:34 UTC 2018: Setting lastTestMethodIndex: 64105
Wed May 16 05:58:34 UTC 2018: Starting linking
Wed May 16 05:58:34 UTC 2018: No link for: org.junit.runner.FilterOptionIntegrationTest-shouldIncludeSomeTests
Wed May 16 05:58:34 UTC 2018: None match not added in database because it already exists
Wed May 16 05:58:34 UTC 2018: No link for: org.junit.runner.FilterOptionIntegrationTest-shouldExcludeSomeTests
Wed May 16 05:58:35 UTC 2018: None match not added in database because it already exists
Wed May 16 05:58:35 UTC 2018: No link for: org.junit.runner.FilterOptionIntegrationTest-dummyTest
Wed May 16 05:58:35 UTC 2018: No link for: org.junit.runner.FilterOptionIntegrationTest-shouldCombineFilters
Wed May 16 05:58:36 UTC 2018: None match not added in database because it already exists
Wed May 16 05:58:36 UTC 2018: No link for: org.junit.runner.FilterOptionIntegrationTest-shouldRunAllTests
Wed May 16 05:58:36 UTC 2018: None match not added in database because it already exists
Wed May 16 05:58:36 UTC 2018: Linking done for mengzhongguanyu__jun test class org.junit.runner.FilterOptionIntegrationTest
Wed May 16 05:58:36 UTC 2018: Found element on the queue
Wed May 16 05:58:36 UTC 2018: Updating status
Wed May 16 05:58:36 UTC 2018: Working
Wed May 16 05:58:39 UTC 2018: Start mengzhongguanyu__jun test class org.junit.runner.JUnitCommandLineParseResultTest
Wed May 16 05:58:39 UTC 2018: Setting lastTestMethodIndex: 64109
Wed May 16 05:58:39 UTC 2018: Starting linking
Wed May 16 05:58:39 UTC 2018: No link for: org.junit.runner.JUnitCommandLineParseResultTest-shouldStopParsingOptionsUponDoubleHyphenArg
Wed May 16 05:58:39 UTC 2018: None match not added in database because it already exists
Wed May 16 05:58:39 UTC 2018: No link for: org.junit.runner.JUnitCommandLineParseResultTest-shouldStopParsingOptionsUponNonOption
Wed May 16 05:58:40 UTC 2018: None match not added in database because it already exists
Wed May 16 05:58:40 UTC 2018: No link for: org.junit.runner.JUnitCommandLineParseResultTest-shouldCreateFailureUponUncreatedFilter
Wed May 16 05:58:40 UTC 2018: None match not added in database because it already exists
Wed May 16 05:58:40 UTC 2018: No link for: org.junit.runner.JUnitCommandLineParseResultTest-shouldCreateFailureUponUnknownTestClass
Wed May 16 05:58:41 UTC 2018: None match not added in database because it already exists
Wed May 16 05:58:41 UTC 2018: No link for: org.junit.runner.JUnitCommandLineParseResultTest-shouldCreateFailureUponUnfoundFilterFactory
Wed May 16 05:58:41 UTC 2018: None match not added in database because it already exists
Wed May 16 05:58:41 UTC 2018: No link for: org.junit.runner.JUnitCommandLineParseResultTest-shouldCreateFailureUponUnknownOption
Wed May 16 05:58:41 UTC 2018: None match not added in database because it already exists
Wed May 16 05:58:41 UTC 2018: No link for: org.junit.runner.JUnitCommandLineParseResultTest-shouldCreateFailureUponBaldFilterOptionNotFollowedByValue
Wed May 16 05:58:42 UTC 2018: None match not added in database because it already exists
Wed May 16 05:58:42 UTC 2018: No link for: org.junit.runner.JUnitCommandLineParseResultTest-dummyTest
Wed May 16 05:58:42 UTC 2018: No link for: org.junit.runner.JUnitCommandLineParseResultTest-shouldParseFilterArgWithEqualsSyntax
Wed May 16 05:58:42 UTC 2018: None match not added in database because it already exists
Wed May 16 05:58:42 UTC 2018: No link for: org.junit.runner.JUnitCommandLineParseResultTest-shouldParseFilterArgInWhichValueIsASeparateArg
Wed May 16 05:58:43 UTC 2018: None match not added in database because it already exists
Wed May 16 05:58:43 UTC 2018: No link for: org.junit.runner.JUnitCommandLineParseResultTest-shouldAddToClasses
Wed May 16 05:58:43 UTC 2018: None match not added in database because it already exists
Wed May 16 05:58:43 UTC 2018: Linking done for mengzhongguanyu__jun test class org.junit.runner.JUnitCommandLineParseResultTest
Wed May 16 05:58:44 UTC 2018: Found element on the queue
Wed May 16 05:58:44 UTC 2018: Updating status
Wed May 16 05:58:44 UTC 2018: Working
Wed May 16 05:58:46 UTC 2018: Start mengzhongguanyu__jun test class org.junit.runner.JUnitCoreTest
Wed May 16 05:58:46 UTC 2018: Setting lastTestMethodIndex: 64113
Wed May 16 05:58:46 UTC 2018: Starting linking
Wed May 16 05:58:46 UTC 2018: No link for: org.junit.runner.JUnitCoreTest-shouldAddFailuresToResult
Wed May 16 05:58:47 UTC 2018: None match not added in database because it already exists
Wed May 16 05:58:47 UTC 2018: Linking done for mengzhongguanyu__jun test class org.junit.runner.JUnitCoreTest
Wed May 16 05:58:47 UTC 2018: Found element on the queue
Wed May 16 05:58:47 UTC 2018: Updating status
Wed May 16 05:58:47 UTC 2018: Working
Wed May 16 05:58:50 UTC 2018: Start mengzhongguanyu__jun test class org.junit.runner.RequestTest
Wed May 16 05:58:50 UTC 2018: Setting lastTestMethodIndex: 64116
Wed May 16 05:58:50 UTC 2018: Starting linking
Wed May 16 05:58:50 UTC 2018: Code found org.junit.runner.Request-classes with org.junit.runner.RequestTest-createsADescriptionWithANameForClasses
Wed May 16 05:58:50 UTC 2018: Match not added in database because it already exists
Wed May 16 05:58:50 UTC 2018: Linking done for mengzhongguanyu__jun test class org.junit.runner.RequestTest
Wed May 16 05:58:51 UTC 2018: Found element on the queue
Wed May 16 05:58:51 UTC 2018: Updating status
Wed May 16 05:58:51 UTC 2018: Working
Wed May 16 05:58:53 UTC 2018: Start mengzhongguanyu__jun test class org.junit.tests.running.classes.BlockJUnit4ClassRunnerTest
Wed May 16 05:58:53 UTC 2018: Setting lastTestMethodIndex: 64118
Wed May 16 05:58:53 UTC 2018: Starting linking
Wed May 16 05:58:53 UTC 2018: Linking done for mengzhongguanyu__jun test class org.junit.tests.running.classes.BlockJUnit4ClassRunnerTest
Wed May 16 05:58:54 UTC 2018: Found element on the queue
Wed May 16 05:58:54 UTC 2018: Updating status
Wed May 16 05:58:54 UTC 2018: Working
Wed May 16 05:58:56 UTC 2018: Start mengzhongguanyu__jun test class org.junit.tests.running.classes.ClassLevelMethodsWithIgnoredTestsTest
Wed May 16 05:58:56 UTC 2018: Setting lastTestMethodIndex: 64120
Wed May 16 05:58:56 UTC 2018: Starting linking
Wed May 16 05:58:56 UTC 2018: Linking done for mengzhongguanyu__jun test class org.junit.tests.running.classes.ClassLevelMethodsWithIgnoredTestsTest
Wed May 16 05:58:57 UTC 2018: Found element on the queue
Wed May 16 05:58:57 UTC 2018: Updating status
Wed May 16 05:58:57 UTC 2018: Working
Wed May 16 05:58:59 UTC 2018: Start mengzhongguanyu__jun test class org.junit.tests.running.classes.EnclosedTest
Wed May 16 05:58:59 UTC 2018: Setting lastTestMethodIndex: 64123
Wed May 16 05:58:59 UTC 2018: Starting linking
Wed May 16 05:58:59 UTC 2018: Linking done for mengzhongguanyu__jun test class org.junit.tests.running.classes.EnclosedTest
Wed May 16 05:59:00 UTC 2018: Found element on the queue
Wed May 16 05:59:00 UTC 2018: Updating status
Wed May 16 05:59:00 UTC 2018: Working
Wed May 16 05:59:02 UTC 2018: Start mengzhongguanyu__jun test class org.junit.tests.running.classes.IgnoreClassTest
Wed May 16 05:59:02 UTC 2018: Setting lastTestMethodIndex: 64126
Wed May 16 05:59:02 UTC 2018: Starting linking
Wed May 16 05:59:02 UTC 2018: Linking done for mengzhongguanyu__jun test class org.junit.tests.running.classes.IgnoreClassTest
Wed May 16 05:59:03 UTC 2018: Found element on the queue
Wed May 16 05:59:03 UTC 2018: Updating status
Wed May 16 05:59:03 UTC 2018: Working
Wed May 16 05:59:05 UTC 2018: Start mengzhongguanyu__jun test class org.junit.tests.running.classes.ParameterizedTestTest
Wed May 16 05:59:05 UTC 2018: Setting lastTestMethodIndex: 64128
Wed May 16 05:59:05 UTC 2018: Starting linking
Wed May 16 05:59:05 UTC 2018: Linking done for mengzhongguanyu__jun test class org.junit.tests.running.classes.ParameterizedTestTest
Wed May 16 05:59:06 UTC 2018: Found element on the queue
Wed May 16 05:59:06 UTC 2018: Updating status
Wed May 16 05:59:06 UTC 2018: Working
Wed May 16 05:59:08 UTC 2018: Start mengzhongguanyu__jun test class org.junit.tests.running.classes.ParentRunnerFilteringTest
Wed May 16 05:59:08 UTC 2018: Setting lastTestMethodIndex: 64130
Wed May 16 05:59:08 UTC 2018: Starting linking
Wed May 16 05:59:08 UTC 2018: Linking done for mengzhongguanyu__jun test class org.junit.tests.running.classes.ParentRunnerFilteringTest
Wed May 16 05:59:09 UTC 2018: Found element on the queue
Wed May 16 05:59:09 UTC 2018: Updating status
Wed May 16 05:59:09 UTC 2018: Working
Wed May 16 05:59:11 UTC 2018: Start mengzhongguanyu__jun test class org.junit.tests.running.classes.ParentRunnerTest
Wed May 16 05:59:11 UTC 2018: Setting lastTestMethodIndex: 64132
Wed May 16 05:59:11 UTC 2018: Starting linking
Wed May 16 05:59:11 UTC 2018: Linking done for mengzhongguanyu__jun test class org.junit.tests.running.classes.ParentRunnerTest
Wed May 16 05:59:12 UTC 2018: Found element on the queue
Wed May 16 05:59:12 UTC 2018: Updating status
Wed May 16 05:59:12 UTC 2018: Working
Wed May 16 05:59:15 UTC 2018: Start mengzhongguanyu__jun test class org.junit.tests.running.classes.parent.ParentRunnerClassLoaderTest
Wed May 16 05:59:15 UTC 2018: Setting lastTestMethodIndex: 64134
Wed May 16 05:59:15 UTC 2018: Starting linking
Wed May 16 05:59:15 UTC 2018: No link for: org.junit.tests.running.classes.parent.ParentRunnerClassLoaderTest-testClassRuleAccessToClassInAnotherClassLoader
Wed May 16 05:59:15 UTC 2018: None match not added in database because it already exists
Wed May 16 05:59:15 UTC 2018: No link for: org.junit.tests.running.classes.parent.ParentRunnerClassLoaderTest-testBackwardCompatibilityWithOverrideGetName
Wed May 16 05:59:15 UTC 2018: None match not added in database because it already exists
Wed May 16 05:59:15 UTC 2018: No link for: org.junit.tests.running.classes.parent.ParentRunnerClassLoaderTest-testDescriptionContainCorrectTestClass
Wed May 16 05:59:16 UTC 2018: None match not added in database because it already exists
Wed May 16 05:59:16 UTC 2018: Linking done for mengzhongguanyu__jun test class org.junit.tests.running.classes.parent.ParentRunnerClassLoaderTest
Wed May 16 05:59:16 UTC 2018: Found element on the queue
Wed May 16 05:59:16 UTC 2018: Updating status
Wed May 16 05:59:16 UTC 2018: Working
Wed May 16 05:59:19 UTC 2018: Start mengzhongguanyu__jun test class org.junit.tests.running.classes.RunWithTest
Wed May 16 05:59:19 UTC 2018: Setting lastTestMethodIndex: 64136
Wed May 16 05:59:19 UTC 2018: Starting linking
Wed May 16 05:59:19 UTC 2018: Linking done for mengzhongguanyu__jun test class org.junit.tests.running.classes.RunWithTest
Wed May 16 05:59:19 UTC 2018: Found element on the queue
Wed May 16 05:59:19 UTC 2018: Updating status
Wed May 16 05:59:19 UTC 2018: Working
Wed May 16 05:59:22 UTC 2018: Start mengzhongguanyu__jun test class org.junit.tests.running.classes.SuiteTest
Wed May 16 05:59:22 UTC 2018: Setting lastTestMethodIndex: 64138
Wed May 16 05:59:22 UTC 2018: Starting linking
Wed May 16 05:59:22 UTC 2018: Linking done for mengzhongguanyu__jun test class org.junit.tests.running.classes.SuiteTest
Wed May 16 05:59:22 UTC 2018: Found element on the queue
Wed May 16 05:59:22 UTC 2018: Updating status
Wed May 16 05:59:22 UTC 2018: Working
Wed May 16 05:59:25 UTC 2018: Start mengzhongguanyu__jun test class org.junit.tests.running.classes.UseSuiteAsASuperclassTest
Wed May 16 05:59:25 UTC 2018: Setting lastTestMethodIndex: 64140
Wed May 16 05:59:25 UTC 2018: Starting linking
Wed May 16 05:59:25 UTC 2018: Linking done for mengzhongguanyu__jun test class org.junit.tests.running.classes.UseSuiteAsASuperclassTest
Wed May 16 05:59:25 UTC 2018: Found element on the queue
Wed May 16 05:59:25 UTC 2018: Updating status
Wed May 16 05:59:25 UTC 2018: Working
Wed May 16 05:59:28 UTC 2018: Start mengzhongguanyu__jun test class org.junit.tests.running.core.CommandLineTest
Wed May 16 05:59:28 UTC 2018: Setting lastTestMethodIndex: 64143
Wed May 16 05:59:28 UTC 2018: Starting linking
Wed May 16 05:59:28 UTC 2018: Linking done for mengzhongguanyu__jun test class org.junit.tests.running.core.CommandLineTest
Wed May 16 05:59:28 UTC 2018: Found element on the queue
Wed May 16 05:59:28 UTC 2018: Updating status
Wed May 16 05:59:28 UTC 2018: Working
Wed May 16 05:59:31 UTC 2018: Start mengzhongguanyu__jun test class org.junit.tests.running.core.JUnitCoreReturnsCorrectExitCodeTest
Wed May 16 05:59:31 UTC 2018: Setting lastTestMethodIndex: 64146
Wed May 16 05:59:31 UTC 2018: Starting linking
Wed May 16 05:59:31 UTC 2018: Linking done for mengzhongguanyu__jun test class org.junit.tests.running.core.JUnitCoreReturnsCorrectExitCodeTest
Wed May 16 05:59:31 UTC 2018: Found element on the queue
Wed May 16 05:59:31 UTC 2018: Updating status
Wed May 16 05:59:31 UTC 2018: Working
Wed May 16 05:59:34 UTC 2018: Start mengzhongguanyu__jun test class org.junit.tests.running.methods.AnnotationTest
Wed May 16 05:59:34 UTC 2018: Setting lastTestMethodIndex: 64147
Wed May 16 05:59:34 UTC 2018: Starting linking
Wed May 16 05:59:34 UTC 2018: Linking done for mengzhongguanyu__jun test class org.junit.tests.running.methods.AnnotationTest
Wed May 16 05:59:34 UTC 2018: Found element on the queue
Wed May 16 05:59:34 UTC 2018: Updating status
Wed May 16 05:59:34 UTC 2018: Working
Wed May 16 05:59:37 UTC 2018: Start mengzhongguanyu__jun test class org.junit.tests.running.methods.ExpectedTest
Wed May 16 05:59:37 UTC 2018: Setting lastTestMethodIndex: 64150
Wed May 16 05:59:37 UTC 2018: Starting linking
Wed May 16 05:59:37 UTC 2018: Linking done for mengzhongguanyu__jun test class org.junit.tests.running.methods.ExpectedTest
Wed May 16 05:59:37 UTC 2018: Found element on the queue
Wed May 16 05:59:37 UTC 2018: Updating status
Wed May 16 05:59:37 UTC 2018: Working
Wed May 16 05:59:40 UTC 2018: Start mengzhongguanyu__jun test class org.junit.tests.running.methods.InheritedTestTest
Wed May 16 05:59:40 UTC 2018: Setting lastTestMethodIndex: 64152
Wed May 16 05:59:40 UTC 2018: Starting linking
Wed May 16 05:59:40 UTC 2018: Linking done for mengzhongguanyu__jun test class org.junit.tests.running.methods.InheritedTestTest
Wed May 16 05:59:40 UTC 2018: Found element on the queue
Wed May 16 05:59:40 UTC 2018: Updating status
Wed May 16 05:59:40 UTC 2018: Working
Wed May 16 05:59:43 UTC 2018: Start mengzhongguanyu__jun test class org.junit.tests.running.methods.ParameterizedTestMethodTest
Wed May 16 05:59:43 UTC 2018: Setting lastTestMethodIndex: 64153
Wed May 16 05:59:43 UTC 2018: Starting linking
Wed May 16 05:59:43 UTC 2018: Linking done for mengzhongguanyu__jun test class org.junit.tests.running.methods.ParameterizedTestMethodTest
Wed May 16 05:59:44 UTC 2018: Found element on the queue
Wed May 16 05:59:44 UTC 2018: Updating status
Wed May 16 05:59:44 UTC 2018: Working
Wed May 16 05:59:46 UTC 2018: Start mengzhongguanyu__jun test class org.junit.tests.running.methods.TestMethodTest
Wed May 16 05:59:46 UTC 2018: Setting lastTestMethodIndex: 64155
Wed May 16 05:59:46 UTC 2018: Starting linking
Wed May 16 05:59:46 UTC 2018: Linking done for mengzhongguanyu__jun test class org.junit.tests.running.methods.TestMethodTest
Wed May 16 05:59:47 UTC 2018: Found element on the queue
Wed May 16 05:59:47 UTC 2018: Updating status
Wed May 16 05:59:47 UTC 2018: Working
Wed May 16 05:59:49 UTC 2018: Start mengzhongguanyu__jun test class org.junit.samples.ListTest
Wed May 16 05:59:49 UTC 2018: Setting lastTestMethodIndex: 64156
Wed May 16 05:59:49 UTC 2018: Starting linking
Wed May 16 05:59:49 UTC 2018: No link for: org.junit.samples.ListTest-removeAll
Wed May 16 05:59:50 UTC 2018: None match not added in database because it already exists
Wed May 16 05:59:50 UTC 2018: No link for: org.junit.samples.ListTest-testCopy
Wed May 16 05:59:50 UTC 2018: None match not added in database because it already exists
Wed May 16 05:59:50 UTC 2018: No link for: org.junit.samples.ListTest-elementAt
Wed May 16 05:59:51 UTC 2018: None match not added in database because it already exists
Wed May 16 05:59:51 UTC 2018: No link for: org.junit.samples.ListTest-capacity
Wed May 16 05:59:51 UTC 2018: None match not added in database because it already exists
Wed May 16 05:59:51 UTC 2018: No link for: org.junit.samples.ListTest-contains
Wed May 16 05:59:51 UTC 2018: None match not added in database because it already exists
Wed May 16 05:59:51 UTC 2018: No link for: org.junit.samples.ListTest-removeElement
Wed May 16 05:59:52 UTC 2018: None match not added in database because it already exists
Wed May 16 05:59:52 UTC 2018: Linking done for mengzhongguanyu__jun test class org.junit.samples.ListTest
Wed May 16 05:59:52 UTC 2018: Found element on the queue
Wed May 16 05:59:52 UTC 2018: Updating status
Wed May 16 05:59:52 UTC 2018: Working
Wed May 16 05:59:55 UTC 2018: Start mengzhongguanyu__jun test class org.junit.samples.money.MoneyTest
Wed May 16 05:59:55 UTC 2018: Setting lastTestMethodIndex: 64159
Wed May 16 05:59:55 UTC 2018: Starting linking
Wed May 16 05:59:55 UTC 2018: Code found junit.samples.money.Money-add with org.junit.samples.money.MoneyTest-testSimpleBagAdd
Wed May 16 05:59:55 UTC 2018: Match not added in database because it already exists
Wed May 16 05:59:55 UTC 2018: Code found junit.samples.money.Money-negate with org.junit.samples.money.MoneyTest-testSimpleNegate
Wed May 16 05:59:56 UTC 2018: Match not added in database because it already exists
Wed May 16 05:59:56 UTC 2018: Code found junit.samples.money.Money-multiply with org.junit.samples.money.MoneyTest-testSimpleMultiply
Wed May 16 05:59:56 UTC 2018: Match not added in database because it already exists
Wed May 16 05:59:56 UTC 2018: Code found junit.samples.money.Money-equals with org.junit.samples.money.MoneyTest-testMoneyBagEquals
Wed May 16 05:59:57 UTC 2018: Match not added in database because it already exists
Wed May 16 05:59:57 UTC 2018: Code found junit.samples.money.Money-equals with org.junit.samples.money.MoneyTest-testMoneyEquals
Wed May 16 05:59:57 UTC 2018: Match not added in database because it already exists
Wed May 16 05:59:57 UTC 2018: Code found junit.samples.money.Money-add with org.junit.samples.money.MoneyTest-testSimpleAdd
Wed May 16 05:59:57 UTC 2018: Match not added in database because it already exists
Wed May 16 05:59:57 UTC 2018: Code found junit.samples.money.Money-add with org.junit.samples.money.MoneyTest-testMixedSimpleAdd
Wed May 16 05:59:58 UTC 2018: Match not added in database because it already exists
Wed May 16 05:59:58 UTC 2018: Code found junit.samples.money.Money-subtract with org.junit.samples.money.MoneyTest-testSimpleSubtract
Wed May 16 05:59:58 UTC 2018: Match not added in database because it already exists
Wed May 16 05:59:58 UTC 2018: No link for: org.junit.samples.money.MoneyTest-testBagSimpleAdd
Wed May 16 05:59:59 UTC 2018: None match not added in database because it already exists
Wed May 16 05:59:59 UTC 2018: No link for: org.junit.samples.money.MoneyTest-testMoneyBagHash
Wed May 16 05:59:59 UTC 2018: None match not added in database because it already exists
Wed May 16 05:59:59 UTC 2018: No link for: org.junit.samples.money.MoneyTest-testMoneyHash
Wed May 16 05:59:59 UTC 2018: None match not added in database because it already exists
Wed May 16 05:59:59 UTC 2018: No link for: org.junit.samples.money.MoneyTest-testBagSumAdd
Wed May 16 06:00:00 UTC 2018: None match not added in database because it already exists
Wed May 16 06:00:00 UTC 2018: No link for: org.junit.samples.money.MoneyTest-testBagNotEquals
Wed May 16 06:00:00 UTC 2018: None match not added in database because it already exists
Wed May 16 06:00:00 UTC 2018: No link for: org.junit.samples.money.MoneyTest-zeroMoniesAreEqualRegardlessOfCurrency
Wed May 16 06:00:00 UTC 2018: None match not added in database because it already exists
Wed May 16 06:00:00 UTC 2018: No link for: org.junit.samples.money.MoneyTest-testIsZero
Wed May 16 06:00:01 UTC 2018: None match not added in database because it already exists
Wed May 16 06:00:01 UTC 2018: No link for: org.junit.samples.money.MoneyTest-testSimplify
Wed May 16 06:00:01 UTC 2018: None match not added in database because it already exists
Wed May 16 06:00:01 UTC 2018: No link for: org.junit.samples.money.MoneyTest-testNormalize2
Wed May 16 06:00:01 UTC 2018: None match not added in database because it already exists
Wed May 16 06:00:01 UTC 2018: No link for: org.junit.samples.money.MoneyTest-testNormalize3
Wed May 16 06:00:02 UTC 2018: None match not added in database because it already exists
Wed May 16 06:00:02 UTC 2018: No link for: org.junit.samples.money.MoneyTest-testNormalize4
Wed May 16 06:00:02 UTC 2018: None match not added in database because it already exists
Wed May 16 06:00:02 UTC 2018: No link for: org.junit.samples.money.MoneyTest-testBagMultiply
Wed May 16 06:00:02 UTC 2018: None match not added in database because it already exists
Wed May 16 06:00:02 UTC 2018: No link for: org.junit.samples.money.MoneyTest-testBagNegate
Wed May 16 06:00:03 UTC 2018: None match not added in database because it already exists
Wed May 16 06:00:03 UTC 2018: No link for: org.junit.samples.money.MoneyTest-testBagSubtract
Wed May 16 06:00:03 UTC 2018: None match not added in database because it already exists
Wed May 16 06:00:03 UTC 2018: No link for: org.junit.samples.money.MoneyTest-testPrint
Wed May 16 06:00:04 UTC 2018: None match not added in database because it already exists
Wed May 16 06:00:04 UTC 2018: Linking done for mengzhongguanyu__jun test class org.junit.samples.money.MoneyTest
Wed May 16 06:00:04 UTC 2018: Found element on the queue
Wed May 16 06:00:04 UTC 2018: Updating status
Wed May 16 06:00:04 UTC 2018: Working
Wed May 16 06:00:07 UTC 2018: Start mengzhongguanyu__jun test class org.junit.tests.validation.BadlyFormedClassesTest
Wed May 16 06:00:07 UTC 2018: Setting lastTestMethodIndex: 64164
Wed May 16 06:00:07 UTC 2018: Starting linking
Wed May 16 06:00:07 UTC 2018: Linking done for mengzhongguanyu__jun test class org.junit.tests.validation.BadlyFormedClassesTest
Wed May 16 06:00:07 UTC 2018: Found element on the queue
Wed May 16 06:00:07 UTC 2018: Updating status
Wed May 16 06:00:07 UTC 2018: Working
Wed May 16 06:00:10 UTC 2018: Start mengzhongguanyu__jun test class org.junit.tests.validation.FailedConstructionTest
Wed May 16 06:00:10 UTC 2018: Setting lastTestMethodIndex: 64166
Wed May 16 06:00:10 UTC 2018: Starting linking
Wed May 16 06:00:10 UTC 2018: Linking done for mengzhongguanyu__jun test class org.junit.tests.validation.FailedConstructionTest
Wed May 16 06:00:10 UTC 2018: Found element on the queue
Wed May 16 06:00:10 UTC 2018: Updating status
Wed May 16 06:00:10 UTC 2018: Working
Wed May 16 06:00:13 UTC 2018: Start mengzhongguanyu__jun test class org.junit.tests.validation.ValidationTest
Wed May 16 06:00:13 UTC 2018: Setting lastTestMethodIndex: 64167
Wed May 16 06:00:13 UTC 2018: Starting linking
Wed May 16 06:00:13 UTC 2018: Linking done for mengzhongguanyu__jun test class org.junit.tests.validation.ValidationTest
Wed May 16 06:00:13 UTC 2018: Found element on the queue
Wed May 16 06:00:13 UTC 2018: Updating status
Wed May 16 06:00:13 UTC 2018: Working
Wed May 16 06:00:16 UTC 2018: Start mengzhongguanyu__jun test class org.junit.validator.AnnotationsValidatorTest
Wed May 16 06:00:16 UTC 2018: Setting lastTestMethodIndex: 64168
Wed May 16 06:00:16 UTC 2018: Starting linking
Wed May 16 06:00:16 UTC 2018: Linking done for mengzhongguanyu__jun test class org.junit.validator.AnnotationsValidatorTest
Wed May 16 06:00:17 UTC 2018: Found element on the queue
Wed May 16 06:00:17 UTC 2018: Updating status
Wed May 16 06:00:17 UTC 2018: Working
Wed May 16 06:00:19 UTC 2018: Start mengzhongguanyu__jun test class org.junit.validator.AnnotationValidatorFactoryTest
Wed May 16 06:00:19 UTC 2018: Setting lastTestMethodIndex: 64169
Wed May 16 06:00:19 UTC 2018: Starting linking
Wed May 16 06:00:19 UTC 2018: Code found org.junit.validator.AnnotationValidatorFactory-createAnnotationValidator with org.junit.validator.AnnotationValidatorFactoryTest-createAnnotationValidator
Wed May 16 06:00:20 UTC 2018: Match not added in database because it already exists
Wed May 16 06:00:20 UTC 2018: No link for: org.junit.validator.AnnotationValidatorFactoryTest-exceptionWhenAnnotationValidatorCantBeCreated
Wed May 16 06:00:20 UTC 2018: Linking done for mengzhongguanyu__jun test class org.junit.validator.AnnotationValidatorFactoryTest
Wed May 16 06:00:21 UTC 2018: Found element on the queue
Wed May 16 06:00:21 UTC 2018: Updating status
Wed May 16 06:00:21 UTC 2018: Working
Wed May 16 06:00:23 UTC 2018: Start mengzhongguanyu__jun test class org.junit.validator.PublicClassValidatorTest
Wed May 16 06:00:23 UTC 2018: Setting lastTestMethodIndex: 64170
Wed May 16 06:00:23 UTC 2018: Starting linking
Wed May 16 06:00:23 UTC 2018: Linking done for mengzhongguanyu__jun test class org.junit.validator.PublicClassValidatorTest
Wed May 16 06:00:24 UTC 2018: Found element on the queue
Wed May 16 06:00:24 UTC 2018: Updating status
Wed May 16 06:00:24 UTC 2018: Working
Wed May 16 06:00:26 UTC 2018: Start mengzhongguanyu__jun test class org.junit.AssumptionViolatedExceptionTest
Wed May 16 06:00:26 UTC 2018: Setting lastTestMethodIndex: 64171
Wed May 16 06:00:26 UTC 2018: Starting linking
Wed May 16 06:00:26 UTC 2018: No code found org.junit.AssumptionViolatedException-initCause with org.junit.AssumptionViolatedExceptionTest-canInitCauseWithInstanceCreatedWithString
Wed May 16 06:00:27 UTC 2018: No link for: org.junit.AssumptionViolatedExceptionTest-canSetCauseWithInstanceCreatedWithMainConstructor
Wed May 16 06:00:27 UTC 2018: None match not added in database because it already exists
Wed May 16 06:00:27 UTC 2018: No link for: org.junit.AssumptionViolatedExceptionTest-canSetCauseWithInstanceCreatedWithObjectAndMatcher
Wed May 16 06:00:28 UTC 2018: None match not added in database because it already exists
Wed May 16 06:00:28 UTC 2018: No link for: org.junit.AssumptionViolatedExceptionTest-assumptionViolatedExceptionWithMatcherDescribesItself
Wed May 16 06:00:28 UTC 2018: None match not added in database because it already exists
Wed May 16 06:00:28 UTC 2018: No link for: org.junit.AssumptionViolatedExceptionTest-canSetCauseWithInstanceCreatedWithAssumptionObjectAndMatcher
Wed May 16 06:00:29 UTC 2018: None match not added in database because it already exists
Wed May 16 06:00:29 UTC 2018: No link for: org.junit.AssumptionViolatedExceptionTest-canSetCauseWithInstanceCreatedWithExplicitThrowableConstructor
Wed May 16 06:00:29 UTC 2018: None match not added in database because it already exists
Wed May 16 06:00:29 UTC 2018: No link for: org.junit.AssumptionViolatedExceptionTest-simpleAssumptionViolatedExceptionDescribesItself
Wed May 16 06:00:30 UTC 2018: None match not added in database because it already exists
Wed May 16 06:00:30 UTC 2018: Linking done for mengzhongguanyu__jun test class org.junit.AssumptionViolatedExceptionTest
Wed May 16 06:00:30 UTC 2018: Found element on the queue
Wed May 16 06:00:30 UTC 2018: Updating status
Wed May 16 06:00:30 UTC 2018: Working
Wed May 16 06:00:33 UTC 2018: Start mengzhongguanyu__jun test class org.junit.tests.ObjectContractTest
Wed May 16 06:00:33 UTC 2018: Setting lastTestMethodIndex: 64172
Wed May 16 06:00:33 UTC 2018: Starting linking
Wed May 16 06:00:33 UTC 2018: No link for: org.junit.tests.ObjectContractTest-equalsThrowsNoException
Wed May 16 06:00:33 UTC 2018: None match not added in database because it already exists
Wed May 16 06:00:33 UTC 2018: Linking done for mengzhongguanyu__jun test class org.junit.tests.ObjectContractTest
Wed May 16 06:00:34 UTC 2018: Found element on the queue
Wed May 16 06:00:34 UTC 2018: Updating status
Wed May 16 06:00:34 UTC 2018: Working
Wed May 16 06:00:37 UTC 2018: Start mengzhongguanyu__jun test class org.junit.tests.assertion.AssertionTest
Wed May 16 06:00:37 UTC 2018: Setting lastTestMethodIndex: 64174
Wed May 16 06:00:37 UTC 2018: Starting linking
Wed May 16 06:00:37 UTC 2018: Code found org.junit.Assert-fail with org.junit.tests.assertion.AssertionTest-fails
Wed May 16 06:00:37 UTC 2018: Match not added in database because it already exists
Wed May 16 06:00:37 UTC 2018: Code found org.junit.Assert-assertNotEquals with org.junit.tests.assertion.AssertionTest-assertNotEqualsIgnoresDeltaOnNaN
Wed May 16 06:00:38 UTC 2018: Code found org.junit.Assert-assertThat with org.junit.tests.assertion.AssertionTest-assertThatIncludesAdvancedMismatch
Wed May 16 06:00:38 UTC 2018: Match not added in database because it already exists
Wed May 16 06:00:38 UTC 2018: Code found org.junit.Assert-expectThrows with org.junit.tests.assertion.AssertionTest-expectThrowsDetectsTypeMismatchesViaExplicitTypeHint
Wed May 16 06:00:39 UTC 2018: Code found org.junit.Assert-assertNotEquals with org.junit.tests.assertion.AssertionTest-assertNotEqualsConsidersDeltaCorrectly
Wed May 16 06:00:39 UTC 2018: Code found org.junit.Assert-expectThrows with org.junit.tests.assertion.AssertionTest-expectThrowsUsesCanonicalNameWhenRequiredExceptionNotThrown
Wed May 16 06:00:40 UTC 2018: Code found org.junit.Assert-expectThrows with org.junit.tests.assertion.AssertionTest-expectThrowsUsesCanonicalNameUponTypeMismatch
Wed May 16 06:00:40 UTC 2018: Code found org.junit.Assert-assertEquals with org.junit.tests.assertion.AssertionTest-nullMessageDisappearsWithAssertEquals
Wed May 16 06:00:41 UTC 2018: Match not added in database because it already exists
Wed May 16 06:00:41 UTC 2018: Code found org.junit.Assert-assertNotEquals with org.junit.tests.assertion.AssertionTest-assertNotEqualsWorksWithPrimitiveTypes
Wed May 16 06:00:41 UTC 2018: Code found org.junit.Assert-assertNotEquals with org.junit.tests.assertion.AssertionTest-assertNotEqualsIgnoresFloatDeltaOnNaN
Wed May 16 06:00:42 UTC 2018: Code found org.junit.Assert-expectThrows with org.junit.tests.assertion.AssertionTest-expectThrowsUsesNameUponTypeMismatchWithAnonymousClass
Wed May 16 06:00:42 UTC 2018: Code found org.junit.Assert-assertNotEquals with org.junit.tests.assertion.AssertionTest-assertNotEqualsConsidersFloatDeltaCorrectly
Wed May 16 06:00:43 UTC 2018: Code found org.junit.Assert-expectThrows with org.junit.tests.assertion.AssertionTest-expectThrowsWrapsAndPropagatesUnexpectedExceptions
Wed May 16 06:00:43 UTC 2018: Code found org.junit.Assert-expectThrows with org.junit.tests.assertion.AssertionTest-expectThrowsSuppliesACoherentErrorMessageUponTypeMismatch
Wed May 16 06:00:44 UTC 2018: Code found org.junit.Assert-assertNotEquals with org.junit.tests.assertion.AssertionTest-assertNotEqualsIncludesCorrectMessage
Wed May 16 06:00:44 UTC 2018: Code found org.junit.Assert-assertThat with org.junit.tests.assertion.AssertionTest-assertThatIncludesDescriptionOfTestedValueInErrorMessage
Wed May 16 06:00:45 UTC 2018: Match not added in database because it already exists
Wed May 16 06:00:45 UTC 2018: Code found org.junit.Assert-fail with org.junit.tests.assertion.AssertionTest-failWithNoMessageToString
Wed May 16 06:00:45 UTC 2018: Match not added in database because it already exists
Wed May 16 06:00:45 UTC 2018: Code found org.junit.Assert-assertThat with org.junit.tests.assertion.AssertionTest-assertThatDescriptionCanBeElided
Wed May 16 06:00:46 UTC 2018: Match not added in database because it already exists
Wed May 16 06:00:46 UTC 2018: Code found org.junit.Assert-fail with org.junit.tests.assertion.AssertionTest-failWithMessageToString
Wed May 16 06:00:46 UTC 2018: Match not added in database because it already exists
Wed May 16 06:00:46 UTC 2018: Code found org.junit.Assert-expectThrows with org.junit.tests.assertion.AssertionTest-expectThrowsRequiresAnExceptionToBeThrown
Wed May 16 06:00:47 UTC 2018: Code found org.junit.Assert-expectThrows with org.junit.tests.assertion.AssertionTest-expectThrowsIncludesAnInformativeDefaultMessage
Wed May 16 06:00:47 UTC 2018: Code found org.junit.Assert-expectThrows with org.junit.tests.assertion.AssertionTest-expectThrowsReturnsTheSameObjectThrown
Wed May 16 06:00:47 UTC 2018: Code found org.junit.Assert-assertEquals with org.junit.tests.assertion.AssertionTest-nullMessageDisappearsWithStringAssertEquals
Wed May 16 06:00:48 UTC 2018: Match not added in database because it already exists
Wed May 16 06:00:48 UTC 2018: Code found org.junit.Assert-assertNotEquals with org.junit.tests.assertion.AssertionTest-assertNotEqualsIncludesTheValueBeingTested
Wed May 16 06:00:48 UTC 2018: No link for: org.junit.tests.assertion.AssertionTest-twoDimensionalArraysConvertedToStringCorrectly
Wed May 16 06:00:49 UTC 2018: None match not added in database because it already exists
Wed May 16 06:00:49 UTC 2018: No link for: org.junit.tests.assertion.AssertionTest-objectsAreSame
Wed May 16 06:00:49 UTC 2018: None match not added in database because it already exists
Wed May 16 06:00:49 UTC 2018: No link for: org.junit.tests.assertion.AssertionTest-multiDimensionalArraysAreNotEqual
Wed May 16 06:00:49 UTC 2018: None match not added in database because it already exists
Wed May 16 06:00:49 UTC 2018: No link for: org.junit.tests.assertion.AssertionTest-charsNotEqual
Wed May 16 06:00:50 UTC 2018: None match not added in database because it already exists
Wed May 16 06:00:50 UTC 2018: No link for: org.junit.tests.assertion.AssertionTest-arraysElementsDiffer
Wed May 16 06:00:50 UTC 2018: None match not added in database because it already exists
Wed May 16 06:00:50 UTC 2018: No link for: org.junit.tests.assertion.AssertionTest-nullAndStringNullPrintCorrectError
Wed May 16 06:00:50 UTC 2018: None match not added in database because it already exists
Wed May 16 06:00:50 UTC 2018: No link for: org.junit.tests.assertion.AssertionTest-sameObjectIsNotEqual
Wed May 16 06:00:51 UTC 2018: No link for: org.junit.tests.assertion.AssertionTest-bytesNotEqual
Wed May 16 06:00:51 UTC 2018: None match not added in database because it already exists
Wed May 16 06:00:51 UTC 2018: No link for: org.junit.tests.assertion.AssertionTest-arraysDifferentLengthDifferingAtStartMessage
Wed May 16 06:00:51 UTC 2018: None match not added in database because it already exists
Wed May 16 06:00:51 UTC 2018: No link for: org.junit.tests.assertion.AssertionTest-notSameWithMessage
Wed May 16 06:00:52 UTC 2018: None match not added in database because it already exists
Wed May 16 06:00:52 UTC 2018: No link for: org.junit.tests.assertion.AssertionTest-nullNullmessage
Wed May 16 06:00:52 UTC 2018: None match not added in database because it already exists
Wed May 16 06:00:52 UTC 2018: No link for: org.junit.tests.assertion.AssertionTest-notEqualsObjectWithNull
Wed May 16 06:00:53 UTC 2018: None match not added in database because it already exists
Wed May 16 06:00:53 UTC 2018: No link for: org.junit.tests.assertion.AssertionTest-multiDimensionalArraysDeclaredAsOneDimensionalAreEqual
Wed May 16 06:00:53 UTC 2018: None match not added in database because it already exists
Wed May 16 06:00:53 UTC 2018: No link for: org.junit.tests.assertion.AssertionTest-intsEqualLongs
Wed May 16 06:00:53 UTC 2018: None match not added in database because it already exists
Wed May 16 06:00:53 UTC 2018: No link for: org.junit.tests.assertion.AssertionTest-objectsWithDiferentReferencesAreNotEqual
Wed May 16 06:00:54 UTC 2018: No link for: org.junit.tests.assertion.AssertionTest-twoDimensionalArraysDifferentInnerLengthNotEqual
Wed May 16 06:00:54 UTC 2018: None match not added in database because it already exists
Wed May 16 06:00:54 UTC 2018: No link for: org.junit.tests.assertion.AssertionTest-compareBigDecimalAndInteger
Wed May 16 06:00:54 UTC 2018: No link for: org.junit.tests.assertion.AssertionTest-arraysDifferAtElement0nullMessage
Wed May 16 06:00:55 UTC 2018: None match not added in database because it already exists
Wed May 16 06:00:55 UTC 2018: No link for: org.junit.tests.assertion.AssertionTest-doublesNotEqual
Wed May 16 06:00:55 UTC 2018: None match not added in database because it already exists
Wed May 16 06:00:55 UTC 2018: No link for: org.junit.tests.assertion.AssertionTest-arraysNotEqualWithMessage
Wed May 16 06:00:56 UTC 2018: None match not added in database because it already exists
Wed May 16 06:00:56 UTC 2018: No link for: org.junit.tests.assertion.AssertionTest-arraysDifferentLengthDifferingAtEndAndExpectedArrayLongerMessage
Wed May 16 06:00:56 UTC 2018: None match not added in database because it already exists
Wed May 16 06:00:56 UTC 2018: No link for: org.junit.tests.assertion.AssertionTest-objectsNotEquals
Wed May 16 06:00:56 UTC 2018: None match not added in database because it already exists
Wed May 16 06:00:56 UTC 2018: No link for: org.junit.tests.assertion.AssertionTest-multiDimensionalArraysDifferentLengthNoMessage
Wed May 16 06:00:57 UTC 2018: None match not added in database because it already exists
Wed May 16 06:00:57 UTC 2018: No link for: org.junit.tests.assertion.AssertionTest-objectsNotSame
Wed May 16 06:00:57 UTC 2018: None match not added in database because it already exists
Wed May 16 06:00:57 UTC 2018: No link for: org.junit.tests.assertion.AssertionTest-booleansNotEqual
Wed May 16 06:00:58 UTC 2018: None match not added in database because it already exists
Wed May 16 06:00:58 UTC 2018: No link for: org.junit.tests.assertion.AssertionTest-floatsNotDoublesInArrays
Wed May 16 06:00:58 UTC 2018: None match not added in database because it already exists
Wed May 16 06:00:58 UTC 2018: No link for: org.junit.tests.assertion.AssertionTest-shortsNotEqual
Wed May 16 06:00:58 UTC 2018: None match not added in database because it already exists
Wed May 16 06:00:58 UTC 2018: No link for: org.junit.tests.assertion.AssertionTest-stringNullAndNullWorksToo
Wed May 16 06:00:59 UTC 2018: None match not added in database because it already exists
Wed May 16 06:00:59 UTC 2018: No link for: org.junit.tests.assertion.AssertionTest-arraysEqual
Wed May 16 06:00:59 UTC 2018: None match not added in database because it already exists
Wed May 16 06:00:59 UTC 2018: No link for: org.junit.tests.assertion.AssertionTest-notEqualsObjectWithNullWithMessage
Wed May 16 06:00:59 UTC 2018: None match not added in database because it already exists
Wed May 16 06:00:59 UTC 2018: No link for: org.junit.tests.assertion.AssertionTest-nullMessage
Wed May 16 06:01:00 UTC 2018: None match not added in database because it already exists
Wed May 16 06:01:00 UTC 2018: No link for: org.junit.tests.assertion.AssertionTest-nullWithMessage
Wed May 16 06:01:00 UTC 2018: None match not added in database because it already exists
Wed May 16 06:01:00 UTC 2018: No link for: org.junit.tests.assertion.AssertionTest-naNsAreEqual
Wed May 16 06:01:01 UTC 2018: None match not added in database because it already exists
Wed May 16 06:01:01 UTC 2018: No link for: org.junit.tests.assertion.AssertionTest-arraysDifferAtElement0withMessage
Wed May 16 06:01:01 UTC 2018: None match not added in database because it already exists
Wed May 16 06:01:01 UTC 2018: No link for: org.junit.tests.assertion.AssertionTest-bigDecimalsNotEqual
Wed May 16 06:01:01 UTC 2018: None match not added in database because it already exists
Wed May 16 06:01:01 UTC 2018: No link for: org.junit.tests.assertion.AssertionTest-notEqualsNullWithObjectWithMessage
Wed May 16 06:01:02 UTC 2018: None match not added in database because it already exists
Wed May 16 06:01:02 UTC 2018: No link for: org.junit.tests.assertion.AssertionTest-arraysDifferAtElement1nullMessage
Wed May 16 06:01:02 UTC 2018: None match not added in database because it already exists
Wed May 16 06:01:02 UTC 2018: No link for: org.junit.tests.assertion.AssertionTest-multiDimensionalIntArraysAreEqual
Wed May 16 06:01:02 UTC 2018: None match not added in database because it already exists
Wed May 16 06:01:02 UTC 2018: No link for: org.junit.tests.assertion.AssertionTest-notSame
Wed May 16 06:01:03 UTC 2018: None match not added in database because it already exists
Wed May 16 06:01:03 UTC 2018: No link for: org.junit.tests.assertion.AssertionTest-oneDimensionalBooleanArraysAreNotEqual
Wed May 16 06:01:03 UTC 2018: None match not added in database because it already exists
Wed May 16 06:01:03 UTC 2018: No link for: org.junit.tests.assertion.AssertionTest-arraysActualNullMessage
Wed May 16 06:01:04 UTC 2018: None match not added in database because it already exists
Wed May 16 06:01:04 UTC 2018: No link for: org.junit.tests.assertion.AssertionTest-arraysWithNullElementEqual
Wed May 16 06:01:04 UTC 2018: None match not added in database because it already exists
Wed May 16 06:01:04 UTC 2018: No link for: org.junit.tests.assertion.AssertionTest-intsNotEqual
Wed May 16 06:01:04 UTC 2018: None match not added in database because it already exists
Wed May 16 06:01:04 UTC 2018: No link for: org.junit.tests.assertion.AssertionTest-oneDimensionalFloatArraysAreNotEqual
Wed May 16 06:01:05 UTC 2018: None match not added in database because it already exists
Wed May 16 06:01:05 UTC 2018: No link for: org.junit.tests.assertion.AssertionTest-sameNullMessage
Wed May 16 06:01:05 UTC 2018: None match not added in database because it already exists
Wed May 16 06:01:05 UTC 2018: No link for: org.junit.tests.assertion.AssertionTest-stringsDifferWithUserMessage
Wed May 16 06:01:06 UTC 2018: None match not added in database because it already exists
Wed May 16 06:01:06 UTC 2018: No link for: org.junit.tests.assertion.AssertionTest-arraysDeclaredAsObjectAreComparedAsObjects
Wed May 16 06:01:06 UTC 2018: None match not added in database because it already exists
Wed May 16 06:01:06 UTC 2018: No link for: org.junit.tests.assertion.AssertionTest-oneDimensionalPrimitiveArraysAreEqual
Wed May 16 06:01:06 UTC 2018: None match not added in database because it already exists
Wed May 16 06:01:06 UTC 2018: No link for: org.junit.tests.assertion.AssertionTest-stringsNotEqual
Wed May 16 06:01:07 UTC 2018: None match not added in database because it already exists
Wed May 16 06:01:07 UTC 2018: No link for: org.junit.tests.assertion.AssertionTest-nullToString
Wed May 16 06:01:07 UTC 2018: No link for: org.junit.tests.assertion.AssertionTest-arraysNotEqual
Wed May 16 06:01:07 UTC 2018: None match not added in database because it already exists
Wed May 16 06:01:07 UTC 2018: No link for: org.junit.tests.assertion.AssertionTest-longsNotEqual
Wed May 16 06:01:08 UTC 2018: None match not added in database because it already exists
Wed May 16 06:01:08 UTC 2018: No link for: org.junit.tests.assertion.AssertionTest-arraysDifferentLengthDifferingAtEndMessage
Wed May 16 06:01:08 UTC 2018: None match not added in database because it already exists
Wed May 16 06:01:08 UTC 2018: No link for: org.junit.tests.assertion.AssertionTest-sameWithMessage
Wed May 16 06:01:09 UTC 2018: None match not added in database because it already exists
Wed May 16 06:01:09 UTC 2018: No link for: org.junit.tests.assertion.AssertionTest-notSameNullMessage
Wed May 16 06:01:09 UTC 2018: None match not added in database because it already exists
Wed May 16 06:01:09 UTC 2018: No link for: org.junit.tests.assertion.AssertionTest-notEqualsNullWithObject
Wed May 16 06:01:09 UTC 2018: None match not added in database because it already exists
Wed May 16 06:01:09 UTC 2018: No link for: org.junit.tests.assertion.AssertionTest-primitiveArraysConvertedToStringCorrectly
Wed May 16 06:01:10 UTC 2018: None match not added in database because it already exists
Wed May 16 06:01:10 UTC 2018: No link for: org.junit.tests.assertion.AssertionTest-multiDimensionalArraysAreNotEqualNoMessage
Wed May 16 06:01:10 UTC 2018: None match not added in database because it already exists
Wed May 16 06:01:10 UTC 2018: No link for: org.junit.tests.assertion.AssertionTest-arraysExpectedNullMessage
Wed May 16 06:01:11 UTC 2018: None match not added in database because it already exists
Wed May 16 06:01:11 UTC 2018: No link for: org.junit.tests.assertion.AssertionTest-arraysEqualWithMessage
Wed May 16 06:01:11 UTC 2018: None match not added in database because it already exists
Wed May 16 06:01:11 UTC 2018: No link for: org.junit.tests.assertion.AssertionTest-equals
Wed May 16 06:01:11 UTC 2018: None match not added in database because it already exists
Wed May 16 06:01:11 UTC 2018: No link for: org.junit.tests.assertion.AssertionTest-IntegerDoesNotEqualLong
Wed May 16 06:01:12 UTC 2018: None match not added in database because it already exists
Wed May 16 06:01:12 UTC 2018: No link for: org.junit.tests.assertion.AssertionTest-arraysDifferAtElement1withMessage
Wed May 16 06:01:12 UTC 2018: None match not added in database because it already exists
Wed May 16 06:01:12 UTC 2018: No link for: org.junit.tests.assertion.AssertionTest-implicitTypecastEquality
Wed May 16 06:01:12 UTC 2018: None match not added in database because it already exists
Wed May 16 06:01:12 UTC 2018: No link for: org.junit.tests.assertion.AssertionTest-floatsNotEqualWithoutDelta
Wed May 16 06:01:13 UTC 2018: None match not added in database because it already exists
Wed May 16 06:01:13 UTC 2018: No link for: org.junit.tests.assertion.AssertionTest-multiDimensionalArraysAreEqual
Wed May 16 06:01:13 UTC 2018: None match not added in database because it already exists
Wed May 16 06:01:13 UTC 2018: No link for: org.junit.tests.assertion.AssertionTest-multiDimensionalArraysDifferentLengthMessage
Wed May 16 06:01:14 UTC 2018: None match not added in database because it already exists
Wed May 16 06:01:14 UTC 2018: No link for: org.junit.tests.assertion.AssertionTest-oneDimensionalDoubleArraysAreNotEqual
Wed May 16 06:01:14 UTC 2018: None match not added in database because it already exists
Wed May 16 06:01:14 UTC 2018: No link for: org.junit.tests.assertion.AssertionTest-floatsNotEqual
Wed May 16 06:01:14 UTC 2018: None match not added in database because it already exists
Wed May 16 06:01:14 UTC 2018: No link for: org.junit.tests.assertion.AssertionTest-same
Wed May 16 06:01:15 UTC 2018: None match not added in database because it already exists
Wed May 16 06:01:15 UTC 2018: No link for: org.junit.tests.assertion.AssertionTest-errorMessageDistinguishesDifferentValuesWithSameToString
Wed May 16 06:01:15 UTC 2018: None match not added in database because it already exists
Wed May 16 06:01:15 UTC 2018: No link for: org.junit.tests.assertion.AssertionTest-twoDimensionalArraysDifferentOuterLengthNotEqual
Wed May 16 06:01:16 UTC 2018: None match not added in database because it already exists
Wed May 16 06:01:16 UTC 2018: Linking done for mengzhongguanyu__jun test class org.junit.tests.assertion.AssertionTest
Wed May 16 06:01:16 UTC 2018: Found element on the queue
Wed May 16 06:01:16 UTC 2018: Updating status
Wed May 16 06:01:16 UTC 2018: Working
Wed May 16 06:01:19 UTC 2018: Start mengzhongguanyu__jun test class org.junit.tests.assertion.ComparisonFailureTest
Wed May 16 06:01:19 UTC 2018: Setting lastTestMethodIndex: 64197
Wed May 16 06:01:19 UTC 2018: Starting linking
Wed May 16 06:01:19 UTC 2018: No link for: org.junit.tests.assertion.ComparisonFailureTest-compactFailureMessage
Wed May 16 06:01:19 UTC 2018: None match not added in database because it already exists
Wed May 16 06:01:19 UTC 2018: Linking done for mengzhongguanyu__jun test class org.junit.tests.assertion.ComparisonFailureTest
Wed May 16 06:01:20 UTC 2018: Found element on the queue
Wed May 16 06:01:20 UTC 2018: Updating status
Wed May 16 06:01:20 UTC 2018: Working
Wed May 16 06:01:22 UTC 2018: Start mengzhongguanyu__jun test class org.junit.tests.assertion.MultipleFailureExceptionTest
Wed May 16 06:01:22 UTC 2018: Setting lastTestMethodIndex: 64200
Wed May 16 06:01:22 UTC 2018: Starting linking
Wed May 16 06:01:22 UTC 2018: Code found org.junit.runners.model.MultipleFailureException-assertEmpty with org.junit.tests.assertion.MultipleFailureExceptionTest-assertEmptyThrowsMultipleFailureExceptionForManyThrowables
Wed May 16 06:01:23 UTC 2018: Match not added in database because it already exists
Wed May 16 06:01:23 UTC 2018: Code found org.junit.runners.model.MultipleFailureException-assertEmpty with org.junit.tests.assertion.MultipleFailureExceptionTest-assertEmptyRethrowsSingleError
Wed May 16 06:01:23 UTC 2018: Match not added in database because it already exists
Wed May 16 06:01:23 UTC 2018: Code found org.junit.runners.model.MultipleFailureException-assertEmpty with org.junit.tests.assertion.MultipleFailureExceptionTest-assertEmptyDoesNotThrowForEmptyList
Wed May 16 06:01:24 UTC 2018: Match not added in database because it already exists
Wed May 16 06:01:24 UTC 2018: Code found org.junit.runners.model.MultipleFailureException-assertEmpty with org.junit.tests.assertion.MultipleFailureExceptionTest-assertEmptyRethrowsSingleRuntimeException
Wed May 16 06:01:24 UTC 2018: Match not added in database because it already exists
Wed May 16 06:01:24 UTC 2018: Code found org.junit.runners.model.MultipleFailureException-assertEmpty with org.junit.tests.assertion.MultipleFailureExceptionTest-assertEmptyWrapsAssumptionFailuresForManyThrowables
Wed May 16 06:01:24 UTC 2018: Match not added in database because it already exists
Wed May 16 06:01:24 UTC 2018: No link for: org.junit.tests.assertion.MultipleFailureExceptionTest-assertEmptyErrorListConstructorFailure
Wed May 16 06:01:25 UTC 2018: None match not added in database because it already exists
Wed May 16 06:01:25 UTC 2018: Linking done for mengzhongguanyu__jun test class org.junit.tests.assertion.MultipleFailureExceptionTest
Wed May 16 06:01:25 UTC 2018: Found element on the queue
Wed May 16 06:01:25 UTC 2018: Updating status
Wed May 16 06:01:25 UTC 2018: Working
Wed May 16 06:01:28 UTC 2018: Start mengzhongguanyu__jun test class org.junit.tests.deprecated.JUnit4ClassRunnerTest
Wed May 16 06:01:28 UTC 2018: Setting lastTestMethodIndex: 64204
Wed May 16 06:01:28 UTC 2018: Starting linking
Wed May 16 06:01:28 UTC 2018: Linking done for mengzhongguanyu__jun test class org.junit.tests.deprecated.JUnit4ClassRunnerTest
Wed May 16 06:01:28 UTC 2018: Found element on the queue
Wed May 16 06:01:28 UTC 2018: Updating status
Wed May 16 06:01:28 UTC 2018: Working
Wed May 16 06:01:31 UTC 2018: Start mengzhongguanyu__jun test class org.junit.tests.description.AnnotatedDescriptionTest
Wed May 16 06:01:31 UTC 2018: Setting lastTestMethodIndex: 64207
Wed May 16 06:01:31 UTC 2018: Starting linking
Wed May 16 06:01:31 UTC 2018: Linking done for mengzhongguanyu__jun test class org.junit.tests.description.AnnotatedDescriptionTest
Wed May 16 06:01:31 UTC 2018: Found element on the queue
Wed May 16 06:01:31 UTC 2018: Updating status
Wed May 16 06:01:31 UTC 2018: Working
Wed May 16 06:01:34 UTC 2018: Start mengzhongguanyu__jun test class org.junit.tests.description.SuiteDescriptionTest
Wed May 16 06:01:34 UTC 2018: Setting lastTestMethodIndex: 64209
Wed May 16 06:01:34 UTC 2018: Starting linking
Wed May 16 06:01:34 UTC 2018: Code found org.junit.runner.Description-hashCode with org.junit.tests.description.SuiteDescriptionTest-hashCodeIsReasonable
Wed May 16 06:01:34 UTC 2018: Match not added in database because it already exists
Wed May 16 06:01:34 UTC 2018: Code found org.junit.runner.Description-equals with org.junit.tests.description.SuiteDescriptionTest-equalsIsCorrect
Wed May 16 06:01:35 UTC 2018: Match not added in database because it already exists
Wed May 16 06:01:35 UTC 2018: Linking done for mengzhongguanyu__jun test class org.junit.tests.description.SuiteDescriptionTest
Wed May 16 06:01:35 UTC 2018: Found element on the queue
Wed May 16 06:01:35 UTC 2018: Updating status
Wed May 16 06:01:35 UTC 2018: Working
Wed May 16 06:01:38 UTC 2018: Start mengzhongguanyu__jun test class org.junit.tests.description.TestDescriptionMethodNameTest
Wed May 16 06:01:38 UTC 2018: Setting lastTestMethodIndex: 64212
Wed May 16 06:01:38 UTC 2018: Starting linking
Wed May 16 06:01:38 UTC 2018: No link for: org.junit.tests.description.TestDescriptionMethodNameTest-methodNameTest
Wed May 16 06:01:38 UTC 2018: None match not added in database because it already exists
Wed May 16 06:01:38 UTC 2018: Linking done for mengzhongguanyu__jun test class org.junit.tests.description.TestDescriptionMethodNameTest
Wed May 16 06:01:39 UTC 2018: Found element on the queue
Wed May 16 06:01:39 UTC 2018: Updating status
Wed May 16 06:01:39 UTC 2018: Working
Wed May 16 06:01:41 UTC 2018: Start mengzhongguanyu__jun test class org.junit.tests.description.TestDescriptionTest
Wed May 16 06:01:41 UTC 2018: Setting lastTestMethodIndex: 64214
Wed May 16 06:01:41 UTC 2018: Starting linking
Wed May 16 06:01:41 UTC 2018: Code found org.junit.runner.Description-equals with org.junit.tests.description.TestDescriptionTest-equalsIsFalseForNonTestDescription
Wed May 16 06:01:42 UTC 2018: Match not added in database because it already exists
Wed May 16 06:01:42 UTC 2018: Code found org.junit.runner.Description-equals with org.junit.tests.description.TestDescriptionTest-equalsIsTrueForSameNameAndNoExplicitUniqueId
Wed May 16 06:01:42 UTC 2018: Match not added in database because it already exists
Wed May 16 06:01:42 UTC 2018: Code found org.junit.runner.Description-equals with org.junit.tests.description.TestDescriptionTest-equalsIsFalseForSameNameAndDifferentUniqueId
Wed May 16 06:01:42 UTC 2018: Match not added in database because it already exists
Wed May 16 06:01:42 UTC 2018: Linking done for mengzhongguanyu__jun test class org.junit.tests.description.TestDescriptionTest
Wed May 16 06:01:43 UTC 2018: Found element on the queue
Wed May 16 06:01:43 UTC 2018: Updating status
Wed May 16 06:01:43 UTC 2018: Working
Wed May 16 06:01:46 UTC 2018: Start mengzhongguanyu__jun test class org.junit.experimental.categories.CategoriesAndParameterizedTest
Wed May 16 06:01:46 UTC 2018: Setting lastTestMethodIndex: 64217
Wed May 16 06:01:46 UTC 2018: Starting linking
Wed May 16 06:01:46 UTC 2018: Linking done for mengzhongguanyu__jun test class org.junit.experimental.categories.CategoriesAndParameterizedTest
Wed May 16 06:01:46 UTC 2018: Found element on the queue
Wed May 16 06:01:46 UTC 2018: Updating status
Wed May 16 06:01:46 UTC 2018: Working
Wed May 16 06:01:49 UTC 2018: Start mengzhongguanyu__jun test class org.junit.experimental.categories.CategoryFilterFactoryTest
Wed May 16 06:01:49 UTC 2018: Setting lastTestMethodIndex: 64220
Wed May 16 06:01:49 UTC 2018: Starting linking
Wed May 16 06:01:49 UTC 2018: Code found org.junit.experimental.categories.CategoryFilterFactory-createFilter with org.junit.experimental.categories.CategoryFilterFactoryTest-shouldCreateFilter
Wed May 16 06:01:49 UTC 2018: Match not added in database because it already exists
Wed May 16 06:01:49 UTC 2018: No link for: org.junit.experimental.categories.CategoryFilterFactoryTest-shouldThrowException
Wed May 16 06:01:50 UTC 2018: None match not added in database because it already exists
Wed May 16 06:01:50 UTC 2018: Linking done for mengzhongguanyu__jun test class org.junit.experimental.categories.CategoryFilterFactoryTest
Wed May 16 06:01:50 UTC 2018: Found element on the queue
Wed May 16 06:01:50 UTC 2018: Updating status
Wed May 16 06:01:50 UTC 2018: Working
Wed May 16 06:01:53 UTC 2018: Start mengzhongguanyu__jun test class org.junit.experimental.categories.CategoryTest
Wed May 16 06:01:53 UTC 2018: Setting lastTestMethodIndex: 64223
Wed May 16 06:01:53 UTC 2018: Starting linking
Wed May 16 06:01:53 UTC 2018: Linking done for mengzhongguanyu__jun test class org.junit.experimental.categories.CategoryTest
Wed May 16 06:01:53 UTC 2018: Found element on the queue
Wed May 16 06:01:53 UTC 2018: Updating status
Wed May 16 06:01:53 UTC 2018: Working
Wed May 16 06:01:56 UTC 2018: Start mengzhongguanyu__jun test class org.junit.experimental.categories.CategoryValidatorTest
Wed May 16 06:01:56 UTC 2018: Setting lastTestMethodIndex: 64226
Wed May 16 06:01:56 UTC 2018: Starting linking
Wed May 16 06:01:56 UTC 2018: Linking done for mengzhongguanyu__jun test class org.junit.experimental.categories.CategoryValidatorTest
Wed May 16 06:01:56 UTC 2018: Found element on the queue
Wed May 16 06:01:56 UTC 2018: Updating status
Wed May 16 06:01:56 UTC 2018: Working
Wed May 16 06:01:59 UTC 2018: Start mengzhongguanyu__jun test class org.junit.experimental.categories.JavadocTest
Wed May 16 06:01:59 UTC 2018: Setting lastTestMethodIndex: 64227
Wed May 16 06:01:59 UTC 2018: Starting linking
Wed May 16 06:01:59 UTC 2018: Linking done for mengzhongguanyu__jun test class org.junit.experimental.categories.JavadocTest
Wed May 16 06:01:59 UTC 2018: Found element on the queue
Wed May 16 06:01:59 UTC 2018: Updating status
Wed May 16 06:01:59 UTC 2018: Working
Wed May 16 06:02:02 UTC 2018: Start mengzhongguanyu__jun test class org.junit.experimental.categories.MultiCategoryTest
Wed May 16 06:02:02 UTC 2018: Setting lastTestMethodIndex: 64230
Wed May 16 06:02:02 UTC 2018: Starting linking
Wed May 16 06:02:02 UTC 2018: Linking done for mengzhongguanyu__jun test class org.junit.experimental.categories.MultiCategoryTest
Wed May 16 06:02:02 UTC 2018: Found element on the queue
Wed May 16 06:02:02 UTC 2018: Updating status
Wed May 16 06:02:02 UTC 2018: Working
Wed May 16 06:02:05 UTC 2018: Start mengzhongguanyu__jun test class org.junit.tests.experimental.max.DescriptionTest
Wed May 16 06:02:05 UTC 2018: Setting lastTestMethodIndex: 64233
Wed May 16 06:02:05 UTC 2018: Starting linking
Wed May 16 06:02:05 UTC 2018: Code found org.junit.runner.Description-createSuiteDescription with org.junit.tests.experimental.max.DescriptionTest-createSuiteDescription_whenNull
Wed May 16 06:02:06 UTC 2018: Match not added in database because it already exists
Wed May 16 06:02:06 UTC 2018: Code found org.junit.runner.Description-createSuiteDescription with org.junit.tests.experimental.max.DescriptionTest-createSuiteDescription_whenZeroLength
Wed May 16 06:02:06 UTC 2018: Match not added in database because it already exists
Wed May 16 06:02:06 UTC 2018: No link for: org.junit.tests.experimental.max.DescriptionTest-tessed
Wed May 16 06:02:06 UTC 2018: No link for: org.junit.tests.experimental.max.DescriptionTest-parseMethod_whenCantParse
Wed May 16 06:02:07 UTC 2018: None match not added in database because it already exists
Wed May 16 06:02:07 UTC 2018: No link for: org.junit.tests.experimental.max.DescriptionTest-sameNamesButDifferentUniqueIdAreNotEqual
Wed May 16 06:02:07 UTC 2018: None match not added in database because it already exists
Wed May 16 06:02:07 UTC 2018: No link for: org.junit.tests.experimental.max.DescriptionTest-parseClass_whenCantParse
Wed May 16 06:02:08 UTC 2018: None match not added in database because it already exists
Wed May 16 06:02:08 UTC 2018: No link for: org.junit.tests.experimental.max.DescriptionTest-parseClassAndMethodWithAnnotations
Wed May 16 06:02:08 UTC 2018: None match not added in database because it already exists
Wed May 16 06:02:08 UTC 2018: No link for: org.junit.tests.experimental.max.DescriptionTest-parseClassAndMethodNoAnnotations
Wed May 16 06:02:08 UTC 2018: None match not added in database because it already exists
Wed May 16 06:02:08 UTC 2018: No link for: org.junit.tests.experimental.max.DescriptionTest-parseClassNameAndMethodUniqueId
Wed May 16 06:02:09 UTC 2018: None match not added in database because it already exists
Wed May 16 06:02:09 UTC 2018: No link for: org.junit.tests.experimental.max.DescriptionTest-usesPassedInClassObject
Wed May 16 06:02:09 UTC 2018: None match not added in database because it already exists
Wed May 16 06:02:09 UTC 2018: Linking done for mengzhongguanyu__jun test class org.junit.tests.experimental.max.DescriptionTest
Wed May 16 06:02:10 UTC 2018: Found element on the queue
Wed May 16 06:02:10 UTC 2018: Updating status
Wed May 16 06:02:10 UTC 2018: Working
Wed May 16 06:02:12 UTC 2018: Start mengzhongguanyu__jun test class org.junit.tests.experimental.max.JUnit38SortingTest
Wed May 16 06:02:12 UTC 2018: Setting lastTestMethodIndex: 64238
Wed May 16 06:02:12 UTC 2018: Starting linking
Wed May 16 06:02:12 UTC 2018: Linking done for mengzhongguanyu__jun test class org.junit.tests.experimental.max.JUnit38SortingTest
Wed May 16 06:02:13 UTC 2018: Found element on the queue
Wed May 16 06:02:13 UTC 2018: Updating status
Wed May 16 06:02:13 UTC 2018: Working
Wed May 16 06:02:15 UTC 2018: Start mengzhongguanyu__jun test class org.junit.tests.experimental.max.MaxStarterTest
Wed May 16 06:02:15 UTC 2018: Setting lastTestMethodIndex: 64240
Wed May 16 06:02:15 UTC 2018: Starting linking
Wed May 16 06:02:15 UTC 2018: Linking done for mengzhongguanyu__jun test class org.junit.tests.experimental.max.MaxStarterTest
Wed May 16 06:02:16 UTC 2018: Found element on the queue
Wed May 16 06:02:16 UTC 2018: Updating status
Wed May 16 06:02:16 UTC 2018: Working
Wed May 16 06:02:18 UTC 2018: Start mengzhongguanyu__jun test class org.junit.tests.experimental.parallel.ParallelClassTest
Wed May 16 06:02:18 UTC 2018: Setting lastTestMethodIndex: 64242
Wed May 16 06:02:18 UTC 2018: Starting linking
Wed May 16 06:02:18 UTC 2018: Linking done for mengzhongguanyu__jun test class org.junit.tests.experimental.parallel.ParallelClassTest
Wed May 16 06:02:19 UTC 2018: Found element on the queue
Wed May 16 06:02:19 UTC 2018: Updating status
Wed May 16 06:02:19 UTC 2018: Working
Wed May 16 06:02:21 UTC 2018: Start mengzhongguanyu__jun test class org.junit.tests.experimental.parallel.ParallelMethodTest
Wed May 16 06:02:21 UTC 2018: Setting lastTestMethodIndex: 64245
Wed May 16 06:02:21 UTC 2018: Starting linking
Wed May 16 06:02:21 UTC 2018: Linking done for mengzhongguanyu__jun test class org.junit.tests.experimental.parallel.ParallelMethodTest
Wed May 16 06:02:22 UTC 2018: Found element on the queue
Wed May 16 06:02:22 UTC 2018: Updating status
Wed May 16 06:02:22 UTC 2018: Working
Wed May 16 06:02:24 UTC 2018: Start mengzhongguanyu__jun test class org.junit.tests.experimental.results.PrintableResultTest
Wed May 16 06:02:24 UTC 2018: Setting lastTestMethodIndex: 64246
Wed May 16 06:02:24 UTC 2018: Starting linking
Wed May 16 06:02:24 UTC 2018: Linking done for mengzhongguanyu__jun test class org.junit.tests.experimental.results.PrintableResultTest
Wed May 16 06:02:25 UTC 2018: Found element on the queue
Wed May 16 06:02:25 UTC 2018: Updating status
Wed May 16 06:02:25 UTC 2018: Working
Wed May 16 06:02:27 UTC 2018: Start mengzhongguanyu__jun test class org.junit.tests.experimental.results.ResultMatchersTest
Wed May 16 06:02:27 UTC 2018: Setting lastTestMethodIndex: 64249
Wed May 16 06:02:27 UTC 2018: Starting linking
Wed May 16 06:02:27 UTC 2018: Code found org.junit.experimental.results.ResultMatchers-hasFailureContaining with org.junit.tests.experimental.results.ResultMatchersTest-hasFailureContaining_givenResultWithOneFailure
Wed May 16 06:02:28 UTC 2018: Match not added in database because it already exists
Wed May 16 06:02:28 UTC 2018: Code found org.junit.experimental.results.ResultMatchers-hasFailureContaining with org.junit.tests.experimental.results.ResultMatchersTest-hasFailureContaining_givenResultWithNoFailures
Wed May 16 06:02:28 UTC 2018: Match not added in database because it already exists
Wed May 16 06:02:28 UTC 2018: No link for: org.junit.tests.experimental.results.ResultMatchersTest-hasFailuresHasGoodDescription
Wed May 16 06:02:29 UTC 2018: None match not added in database because it already exists
Wed May 16 06:02:29 UTC 2018: Linking done for mengzhongguanyu__jun test class org.junit.tests.experimental.results.ResultMatchersTest
Wed May 16 06:02:29 UTC 2018: Found element on the queue
Wed May 16 06:02:29 UTC 2018: Updating status
Wed May 16 06:02:29 UTC 2018: Working
Wed May 16 06:02:32 UTC 2018: Start mengzhongguanyu__jun test class org.junit.tests.experimental.theories.internal.AllMembersSupplierTest
Wed May 16 06:02:32 UTC 2018: Setting lastTestMethodIndex: 64251
Wed May 16 06:02:32 UTC 2018: Starting linking
Wed May 16 06:02:32 UTC 2018: Linking done for mengzhongguanyu__jun test class org.junit.tests.experimental.theories.internal.AllMembersSupplierTest
Wed May 16 06:02:32 UTC 2018: Found element on the queue
Wed May 16 06:02:32 UTC 2018: Updating status
Wed May 16 06:02:32 UTC 2018: Working
Wed May 16 06:02:35 UTC 2018: Start mengzhongguanyu__jun test class org.junit.tests.experimental.theories.internal.ParameterizedAssertionErrorTest
Wed May 16 06:02:35 UTC 2018: Setting lastTestMethodIndex: 64253
Wed May 16 06:02:35 UTC 2018: Starting linking
Wed May 16 06:02:35 UTC 2018: Code found org.junit.experimental.theories.internal.ParameterizedAssertionError-join with org.junit.tests.experimental.theories.internal.ParameterizedAssertionErrorTest-canJoinWhenToStringFails
Wed May 16 06:02:35 UTC 2018: Match not added in database because it already exists
Wed May 16 06:02:35 UTC 2018: Linking done for mengzhongguanyu__jun test class org.junit.tests.experimental.theories.internal.ParameterizedAssertionErrorTest
Wed May 16 06:02:36 UTC 2018: Found element on the queue
Wed May 16 06:02:36 UTC 2018: Updating status
Wed May 16 06:02:36 UTC 2018: Working
Wed May 16 06:02:38 UTC 2018: Start mengzhongguanyu__jun test class org.junit.tests.experimental.theories.internal.SpecificDataPointsSupplierTest
Wed May 16 06:02:38 UTC 2018: Setting lastTestMethodIndex: 64256
Wed May 16 06:02:38 UTC 2018: Starting linking
Wed May 16 06:02:38 UTC 2018: Linking done for mengzhongguanyu__jun test class org.junit.tests.experimental.theories.internal.SpecificDataPointsSupplierTest
Wed May 16 06:02:39 UTC 2018: Found element on the queue
Wed May 16 06:02:39 UTC 2018: Updating status
Wed May 16 06:02:39 UTC 2018: Working
Wed May 16 06:02:41 UTC 2018: Start mengzhongguanyu__jun test class org.junit.tests.experimental.theories.runner.FailingDataPointMethods
Wed May 16 06:02:41 UTC 2018: Setting lastTestMethodIndex: 64259
Wed May 16 06:02:41 UTC 2018: Starting linking
Wed May 16 06:02:41 UTC 2018: Linking done for mengzhongguanyu__jun test class org.junit.tests.experimental.theories.runner.FailingDataPointMethods
Wed May 16 06:02:42 UTC 2018: Found element on the queue
Wed May 16 06:02:42 UTC 2018: Updating status
Wed May 16 06:02:42 UTC 2018: Working
Wed May 16 06:02:44 UTC 2018: Start mengzhongguanyu__jun test class org.junit.tests.experimental.theories.runner.TheoriesPerformanceTest
Wed May 16 06:02:44 UTC 2018: Setting lastTestMethodIndex: 64261
Wed May 16 06:02:44 UTC 2018: Starting linking
Wed May 16 06:02:44 UTC 2018: Linking done for mengzhongguanyu__jun test class org.junit.tests.experimental.theories.runner.TheoriesPerformanceTest
Wed May 16 06:02:45 UTC 2018: Found element on the queue
Wed May 16 06:02:45 UTC 2018: Updating status
Wed May 16 06:02:45 UTC 2018: Working
Wed May 16 06:02:47 UTC 2018: Start mengzhongguanyu__jun test class org.junit.tests.experimental.theories.runner.TypeMatchingBetweenMultiDataPointsMethod
Wed May 16 06:02:47 UTC 2018: Setting lastTestMethodIndex: 64263
Wed May 16 06:02:47 UTC 2018: Starting linking
Wed May 16 06:02:47 UTC 2018: Linking done for mengzhongguanyu__jun test class org.junit.tests.experimental.theories.runner.TypeMatchingBetweenMultiDataPointsMethod
Wed May 16 06:02:48 UTC 2018: Found element on the queue
Wed May 16 06:02:48 UTC 2018: Updating status
Wed May 16 06:02:48 UTC 2018: Working
Wed May 16 06:02:51 UTC 2018: Start mengzhongguanyu__jun test class org.junit.tests.experimental.theories.runner.UnsuccessfulWithDataPointFields
Wed May 16 06:02:51 UTC 2018: Setting lastTestMethodIndex: 64266
Wed May 16 06:02:51 UTC 2018: Starting linking
Wed May 16 06:02:51 UTC 2018: Linking done for mengzhongguanyu__jun test class org.junit.tests.experimental.theories.runner.UnsuccessfulWithDataPointFields
Wed May 16 06:02:51 UTC 2018: Found element on the queue
Wed May 16 06:02:51 UTC 2018: Updating status
Wed May 16 06:02:51 UTC 2018: Working
Wed May 16 06:02:54 UTC 2018: Start mengzhongguanyu__jun test class org.junit.tests.experimental.theories.runner.WhenNoParametersMatch
Wed May 16 06:02:54 UTC 2018: Setting lastTestMethodIndex: 64268
Wed May 16 06:02:54 UTC 2018: Starting linking
Wed May 16 06:02:54 UTC 2018: Linking done for mengzhongguanyu__jun test class org.junit.tests.experimental.theories.runner.WhenNoParametersMatch
Wed May 16 06:02:54 UTC 2018: Found element on the queue
Wed May 16 06:02:54 UTC 2018: Updating status
Wed May 16 06:02:54 UTC 2018: Working
Wed May 16 06:02:57 UTC 2018: Start mengzhongguanyu__jun test class org.junit.tests.experimental.theories.runner.WithAutoGeneratedDataPoints
Wed May 16 06:02:57 UTC 2018: Setting lastTestMethodIndex: 64271
Wed May 16 06:02:57 UTC 2018: Starting linking
Wed May 16 06:02:57 UTC 2018: Linking done for mengzhongguanyu__jun test class org.junit.tests.experimental.theories.runner.WithAutoGeneratedDataPoints
Wed May 16 06:02:57 UTC 2018: Found element on the queue
Wed May 16 06:02:57 UTC 2018: Updating status
Wed May 16 06:02:57 UTC 2018: Working
Wed May 16 06:03:00 UTC 2018: Start mengzhongguanyu__jun test class org.junit.tests.experimental.theories.runner.WithDataPointMethod
Wed May 16 06:03:00 UTC 2018: Setting lastTestMethodIndex: 64273
Wed May 16 06:03:00 UTC 2018: Starting linking
Wed May 16 06:03:00 UTC 2018: Linking done for mengzhongguanyu__jun test class org.junit.tests.experimental.theories.runner.WithDataPointMethod
Wed May 16 06:03:01 UTC 2018: Found element on the queue
Wed May 16 06:03:01 UTC 2018: Updating status
Wed May 16 06:03:01 UTC 2018: Working
Wed May 16 06:03:04 UTC 2018: Start mengzhongguanyu__jun test class org.junit.tests.experimental.theories.runner.WithExtendedParameterSources
Wed May 16 06:03:04 UTC 2018: Setting lastTestMethodIndex: 64276
Wed May 16 06:03:04 UTC 2018: Starting linking
Wed May 16 06:03:04 UTC 2018: Linking done for mengzhongguanyu__jun test class org.junit.tests.experimental.theories.runner.WithExtendedParameterSources
Wed May 16 06:03:05 UTC 2018: Found element on the queue
Wed May 16 06:03:05 UTC 2018: Updating status
Wed May 16 06:03:05 UTC 2018: Working
Wed May 16 06:03:08 UTC 2018: Start mengzhongguanyu__jun test class org.junit.tests.experimental.theories.runner.WithNamedDataPoints
Wed May 16 06:03:08 UTC 2018: Setting lastTestMethodIndex: 64279
Wed May 16 06:03:08 UTC 2018: Starting linking
Wed May 16 06:03:08 UTC 2018: Linking done for mengzhongguanyu__jun test class org.junit.tests.experimental.theories.runner.WithNamedDataPoints
Wed May 16 06:03:08 UTC 2018: Found element on the queue
Wed May 16 06:03:08 UTC 2018: Updating status
Wed May 16 06:03:08 UTC 2018: Working
Wed May 16 06:03:11 UTC 2018: Start mengzhongguanyu__jun test class org.junit.tests.experimental.theories.runner.WithOnlyTestAnnotations
Wed May 16 06:03:11 UTC 2018: Setting lastTestMethodIndex: 64281
Wed May 16 06:03:11 UTC 2018: Starting linking
Wed May 16 06:03:11 UTC 2018: Linking done for mengzhongguanyu__jun test class org.junit.tests.experimental.theories.runner.WithOnlyTestAnnotations
Wed May 16 06:03:11 UTC 2018: Found element on the queue
Wed May 16 06:03:11 UTC 2018: Updating status
Wed May 16 06:03:11 UTC 2018: Working
Wed May 16 06:03:14 UTC 2018: Start mengzhongguanyu__jun test class org.junit.tests.experimental.theories.runner.WithParameterSupplier
Wed May 16 06:03:22 UTC 2018: Setting lastTestMethodIndex: 64283
Wed May 16 06:03:22 UTC 2018: Starting linking
Wed May 16 06:03:22 UTC 2018: Linking done for mengzhongguanyu__jun test class org.junit.tests.experimental.theories.runner.WithParameterSupplier
Wed May 16 06:03:22 UTC 2018: Found element on the queue
Wed May 16 06:03:22 UTC 2018: Updating status
Wed May 16 06:03:22 UTC 2018: Working
Wed May 16 06:03:25 UTC 2018: Start mengzhongguanyu__jun test class org.junit.tests.experimental.theories.runner.WithUnresolvedGenericTypeVariablesOnTheoryParms
Wed May 16 06:03:25 UTC 2018: Setting lastTestMethodIndex: 64286
Wed May 16 06:03:25 UTC 2018: Starting linking
Wed May 16 06:03:25 UTC 2018: No link for: org.junit.tests.experimental.theories.runner.WithUnresolvedGenericTypeVariablesOnTheoryParms-whereTypeVariableIsOnTheoryParm
Wed May 16 06:03:25 UTC 2018: No link for: org.junit.tests.experimental.theories.runner.WithUnresolvedGenericTypeVariablesOnTheoryParms-whereTypeVariableIsOnTheTheory
Wed May 16 06:03:26 UTC 2018: None match not added in database because it already exists
Wed May 16 06:03:26 UTC 2018: No link for: org.junit.tests.experimental.theories.runner.WithUnresolvedGenericTypeVariablesOnTheoryParms-whereTypeVariableIsOnArrayTypeOnTheoryParm
Wed May 16 06:03:26 UTC 2018: No link for: org.junit.tests.experimental.theories.runner.WithUnresolvedGenericTypeVariablesOnTheoryParms-whereTypeVariableIsOnTheoryClass
Wed May 16 06:03:27 UTC 2018: No link for: org.junit.tests.experimental.theories.runner.WithUnresolvedGenericTypeVariablesOnTheoryParms-whereTypeVariablesAbound
Wed May 16 06:03:27 UTC 2018: No link for: org.junit.tests.experimental.theories.runner.WithUnresolvedGenericTypeVariablesOnTheoryParms-whereTypeVariableIsOnParameterizedTheoryParm
Wed May 16 06:03:28 UTC 2018: No link for: org.junit.tests.experimental.theories.runner.WithUnresolvedGenericTypeVariablesOnTheoryParms-whereTypeVariableIsOnComponentOfArrayTypeOnTheoryParm
Wed May 16 06:03:28 UTC 2018: No link for: org.junit.tests.experimental.theories.runner.WithUnresolvedGenericTypeVariablesOnTheoryParms-whereTypeVariableIsOnWildcardUpperBoundOnTheoryParm
Wed May 16 06:03:29 UTC 2018: No link for: org.junit.tests.experimental.theories.runner.WithUnresolvedGenericTypeVariablesOnTheoryParms-whereTypeVariableIsOnWildcardLowerBoundOnTheoryParm
Wed May 16 06:03:29 UTC 2018: Linking done for mengzhongguanyu__jun test class org.junit.tests.experimental.theories.runner.WithUnresolvedGenericTypeVariablesOnTheoryParms
Wed May 16 06:03:30 UTC 2018: Found element on the queue
Wed May 16 06:03:30 UTC 2018: Updating status
Wed May 16 06:03:30 UTC 2018: Working
Wed May 16 06:03:33 UTC 2018: Start mengzhongguanyu__jun test class org.junit.tests.experimental.theories.ParameterSignatureTest
Wed May 16 06:03:33 UTC 2018: Setting lastTestMethodIndex: 64291
Wed May 16 06:03:33 UTC 2018: Starting linking
Wed May 16 06:03:33 UTC 2018: Code found org.junit.experimental.theories.ParameterSignature-getAnnotations with org.junit.tests.experimental.theories.ParameterSignatureTest-getAnnotations
Wed May 16 06:03:33 UTC 2018: Match not added in database because it already exists
Wed May 16 06:03:33 UTC 2018: No link for: org.junit.tests.experimental.theories.ParameterSignatureTest-wrapperTypesShouldBeAcceptedAsPrimitiveTypes
Wed May 16 06:03:34 UTC 2018: None match not added in database because it already exists
Wed May 16 06:03:34 UTC 2018: No link for: org.junit.tests.experimental.theories.ParameterSignatureTest-primitiveTypesShouldBeAcceptedAsWrapperTypes
Wed May 16 06:03:34 UTC 2018: None match not added in database because it already exists
Wed May 16 06:03:34 UTC 2018: No link for: org.junit.tests.experimental.theories.ParameterSignatureTest-primitiveTypesShouldBeAcceptedAsWrapperTypeAssignables
Wed May 16 06:03:35 UTC 2018: None match not added in database because it already exists
Wed May 16 06:03:35 UTC 2018: Linking done for mengzhongguanyu__jun test class org.junit.tests.experimental.theories.ParameterSignatureTest
Wed May 16 06:03:35 UTC 2018: Found element on the queue
Wed May 16 06:03:35 UTC 2018: Updating status
Wed May 16 06:03:35 UTC 2018: Working
Wed May 16 06:03:38 UTC 2018: Start mengzhongguanyu__jun test class org.junit.tests.experimental.theories.TestedOnSupplierTest
Wed May 16 06:03:38 UTC 2018: Setting lastTestMethodIndex: 64294
Wed May 16 06:03:38 UTC 2018: Starting linking
Wed May 16 06:03:38 UTC 2018: No link for: org.junit.tests.experimental.theories.TestedOnSupplierTest-descriptionStatesParameterName
Wed May 16 06:03:38 UTC 2018: None match not added in database because it already exists
Wed May 16 06:03:38 UTC 2018: Linking done for mengzhongguanyu__jun test class org.junit.tests.experimental.theories.TestedOnSupplierTest
Wed May 16 06:03:39 UTC 2018: Found element on the queue
Wed May 16 06:03:39 UTC 2018: Updating status
Wed May 16 06:03:39 UTC 2018: Working
Wed May 16 06:03:41 UTC 2018: Start mengzhongguanyu__jun test class org.junit.tests.experimental.theories.AssumingInTheoriesTest
Wed May 16 06:03:41 UTC 2018: Setting lastTestMethodIndex: 64297
Wed May 16 06:03:41 UTC 2018: Starting linking
Wed May 16 06:03:41 UTC 2018: No link for: org.junit.tests.experimental.theories.AssumingInTheoriesTest-noTheoryAnnotationMeansAssumeShouldIgnore
Wed May 16 06:03:42 UTC 2018: None match not added in database because it already exists
Wed May 16 06:03:42 UTC 2018: No link for: org.junit.tests.experimental.theories.AssumingInTheoriesTest-theoryMeansOnlyAssumeShouldFail
Wed May 16 06:03:42 UTC 2018: None match not added in database because it already exists
Wed May 16 06:03:42 UTC 2018: Linking done for mengzhongguanyu__jun test class org.junit.tests.experimental.theories.AssumingInTheoriesTest
Wed May 16 06:03:42 UTC 2018: Found element on the queue
Wed May 16 06:03:42 UTC 2018: Updating status
Wed May 16 06:03:42 UTC 2018: Working
Wed May 16 06:03:45 UTC 2018: Start mengzhongguanyu__jun test class org.junit.tests.experimental.theories.PotentialAssignmentTest
Wed May 16 06:03:45 UTC 2018: Setting lastTestMethodIndex: 64300
Wed May 16 06:03:45 UTC 2018: Starting linking
Wed May 16 06:03:45 UTC 2018: No link for: org.junit.tests.experimental.theories.PotentialAssignmentTest-shouldIncludeFailureInDescriptionIfToStringFails
Wed May 16 06:03:45 UTC 2018: None match not added in database because it already exists
Wed May 16 06:03:45 UTC 2018: No link for: org.junit.tests.experimental.theories.PotentialAssignmentTest-shouldUseQuotedValueInDescription
Wed May 16 06:03:46 UTC 2018: None match not added in database because it already exists
Wed May 16 06:03:46 UTC 2018: No link for: org.junit.tests.experimental.theories.PotentialAssignmentTest-shouldReturnGivenValue
Wed May 16 06:03:46 UTC 2018: None match not added in database because it already exists
Wed May 16 06:03:46 UTC 2018: No link for: org.junit.tests.experimental.theories.PotentialAssignmentTest-shouldNotUseQuotesForNullValueDescriptions
Wed May 16 06:03:47 UTC 2018: None match not added in database because it already exists
Wed May 16 06:03:47 UTC 2018: Linking done for mengzhongguanyu__jun test class org.junit.tests.experimental.theories.PotentialAssignmentTest
Wed May 16 06:03:47 UTC 2018: Found element on the queue
Wed May 16 06:03:47 UTC 2018: Updating status
Wed May 16 06:03:47 UTC 2018: Working
Wed May 16 06:03:50 UTC 2018: Start mengzhongguanyu__jun test class org.junit.tests.experimental.AssumptionTest
Wed May 16 06:03:50 UTC 2018: Setting lastTestMethodIndex: 64303
Wed May 16 06:03:50 UTC 2018: Starting linking
Wed May 16 06:03:50 UTC 2018: Linking done for mengzhongguanyu__jun test class org.junit.tests.experimental.AssumptionTest
Wed May 16 06:03:50 UTC 2018: Found element on the queue
Wed May 16 06:03:50 UTC 2018: Updating status
Wed May 16 06:03:50 UTC 2018: Working
Wed May 16 06:03:53 UTC 2018: Start mengzhongguanyu__jun test class org.junit.tests.experimental.MatcherTest
Wed May 16 06:03:53 UTC 2018: Setting lastTestMethodIndex: 64306
Wed May 16 06:03:53 UTC 2018: Starting linking
Wed May 16 06:03:53 UTC 2018: Linking done for mengzhongguanyu__jun test class org.junit.tests.experimental.MatcherTest
Wed May 16 06:03:53 UTC 2018: Found element on the queue
Wed May 16 06:03:53 UTC 2018: Updating status
Wed May 16 06:03:53 UTC 2018: Working
Wed May 16 06:03:56 UTC 2018: Start mengzhongguanyu__jun test class org.junit.tests.experimental.theories.extendingwithstubs.StubbedTheoriesTest
Wed May 16 06:03:56 UTC 2018: Setting lastTestMethodIndex: 64308
Wed May 16 06:03:56 UTC 2018: Starting linking
Wed May 16 06:03:56 UTC 2018: Linking done for mengzhongguanyu__jun test class org.junit.tests.experimental.theories.extendingwithstubs.StubbedTheoriesTest
Wed May 16 06:03:56 UTC 2018: Found element on the queue
Wed May 16 06:03:56 UTC 2018: Updating status
Wed May 16 06:03:56 UTC 2018: Working
Wed May 16 06:03:59 UTC 2018: Start mengzhongguanyu__jun test class org.junit.internal.builders.AnnotatedBuilderTest
Wed May 16 06:03:59 UTC 2018: Setting lastTestMethodIndex: 64311
Wed May 16 06:03:59 UTC 2018: Starting linking
Wed May 16 06:03:59 UTC 2018: No link for: org.junit.internal.builders.AnnotatedBuilderTest-test
Wed May 16 06:03:59 UTC 2018: No link for: org.junit.internal.builders.AnnotatedBuilderTest-topLevelTestClassWithAnnotation_isRunWithAnnotatedRunner
Wed May 16 06:04:00 UTC 2018: None match not added in database because it already exists
Wed May 16 06:04:00 UTC 2018: No link for: org.junit.internal.builders.AnnotatedBuilderTest-topLevelTestClassWithoutAnnotation_isRunWithDefaultRunner
Wed May 16 06:04:00 UTC 2018: None match not added in database because it already exists
Wed May 16 06:04:00 UTC 2018: No link for: org.junit.internal.builders.AnnotatedBuilderTest-memberClassDeepInsideAnnotatedTopLevelClass_isRunWithTopLevelRunner
Wed May 16 06:04:00 UTC 2018: None match not added in database because it already exists
Wed May 16 06:04:00 UTC 2018: No link for: org.junit.internal.builders.AnnotatedBuilderTest-annotatedMemberClassInsideAnnotatedTopLevelClass_isRunWithOwnRunner
Wed May 16 06:04:01 UTC 2018: None match not added in database because it already exists
Wed May 16 06:04:01 UTC 2018: No link for: org.junit.internal.builders.AnnotatedBuilderTest-memberClassDeepInsideAnnotatedMemberClass_isRunWithParentMemberClassRunner
Wed May 16 06:04:01 UTC 2018: None match not added in database because it already exists
Wed May 16 06:04:01 UTC 2018: No link for: org.junit.internal.builders.AnnotatedBuilderTest-memberClassInsideAnnotatedTopLevelClass_isRunWithTopLevelRunner
Wed May 16 06:04:02 UTC 2018: None match not added in database because it already exists
Wed May 16 06:04:02 UTC 2018: Linking done for mengzhongguanyu__jun test class org.junit.internal.builders.AnnotatedBuilderTest
Wed May 16 06:04:02 UTC 2018: Found element on the queue
Wed May 16 06:04:02 UTC 2018: Updating status
Wed May 16 06:04:02 UTC 2018: Working
Wed May 16 06:04:05 UTC 2018: Start mengzhongguanyu__jun test class org.junit.internal.ChecksTest
Wed May 16 06:04:05 UTC 2018: Setting lastTestMethodIndex: 64315
Wed May 16 06:04:05 UTC 2018: Starting linking
Wed May 16 06:04:05 UTC 2018: Code found org.junit.internal.Checks-notNull with org.junit.internal.ChecksTest-notNullWithNullMessageShouldThrowOnNullValues
Wed May 16 06:04:05 UTC 2018: Match not added in database because it already exists
Wed May 16 06:04:05 UTC 2018: Code found org.junit.internal.Checks-notNull with org.junit.internal.ChecksTest-notNullShouldThrowOnNullValues
Wed May 16 06:04:06 UTC 2018: Match not added in database because it already exists
Wed May 16 06:04:06 UTC 2018: Code found org.junit.internal.Checks-notNull with org.junit.internal.ChecksTest-notNullShouldReturnNonNullValues
Wed May 16 06:04:06 UTC 2018: Match not added in database because it already exists
Wed May 16 06:04:06 UTC 2018: Code found org.junit.internal.Checks-notNull with org.junit.internal.ChecksTest-notNullWithMessageShouldReturnNonNullValues
Wed May 16 06:04:06 UTC 2018: Match not added in database because it already exists
Wed May 16 06:04:06 UTC 2018: Code found org.junit.internal.Checks-notNull with org.junit.internal.ChecksTest-notNullWithMessageShouldThrowOnNullValues
Wed May 16 06:04:07 UTC 2018: Match not added in database because it already exists
Wed May 16 06:04:07 UTC 2018: Linking done for mengzhongguanyu__jun test class org.junit.internal.ChecksTest
Wed May 16 06:04:07 UTC 2018: Found element on the queue
Wed May 16 06:04:07 UTC 2018: Updating status
Wed May 16 06:04:07 UTC 2018: Working
Wed May 16 06:04:10 UTC 2018: Start mengzhongguanyu__jun test class org.junit.internal.runners.ErrorReportingRunnerTest
Wed May 16 06:04:10 UTC 2018: Setting lastTestMethodIndex: 64320
Wed May 16 06:04:10 UTC 2018: Starting linking
Wed May 16 06:04:10 UTC 2018: No link for: org.junit.internal.runners.ErrorReportingRunnerTest-cannotCreateWithoutClass
Wed May 16 06:04:10 UTC 2018: None match not added in database because it already exists
Wed May 16 06:04:10 UTC 2018: No link for: org.junit.internal.runners.ErrorReportingRunnerTest-cannotCreateWithNullClass
Wed May 16 06:04:11 UTC 2018: None match not added in database because it already exists
Wed May 16 06:04:11 UTC 2018: No link for: org.junit.internal.runners.ErrorReportingRunnerTest-cannotCreateWithNullClass2
Wed May 16 06:04:11 UTC 2018: None match not added in database because it already exists
Wed May 16 06:04:11 UTC 2018: No link for: org.junit.internal.runners.ErrorReportingRunnerTest-testMethodReturningString
Wed May 16 06:04:12 UTC 2018: No link for: org.junit.internal.runners.ErrorReportingRunnerTest-givenInvalidTestClassErrorAsCause
Wed May 16 06:04:12 UTC 2018: None match not added in database because it already exists
Wed May 16 06:04:12 UTC 2018: No link for: org.junit.internal.runners.ErrorReportingRunnerTest-cannotCreateWithNullClasses
Wed May 16 06:04:13 UTC 2018: None match not added in database because it already exists
Wed May 16 06:04:13 UTC 2018: No link for: org.junit.internal.runners.ErrorReportingRunnerTest-givenInvalidTestClass_integrationTest
Wed May 16 06:04:13 UTC 2018: None match not added in database because it already exists
Wed May 16 06:04:13 UTC 2018: Linking done for mengzhongguanyu__jun test class org.junit.internal.runners.ErrorReportingRunnerTest
Wed May 16 06:04:13 UTC 2018: Found element on the queue
Wed May 16 06:04:13 UTC 2018: Updating status
Wed May 16 06:04:13 UTC 2018: Working
Wed May 16 06:04:16 UTC 2018: Start mengzhongguanyu__jun test class org.junit.internal.runners.statements.ExpectExceptionTest
Wed May 16 06:04:16 UTC 2018: Setting lastTestMethodIndex: 64324
Wed May 16 06:04:16 UTC 2018: Starting linking
Wed May 16 06:04:16 UTC 2018: Code found org.junit.Assert-fail with org.junit.internal.runners.statements.ExpectExceptionTest-whenExpectingAssumptionViolatedExceptionStatementsThrowingDifferentExceptionShouldFail
Wed May 16 06:04:16 UTC 2018: Match not added in database because it already exists
Wed May 16 06:04:16 UTC 2018: Code found org.junit.Assert-fail with org.junit.internal.runners.statements.ExpectExceptionTest-whenExpectingAssumptionViolatedExceptionStatementsPassingShouldFail
Wed May 16 06:04:17 UTC 2018: Match not added in database because it already exists
Wed May 16 06:04:17 UTC 2018: No link for: org.junit.internal.runners.statements.ExpectExceptionTest-whenExpectingAssumptionViolatedExceptionStatementsThrowingItShouldPass
Wed May 16 06:04:17 UTC 2018: None match not added in database because it already exists
Wed May 16 06:04:17 UTC 2018: No link for: org.junit.internal.runners.statements.ExpectExceptionTest-whenExpectingAssumptionViolatedExceptionStatementsThrowingSubclassShouldPass
Wed May 16 06:04:18 UTC 2018: None match not added in database because it already exists
Wed May 16 06:04:18 UTC 2018: Linking done for mengzhongguanyu__jun test class org.junit.internal.runners.statements.ExpectExceptionTest
Wed May 16 06:04:18 UTC 2018: Found element on the queue
Wed May 16 06:04:18 UTC 2018: Updating status
Wed May 16 06:04:18 UTC 2018: Working
Wed May 16 06:04:21 UTC 2018: Start mengzhongguanyu__jun test class org.junit.internal.runners.statements.FailOnTimeoutTest
Wed May 16 06:04:21 UTC 2018: Setting lastTestMethodIndex: 64328
Wed May 16 06:04:21 UTC 2018: Starting linking
Wed May 16 06:04:21 UTC 2018: No link for: org.junit.internal.runners.statements.FailOnTimeoutTest-throwTimeoutExceptionOnSecondCallAlthoughFirstCallThrowsException
Wed May 16 06:04:21 UTC 2018: None match not added in database because it already exists
Wed May 16 06:04:21 UTC 2018: No link for: org.junit.internal.runners.statements.FailOnTimeoutTest-stackTraceContainsRealCauseOfTimeout
Wed May 16 06:04:22 UTC 2018: No link for: org.junit.internal.runners.statements.FailOnTimeoutTest-sendUpExceptionThrownByStatement
Wed May 16 06:04:22 UTC 2018: None match not added in database because it already exists
Wed May 16 06:04:22 UTC 2018: No link for: org.junit.internal.runners.statements.FailOnTimeoutTest-throwsTestTimedOutException
Wed May 16 06:04:22 UTC 2018: None match not added in database because it already exists
Wed May 16 06:04:22 UTC 2018: No link for: org.junit.internal.runners.statements.FailOnTimeoutTest-stopEndlessStatement
Wed May 16 06:04:23 UTC 2018: No link for: org.junit.internal.runners.statements.FailOnTimeoutTest-throwExceptionIfTheSecondCallToEvaluateNeedsTooMuchTime
Wed May 16 06:04:24 UTC 2018: None match not added in database because it already exists
Wed May 16 06:04:24 UTC 2018: No link for: org.junit.internal.runners.statements.FailOnTimeoutTest-throwsExceptionWithTimeoutValueAndTimeUnitSet
Wed May 16 06:04:24 UTC 2018: None match not added in database because it already exists
Wed May 16 06:04:24 UTC 2018: No link for: org.junit.internal.runners.statements.FailOnTimeoutTest-throwExceptionWithNiceMessageOnTimeout
Wed May 16 06:04:24 UTC 2018: None match not added in database because it already exists
Wed May 16 06:04:24 UTC 2018: Linking done for mengzhongguanyu__jun test class org.junit.internal.runners.statements.FailOnTimeoutTest
Wed May 16 06:04:25 UTC 2018: Found element on the queue
Wed May 16 06:04:25 UTC 2018: Updating status
Wed May 16 06:04:25 UTC 2018: Working
Wed May 16 06:04:27 UTC 2018: Start mengzhongguanyu__jun test class org.junit.internal.MethodSorterTest
Wed May 16 06:04:27 UTC 2018: Setting lastTestMethodIndex: 64333
Wed May 16 06:04:27 UTC 2018: Starting linking
Wed May 16 06:04:27 UTC 2018: Linking done for mengzhongguanyu__jun test class org.junit.internal.MethodSorterTest
Wed May 16 06:04:28 UTC 2018: Found element on the queue
Wed May 16 06:04:28 UTC 2018: Updating status
Wed May 16 06:04:28 UTC 2018: Working
Wed May 16 06:04:30 UTC 2018: Start mengzhongguanyu__jun test class org.junit.internal.matchers.StacktracePrintingMatcherTest
Wed May 16 06:04:30 UTC 2018: Setting lastTestMethodIndex: 64335
Wed May 16 06:04:30 UTC 2018: Starting linking
Wed May 16 06:04:30 UTC 2018: Code found org.junit.Assert-assertThat with org.junit.internal.matchers.StacktracePrintingMatcherTest-assertThatIncludesStacktrace
Wed May 16 06:04:31 UTC 2018: Match not added in database because it already exists
Wed May 16 06:04:31 UTC 2018: No link for: org.junit.internal.matchers.StacktracePrintingMatcherTest-failsWhenInnerMatcherFails
Wed May 16 06:04:31 UTC 2018: None match not added in database because it already exists
Wed May 16 06:04:31 UTC 2018: No link for: org.junit.internal.matchers.StacktracePrintingMatcherTest-succeedsWhenInnerMatcherSucceeds
Wed May 16 06:04:32 UTC 2018: None match not added in database because it already exists
Wed May 16 06:04:32 UTC 2018: Linking done for mengzhongguanyu__jun test class org.junit.internal.matchers.StacktracePrintingMatcherTest
Wed May 16 06:04:32 UTC 2018: Found element on the queue
Wed May 16 06:04:32 UTC 2018: Updating status
Wed May 16 06:04:32 UTC 2018: Working
Wed May 16 06:04:35 UTC 2018: Start mengzhongguanyu__jun test class org.junit.internal.StackTracesTest
Wed May 16 06:04:35 UTC 2018: Setting lastTestMethodIndex: 64338
Wed May 16 06:04:35 UTC 2018: Starting linking
Wed May 16 06:04:35 UTC 2018: No link for: org.junit.internal.StackTracesTest-getTrimmedStackWithSuppressedExceptions
Wed May 16 06:04:35 UTC 2018: None match not added in database because it already exists
Wed May 16 06:04:35 UTC 2018: No link for: org.junit.internal.StackTracesTest-getTrimmedStackForJUnit4TestFailingInBeforeMethod
Wed May 16 06:04:36 UTC 2018: None match not added in database because it already exists
Wed May 16 06:04:36 UTC 2018: No link for: org.junit.internal.StackTracesTest-getTrimmedStackForJUnit4TestFailingInMethodRule
Wed May 16 06:04:36 UTC 2018: None match not added in database because it already exists
Wed May 16 06:04:36 UTC 2018: No link for: org.junit.internal.StackTracesTest-getTrimmedStackForJUnit3TestFailingInSetupMethod
Wed May 16 06:04:36 UTC 2018: None match not added in database because it already exists
Wed May 16 06:04:36 UTC 2018: No link for: org.junit.internal.StackTracesTest-alwaysThrows
Wed May 16 06:04:37 UTC 2018: No link for: org.junit.internal.StackTracesTest-alwaysPasses
Wed May 16 06:04:37 UTC 2018: No link for: org.junit.internal.StackTracesTest-getTrimmedStackForJUnit4TestFailingInTestRule
Wed May 16 06:04:38 UTC 2018: None match not added in database because it already exists
Wed May 16 06:04:38 UTC 2018: No link for: org.junit.internal.StackTracesTest-getTrimmedStackForJUnit4TestFailingInTestMethodWithCause
Wed May 16 06:04:38 UTC 2018: None match not added in database because it already exists
Wed May 16 06:04:38 UTC 2018: No link for: org.junit.internal.StackTracesTest-getTrimmedStackForJUnit3TestFailingInTestMethod
Wed May 16 06:04:39 UTC 2018: None match not added in database because it already exists
Wed May 16 06:04:39 UTC 2018: No link for: org.junit.internal.StackTracesTest-getTrimmedStackForJUnit4TestFailingInTestMethod
Wed May 16 06:04:39 UTC 2018: None match not added in database because it already exists
Wed May 16 06:04:39 UTC 2018: No link for: org.junit.internal.StackTracesTest-getTrimmedStackForJUnit4TestFailingInClassRule
Wed May 16 06:04:40 UTC 2018: None match not added in database because it already exists
Wed May 16 06:04:40 UTC 2018: Linking done for mengzhongguanyu__jun test class org.junit.internal.StackTracesTest
Wed May 16 06:04:40 UTC 2018: Found element on the queue
Wed May 16 06:04:40 UTC 2018: Updating status
Wed May 16 06:04:40 UTC 2018: Working
Wed May 16 06:04:43 UTC 2018: Start mengzhongguanyu__jun test class org.junit.internal.matchers.ThrowableCauseMatcherTest
Wed May 16 06:04:43 UTC 2018: Setting lastTestMethodIndex: 64341
Wed May 16 06:04:43 UTC 2018: Starting linking
Wed May 16 06:04:43 UTC 2018: No link for: org.junit.internal.matchers.ThrowableCauseMatcherTest-shouldAllowCauseOfDifferentClassFromRoot
Wed May 16 06:04:43 UTC 2018: None match not added in database because it already exists
Wed May 16 06:04:43 UTC 2018: Linking done for mengzhongguanyu__jun test class org.junit.internal.matchers.ThrowableCauseMatcherTest
Wed May 16 06:04:44 UTC 2018: Found element on the queue
Wed May 16 06:04:44 UTC 2018: Updating status
Wed May 16 06:04:44 UTC 2018: Working
Wed May 16 06:04:47 UTC 2018: Start mengzhongguanyu__jun test class org.junit.internal.ArrayComparisonFailureTest
Wed May 16 06:04:47 UTC 2018: Setting lastTestMethodIndex: 64343
Wed May 16 06:04:47 UTC 2018: Starting linking
Wed May 16 06:04:47 UTC 2018: No link for: org.junit.internal.ArrayComparisonFailureTest-classShouldAccept411Version
Wed May 16 06:04:47 UTC 2018: None match not added in database because it already exists
Wed May 16 06:04:47 UTC 2018: No link for: org.junit.internal.ArrayComparisonFailureTest-classShouldAccept412Version
Wed May 16 06:04:47 UTC 2018: None match not added in database because it already exists
Wed May 16 06:04:47 UTC 2018: Linking done for mengzhongguanyu__jun test class org.junit.internal.ArrayComparisonFailureTest
Wed May 16 06:04:48 UTC 2018: Found element on the queue
Wed May 16 06:04:48 UTC 2018: Updating status
Wed May 16 06:04:48 UTC 2018: Working
Wed May 16 06:04:50 UTC 2018: Start mengzhongguanyu__jun test class org.junit.tests.junit3compatibility.AllTestsTest
Wed May 16 06:04:51 UTC 2018: Setting lastTestMethodIndex: 64346
Wed May 16 06:04:51 UTC 2018: Starting linking
Wed May 16 06:04:51 UTC 2018: Linking done for mengzhongguanyu__jun test class org.junit.tests.junit3compatibility.AllTestsTest
Wed May 16 06:04:51 UTC 2018: Found element on the queue
Wed May 16 06:04:51 UTC 2018: Updating status
Wed May 16 06:04:51 UTC 2018: Working
Wed May 16 06:04:54 UTC 2018: Start mengzhongguanyu__jun test class org.junit.tests.junit3compatibility.ClassRequestTest
Wed May 16 06:04:54 UTC 2018: Setting lastTestMethodIndex: 64348
Wed May 16 06:04:54 UTC 2018: Starting linking
Wed May 16 06:04:54 UTC 2018: Linking done for mengzhongguanyu__jun test class org.junit.tests.junit3compatibility.ClassRequestTest
Wed May 16 06:04:54 UTC 2018: Found element on the queue
Wed May 16 06:04:54 UTC 2018: Updating status
Wed May 16 06:04:54 UTC 2018: Working
Wed May 16 06:04:57 UTC 2018: Start mengzhongguanyu__jun test class org.junit.tests.junit3compatibility.ForwardCompatibilityPrintingTest
Wed May 16 06:04:57 UTC 2018: Setting lastTestMethodIndex: 64351
Wed May 16 06:04:57 UTC 2018: Starting linking
Wed May 16 06:04:57 UTC 2018: Linking done for mengzhongguanyu__jun test class org.junit.tests.junit3compatibility.ForwardCompatibilityPrintingTest
Wed May 16 06:04:57 UTC 2018: Found element on the queue
Wed May 16 06:04:57 UTC 2018: Updating status
Wed May 16 06:04:57 UTC 2018: Working
Wed May 16 06:05:00 UTC 2018: Start mengzhongguanyu__jun test class org.junit.tests.junit3compatibility.ForwardCompatibilityTest
Wed May 16 06:05:00 UTC 2018: Setting lastTestMethodIndex: 64354
Wed May 16 06:05:00 UTC 2018: Starting linking
Wed May 16 06:05:00 UTC 2018: Linking done for mengzhongguanyu__jun test class org.junit.tests.junit3compatibility.ForwardCompatibilityTest
Wed May 16 06:05:00 UTC 2018: Found element on the queue
Wed May 16 06:05:00 UTC 2018: Updating status
Wed May 16 06:05:00 UTC 2018: Working
Wed May 16 06:05:03 UTC 2018: Start mengzhongguanyu__jun test class org.junit.tests.junit3compatibility.InitializationErrorForwardCompatibilityTest
Wed May 16 06:05:03 UTC 2018: Setting lastTestMethodIndex: 64356
Wed May 16 06:05:03 UTC 2018: Starting linking
Wed May 16 06:05:03 UTC 2018: Linking done for mengzhongguanyu__jun test class org.junit.tests.junit3compatibility.InitializationErrorForwardCompatibilityTest
Wed May 16 06:05:03 UTC 2018: Found element on the queue
Wed May 16 06:05:03 UTC 2018: Updating status
Wed May 16 06:05:03 UTC 2018: Working
Wed May 16 06:05:06 UTC 2018: Start mengzhongguanyu__jun test class org.junit.tests.junit3compatibility.JUnit38ClassRunnerTest
Wed May 16 06:05:06 UTC 2018: Setting lastTestMethodIndex: 64359
Wed May 16 06:05:06 UTC 2018: Starting linking
Wed May 16 06:05:06 UTC 2018: Linking done for mengzhongguanyu__jun test class org.junit.tests.junit3compatibility.JUnit38ClassRunnerTest
Wed May 16 06:05:06 UTC 2018: Found element on the queue
Wed May 16 06:05:06 UTC 2018: Updating status
Wed May 16 06:05:06 UTC 2018: Working
Wed May 16 06:05:09 UTC 2018: Start mengzhongguanyu__jun test class org.junit.tests.junit3compatibility.JUnit4TestAdapterTest
Wed May 16 06:05:09 UTC 2018: Setting lastTestMethodIndex: 64361
Wed May 16 06:05:09 UTC 2018: Starting linking
Wed May 16 06:05:09 UTC 2018: Linking done for mengzhongguanyu__jun test class org.junit.tests.junit3compatibility.JUnit4TestAdapterTest
Wed May 16 06:05:09 UTC 2018: Found element on the queue
Wed May 16 06:05:09 UTC 2018: Updating status
Wed May 16 06:05:09 UTC 2018: Working
Wed May 16 06:05:12 UTC 2018: Start mengzhongguanyu__jun test class org.junit.tests.junit3compatibility.OldTestClassAdaptingListenerTest
Wed May 16 06:05:12 UTC 2018: Setting lastTestMethodIndex: 64363
Wed May 16 06:05:12 UTC 2018: Starting linking
Wed May 16 06:05:12 UTC 2018: Code found org.junit.internal.runners.JUnit38ClassRunner$OldTestClassAdaptingListener-addFailure with org.junit.tests.junit3compatibility.OldTestClassAdaptingListenerTest-addFailureDelegatesToNotifier
Wed May 16 06:05:13 UTC 2018: Match not added in database because it already exists
Wed May 16 06:05:13 UTC 2018: Linking done for mengzhongguanyu__jun test class org.junit.tests.junit3compatibility.OldTestClassAdaptingListenerTest
Wed May 16 06:05:13 UTC 2018: Found element on the queue
Wed May 16 06:05:13 UTC 2018: Updating status
Wed May 16 06:05:13 UTC 2018: Working
Wed May 16 06:05:16 UTC 2018: Start mengzhongguanyu__jun test class junit.tests.framework.TestCaseTest
Wed May 16 06:05:16 UTC 2018: Setting lastTestMethodIndex: 64364
Wed May 16 06:05:16 UTC 2018: Starting linking
Wed May 16 06:05:16 UTC 2018: Linking done for mengzhongguanyu__jun test class junit.tests.framework.TestCaseTest
Wed May 16 06:05:16 UTC 2018: Found element on the queue
Wed May 16 06:05:16 UTC 2018: Updating status
Wed May 16 06:05:16 UTC 2018: Working
Wed May 16 06:05:19 UTC 2018: Start mengzhongguanyu__jun test class junit.tests.framework.SuiteTest
Wed May 16 06:05:19 UTC 2018: Setting lastTestMethodIndex: 64367
Wed May 16 06:05:19 UTC 2018: Starting linking
Wed May 16 06:05:19 UTC 2018: Linking done for mengzhongguanyu__jun test class junit.tests.framework.SuiteTest
Wed May 16 06:05:19 UTC 2018: Found element on the queue
Wed May 16 06:05:19 UTC 2018: Updating status
Wed May 16 06:05:19 UTC 2018: Working
Wed May 16 06:05:22 UTC 2018: Start mengzhongguanyu__jun test class junit.tests.framework.TestListenerTest
Wed May 16 06:05:22 UTC 2018: Setting lastTestMethodIndex: 64370
Wed May 16 06:05:22 UTC 2018: Starting linking
Wed May 16 06:05:22 UTC 2018: Linking done for mengzhongguanyu__jun test class junit.tests.framework.TestListenerTest
Wed May 16 06:05:22 UTC 2018: Found element on the queue
Wed May 16 06:05:22 UTC 2018: Updating status
Wed May 16 06:05:22 UTC 2018: Working
Wed May 16 06:05:25 UTC 2018: Start mengzhongguanyu__jun test class junit.tests.framework.AssertionFailedErrorTest
Wed May 16 06:05:25 UTC 2018: Setting lastTestMethodIndex: 64372
Wed May 16 06:05:25 UTC 2018: Starting linking
Wed May 16 06:05:25 UTC 2018: Linking done for mengzhongguanyu__jun test class junit.tests.framework.AssertionFailedErrorTest
Wed May 16 06:05:25 UTC 2018: Found element on the queue
Wed May 16 06:05:25 UTC 2018: Updating status
Wed May 16 06:05:25 UTC 2018: Working
Wed May 16 06:05:28 UTC 2018: Start mengzhongguanyu__jun test class junit.tests.framework.AssertTest
Wed May 16 06:05:28 UTC 2018: Setting lastTestMethodIndex: 64374
Wed May 16 06:05:28 UTC 2018: Starting linking
Wed May 16 06:05:28 UTC 2018: Linking done for mengzhongguanyu__jun test class junit.tests.framework.AssertTest
Wed May 16 06:05:28 UTC 2018: Found element on the queue
Wed May 16 06:05:28 UTC 2018: Updating status
Wed May 16 06:05:28 UTC 2018: Working
Wed May 16 06:05:31 UTC 2018: Start mengzhongguanyu__jun test class junit.tests.framework.TestImplementorTest
Wed May 16 06:05:31 UTC 2018: Setting lastTestMethodIndex: 64376
Wed May 16 06:05:31 UTC 2018: Starting linking
Wed May 16 06:05:31 UTC 2018: Linking done for mengzhongguanyu__jun test class junit.tests.framework.TestImplementorTest
Wed May 16 06:05:31 UTC 2018: Found element on the queue
Wed May 16 06:05:31 UTC 2018: Updating status
Wed May 16 06:05:31 UTC 2018: Working
Wed May 16 06:05:34 UTC 2018: Start mengzhongguanyu__jun test class junit.tests.framework.NoArgTestCaseTest
Wed May 16 06:05:34 UTC 2018: Setting lastTestMethodIndex: 64377
Wed May 16 06:05:34 UTC 2018: Starting linking
Wed May 16 06:05:34 UTC 2018: Linking done for mengzhongguanyu__jun test class junit.tests.framework.NoArgTestCaseTest
Wed May 16 06:05:34 UTC 2018: Found element on the queue
Wed May 16 06:05:34 UTC 2018: Updating status
Wed May 16 06:05:34 UTC 2018: Working
Wed May 16 06:05:37 UTC 2018: Start mengzhongguanyu__jun test class junit.tests.framework.ComparisonCompactorTest
Wed May 16 06:05:37 UTC 2018: Setting lastTestMethodIndex: 64380
Wed May 16 06:05:37 UTC 2018: Starting linking
Wed May 16 06:05:37 UTC 2018: Linking done for mengzhongguanyu__jun test class junit.tests.framework.ComparisonCompactorTest
Wed May 16 06:05:37 UTC 2018: Found element on the queue
Wed May 16 06:05:37 UTC 2018: Updating status
Wed May 16 06:05:37 UTC 2018: Working
Wed May 16 06:05:40 UTC 2018: Start mengzhongguanyu__jun test class junit.tests.framework.ComparisonFailureTest
Wed May 16 06:05:40 UTC 2018: Setting lastTestMethodIndex: 64383
Wed May 16 06:05:40 UTC 2018: Starting linking
Wed May 16 06:05:40 UTC 2018: Linking done for mengzhongguanyu__jun test class junit.tests.framework.ComparisonFailureTest
Wed May 16 06:05:40 UTC 2018: Found element on the queue
Wed May 16 06:05:40 UTC 2018: Updating status
Wed May 16 06:05:40 UTC 2018: Working
Wed May 16 06:05:43 UTC 2018: Start mengzhongguanyu__jun test class junit.tests.framework.DoublePrecisionAssertTest
Wed May 16 06:05:43 UTC 2018: Setting lastTestMethodIndex: 64386
Wed May 16 06:05:43 UTC 2018: Starting linking
Wed May 16 06:05:43 UTC 2018: Linking done for mengzhongguanyu__jun test class junit.tests.framework.DoublePrecisionAssertTest
Wed May 16 06:05:43 UTC 2018: Found element on the queue
Wed May 16 06:05:43 UTC 2018: Updating status
Wed May 16 06:05:43 UTC 2018: Working
Wed May 16 06:05:46 UTC 2018: Start mengzhongguanyu__jun test class junit.tests.framework.FloatAssertTest
Wed May 16 06:05:46 UTC 2018: Setting lastTestMethodIndex: 64388
Wed May 16 06:05:46 UTC 2018: Starting linking
Wed May 16 06:05:46 UTC 2018: Linking done for mengzhongguanyu__jun test class junit.tests.framework.FloatAssertTest
Wed May 16 06:05:46 UTC 2018: Found element on the queue
Wed May 16 06:05:46 UTC 2018: Updating status
Wed May 16 06:05:46 UTC 2018: Working
Wed May 16 06:05:49 UTC 2018: Start mengzhongguanyu__jun test class junit.tests.runner.StackFilterTest
Wed May 16 06:05:49 UTC 2018: Setting lastTestMethodIndex: 64390
Wed May 16 06:05:49 UTC 2018: Starting linking
Wed May 16 06:05:49 UTC 2018: Linking done for mengzhongguanyu__jun test class junit.tests.runner.StackFilterTest
Wed May 16 06:05:49 UTC 2018: Found element on the queue
Wed May 16 06:05:49 UTC 2018: Updating status
Wed May 16 06:05:49 UTC 2018: Working
Wed May 16 06:05:52 UTC 2018: Start mengzhongguanyu__jun test class junit.tests.runner.ResultTest
Wed May 16 06:05:52 UTC 2018: Setting lastTestMethodIndex: 64392
Wed May 16 06:05:52 UTC 2018: Starting linking
Wed May 16 06:05:52 UTC 2018: Linking done for mengzhongguanyu__jun test class junit.tests.runner.ResultTest
Wed May 16 06:05:52 UTC 2018: Found element on the queue
Wed May 16 06:05:52 UTC 2018: Updating status
Wed May 16 06:05:52 UTC 2018: Working
Wed May 16 06:05:55 UTC 2018: Start mengzhongguanyu__jun test class junit.tests.runner.BaseTestRunnerTest
Wed May 16 06:05:55 UTC 2018: Setting lastTestMethodIndex: 64393
Wed May 16 06:05:55 UTC 2018: Starting linking
Wed May 16 06:05:55 UTC 2018: Linking done for mengzhongguanyu__jun test class junit.tests.runner.BaseTestRunnerTest
Wed May 16 06:05:55 UTC 2018: Found element on the queue
Wed May 16 06:05:55 UTC 2018: Updating status
Wed May 16 06:05:56 UTC 2018: Working
Wed May 16 06:05:58 UTC 2018: Start mengzhongguanyu__jun test class junit.tests.runner.TextFeedbackTest
Wed May 16 06:05:58 UTC 2018: Setting lastTestMethodIndex: 64395
Wed May 16 06:05:58 UTC 2018: Starting linking
Wed May 16 06:05:58 UTC 2018: Linking done for mengzhongguanyu__jun test class junit.tests.runner.TextFeedbackTest
Wed May 16 06:05:59 UTC 2018: Found element on the queue
Wed May 16 06:05:59 UTC 2018: Updating status
Wed May 16 06:05:59 UTC 2018: Working
Wed May 16 06:06:01 UTC 2018: Start mengzhongguanyu__jun test class junit.tests.runner.TextRunnerSingleMethodTest
Wed May 16 06:06:01 UTC 2018: Setting lastTestMethodIndex: 64397
Wed May 16 06:06:01 UTC 2018: Starting linking
Wed May 16 06:06:01 UTC 2018: Linking done for mengzhongguanyu__jun test class junit.tests.runner.TextRunnerSingleMethodTest
Wed May 16 06:06:02 UTC 2018: Found element on the queue
Wed May 16 06:06:02 UTC 2018: Updating status
Wed May 16 06:06:02 UTC 2018: Working
Wed May 16 06:06:04 UTC 2018: Start mengzhongguanyu__jun test class junit.tests.runner.TextRunnerTest
Wed May 16 06:06:04 UTC 2018: Setting lastTestMethodIndex: 64400
Wed May 16 06:06:04 UTC 2018: Starting linking
Wed May 16 06:06:04 UTC 2018: Linking done for mengzhongguanyu__jun test class junit.tests.runner.TextRunnerTest
Wed May 16 06:06:05 UTC 2018: Found element on the queue
Wed May 16 06:06:05 UTC 2018: Updating status
Wed May 16 06:06:05 UTC 2018: Working
Wed May 16 06:06:07 UTC 2018: Start mengzhongguanyu__jun test class junit.tests.extensions.ExtensionTest
Wed May 16 06:06:07 UTC 2018: Setting lastTestMethodIndex: 64403
Wed May 16 06:06:07 UTC 2018: Starting linking
Wed May 16 06:06:07 UTC 2018: Linking done for mengzhongguanyu__jun test class junit.tests.extensions.ExtensionTest
Wed May 16 06:06:08 UTC 2018: Found element on the queue
Wed May 16 06:06:08 UTC 2018: Updating status
Wed May 16 06:06:08 UTC 2018: Working
Wed May 16 06:06:10 UTC 2018: Start mengzhongguanyu__jun test class junit.tests.extensions.ActiveTestTest
Wed May 16 06:06:10 UTC 2018: Setting lastTestMethodIndex: 64405
Wed May 16 06:06:10 UTC 2018: Starting linking
Wed May 16 06:06:10 UTC 2018: Linking done for mengzhongguanyu__jun test class junit.tests.extensions.ActiveTestTest
Wed May 16 06:06:11 UTC 2018: Found element on the queue
Wed May 16 06:06:11 UTC 2018: Updating status
Wed May 16 06:06:11 UTC 2018: Working
Wed May 16 06:06:14 UTC 2018: Start mengzhongguanyu__jun test class junit.tests.extensions.RepeatedTestTest
Wed May 16 06:06:14 UTC 2018: Setting lastTestMethodIndex: 64408
Wed May 16 06:06:14 UTC 2018: Starting linking
Wed May 16 06:06:14 UTC 2018: Linking done for mengzhongguanyu__jun test class junit.tests.extensions.RepeatedTestTest
Wed May 16 06:06:14 UTC 2018: Found element on the queue
Wed May 16 06:06:14 UTC 2018: Updating status
Wed May 16 06:06:14 UTC 2018: Working
Wed May 16 06:06:17 UTC 2018: Start mengzhongguanyu__jun test class org.junit.tests.junit3compatibility.SuiteMethodTest
Wed May 16 06:06:17 UTC 2018: Setting lastTestMethodIndex: 64410
Wed May 16 06:06:17 UTC 2018: Starting linking
Wed May 16 06:06:17 UTC 2018: Linking done for mengzhongguanyu__jun test class org.junit.tests.junit3compatibility.SuiteMethodTest
Wed May 16 06:06:17 UTC 2018: Found element on the queue
Wed May 16 06:06:17 UTC 2018: Updating status
Wed May 16 06:06:17 UTC 2018: Working
Wed May 16 06:06:20 UTC 2018: Start mengzhongguanyu__jun test class org.junit.tests.listening.ListenerTest
Wed May 16 06:06:20 UTC 2018: Setting lastTestMethodIndex: 64413
Wed May 16 06:06:20 UTC 2018: Starting linking
Wed May 16 06:06:20 UTC 2018: Linking done for mengzhongguanyu__jun test class org.junit.tests.listening.ListenerTest
Wed May 16 06:06:20 UTC 2018: Found element on the queue
Wed May 16 06:06:20 UTC 2018: Updating status
Wed May 16 06:06:20 UTC 2018: Working
Wed May 16 06:06:23 UTC 2018: Start mengzhongguanyu__jun test class org.junit.tests.listening.RunnerTest
Wed May 16 06:06:23 UTC 2018: Setting lastTestMethodIndex: 64414
Wed May 16 06:06:23 UTC 2018: Starting linking
Wed May 16 06:06:23 UTC 2018: Linking done for mengzhongguanyu__jun test class org.junit.tests.listening.RunnerTest
Wed May 16 06:06:23 UTC 2018: Found element on the queue
Wed May 16 06:06:23 UTC 2018: Updating status
Wed May 16 06:06:23 UTC 2018: Working
Wed May 16 06:06:26 UTC 2018: Start mengzhongguanyu__jun test class org.junit.tests.listening.TestListenerTest
Wed May 16 06:06:26 UTC 2018: Setting lastTestMethodIndex: 64417
Wed May 16 06:06:26 UTC 2018: Starting linking
Wed May 16 06:06:26 UTC 2018: Linking done for mengzhongguanyu__jun test class org.junit.tests.listening.TestListenerTest
Wed May 16 06:06:26 UTC 2018: Found element on the queue
Wed May 16 06:06:26 UTC 2018: Updating status
Wed May 16 06:06:26 UTC 2018: Working
Wed May 16 06:06:28 UTC 2018: Start mengzhongguanyu__jun test class org.junit.tests.listening.TextListenerTest
Wed May 16 06:06:28 UTC 2018: Setting lastTestMethodIndex: 64419
Wed May 16 06:06:28 UTC 2018: Starting linking
Wed May 16 06:06:28 UTC 2018: Linking done for mengzhongguanyu__jun test class org.junit.tests.listening.TextListenerTest
Wed May 16 06:06:29 UTC 2018: Found element on the queue
Wed May 16 06:06:29 UTC 2018: Updating status
Wed May 16 06:06:29 UTC 2018: Working
Wed May 16 06:06:32 UTC 2018: Start mengzhongguanyu__jun test class org.junit.tests.listening.UserStopTest
Wed May 16 06:06:32 UTC 2018: Setting lastTestMethodIndex: 64421
Wed May 16 06:06:32 UTC 2018: Starting linking
Wed May 16 06:06:32 UTC 2018: Code found org.junit.internal.runners.ErrorReportingRunner-run with org.junit.tests.listening.UserStopTest-stopClassRunner
Wed May 16 06:06:32 UTC 2018: No link for: org.junit.tests.listening.UserStopTest-userStop
Wed May 16 06:06:32 UTC 2018: None match not added in database because it already exists
Wed May 16 06:06:32 UTC 2018: No link for: org.junit.tests.listening.UserStopTest-foo
Wed May 16 06:06:33 UTC 2018: Linking done for mengzhongguanyu__jun test class org.junit.tests.listening.UserStopTest
Wed May 16 06:06:33 UTC 2018: Found element on the queue
Wed May 16 06:06:33 UTC 2018: Updating status
Wed May 16 06:06:33 UTC 2018: Working
Wed May 16 06:06:36 UTC 2018: Start mengzhongguanyu__jun test class org.junit.tests.manipulation.FilterableTest
Wed May 16 06:06:36 UTC 2018: Setting lastTestMethodIndex: 64424
Wed May 16 06:06:36 UTC 2018: Starting linking
Wed May 16 06:06:36 UTC 2018: Linking done for mengzhongguanyu__jun test class org.junit.tests.manipulation.FilterableTest
Wed May 16 06:06:36 UTC 2018: Found element on the queue
Wed May 16 06:06:36 UTC 2018: Updating status
Wed May 16 06:06:36 UTC 2018: Working
Wed May 16 06:06:39 UTC 2018: Start mengzhongguanyu__jun test class org.junit.tests.manipulation.FilterTest
Wed May 16 06:06:39 UTC 2018: Setting lastTestMethodIndex: 64427
Wed May 16 06:06:39 UTC 2018: Starting linking
Wed May 16 06:06:39 UTC 2018: Linking done for mengzhongguanyu__jun test class org.junit.tests.manipulation.FilterTest
Wed May 16 06:06:39 UTC 2018: Found element on the queue
Wed May 16 06:06:39 UTC 2018: Updating status
Wed May 16 06:06:39 UTC 2018: Working
Wed May 16 06:06:42 UTC 2018: Start mengzhongguanyu__jun test class org.junit.tests.manipulation.SingleMethodTest
Wed May 16 06:06:42 UTC 2018: Setting lastTestMethodIndex: 64428
Wed May 16 06:06:42 UTC 2018: Starting linking
Wed May 16 06:06:42 UTC 2018: Linking done for mengzhongguanyu__jun test class org.junit.tests.manipulation.SingleMethodTest
Wed May 16 06:06:42 UTC 2018: Found element on the queue
Wed May 16 06:06:42 UTC 2018: Updating status
Wed May 16 06:06:42 UTC 2018: Working
Wed May 16 06:06:44 UTC 2018: Start mengzhongguanyu__jun test class org.junit.rules.BlockJUnit4ClassRunnerOverrideTest
Wed May 16 06:06:44 UTC 2018: Setting lastTestMethodIndex: 64431
Wed May 16 06:06:44 UTC 2018: Starting linking
Wed May 16 06:06:44 UTC 2018: Linking done for mengzhongguanyu__jun test class org.junit.rules.BlockJUnit4ClassRunnerOverrideTest
Wed May 16 06:06:45 UTC 2018: Found element on the queue
Wed May 16 06:06:45 UTC 2018: Updating status
Wed May 16 06:06:45 UTC 2018: Working
Wed May 16 06:06:48 UTC 2018: Start mengzhongguanyu__jun test class org.junit.rules.ClassRulesTest
Wed May 16 06:06:48 UTC 2018: Setting lastTestMethodIndex: 64432
Wed May 16 06:06:48 UTC 2018: Starting linking
Wed May 16 06:06:48 UTC 2018: Linking done for mengzhongguanyu__jun test class org.junit.rules.ClassRulesTest
Wed May 16 06:06:48 UTC 2018: Found element on the queue
Wed May 16 06:06:48 UTC 2018: Updating status
Wed May 16 06:06:48 UTC 2018: Working
Wed May 16 06:06:51 UTC 2018: Start mengzhongguanyu__jun test class org.junit.rules.DisableOnDebugTest
Wed May 16 06:06:51 UTC 2018: Setting lastTestMethodIndex: 64434
Wed May 16 06:06:51 UTC 2018: Starting linking
Wed May 16 06:06:51 UTC 2018: Linking done for mengzhongguanyu__jun test class org.junit.rules.DisableOnDebugTest
Wed May 16 06:06:51 UTC 2018: Found element on the queue
Wed May 16 06:06:51 UTC 2018: Updating status
Wed May 16 06:06:51 UTC 2018: Working
Wed May 16 06:06:54 UTC 2018: Start mengzhongguanyu__jun test class org.junit.rules.ExpectedExceptionTest
Wed May 16 06:06:54 UTC 2018: Setting lastTestMethodIndex: 64436
Wed May 16 06:06:54 UTC 2018: Starting linking
Wed May 16 06:06:54 UTC 2018: Code found org.junit.runner.JUnitCore-run with org.junit.rules.ExpectedExceptionTest-runTestAndVerifyResult
Wed May 16 06:06:54 UTC 2018: Match not added in database because it already exists
Wed May 16 06:06:54 UTC 2018: No link for: org.junit.rules.ExpectedExceptionTest-throwsNullPointerExceptionWithMessage
Wed May 16 06:06:54 UTC 2018: No link for: org.junit.rules.ExpectedExceptionTest-doesntThrowNullPointerException
Wed May 16 06:06:55 UTC 2018: No link for: org.junit.rules.ExpectedExceptionTest-throwExceptionWithMatchingCause
Wed May 16 06:06:55 UTC 2018: No link for: org.junit.rules.ExpectedExceptionTest-throwsNullPointerException
Wed May 16 06:06:56 UTC 2018: No link for: org.junit.rules.ExpectedExceptionTest-throwsMore
Wed May 16 06:06:56 UTC 2018: No link for: org.junit.rules.ExpectedExceptionTest-fails
Wed May 16 06:06:56 UTC 2018: No link for: org.junit.rules.ExpectedExceptionTest-failedAssumption
Wed May 16 06:06:57 UTC 2018: No link for: org.junit.rules.ExpectedExceptionTest-doesntThrowAnything
Wed May 16 06:06:57 UTC 2018: No link for: org.junit.rules.ExpectedExceptionTest-throwWithCause
Wed May 16 06:06:58 UTC 2018: No link for: org.junit.rules.ExpectedExceptionTest-throwsNothing
Wed May 16 06:06:58 UTC 2018: No link for: org.junit.rules.ExpectedExceptionTest-throwExpectedNullCause
Wed May 16 06:06:58 UTC 2018: No link for: org.junit.rules.ExpectedExceptionTest-noThrow
Wed May 16 06:06:59 UTC 2018: Linking done for mengzhongguanyu__jun test class org.junit.rules.ExpectedExceptionTest
Wed May 16 06:06:59 UTC 2018: Found element on the queue
Wed May 16 06:06:59 UTC 2018: Updating status
Wed May 16 06:06:59 UTC 2018: Working
Wed May 16 06:07:02 UTC 2018: Start mengzhongguanyu__jun test class org.junit.rules.ExternalResourceRuleTest
Wed May 16 06:07:02 UTC 2018: Setting lastTestMethodIndex: 64439
Wed May 16 06:07:02 UTC 2018: Starting linking
Wed May 16 06:07:02 UTC 2018: Linking done for mengzhongguanyu__jun test class org.junit.rules.ExternalResourceRuleTest
Wed May 16 06:07:02 UTC 2018: Found element on the queue
Wed May 16 06:07:02 UTC 2018: Updating status
Wed May 16 06:07:02 UTC 2018: Working
Wed May 16 06:07:05 UTC 2018: Start mengzhongguanyu__jun test class org.junit.rules.MethodRulesTest
Wed May 16 06:07:05 UTC 2018: Setting lastTestMethodIndex: 64440
Wed May 16 06:07:05 UTC 2018: Starting linking
Wed May 16 06:07:05 UTC 2018: Linking done for mengzhongguanyu__jun test class org.junit.rules.MethodRulesTest
Wed May 16 06:07:05 UTC 2018: Found element on the queue
Wed May 16 06:07:05 UTC 2018: Updating status
Wed May 16 06:07:05 UTC 2018: Working
Wed May 16 06:07:08 UTC 2018: Start mengzhongguanyu__jun test class org.junit.rules.RuleChainTest
Wed May 16 06:07:08 UTC 2018: Setting lastTestMethodIndex: 64442
Wed May 16 06:07:08 UTC 2018: Starting linking
Wed May 16 06:07:08 UTC 2018: Linking done for mengzhongguanyu__jun test class org.junit.rules.RuleChainTest
Wed May 16 06:07:08 UTC 2018: Found element on the queue
Wed May 16 06:07:08 UTC 2018: Updating status
Wed May 16 06:07:08 UTC 2018: Working
Wed May 16 06:07:11 UTC 2018: Start mengzhongguanyu__jun test class org.junit.rules.RuleMemberValidatorTest
Wed May 16 06:07:11 UTC 2018: Setting lastTestMethodIndex: 64444
Wed May 16 06:07:11 UTC 2018: Starting linking
Wed May 16 06:07:11 UTC 2018: No link for: org.junit.rules.RuleMemberValidatorTest-acceptStaticTestRuleThatIsAlsoClassRule
Wed May 16 06:07:12 UTC 2018: No link for: org.junit.rules.RuleMemberValidatorTest-rejectClassRuleMethodReturnsAnArbitraryObject
Wed May 16 06:07:12 UTC 2018: No link for: org.junit.rules.RuleMemberValidatorTest-methodRejectNonStaticClassRule
Wed May 16 06:07:12 UTC 2018: No link for: org.junit.rules.RuleMemberValidatorTest-rejectStaticMethodRule
Wed May 16 06:07:13 UTC 2018: No link for: org.junit.rules.RuleMemberValidatorTest-acceptMethodRule
Wed May 16 06:07:13 UTC 2018: No link for: org.junit.rules.RuleMemberValidatorTest-rejectClassRuleInNonPublicClass
Wed May 16 06:07:13 UTC 2018: No link for: org.junit.rules.RuleMemberValidatorTest-rejectStaticTestRule
Wed May 16 06:07:14 UTC 2018: No link for: org.junit.rules.RuleMemberValidatorTest-acceptNonStaticTestRule
Wed May 16 06:07:14 UTC 2018: No link for: org.junit.rules.RuleMemberValidatorTest-methodAcceptMethodRuleMethod
Wed May 16 06:07:15 UTC 2018: No link for: org.junit.rules.RuleMemberValidatorTest-rejectProtectedClassRule
Wed May 16 06:07:15 UTC 2018: None match not added in database because it already exists
Wed May 16 06:07:15 UTC 2018: No link for: org.junit.rules.RuleMemberValidatorTest-methodRejectArbitraryObjectWithRuleAnnotation
Wed May 16 06:07:15 UTC 2018: No link for: org.junit.rules.RuleMemberValidatorTest-acceptMethodStaticTestRuleThatIsAlsoClassRule
Wed May 16 06:07:16 UTC 2018: No link for: org.junit.rules.RuleMemberValidatorTest-rejectArbitraryObjectWithRuleAnnotation
Wed May 16 06:07:16 UTC 2018: No link for: org.junit.rules.RuleMemberValidatorTest-rejectClassRuleIsAnArbitraryObject
Wed May 16 06:07:17 UTC 2018: No link for: org.junit.rules.RuleMemberValidatorTest-methodRejectProtectedClassRule
Wed May 16 06:07:17 UTC 2018: No link for: org.junit.rules.RuleMemberValidatorTest-rejectNonStaticClassRule
Wed May 16 06:07:17 UTC 2018: No link for: org.junit.rules.RuleMemberValidatorTest-rejectClassRuleThatIsImplemetationOfMethodRule
Wed May 16 06:07:18 UTC 2018: No link for: org.junit.rules.RuleMemberValidatorTest-rejectClassRuleThatReturnsImplementationOfMethodRule
Wed May 16 06:07:18 UTC 2018: No link for: org.junit.rules.RuleMemberValidatorTest-rejectMethodStaticTestRule
Wed May 16 06:07:18 UTC 2018: No link for: org.junit.rules.RuleMemberValidatorTest-rejectMethodStaticMethodRule
Wed May 16 06:07:19 UTC 2018: No link for: org.junit.rules.RuleMemberValidatorTest-acceptMethodNonStaticTestRule
Wed May 16 06:07:19 UTC 2018: Linking done for mengzhongguanyu__jun test class org.junit.rules.RuleMemberValidatorTest
Wed May 16 06:07:20 UTC 2018: Found element on the queue
Wed May 16 06:07:20 UTC 2018: Updating status
Wed May 16 06:07:20 UTC 2018: Working
Wed May 16 06:07:22 UTC 2018: Start mengzhongguanyu__jun test class org.junit.rules.StopwatchTest
Wed May 16 06:07:22 UTC 2018: Setting lastTestMethodIndex: 64451
Wed May 16 06:07:22 UTC 2018: Starting linking
Wed May 16 06:07:22 UTC 2018: Linking done for mengzhongguanyu__jun test class org.junit.rules.StopwatchTest
Wed May 16 06:07:23 UTC 2018: Found element on the queue
Wed May 16 06:07:23 UTC 2018: Updating status
Wed May 16 06:07:23 UTC 2018: Working
Wed May 16 06:07:25 UTC 2018: Start mengzhongguanyu__jun test class org.junit.rules.TempFolderRuleTest
Wed May 16 06:07:25 UTC 2018: Setting lastTestMethodIndex: 64452
Wed May 16 06:07:25 UTC 2018: Starting linking
Wed May 16 06:07:25 UTC 2018: Linking done for mengzhongguanyu__jun test class org.junit.rules.TempFolderRuleTest
Wed May 16 06:07:26 UTC 2018: Found element on the queue
Wed May 16 06:07:26 UTC 2018: Updating status
Wed May 16 06:07:26 UTC 2018: Working
Wed May 16 06:07:29 UTC 2018: Start mengzhongguanyu__jun test class org.junit.rules.TemporaryFolderRuleAssuredDeletionTest
Wed May 16 06:07:29 UTC 2018: Setting lastTestMethodIndex: 64455
Wed May 16 06:07:29 UTC 2018: Starting linking
Wed May 16 06:07:29 UTC 2018: Linking done for mengzhongguanyu__jun test class org.junit.rules.TemporaryFolderRuleAssuredDeletionTest
Wed May 16 06:07:29 UTC 2018: Found element on the queue
Wed May 16 06:07:29 UTC 2018: Updating status
Wed May 16 06:07:29 UTC 2018: Working
Wed May 16 06:07:32 UTC 2018: Start mengzhongguanyu__jun test class org.junit.rules.TemporaryFolderUsageTest
Wed May 16 06:07:32 UTC 2018: Setting lastTestMethodIndex: 64458
Wed May 16 06:07:32 UTC 2018: Starting linking
Wed May 16 06:07:32 UTC 2018: No code found org.junit.rules.TemporaryFolder-delete with org.junit.rules.TemporaryFolderUsageTest-deleteRemovesRootFolder
Wed May 16 06:07:32 UTC 2018: No code found org.junit.rules.TemporaryFolder-getRoot with org.junit.rules.TemporaryFolderUsageTest-getRootShouldThrowIllegalStateExceptionIfCreateWasNotInvoked
Wed May 16 06:07:33 UTC 2018: No code found org.junit.rules.TemporaryFolder-newFolder with org.junit.rules.TemporaryFolderUsageTest-newFolderWithGivenFolderThrowsIOExceptionIfFolderExists
Wed May 16 06:07:33 UTC 2018: No code found org.junit.rules.TemporaryFolder-newFolder with org.junit.rules.TemporaryFolderUsageTest-newFolderWithPathContainingForwardSlashCreatesDirectories
Wed May 16 06:07:34 UTC 2018: No code found org.junit.rules.TemporaryFolder-newFile with org.junit.rules.TemporaryFolderUsageTest-newFileThrowsIllegalStateExceptionIfCreateWasNotInvoked
Wed May 16 06:07:34 UTC 2018: No code found org.junit.rules.TemporaryFolder-create with org.junit.rules.TemporaryFolderUsageTest-newRandomFolderIsCreatedUnderRootFolder
Wed May 16 06:07:34 UTC 2018: No code found org.junit.rules.TemporaryFolder-newFile with org.junit.rules.TemporaryFolderUsageTest-newFileWithGivenFilenameThrowsIOExceptionIfFileExists
Wed May 16 06:07:35 UTC 2018: No code found org.junit.rules.TemporaryFolder-create with org.junit.rules.TemporaryFolderUsageTest-newNamedFileIsCreatedUnderRootFolder
Wed May 16 06:07:35 UTC 2018: No code found org.junit.rules.TemporaryFolder-create with org.junit.rules.TemporaryFolderUsageTest-newNestedFoldersCreatedUnderRootFolder
Wed May 16 06:07:36 UTC 2018: No code found org.junit.rules.TemporaryFolder-newFolder with org.junit.rules.TemporaryFolderUsageTest-newFolderWithGivenFolderThrowsIOExceptionIfFileExists
Wed May 16 06:07:36 UTC 2018: No code found org.junit.rules.TemporaryFolder-newFolder with org.junit.rules.TemporaryFolderUsageTest-newFolderWithGivenPathThrowsIOExceptionIfFolderExists
Wed May 16 06:07:36 UTC 2018: No code found org.junit.rules.TemporaryFolder-newFolder with org.junit.rules.TemporaryFolderUsageTest-newFolderWithPathsContainingForwardSlashCreatesFullPath
Wed May 16 06:07:37 UTC 2018: No code found org.junit.rules.TemporaryFolder-delete with org.junit.rules.TemporaryFolderUsageTest-deleteShouldDoNothingIfRootFolderWasNotInitialized
Wed May 16 06:07:37 UTC 2018: No code found org.junit.rules.TemporaryFolder-newFolder with org.junit.rules.TemporaryFolderUsageTest-newFolderWithPathStartingWithFileSeparatorThrowsIOException
Wed May 16 06:07:38 UTC 2018: No code found org.junit.rules.TemporaryFolder-newFolder with org.junit.rules.TemporaryFolderUsageTest-newFolderWithGivenPathThrowsIllegalStateExceptionIfCreateWasNotInvoked
Wed May 16 06:07:38 UTC 2018: No code found org.junit.rules.TemporaryFolder-newFolder with org.junit.rules.TemporaryFolderUsageTest-newFolderThrowsIllegalStateExceptionIfCreateWasNotInvoked
Wed May 16 06:07:39 UTC 2018: No code found org.junit.rules.TemporaryFolder-newFolder with org.junit.rules.TemporaryFolderUsageTest-newFolderWithPathsContainingFileSeparatorCreatesFullPath
Wed May 16 06:07:39 UTC 2018: No code found org.junit.rules.TemporaryFolder-create with org.junit.rules.TemporaryFolderUsageTest-newRandomFileIsCreatedUnderRootFolder
Wed May 16 06:07:39 UTC 2018: No code found org.junit.rules.TemporaryFolder-create with org.junit.rules.TemporaryFolderUsageTest-createInitializesRootFolder
Wed May 16 06:07:40 UTC 2018: No code found org.junit.rules.TemporaryFolder-newFolder with org.junit.rules.TemporaryFolderUsageTest-newFolderWithPathContainingFileSeparaterCreatesDirectories
Wed May 16 06:07:40 UTC 2018: No code found org.junit.rules.TemporaryFolder-newFolder with org.junit.rules.TemporaryFolderUsageTest-newFolderWithGivenEmptyArrayThrowsIllegalArgumentException
Wed May 16 06:07:41 UTC 2018: No code found org.junit.rules.TemporaryFolder-newFile with org.junit.rules.TemporaryFolderUsageTest-newFileWithGivenNameThrowsIllegalStateExceptionIfCreateWasNotInvoked
Wed May 16 06:07:41 UTC 2018: No link for: org.junit.rules.TemporaryFolderUsageTest-canSetTheBaseFileForATemporaryFolder
Wed May 16 06:07:41 UTC 2018: None match not added in database because it already exists
Wed May 16 06:07:41 UTC 2018: Linking done for mengzhongguanyu__jun test class org.junit.rules.TemporaryFolderUsageTest
Wed May 16 06:07:42 UTC 2018: Found element on the queue
Wed May 16 06:07:42 UTC 2018: Updating status
Wed May 16 06:07:42 UTC 2018: Working
Wed May 16 06:07:45 UTC 2018: Start mengzhongguanyu__jun test class org.junit.rules.TestRuleTest
Wed May 16 06:07:45 UTC 2018: Setting lastTestMethodIndex: 64467
Wed May 16 06:07:45 UTC 2018: Starting linking
Wed May 16 06:07:45 UTC 2018: Linking done for mengzhongguanyu__jun test class org.junit.rules.TestRuleTest
Wed May 16 06:07:45 UTC 2018: Found element on the queue
Wed May 16 06:07:45 UTC 2018: Updating status
Wed May 16 06:07:45 UTC 2018: Working
Wed May 16 06:07:47 UTC 2018: Start mengzhongguanyu__jun test class org.junit.rules.TestWatcherTest
Wed May 16 06:07:47 UTC 2018: Setting lastTestMethodIndex: 64470
Wed May 16 06:07:47 UTC 2018: Starting linking
Wed May 16 06:07:47 UTC 2018: Linking done for mengzhongguanyu__jun test class org.junit.rules.TestWatcherTest
Wed May 16 06:07:48 UTC 2018: Found element on the queue
Wed May 16 06:07:48 UTC 2018: Updating status
Wed May 16 06:07:48 UTC 2018: Working
Wed May 16 06:07:51 UTC 2018: Start mengzhongguanyu__jun test class org.junit.rules.TestWatchmanTest
Wed May 16 06:07:51 UTC 2018: Setting lastTestMethodIndex: 64471
Wed May 16 06:07:51 UTC 2018: Starting linking
Wed May 16 06:07:51 UTC 2018: Linking done for mengzhongguanyu__jun test class org.junit.rules.TestWatchmanTest
Wed May 16 06:07:51 UTC 2018: Found element on the queue
Wed May 16 06:07:51 UTC 2018: Updating status
Wed May 16 06:07:51 UTC 2018: Working
Wed May 16 06:07:54 UTC 2018: Start mengzhongguanyu__jun test class org.junit.rules.TimeoutRuleTest
Wed May 16 06:07:54 UTC 2018: Setting lastTestMethodIndex: 64474
Wed May 16 06:07:54 UTC 2018: Starting linking
Wed May 16 06:07:54 UTC 2018: Linking done for mengzhongguanyu__jun test class org.junit.rules.TimeoutRuleTest
Wed May 16 06:07:54 UTC 2018: Found element on the queue
Wed May 16 06:07:54 UTC 2018: Updating status
Wed May 16 06:07:54 UTC 2018: Working
Wed May 16 06:07:57 UTC 2018: Start mengzhongguanyu__jun test class org.junit.rules.VerifierRuleTest
Wed May 16 06:07:57 UTC 2018: Setting lastTestMethodIndex: 64477
Wed May 16 06:07:57 UTC 2018: Starting linking
Wed May 16 06:07:57 UTC 2018: Linking done for mengzhongguanyu__jun test class org.junit.rules.VerifierRuleTest
Wed May 16 06:07:57 UTC 2018: Found element on the queue
Wed May 16 06:07:57 UTC 2018: Updating status
Wed May 16 06:07:57 UTC 2018: Working
Wed May 16 06:08:00 UTC 2018: Start mengzhongguanyu__jun test class org.junit.runners.model.FrameworkFieldTest
Wed May 16 06:08:00 UTC 2018: Setting lastTestMethodIndex: 64480
Wed May 16 06:08:00 UTC 2018: Starting linking
Wed May 16 06:08:00 UTC 2018: Code found org.junit.runners.model.FrameworkField-toString with org.junit.runners.model.FrameworkFieldTest-hasToStringWhichPrintsFieldName
Wed May 16 06:08:00 UTC 2018: Match not added in database because it already exists
Wed May 16 06:08:00 UTC 2018: No link for: org.junit.runners.model.FrameworkFieldTest-cannotBeCreatedWithoutUnderlyingField
Wed May 16 06:08:01 UTC 2018: None match not added in database because it already exists
Wed May 16 06:08:01 UTC 2018: No link for: org.junit.runners.model.FrameworkFieldTest-presentAnnotationIsAvailable
Wed May 16 06:08:01 UTC 2018: None match not added in database because it already exists
Wed May 16 06:08:01 UTC 2018: No link for: org.junit.runners.model.FrameworkFieldTest-missingAnnotationIsNotAvailable
Wed May 16 06:08:01 UTC 2018: None match not added in database because it already exists
Wed May 16 06:08:01 UTC 2018: Linking done for mengzhongguanyu__jun test class org.junit.runners.model.FrameworkFieldTest
Wed May 16 06:08:02 UTC 2018: Found element on the queue
Wed May 16 06:08:02 UTC 2018: Updating status
Wed May 16 06:08:02 UTC 2018: Working
Wed May 16 06:08:05 UTC 2018: Start mengzhongguanyu__jun test class org.junit.runners.model.FrameworkMethodTest
Wed May 16 06:08:05 UTC 2018: Setting lastTestMethodIndex: 64481
Wed May 16 06:08:05 UTC 2018: Starting linking
Wed May 16 06:08:05 UTC 2018: Code found org.junit.runners.model.FrameworkMethod-toString with org.junit.runners.model.FrameworkMethodTest-hasToStringWhichPrintsMethodName
Wed May 16 06:08:05 UTC 2018: Match not added in database because it already exists
Wed May 16 06:08:05 UTC 2018: No link for: org.junit.runners.model.FrameworkMethodTest-presentAnnotationIsAvailable
Wed May 16 06:08:05 UTC 2018: None match not added in database because it already exists
Wed May 16 06:08:05 UTC 2018: No link for: org.junit.runners.model.FrameworkMethodTest-missingAnnotationIsNotAvailable
Wed May 16 06:08:06 UTC 2018: None match not added in database because it already exists
Wed May 16 06:08:06 UTC 2018: No link for: org.junit.runners.model.FrameworkMethodTest-cannotBeCreatedWithoutUnderlyingField
Wed May 16 06:08:06 UTC 2018: None match not added in database because it already exists
Wed May 16 06:08:06 UTC 2018: Linking done for mengzhongguanyu__jun test class org.junit.runners.model.FrameworkMethodTest
Wed May 16 06:08:07 UTC 2018: Found element on the queue
Wed May 16 06:08:07 UTC 2018: Updating status
Wed May 16 06:08:07 UTC 2018: Working
Wed May 16 06:08:09 UTC 2018: Start mengzhongguanyu__jun test class org.junit.runners.model.InvalidTestClassErrorTest
Wed May 16 06:08:09 UTC 2018: Setting lastTestMethodIndex: 64483
Wed May 16 06:08:09 UTC 2018: Starting linking
Wed May 16 06:08:09 UTC 2018: No link for: org.junit.runners.model.InvalidTestClassErrorTest-invalidTestClassErrorShouldListAllValidationErrorsInItsMessage
Wed May 16 06:08:10 UTC 2018: None match not added in database because it already exists
Wed May 16 06:08:10 UTC 2018: Linking done for mengzhongguanyu__jun test class org.junit.runners.model.InvalidTestClassErrorTest
Wed May 16 06:08:10 UTC 2018: Found element on the queue
Wed May 16 06:08:10 UTC 2018: Updating status
Wed May 16 06:08:10 UTC 2018: Working
Wed May 16 06:08:13 UTC 2018: Start mengzhongguanyu__jun test class org.junit.runners.model.TestClassTest
Wed May 16 06:08:13 UTC 2018: Setting lastTestMethodIndex: 64485
Wed May 16 06:08:13 UTC 2018: Starting linking
Wed May 16 06:08:13 UTC 2018: Linking done for mengzhongguanyu__jun test class org.junit.runners.model.TestClassTest
Wed May 16 06:08:13 UTC 2018: Found element on the queue
Wed May 16 06:08:13 UTC 2018: Updating status
Wed May 16 06:08:13 UTC 2018: Working
Wed May 16 06:08:16 UTC 2018: Start mengzhongguanyu__jun test class org.junit.runners.parameterized.BlockJUnit4ClassRunnerWithParametersTest
Wed May 16 06:08:16 UTC 2018: Setting lastTestMethodIndex: 64486
Wed May 16 06:08:16 UTC 2018: Starting linking
Wed May 16 06:08:16 UTC 2018: Linking done for mengzhongguanyu__jun test class org.junit.runners.parameterized.BlockJUnit4ClassRunnerWithParametersTest
