Wed May 16 06:00:10 UTC 2018: Database:jdbc:mysql://localhost:3306/unittests
Wed May 16 06:00:10 UTC 2018: Starting
Wed May 16 06:00:11 UTC 2018: Found element on the queue
Wed May 16 06:00:11 UTC 2018: Updating status
Wed May 16 06:00:11 UTC 2018: Working
Wed May 16 06:00:11 UTC 2018: Create project parser
Wed May 16 06:00:22 UTC 2018: Create slicer
Wed May 16 06:00:26 UTC 2018: Create call graph
Wed May 16 06:00:36 UTC 2018: Create point analysis
Wed May 16 06:00:36 UTC 2018: Create call graph done
Wed May 16 06:00:36 UTC 2018: Start minghzhang007__junit4 test class org.junit.tests.experimental.max.MaxStarterTest
Wed May 16 06:00:36 UTC 2018: Setting lastTestMethodIndex: 64173
Wed May 16 06:00:36 UTC 2018: Starting linking
Wed May 16 06:00:36 UTC 2018: Linking done for minghzhang007__junit4 test class org.junit.tests.experimental.max.MaxStarterTest
Wed May 16 06:00:36 UTC 2018: Found element on the queue
Wed May 16 06:00:36 UTC 2018: Updating status
Wed May 16 06:00:36 UTC 2018: Working
Wed May 16 06:00:39 UTC 2018: Start minghzhang007__junit4 test class org.junit.tests.experimental.parallel.ParallelClassTest
Wed May 16 06:00:39 UTC 2018: Setting lastTestMethodIndex: 64175
Wed May 16 06:00:39 UTC 2018: Starting linking
Wed May 16 06:00:39 UTC 2018: Linking done for minghzhang007__junit4 test class org.junit.tests.experimental.parallel.ParallelClassTest
Wed May 16 06:00:40 UTC 2018: Found element on the queue
Wed May 16 06:00:40 UTC 2018: Updating status
Wed May 16 06:00:40 UTC 2018: Working
Wed May 16 06:00:43 UTC 2018: Start minghzhang007__junit4 test class org.junit.tests.experimental.parallel.ParallelMethodTest
Wed May 16 06:00:43 UTC 2018: Setting lastTestMethodIndex: 64176
Wed May 16 06:00:43 UTC 2018: Starting linking
Wed May 16 06:00:43 UTC 2018: Linking done for minghzhang007__junit4 test class org.junit.tests.experimental.parallel.ParallelMethodTest
Wed May 16 06:00:43 UTC 2018: Found element on the queue
Wed May 16 06:00:43 UTC 2018: Updating status
Wed May 16 06:00:43 UTC 2018: Working
Wed May 16 06:00:46 UTC 2018: Start minghzhang007__junit4 test class org.junit.tests.experimental.results.PrintableResultTest
Wed May 16 06:00:46 UTC 2018: Setting lastTestMethodIndex: 64178
Wed May 16 06:00:46 UTC 2018: Starting linking
Wed May 16 06:00:46 UTC 2018: Linking done for minghzhang007__junit4 test class org.junit.tests.experimental.results.PrintableResultTest
Wed May 16 06:00:47 UTC 2018: Found element on the queue
Wed May 16 06:00:47 UTC 2018: Updating status
Wed May 16 06:00:47 UTC 2018: Working
Wed May 16 06:00:49 UTC 2018: Start minghzhang007__junit4 test class org.junit.tests.experimental.results.ResultMatchersTest
Wed May 16 06:00:49 UTC 2018: Setting lastTestMethodIndex: 64180
Wed May 16 06:00:49 UTC 2018: Starting linking
Wed May 16 06:00:49 UTC 2018: Code found org.junit.experimental.results.ResultMatchers-hasFailureContaining with org.junit.tests.experimental.results.ResultMatchersTest-hasFailureContaining_givenResultWithOneFailure
Wed May 16 06:00:50 UTC 2018: Match not added in database because it already exists
Wed May 16 06:00:50 UTC 2018: Code found org.junit.experimental.results.ResultMatchers-hasFailureContaining with org.junit.tests.experimental.results.ResultMatchersTest-hasFailureContaining_givenResultWithNoFailures
Wed May 16 06:00:50 UTC 2018: Match not added in database because it already exists
Wed May 16 06:00:50 UTC 2018: No link for: org.junit.tests.experimental.results.ResultMatchersTest-hasFailuresHasGoodDescription
Wed May 16 06:00:50 UTC 2018: None match not added in database because it already exists
Wed May 16 06:00:50 UTC 2018: Linking done for minghzhang007__junit4 test class org.junit.tests.experimental.results.ResultMatchersTest
Wed May 16 06:00:51 UTC 2018: Found element on the queue
Wed May 16 06:00:51 UTC 2018: Updating status
Wed May 16 06:00:51 UTC 2018: Working
Wed May 16 06:00:53 UTC 2018: Start minghzhang007__junit4 test class org.junit.tests.experimental.theories.internal.AllMembersSupplierTest
Wed May 16 06:00:53 UTC 2018: Setting lastTestMethodIndex: 64182
Wed May 16 06:00:53 UTC 2018: Starting linking
Wed May 16 06:00:53 UTC 2018: Linking done for minghzhang007__junit4 test class org.junit.tests.experimental.theories.internal.AllMembersSupplierTest
Wed May 16 06:00:54 UTC 2018: Found element on the queue
Wed May 16 06:00:54 UTC 2018: Updating status
Wed May 16 06:00:54 UTC 2018: Working
Wed May 16 06:00:56 UTC 2018: Start minghzhang007__junit4 test class org.junit.tests.experimental.theories.internal.ParameterizedAssertionErrorTest
Wed May 16 06:00:56 UTC 2018: Setting lastTestMethodIndex: 64183
Wed May 16 06:00:56 UTC 2018: Starting linking
Wed May 16 06:00:57 UTC 2018: Code found org.junit.experimental.theories.internal.ParameterizedAssertionError-join with org.junit.tests.experimental.theories.internal.ParameterizedAssertionErrorTest-canJoinWhenToStringFails
Wed May 16 06:00:57 UTC 2018: Match not added in database because it already exists
Wed May 16 06:00:57 UTC 2018: Linking done for minghzhang007__junit4 test class org.junit.tests.experimental.theories.internal.ParameterizedAssertionErrorTest
Wed May 16 06:00:57 UTC 2018: Found element on the queue
Wed May 16 06:00:57 UTC 2018: Updating status
Wed May 16 06:00:57 UTC 2018: Working
Wed May 16 06:01:00 UTC 2018: Start minghzhang007__junit4 test class org.junit.tests.experimental.theories.internal.SpecificDataPointsSupplierTest
Wed May 16 06:01:00 UTC 2018: Setting lastTestMethodIndex: 64185
Wed May 16 06:01:00 UTC 2018: Starting linking
Wed May 16 06:01:00 UTC 2018: Linking done for minghzhang007__junit4 test class org.junit.tests.experimental.theories.internal.SpecificDataPointsSupplierTest
Wed May 16 06:01:00 UTC 2018: Found element on the queue
Wed May 16 06:01:00 UTC 2018: Updating status
Wed May 16 06:01:00 UTC 2018: Working
Wed May 16 06:01:03 UTC 2018: Start minghzhang007__junit4 test class org.junit.tests.experimental.theories.runner.FailingDataPointMethods
Wed May 16 06:01:03 UTC 2018: Setting lastTestMethodIndex: 64187
Wed May 16 06:01:03 UTC 2018: Starting linking
Wed May 16 06:01:03 UTC 2018: Linking done for minghzhang007__junit4 test class org.junit.tests.experimental.theories.runner.FailingDataPointMethods
Wed May 16 06:01:03 UTC 2018: Found element on the queue
Wed May 16 06:01:03 UTC 2018: Updating status
Wed May 16 06:01:03 UTC 2018: Working
Wed May 16 06:01:06 UTC 2018: Start minghzhang007__junit4 test class org.junit.tests.experimental.theories.runner.TheoriesPerformanceTest
Wed May 16 06:01:06 UTC 2018: Setting lastTestMethodIndex: 64189
Wed May 16 06:01:06 UTC 2018: Starting linking
Wed May 16 06:01:06 UTC 2018: Linking done for minghzhang007__junit4 test class org.junit.tests.experimental.theories.runner.TheoriesPerformanceTest
Wed May 16 06:01:06 UTC 2018: Found element on the queue
Wed May 16 06:01:06 UTC 2018: Updating status
Wed May 16 06:01:06 UTC 2018: Working
Wed May 16 06:01:09 UTC 2018: Start minghzhang007__junit4 test class org.junit.tests.experimental.theories.runner.TypeMatchingBetweenMultiDataPointsMethod
Wed May 16 06:01:09 UTC 2018: Setting lastTestMethodIndex: 64190
Wed May 16 06:01:09 UTC 2018: Starting linking
Wed May 16 06:01:09 UTC 2018: Linking done for minghzhang007__junit4 test class org.junit.tests.experimental.theories.runner.TypeMatchingBetweenMultiDataPointsMethod
Wed May 16 06:01:09 UTC 2018: Found element on the queue
Wed May 16 06:01:09 UTC 2018: Updating status
Wed May 16 06:01:09 UTC 2018: Working
Wed May 16 06:01:12 UTC 2018: Start minghzhang007__junit4 test class org.junit.tests.experimental.theories.runner.UnsuccessfulWithDataPointFields
Wed May 16 06:01:12 UTC 2018: Setting lastTestMethodIndex: 64192
Wed May 16 06:01:12 UTC 2018: Starting linking
Wed May 16 06:01:12 UTC 2018: Linking done for minghzhang007__junit4 test class org.junit.tests.experimental.theories.runner.UnsuccessfulWithDataPointFields
Wed May 16 06:01:12 UTC 2018: Found element on the queue
Wed May 16 06:01:12 UTC 2018: Updating status
Wed May 16 06:01:12 UTC 2018: Working
Wed May 16 06:01:15 UTC 2018: Start minghzhang007__junit4 test class org.junit.tests.experimental.theories.runner.WhenNoParametersMatch
Wed May 16 06:01:15 UTC 2018: Setting lastTestMethodIndex: 64194
Wed May 16 06:01:15 UTC 2018: Starting linking
Wed May 16 06:01:15 UTC 2018: Linking done for minghzhang007__junit4 test class org.junit.tests.experimental.theories.runner.WhenNoParametersMatch
Wed May 16 06:01:16 UTC 2018: Found element on the queue
Wed May 16 06:01:16 UTC 2018: Updating status
Wed May 16 06:01:16 UTC 2018: Working
Wed May 16 06:01:18 UTC 2018: Start minghzhang007__junit4 test class org.junit.tests.experimental.theories.runner.WithAutoGeneratedDataPoints
Wed May 16 06:01:18 UTC 2018: Setting lastTestMethodIndex: 64196
Wed May 16 06:01:18 UTC 2018: Starting linking
Wed May 16 06:01:18 UTC 2018: Linking done for minghzhang007__junit4 test class org.junit.tests.experimental.theories.runner.WithAutoGeneratedDataPoints
Wed May 16 06:01:19 UTC 2018: Found element on the queue
Wed May 16 06:01:19 UTC 2018: Updating status
Wed May 16 06:01:19 UTC 2018: Working
Wed May 16 06:01:21 UTC 2018: Start minghzhang007__junit4 test class org.junit.tests.experimental.theories.runner.WithDataPointMethod
Wed May 16 06:01:21 UTC 2018: Setting lastTestMethodIndex: 64199
Wed May 16 06:01:21 UTC 2018: Starting linking
Wed May 16 06:01:21 UTC 2018: Linking done for minghzhang007__junit4 test class org.junit.tests.experimental.theories.runner.WithDataPointMethod
Wed May 16 06:01:22 UTC 2018: Found element on the queue
Wed May 16 06:01:22 UTC 2018: Updating status
Wed May 16 06:01:22 UTC 2018: Working
Wed May 16 06:01:24 UTC 2018: Start minghzhang007__junit4 test class org.junit.tests.experimental.theories.runner.WithExtendedParameterSources
Wed May 16 06:01:24 UTC 2018: Setting lastTestMethodIndex: 64201
Wed May 16 06:01:24 UTC 2018: Starting linking
Wed May 16 06:01:24 UTC 2018: Linking done for minghzhang007__junit4 test class org.junit.tests.experimental.theories.runner.WithExtendedParameterSources
Wed May 16 06:01:25 UTC 2018: Found element on the queue
Wed May 16 06:01:25 UTC 2018: Updating status
Wed May 16 06:01:25 UTC 2018: Working
Wed May 16 06:01:27 UTC 2018: Start minghzhang007__junit4 test class org.junit.tests.experimental.theories.runner.WithNamedDataPoints
Wed May 16 06:01:27 UTC 2018: Setting lastTestMethodIndex: 64203
Wed May 16 06:01:27 UTC 2018: Starting linking
Wed May 16 06:01:27 UTC 2018: Linking done for minghzhang007__junit4 test class org.junit.tests.experimental.theories.runner.WithNamedDataPoints
Wed May 16 06:01:28 UTC 2018: Found element on the queue
Wed May 16 06:01:28 UTC 2018: Updating status
Wed May 16 06:01:28 UTC 2018: Working
Wed May 16 06:01:30 UTC 2018: Start minghzhang007__junit4 test class org.junit.tests.experimental.theories.runner.WithOnlyTestAnnotations
Wed May 16 06:01:30 UTC 2018: Setting lastTestMethodIndex: 64206
Wed May 16 06:01:30 UTC 2018: Starting linking
Wed May 16 06:01:30 UTC 2018: Linking done for minghzhang007__junit4 test class org.junit.tests.experimental.theories.runner.WithOnlyTestAnnotations
Wed May 16 06:01:31 UTC 2018: Found element on the queue
Wed May 16 06:01:31 UTC 2018: Updating status
Wed May 16 06:01:31 UTC 2018: Working
Wed May 16 06:01:33 UTC 2018: Start minghzhang007__junit4 test class org.junit.tests.experimental.theories.runner.WithParameterSupplier
Wed May 16 06:01:33 UTC 2018: Setting lastTestMethodIndex: 64208
Wed May 16 06:01:33 UTC 2018: Starting linking
Wed May 16 06:01:33 UTC 2018: Linking done for minghzhang007__junit4 test class org.junit.tests.experimental.theories.runner.WithParameterSupplier
Wed May 16 06:01:34 UTC 2018: Found element on the queue
Wed May 16 06:01:34 UTC 2018: Updating status
Wed May 16 06:01:34 UTC 2018: Working
Wed May 16 06:01:37 UTC 2018: Start minghzhang007__junit4 test class org.junit.tests.experimental.theories.runner.WithUnresolvedGenericTypeVariablesOnTheoryParms
Wed May 16 06:01:37 UTC 2018: Setting lastTestMethodIndex: 64211
Wed May 16 06:01:37 UTC 2018: Starting linking
Wed May 16 06:01:37 UTC 2018: No link for: org.junit.tests.experimental.theories.runner.WithUnresolvedGenericTypeVariablesOnTheoryParms-whereTypeVariableIsOnTheoryParm
Wed May 16 06:01:37 UTC 2018: No link for: org.junit.tests.experimental.theories.runner.WithUnresolvedGenericTypeVariablesOnTheoryParms-whereTypeVariableIsOnTheTheory
Wed May 16 06:01:37 UTC 2018: None match not added in database because it already exists
Wed May 16 06:01:37 UTC 2018: No link for: org.junit.tests.experimental.theories.runner.WithUnresolvedGenericTypeVariablesOnTheoryParms-whereTypeVariableIsOnArrayTypeOnTheoryParm
Wed May 16 06:01:38 UTC 2018: No link for: org.junit.tests.experimental.theories.runner.WithUnresolvedGenericTypeVariablesOnTheoryParms-whereTypeVariableIsOnTheoryClass
Wed May 16 06:01:38 UTC 2018: No link for: org.junit.tests.experimental.theories.runner.WithUnresolvedGenericTypeVariablesOnTheoryParms-whereTypeVariablesAbound
Wed May 16 06:01:39 UTC 2018: No link for: org.junit.tests.experimental.theories.runner.WithUnresolvedGenericTypeVariablesOnTheoryParms-whereTypeVariableIsOnParameterizedTheoryParm
Wed May 16 06:01:39 UTC 2018: No link for: org.junit.tests.experimental.theories.runner.WithUnresolvedGenericTypeVariablesOnTheoryParms-whereTypeVariableIsOnComponentOfArrayTypeOnTheoryParm
Wed May 16 06:01:39 UTC 2018: No link for: org.junit.tests.experimental.theories.runner.WithUnresolvedGenericTypeVariablesOnTheoryParms-whereTypeVariableIsOnWildcardUpperBoundOnTheoryParm
Wed May 16 06:01:40 UTC 2018: No link for: org.junit.tests.experimental.theories.runner.WithUnresolvedGenericTypeVariablesOnTheoryParms-whereTypeVariableIsOnWildcardLowerBoundOnTheoryParm
Wed May 16 06:01:40 UTC 2018: Linking done for minghzhang007__junit4 test class org.junit.tests.experimental.theories.runner.WithUnresolvedGenericTypeVariablesOnTheoryParms
Wed May 16 06:01:41 UTC 2018: Found element on the queue
Wed May 16 06:01:41 UTC 2018: Updating status
Wed May 16 06:01:41 UTC 2018: Working
Wed May 16 06:01:43 UTC 2018: Start minghzhang007__junit4 test class org.junit.tests.experimental.theories.ParameterSignatureTest
Wed May 16 06:01:43 UTC 2018: Setting lastTestMethodIndex: 64216
Wed May 16 06:01:43 UTC 2018: Starting linking
Wed May 16 06:01:43 UTC 2018: Code found org.junit.experimental.theories.ParameterSignature-getAnnotations with org.junit.tests.experimental.theories.ParameterSignatureTest-getAnnotations
Wed May 16 06:01:44 UTC 2018: Match not added in database because it already exists
Wed May 16 06:01:44 UTC 2018: No link for: org.junit.tests.experimental.theories.ParameterSignatureTest-wrapperTypesShouldBeAcceptedAsPrimitiveTypes
Wed May 16 06:01:44 UTC 2018: None match not added in database because it already exists
Wed May 16 06:01:44 UTC 2018: No link for: org.junit.tests.experimental.theories.ParameterSignatureTest-primitiveTypesShouldBeAcceptedAsWrapperTypes
Wed May 16 06:01:45 UTC 2018: None match not added in database because it already exists
Wed May 16 06:01:45 UTC 2018: No link for: org.junit.tests.experimental.theories.ParameterSignatureTest-primitiveTypesShouldBeAcceptedAsWrapperTypeAssignables
Wed May 16 06:01:45 UTC 2018: None match not added in database because it already exists
Wed May 16 06:01:45 UTC 2018: Linking done for minghzhang007__junit4 test class org.junit.tests.experimental.theories.ParameterSignatureTest
Wed May 16 06:01:45 UTC 2018: Found element on the queue
Wed May 16 06:01:45 UTC 2018: Updating status
Wed May 16 06:01:45 UTC 2018: Working
Wed May 16 06:01:48 UTC 2018: Start minghzhang007__junit4 test class org.junit.tests.experimental.theories.TestedOnSupplierTest
Wed May 16 06:01:48 UTC 2018: Setting lastTestMethodIndex: 64219
Wed May 16 06:01:48 UTC 2018: Starting linking
Wed May 16 06:01:48 UTC 2018: No link for: org.junit.tests.experimental.theories.TestedOnSupplierTest-descriptionStatesParameterName
Wed May 16 06:01:48 UTC 2018: None match not added in database because it already exists
Wed May 16 06:01:48 UTC 2018: Linking done for minghzhang007__junit4 test class org.junit.tests.experimental.theories.TestedOnSupplierTest
Wed May 16 06:01:49 UTC 2018: Found element on the queue
Wed May 16 06:01:49 UTC 2018: Updating status
Wed May 16 06:01:49 UTC 2018: Working
Wed May 16 06:01:51 UTC 2018: Start minghzhang007__junit4 test class org.junit.tests.experimental.theories.AssumingInTheoriesTest
Wed May 16 06:01:51 UTC 2018: Setting lastTestMethodIndex: 64222
Wed May 16 06:01:51 UTC 2018: Starting linking
Wed May 16 06:01:51 UTC 2018: No link for: org.junit.tests.experimental.theories.AssumingInTheoriesTest-noTheoryAnnotationMeansAssumeShouldIgnore
Wed May 16 06:01:52 UTC 2018: None match not added in database because it already exists
Wed May 16 06:01:52 UTC 2018: No link for: org.junit.tests.experimental.theories.AssumingInTheoriesTest-theoryMeansOnlyAssumeShouldFail
Wed May 16 06:01:52 UTC 2018: None match not added in database because it already exists
Wed May 16 06:01:52 UTC 2018: Linking done for minghzhang007__junit4 test class org.junit.tests.experimental.theories.AssumingInTheoriesTest
Wed May 16 06:01:53 UTC 2018: Found element on the queue
Wed May 16 06:01:53 UTC 2018: Updating status
Wed May 16 06:01:53 UTC 2018: Working
Wed May 16 06:01:55 UTC 2018: Start minghzhang007__junit4 test class org.junit.tests.experimental.theories.PotentialAssignmentTest
Wed May 16 06:01:55 UTC 2018: Setting lastTestMethodIndex: 64225
Wed May 16 06:01:55 UTC 2018: Starting linking
Wed May 16 06:01:55 UTC 2018: No link for: org.junit.tests.experimental.theories.PotentialAssignmentTest-shouldIncludeFailureInDescriptionIfToStringFails
Wed May 16 06:01:56 UTC 2018: None match not added in database because it already exists
Wed May 16 06:01:56 UTC 2018: No link for: org.junit.tests.experimental.theories.PotentialAssignmentTest-shouldUseQuotedValueInDescription
Wed May 16 06:01:56 UTC 2018: None match not added in database because it already exists
Wed May 16 06:01:56 UTC 2018: No link for: org.junit.tests.experimental.theories.PotentialAssignmentTest-shouldReturnGivenValue
Wed May 16 06:01:57 UTC 2018: None match not added in database because it already exists
Wed May 16 06:01:57 UTC 2018: No link for: org.junit.tests.experimental.theories.PotentialAssignmentTest-shouldNotUseQuotesForNullValueDescriptions
Wed May 16 06:01:57 UTC 2018: None match not added in database because it already exists
Wed May 16 06:01:57 UTC 2018: Linking done for minghzhang007__junit4 test class org.junit.tests.experimental.theories.PotentialAssignmentTest
Wed May 16 06:01:58 UTC 2018: Found element on the queue
Wed May 16 06:01:58 UTC 2018: Updating status
Wed May 16 06:01:58 UTC 2018: Working
Wed May 16 06:02:00 UTC 2018: Start minghzhang007__junit4 test class org.junit.tests.experimental.AssumptionTest
Wed May 16 06:02:00 UTC 2018: Setting lastTestMethodIndex: 64229
Wed May 16 06:02:00 UTC 2018: Starting linking
Wed May 16 06:02:00 UTC 2018: Linking done for minghzhang007__junit4 test class org.junit.tests.experimental.AssumptionTest
Wed May 16 06:02:01 UTC 2018: Found element on the queue
Wed May 16 06:02:01 UTC 2018: Updating status
Wed May 16 06:02:01 UTC 2018: Working
Wed May 16 06:02:03 UTC 2018: Start minghzhang007__junit4 test class org.junit.tests.experimental.MatcherTest
Wed May 16 06:02:03 UTC 2018: Setting lastTestMethodIndex: 64231
Wed May 16 06:02:03 UTC 2018: Starting linking
Wed May 16 06:02:03 UTC 2018: Linking done for minghzhang007__junit4 test class org.junit.tests.experimental.MatcherTest
Wed May 16 06:02:04 UTC 2018: Found element on the queue
Wed May 16 06:02:04 UTC 2018: Updating status
Wed May 16 06:02:04 UTC 2018: Working
Wed May 16 06:02:06 UTC 2018: Start minghzhang007__junit4 test class org.junit.tests.experimental.theories.extendingwithstubs.StubbedTheoriesTest
Wed May 16 06:02:06 UTC 2018: Setting lastTestMethodIndex: 64234
Wed May 16 06:02:06 UTC 2018: Starting linking
Wed May 16 06:02:06 UTC 2018: Linking done for minghzhang007__junit4 test class org.junit.tests.experimental.theories.extendingwithstubs.StubbedTheoriesTest
Wed May 16 06:02:07 UTC 2018: Found element on the queue
Wed May 16 06:02:07 UTC 2018: Updating status
Wed May 16 06:02:07 UTC 2018: Working
Wed May 16 06:02:09 UTC 2018: Start minghzhang007__junit4 test class org.junit.internal.builders.AnnotatedBuilderTest
Wed May 16 06:02:09 UTC 2018: Setting lastTestMethodIndex: 64236
Wed May 16 06:02:09 UTC 2018: Starting linking
Wed May 16 06:02:09 UTC 2018: No link for: org.junit.internal.builders.AnnotatedBuilderTest-test
Wed May 16 06:02:10 UTC 2018: No link for: org.junit.internal.builders.AnnotatedBuilderTest-topLevelTestClassWithAnnotation_isRunWithAnnotatedRunner
Wed May 16 06:02:10 UTC 2018: None match not added in database because it already exists
Wed May 16 06:02:10 UTC 2018: No link for: org.junit.internal.builders.AnnotatedBuilderTest-topLevelTestClassWithoutAnnotation_isRunWithDefaultRunner
Wed May 16 06:02:11 UTC 2018: None match not added in database because it already exists
Wed May 16 06:02:11 UTC 2018: No link for: org.junit.internal.builders.AnnotatedBuilderTest-memberClassDeepInsideAnnotatedTopLevelClass_isRunWithTopLevelRunner
Wed May 16 06:02:11 UTC 2018: None match not added in database because it already exists
Wed May 16 06:02:11 UTC 2018: No link for: org.junit.internal.builders.AnnotatedBuilderTest-annotatedMemberClassInsideAnnotatedTopLevelClass_isRunWithOwnRunner
Wed May 16 06:02:11 UTC 2018: None match not added in database because it already exists
Wed May 16 06:02:11 UTC 2018: No link for: org.junit.internal.builders.AnnotatedBuilderTest-memberClassDeepInsideAnnotatedMemberClass_isRunWithParentMemberClassRunner
Wed May 16 06:02:12 UTC 2018: None match not added in database because it already exists
Wed May 16 06:02:12 UTC 2018: No link for: org.junit.internal.builders.AnnotatedBuilderTest-memberClassInsideAnnotatedTopLevelClass_isRunWithTopLevelRunner
Wed May 16 06:02:12 UTC 2018: None match not added in database because it already exists
Wed May 16 06:02:12 UTC 2018: Linking done for minghzhang007__junit4 test class org.junit.internal.builders.AnnotatedBuilderTest
Wed May 16 06:02:13 UTC 2018: Found element on the queue
Wed May 16 06:02:13 UTC 2018: Updating status
Wed May 16 06:02:13 UTC 2018: Working
Wed May 16 06:02:15 UTC 2018: Start minghzhang007__junit4 test class org.junit.internal.runners.ErrorReportingRunnerTest
Wed May 16 06:02:15 UTC 2018: Setting lastTestMethodIndex: 64239
Wed May 16 06:02:15 UTC 2018: Starting linking
Wed May 16 06:02:15 UTC 2018: No link for: org.junit.internal.runners.ErrorReportingRunnerTest-cannotCreateWithoutClass
Wed May 16 06:02:16 UTC 2018: None match not added in database because it already exists
Wed May 16 06:02:16 UTC 2018: No link for: org.junit.internal.runners.ErrorReportingRunnerTest-cannotCreateWithNullClass
Wed May 16 06:02:16 UTC 2018: None match not added in database because it already exists
Wed May 16 06:02:16 UTC 2018: No link for: org.junit.internal.runners.ErrorReportingRunnerTest-cannotCreateWithNullClass2
Wed May 16 06:02:16 UTC 2018: None match not added in database because it already exists
Wed May 16 06:02:16 UTC 2018: No link for: org.junit.internal.runners.ErrorReportingRunnerTest-testMethodReturningString
Wed May 16 06:02:17 UTC 2018: No link for: org.junit.internal.runners.ErrorReportingRunnerTest-givenInvalidTestClassErrorAsCause
Wed May 16 06:02:17 UTC 2018: None match not added in database because it already exists
Wed May 16 06:02:17 UTC 2018: No link for: org.junit.internal.runners.ErrorReportingRunnerTest-cannotCreateWithNullClasses
Wed May 16 06:02:18 UTC 2018: None match not added in database because it already exists
Wed May 16 06:02:18 UTC 2018: No link for: org.junit.internal.runners.ErrorReportingRunnerTest-givenInvalidTestClass_integrationTest
Wed May 16 06:02:18 UTC 2018: None match not added in database because it already exists
Wed May 16 06:02:18 UTC 2018: Linking done for minghzhang007__junit4 test class org.junit.internal.runners.ErrorReportingRunnerTest
Wed May 16 06:02:19 UTC 2018: Found element on the queue
Wed May 16 06:02:19 UTC 2018: Updating status
Wed May 16 06:02:19 UTC 2018: Working
Wed May 16 06:02:21 UTC 2018: Start minghzhang007__junit4 test class org.junit.internal.runners.statements.ExpectExceptionTest
Wed May 16 06:02:21 UTC 2018: Setting lastTestMethodIndex: 64244
Wed May 16 06:02:21 UTC 2018: Starting linking
Wed May 16 06:02:21 UTC 2018: Code found org.junit.Assert-fail with org.junit.internal.runners.statements.ExpectExceptionTest-whenExpectingAssumptionViolatedExceptionStatementsThrowingDifferentExceptionShouldFail
Wed May 16 06:02:22 UTC 2018: Match not added in database because it already exists
Wed May 16 06:02:22 UTC 2018: Code found org.junit.Assert-fail with org.junit.internal.runners.statements.ExpectExceptionTest-whenExpectingAssumptionViolatedExceptionStatementsPassingShouldFail
Wed May 16 06:02:22 UTC 2018: Match not added in database because it already exists
Wed May 16 06:02:22 UTC 2018: No link for: org.junit.internal.runners.statements.ExpectExceptionTest-whenExpectingAssumptionViolatedExceptionStatementsThrowingItShouldPass
Wed May 16 06:02:22 UTC 2018: None match not added in database because it already exists
Wed May 16 06:02:22 UTC 2018: No link for: org.junit.internal.runners.statements.ExpectExceptionTest-whenExpectingAssumptionViolatedExceptionStatementsThrowingSubclassShouldPass
Wed May 16 06:02:23 UTC 2018: None match not added in database because it already exists
Wed May 16 06:02:23 UTC 2018: Linking done for minghzhang007__junit4 test class org.junit.internal.runners.statements.ExpectExceptionTest
Wed May 16 06:02:23 UTC 2018: Found element on the queue
Wed May 16 06:02:23 UTC 2018: Updating status
Wed May 16 06:02:23 UTC 2018: Working
Wed May 16 06:02:26 UTC 2018: Start minghzhang007__junit4 test class org.junit.internal.runners.statements.FailOnTimeoutTest
Wed May 16 06:02:26 UTC 2018: Setting lastTestMethodIndex: 64248
Wed May 16 06:02:26 UTC 2018: Starting linking
Wed May 16 06:02:26 UTC 2018: No link for: org.junit.internal.runners.statements.FailOnTimeoutTest-throwTimeoutExceptionOnSecondCallAlthoughFirstCallThrowsException
Wed May 16 06:02:26 UTC 2018: None match not added in database because it already exists
Wed May 16 06:02:26 UTC 2018: No link for: org.junit.internal.runners.statements.FailOnTimeoutTest-stackTraceContainsRealCauseOfTimeout
Wed May 16 06:02:27 UTC 2018: No link for: org.junit.internal.runners.statements.FailOnTimeoutTest-sendUpExceptionThrownByStatement
Wed May 16 06:02:27 UTC 2018: None match not added in database because it already exists
Wed May 16 06:02:27 UTC 2018: No link for: org.junit.internal.runners.statements.FailOnTimeoutTest-throwsTestTimedOutException
Wed May 16 06:02:27 UTC 2018: None match not added in database because it already exists
Wed May 16 06:02:27 UTC 2018: No link for: org.junit.internal.runners.statements.FailOnTimeoutTest-stopEndlessStatement
Wed May 16 06:02:28 UTC 2018: No link for: org.junit.internal.runners.statements.FailOnTimeoutTest-throwExceptionIfTheSecondCallToEvaluateNeedsTooMuchTime
Wed May 16 06:02:28 UTC 2018: None match not added in database because it already exists
Wed May 16 06:02:28 UTC 2018: No link for: org.junit.internal.runners.statements.FailOnTimeoutTest-throwsExceptionWithTimeoutValueAndTimeUnitSet
Wed May 16 06:02:29 UTC 2018: None match not added in database because it already exists
Wed May 16 06:02:29 UTC 2018: No link for: org.junit.internal.runners.statements.FailOnTimeoutTest-throwExceptionWithNiceMessageOnTimeout
Wed May 16 06:02:29 UTC 2018: None match not added in database because it already exists
Wed May 16 06:02:29 UTC 2018: Linking done for minghzhang007__junit4 test class org.junit.internal.runners.statements.FailOnTimeoutTest
Wed May 16 06:02:29 UTC 2018: Found element on the queue
Wed May 16 06:02:29 UTC 2018: Updating status
Wed May 16 06:02:29 UTC 2018: Working
Wed May 16 06:02:32 UTC 2018: Start minghzhang007__junit4 test class org.junit.internal.MethodSorterTest
Wed May 16 06:02:32 UTC 2018: Setting lastTestMethodIndex: 64252
Wed May 16 06:02:32 UTC 2018: Starting linking
Wed May 16 06:02:32 UTC 2018: Linking done for minghzhang007__junit4 test class org.junit.internal.MethodSorterTest
Wed May 16 06:02:33 UTC 2018: Found element on the queue
Wed May 16 06:02:33 UTC 2018: Updating status
Wed May 16 06:02:33 UTC 2018: Working
Wed May 16 06:02:35 UTC 2018: Start minghzhang007__junit4 test class org.junit.internal.matchers.StacktracePrintingMatcherTest
Wed May 16 06:02:35 UTC 2018: Setting lastTestMethodIndex: 64255
Wed May 16 06:02:35 UTC 2018: Starting linking
Wed May 16 06:02:35 UTC 2018: Code found org.junit.Assert-assertThat with org.junit.internal.matchers.StacktracePrintingMatcherTest-assertThatIncludesStacktrace
Wed May 16 06:02:36 UTC 2018: Match not added in database because it already exists
Wed May 16 06:02:36 UTC 2018: No link for: org.junit.internal.matchers.StacktracePrintingMatcherTest-failsWhenInnerMatcherFails
Wed May 16 06:02:36 UTC 2018: None match not added in database because it already exists
Wed May 16 06:02:36 UTC 2018: No link for: org.junit.internal.matchers.StacktracePrintingMatcherTest-succeedsWhenInnerMatcherSucceeds
Wed May 16 06:02:36 UTC 2018: None match not added in database because it already exists
Wed May 16 06:02:36 UTC 2018: Linking done for minghzhang007__junit4 test class org.junit.internal.matchers.StacktracePrintingMatcherTest
Wed May 16 06:02:37 UTC 2018: Found element on the queue
Wed May 16 06:02:37 UTC 2018: Updating status
Wed May 16 06:02:37 UTC 2018: Working
Wed May 16 06:02:40 UTC 2018: Start minghzhang007__junit4 test class org.junit.internal.StackTracesTest
Wed May 16 06:02:40 UTC 2018: Setting lastTestMethodIndex: 64258
Wed May 16 06:02:40 UTC 2018: Starting linking
Wed May 16 06:02:40 UTC 2018: No link for: org.junit.internal.StackTracesTest-getTrimmedStackForJUnit4TestFailingInBeforeMethod
Wed May 16 06:02:40 UTC 2018: None match not added in database because it already exists
Wed May 16 06:02:40 UTC 2018: No link for: org.junit.internal.StackTracesTest-getTrimmedStackForJUnit4TestFailingInMethodRule
Wed May 16 06:02:41 UTC 2018: None match not added in database because it already exists
Wed May 16 06:02:41 UTC 2018: No link for: org.junit.internal.StackTracesTest-getTrimmedStackForJUnit3TestFailingInSetupMethod
Wed May 16 06:02:41 UTC 2018: None match not added in database because it already exists
Wed May 16 06:02:41 UTC 2018: No link for: org.junit.internal.StackTracesTest-alwaysThrows
Wed May 16 06:02:41 UTC 2018: No link for: org.junit.internal.StackTracesTest-alwaysPasses
Wed May 16 06:02:42 UTC 2018: No link for: org.junit.internal.StackTracesTest-getTrimmedStackForJUnit4TestFailingInTestRule
Wed May 16 06:02:42 UTC 2018: None match not added in database because it already exists
Wed May 16 06:02:42 UTC 2018: No link for: org.junit.internal.StackTracesTest-getTrimmedStackForJUnit4TestFailingInTestMethodWithCause
Wed May 16 06:02:43 UTC 2018: None match not added in database because it already exists
Wed May 16 06:02:43 UTC 2018: No link for: org.junit.internal.StackTracesTest-getTrimmedStackForJUnit3TestFailingInTestMethod
Wed May 16 06:02:43 UTC 2018: None match not added in database because it already exists
Wed May 16 06:02:43 UTC 2018: No link for: org.junit.internal.StackTracesTest-getTrimmedStackForJUnit4TestFailingInTestMethod
Wed May 16 06:02:43 UTC 2018: None match not added in database because it already exists
Wed May 16 06:02:43 UTC 2018: Linking done for minghzhang007__junit4 test class org.junit.internal.StackTracesTest
Wed May 16 06:02:44 UTC 2018: Found element on the queue
Wed May 16 06:02:44 UTC 2018: Updating status
Wed May 16 06:02:44 UTC 2018: Working
Wed May 16 06:02:46 UTC 2018: Start minghzhang007__junit4 test class org.junit.internal.matchers.ThrowableCauseMatcherTest
Wed May 16 06:02:47 UTC 2018: Setting lastTestMethodIndex: 64262
Wed May 16 06:02:47 UTC 2018: Starting linking
Wed May 16 06:02:47 UTC 2018: No link for: org.junit.internal.matchers.ThrowableCauseMatcherTest-shouldAllowCauseOfDifferentClassFromRoot
Wed May 16 06:02:47 UTC 2018: None match not added in database because it already exists
Wed May 16 06:02:47 UTC 2018: Linking done for minghzhang007__junit4 test class org.junit.internal.matchers.ThrowableCauseMatcherTest
Wed May 16 06:02:47 UTC 2018: Found element on the queue
Wed May 16 06:02:47 UTC 2018: Updating status
Wed May 16 06:02:47 UTC 2018: Working
Wed May 16 06:02:50 UTC 2018: Start minghzhang007__junit4 test class org.junit.internal.ArrayComparisonFailureTest
Wed May 16 06:02:50 UTC 2018: Setting lastTestMethodIndex: 64265
Wed May 16 06:02:50 UTC 2018: Starting linking
Wed May 16 06:02:50 UTC 2018: No link for: org.junit.internal.ArrayComparisonFailureTest-classShouldAccept411Version
Wed May 16 06:02:50 UTC 2018: None match not added in database because it already exists
Wed May 16 06:02:50 UTC 2018: No link for: org.junit.internal.ArrayComparisonFailureTest-classShouldAccept412Version
Wed May 16 06:02:51 UTC 2018: None match not added in database because it already exists
Wed May 16 06:02:51 UTC 2018: Linking done for minghzhang007__junit4 test class org.junit.internal.ArrayComparisonFailureTest
Wed May 16 06:02:51 UTC 2018: Found element on the queue
Wed May 16 06:02:51 UTC 2018: Updating status
Wed May 16 06:02:51 UTC 2018: Working
Wed May 16 06:02:54 UTC 2018: Start minghzhang007__junit4 test class org.junit.tests.junit3compatibility.AllTestsTest
Wed May 16 06:02:54 UTC 2018: Setting lastTestMethodIndex: 64269
Wed May 16 06:02:54 UTC 2018: Starting linking
Wed May 16 06:02:54 UTC 2018: Linking done for minghzhang007__junit4 test class org.junit.tests.junit3compatibility.AllTestsTest
Wed May 16 06:02:54 UTC 2018: Found element on the queue
Wed May 16 06:02:54 UTC 2018: Updating status
Wed May 16 06:02:54 UTC 2018: Working
Wed May 16 06:02:57 UTC 2018: Start minghzhang007__junit4 test class org.junit.tests.junit3compatibility.ClassRequestTest
Wed May 16 06:02:57 UTC 2018: Setting lastTestMethodIndex: 64272
Wed May 16 06:02:57 UTC 2018: Starting linking
Wed May 16 06:02:57 UTC 2018: Linking done for minghzhang007__junit4 test class org.junit.tests.junit3compatibility.ClassRequestTest
Wed May 16 06:02:57 UTC 2018: Found element on the queue
Wed May 16 06:02:57 UTC 2018: Updating status
Wed May 16 06:02:57 UTC 2018: Working
Wed May 16 06:03:01 UTC 2018: Start minghzhang007__junit4 test class org.junit.tests.junit3compatibility.ForwardCompatibilityPrintingTest
Wed May 16 06:03:01 UTC 2018: Setting lastTestMethodIndex: 64274
Wed May 16 06:03:01 UTC 2018: Starting linking
Wed May 16 06:03:01 UTC 2018: Linking done for minghzhang007__junit4 test class org.junit.tests.junit3compatibility.ForwardCompatibilityPrintingTest
Wed May 16 06:03:01 UTC 2018: Found element on the queue
Wed May 16 06:03:01 UTC 2018: Updating status
Wed May 16 06:03:01 UTC 2018: Working
Wed May 16 06:03:05 UTC 2018: Start minghzhang007__junit4 test class org.junit.tests.junit3compatibility.ForwardCompatibilityTest
Wed May 16 06:03:05 UTC 2018: Setting lastTestMethodIndex: 64277
Wed May 16 06:03:05 UTC 2018: Starting linking
Wed May 16 06:03:05 UTC 2018: Linking done for minghzhang007__junit4 test class org.junit.tests.junit3compatibility.ForwardCompatibilityTest
Wed May 16 06:03:05 UTC 2018: Found element on the queue
Wed May 16 06:03:05 UTC 2018: Updating status
Wed May 16 06:03:05 UTC 2018: Working
Wed May 16 06:03:08 UTC 2018: Start minghzhang007__junit4 test class org.junit.tests.junit3compatibility.InitializationErrorForwardCompatibilityTest
Wed May 16 06:03:08 UTC 2018: Setting lastTestMethodIndex: 64280
Wed May 16 06:03:08 UTC 2018: Starting linking
Wed May 16 06:03:08 UTC 2018: Linking done for minghzhang007__junit4 test class org.junit.tests.junit3compatibility.InitializationErrorForwardCompatibilityTest
Wed May 16 06:03:08 UTC 2018: Found element on the queue
Wed May 16 06:03:08 UTC 2018: Updating status
Wed May 16 06:03:08 UTC 2018: Working
Wed May 16 06:03:11 UTC 2018: Start minghzhang007__junit4 test class org.junit.tests.junit3compatibility.JUnit38ClassRunnerTest
Wed May 16 06:03:11 UTC 2018: Setting lastTestMethodIndex: 64282
Wed May 16 06:03:11 UTC 2018: Starting linking
Wed May 16 06:03:11 UTC 2018: Linking done for minghzhang007__junit4 test class org.junit.tests.junit3compatibility.JUnit38ClassRunnerTest
Wed May 16 06:03:11 UTC 2018: Found element on the queue
Wed May 16 06:03:11 UTC 2018: Updating status
Wed May 16 06:03:11 UTC 2018: Working
Wed May 16 06:03:14 UTC 2018: Start minghzhang007__junit4 test class org.junit.tests.junit3compatibility.JUnit4TestAdapterTest
Wed May 16 06:03:22 UTC 2018: Setting lastTestMethodIndex: 64284
Wed May 16 06:03:22 UTC 2018: Starting linking
Wed May 16 06:03:22 UTC 2018: Linking done for minghzhang007__junit4 test class org.junit.tests.junit3compatibility.JUnit4TestAdapterTest
Wed May 16 06:03:22 UTC 2018: Found element on the queue
Wed May 16 06:03:22 UTC 2018: Updating status
Wed May 16 06:03:22 UTC 2018: Working
Wed May 16 06:03:25 UTC 2018: Start minghzhang007__junit4 test class org.junit.tests.junit3compatibility.OldTestClassAdaptingListenerTest
Wed May 16 06:03:25 UTC 2018: Setting lastTestMethodIndex: 64285
Wed May 16 06:03:25 UTC 2018: Starting linking
Wed May 16 06:03:25 UTC 2018: Code found org.junit.internal.runners.JUnit38ClassRunner$OldTestClassAdaptingListener-addFailure with org.junit.tests.junit3compatibility.OldTestClassAdaptingListenerTest-addFailureDelegatesToNotifier
Wed May 16 06:03:25 UTC 2018: Match not added in database because it already exists
Wed May 16 06:03:25 UTC 2018: Linking done for minghzhang007__junit4 test class org.junit.tests.junit3compatibility.OldTestClassAdaptingListenerTest
Wed May 16 06:03:26 UTC 2018: Found element on the queue
Wed May 16 06:03:26 UTC 2018: Updating status
Wed May 16 06:03:26 UTC 2018: Working
Wed May 16 06:03:29 UTC 2018: Start minghzhang007__junit4 test class junit.tests.framework.TestCaseTest
Wed May 16 06:03:29 UTC 2018: Setting lastTestMethodIndex: 64288
Wed May 16 06:03:29 UTC 2018: Starting linking
Wed May 16 06:03:29 UTC 2018: Linking done for minghzhang007__junit4 test class junit.tests.framework.TestCaseTest
Wed May 16 06:03:30 UTC 2018: Found element on the queue
Wed May 16 06:03:30 UTC 2018: Updating status
Wed May 16 06:03:30 UTC 2018: Working
Wed May 16 06:03:32 UTC 2018: Start minghzhang007__junit4 test class junit.tests.framework.SuiteTest
Wed May 16 06:03:32 UTC 2018: Setting lastTestMethodIndex: 64289
Wed May 16 06:03:32 UTC 2018: Starting linking
Wed May 16 06:03:32 UTC 2018: Linking done for minghzhang007__junit4 test class junit.tests.framework.SuiteTest
Wed May 16 06:03:33 UTC 2018: Found element on the queue
Wed May 16 06:03:33 UTC 2018: Updating status
Wed May 16 06:03:33 UTC 2018: Working
Wed May 16 06:03:35 UTC 2018: Start minghzhang007__junit4 test class junit.tests.framework.TestListenerTest
Wed May 16 06:03:35 UTC 2018: Setting lastTestMethodIndex: 64292
Wed May 16 06:03:35 UTC 2018: Starting linking
Wed May 16 06:03:35 UTC 2018: Linking done for minghzhang007__junit4 test class junit.tests.framework.TestListenerTest
Wed May 16 06:03:36 UTC 2018: Found element on the queue
Wed May 16 06:03:36 UTC 2018: Updating status
Wed May 16 06:03:36 UTC 2018: Working
Wed May 16 06:03:38 UTC 2018: Start minghzhang007__junit4 test class junit.tests.framework.AssertionFailedErrorTest
Wed May 16 06:03:38 UTC 2018: Setting lastTestMethodIndex: 64295
Wed May 16 06:03:38 UTC 2018: Starting linking
Wed May 16 06:03:38 UTC 2018: Linking done for minghzhang007__junit4 test class junit.tests.framework.AssertionFailedErrorTest
Wed May 16 06:03:39 UTC 2018: Found element on the queue
Wed May 16 06:03:39 UTC 2018: Updating status
Wed May 16 06:03:39 UTC 2018: Working
Wed May 16 06:03:41 UTC 2018: Start minghzhang007__junit4 test class junit.tests.framework.AssertTest
Wed May 16 06:03:41 UTC 2018: Setting lastTestMethodIndex: 64298
Wed May 16 06:03:41 UTC 2018: Starting linking
Wed May 16 06:03:41 UTC 2018: Linking done for minghzhang007__junit4 test class junit.tests.framework.AssertTest
Wed May 16 06:03:42 UTC 2018: Found element on the queue
Wed May 16 06:03:42 UTC 2018: Updating status
Wed May 16 06:03:42 UTC 2018: Working
Wed May 16 06:03:44 UTC 2018: Start minghzhang007__junit4 test class junit.tests.framework.TestImplementorTest
Wed May 16 06:03:44 UTC 2018: Setting lastTestMethodIndex: 64299
Wed May 16 06:03:44 UTC 2018: Starting linking
Wed May 16 06:03:44 UTC 2018: Linking done for minghzhang007__junit4 test class junit.tests.framework.TestImplementorTest
Wed May 16 06:03:45 UTC 2018: Found element on the queue
Wed May 16 06:03:45 UTC 2018: Updating status
Wed May 16 06:03:45 UTC 2018: Working
Wed May 16 06:03:47 UTC 2018: Start minghzhang007__junit4 test class junit.tests.framework.NoArgTestCaseTest
Wed May 16 06:03:47 UTC 2018: Setting lastTestMethodIndex: 64301
Wed May 16 06:03:47 UTC 2018: Starting linking
Wed May 16 06:03:47 UTC 2018: Linking done for minghzhang007__junit4 test class junit.tests.framework.NoArgTestCaseTest
Wed May 16 06:03:48 UTC 2018: Found element on the queue
Wed May 16 06:03:48 UTC 2018: Updating status
Wed May 16 06:03:48 UTC 2018: Working
Wed May 16 06:03:50 UTC 2018: Start minghzhang007__junit4 test class junit.tests.framework.ComparisonCompactorTest
Wed May 16 06:03:50 UTC 2018: Setting lastTestMethodIndex: 64304
Wed May 16 06:03:50 UTC 2018: Starting linking
Wed May 16 06:03:50 UTC 2018: Linking done for minghzhang007__junit4 test class junit.tests.framework.ComparisonCompactorTest
Wed May 16 06:03:51 UTC 2018: Found element on the queue
Wed May 16 06:03:51 UTC 2018: Updating status
Wed May 16 06:03:51 UTC 2018: Working
Wed May 16 06:03:53 UTC 2018: Start minghzhang007__junit4 test class junit.tests.framework.ComparisonFailureTest
Wed May 16 06:03:53 UTC 2018: Setting lastTestMethodIndex: 64307
Wed May 16 06:03:53 UTC 2018: Starting linking
Wed May 16 06:03:53 UTC 2018: Linking done for minghzhang007__junit4 test class junit.tests.framework.ComparisonFailureTest
Wed May 16 06:03:53 UTC 2018: Found element on the queue
Wed May 16 06:03:53 UTC 2018: Updating status
Wed May 16 06:03:53 UTC 2018: Working
Wed May 16 06:03:56 UTC 2018: Start minghzhang007__junit4 test class junit.tests.framework.DoublePrecisionAssertTest
Wed May 16 06:03:56 UTC 2018: Setting lastTestMethodIndex: 64309
Wed May 16 06:03:56 UTC 2018: Starting linking
Wed May 16 06:03:56 UTC 2018: Linking done for minghzhang007__junit4 test class junit.tests.framework.DoublePrecisionAssertTest
Wed May 16 06:03:56 UTC 2018: Found element on the queue
Wed May 16 06:03:56 UTC 2018: Updating status
Wed May 16 06:03:56 UTC 2018: Working
Wed May 16 06:03:59 UTC 2018: Start minghzhang007__junit4 test class junit.tests.framework.FloatAssertTest
Wed May 16 06:03:59 UTC 2018: Setting lastTestMethodIndex: 64312
Wed May 16 06:03:59 UTC 2018: Starting linking
Wed May 16 06:03:59 UTC 2018: Linking done for minghzhang007__junit4 test class junit.tests.framework.FloatAssertTest
Wed May 16 06:03:59 UTC 2018: Found element on the queue
Wed May 16 06:03:59 UTC 2018: Updating status
Wed May 16 06:03:59 UTC 2018: Working
Wed May 16 06:04:02 UTC 2018: Start minghzhang007__junit4 test class junit.tests.runner.StackFilterTest
Wed May 16 06:04:02 UTC 2018: Setting lastTestMethodIndex: 64314
Wed May 16 06:04:02 UTC 2018: Starting linking
Wed May 16 06:04:02 UTC 2018: Linking done for minghzhang007__junit4 test class junit.tests.runner.StackFilterTest
Wed May 16 06:04:02 UTC 2018: Found element on the queue
Wed May 16 06:04:02 UTC 2018: Updating status
Wed May 16 06:04:02 UTC 2018: Working
Wed May 16 06:04:05 UTC 2018: Start minghzhang007__junit4 test class junit.tests.runner.ResultTest
Wed May 16 06:04:05 UTC 2018: Setting lastTestMethodIndex: 64316
Wed May 16 06:04:05 UTC 2018: Starting linking
Wed May 16 06:04:05 UTC 2018: Linking done for minghzhang007__junit4 test class junit.tests.runner.ResultTest
Wed May 16 06:04:05 UTC 2018: Found element on the queue
Wed May 16 06:04:05 UTC 2018: Updating status
Wed May 16 06:04:05 UTC 2018: Working
Wed May 16 06:04:08 UTC 2018: Start minghzhang007__junit4 test class junit.tests.runner.BaseTestRunnerTest
Wed May 16 06:04:08 UTC 2018: Setting lastTestMethodIndex: 64318
Wed May 16 06:04:08 UTC 2018: Starting linking
Wed May 16 06:04:08 UTC 2018: Linking done for minghzhang007__junit4 test class junit.tests.runner.BaseTestRunnerTest
Wed May 16 06:04:08 UTC 2018: Found element on the queue
Wed May 16 06:04:08 UTC 2018: Updating status
Wed May 16 06:04:08 UTC 2018: Working
Wed May 16 06:04:10 UTC 2018: Start minghzhang007__junit4 test class junit.tests.runner.TextFeedbackTest
Wed May 16 06:04:11 UTC 2018: Setting lastTestMethodIndex: 64321
Wed May 16 06:04:11 UTC 2018: Starting linking
Wed May 16 06:04:11 UTC 2018: Linking done for minghzhang007__junit4 test class junit.tests.runner.TextFeedbackTest
Wed May 16 06:04:11 UTC 2018: Found element on the queue
Wed May 16 06:04:11 UTC 2018: Updating status
Wed May 16 06:04:11 UTC 2018: Working
Wed May 16 06:04:13 UTC 2018: Start minghzhang007__junit4 test class junit.tests.runner.TextRunnerSingleMethodTest
Wed May 16 06:04:13 UTC 2018: Setting lastTestMethodIndex: 64323
Wed May 16 06:04:13 UTC 2018: Starting linking
Wed May 16 06:04:13 UTC 2018: Linking done for minghzhang007__junit4 test class junit.tests.runner.TextRunnerSingleMethodTest
Wed May 16 06:04:14 UTC 2018: Found element on the queue
Wed May 16 06:04:14 UTC 2018: Updating status
Wed May 16 06:04:14 UTC 2018: Working
Wed May 16 06:04:16 UTC 2018: Start minghzhang007__junit4 test class junit.tests.runner.TextRunnerTest
Wed May 16 06:04:16 UTC 2018: Setting lastTestMethodIndex: 64325
Wed May 16 06:04:16 UTC 2018: Starting linking
Wed May 16 06:04:16 UTC 2018: Linking done for minghzhang007__junit4 test class junit.tests.runner.TextRunnerTest
Wed May 16 06:04:17 UTC 2018: Found element on the queue
Wed May 16 06:04:17 UTC 2018: Updating status
Wed May 16 06:04:17 UTC 2018: Working
Wed May 16 06:04:19 UTC 2018: Start minghzhang007__junit4 test class junit.tests.extensions.ExtensionTest
Wed May 16 06:04:19 UTC 2018: Setting lastTestMethodIndex: 64327
Wed May 16 06:04:19 UTC 2018: Starting linking
Wed May 16 06:04:19 UTC 2018: Linking done for minghzhang007__junit4 test class junit.tests.extensions.ExtensionTest
Wed May 16 06:04:20 UTC 2018: Found element on the queue
Wed May 16 06:04:20 UTC 2018: Updating status
Wed May 16 06:04:20 UTC 2018: Working
Wed May 16 06:04:22 UTC 2018: Start minghzhang007__junit4 test class junit.tests.extensions.ActiveTestTest
Wed May 16 06:04:22 UTC 2018: Setting lastTestMethodIndex: 64330
Wed May 16 06:04:22 UTC 2018: Starting linking
Wed May 16 06:04:22 UTC 2018: Linking done for minghzhang007__junit4 test class junit.tests.extensions.ActiveTestTest
Wed May 16 06:04:23 UTC 2018: Found element on the queue
Wed May 16 06:04:23 UTC 2018: Updating status
Wed May 16 06:04:23 UTC 2018: Working
Wed May 16 06:04:25 UTC 2018: Start minghzhang007__junit4 test class junit.tests.extensions.RepeatedTestTest
Wed May 16 06:04:25 UTC 2018: Setting lastTestMethodIndex: 64332
Wed May 16 06:04:25 UTC 2018: Starting linking
Wed May 16 06:04:25 UTC 2018: Linking done for minghzhang007__junit4 test class junit.tests.extensions.RepeatedTestTest
Wed May 16 06:04:26 UTC 2018: Found element on the queue
Wed May 16 06:04:26 UTC 2018: Updating status
Wed May 16 06:04:26 UTC 2018: Working
Wed May 16 06:04:28 UTC 2018: Start minghzhang007__junit4 test class org.junit.tests.junit3compatibility.SuiteMethodTest
Wed May 16 06:04:28 UTC 2018: Setting lastTestMethodIndex: 64334
Wed May 16 06:04:28 UTC 2018: Starting linking
Wed May 16 06:04:28 UTC 2018: Linking done for minghzhang007__junit4 test class org.junit.tests.junit3compatibility.SuiteMethodTest
Wed May 16 06:04:29 UTC 2018: Found element on the queue
Wed May 16 06:04:29 UTC 2018: Updating status
Wed May 16 06:04:29 UTC 2018: Working
Wed May 16 06:04:31 UTC 2018: Start minghzhang007__junit4 test class org.junit.tests.listening.ListenerTest
Wed May 16 06:04:31 UTC 2018: Setting lastTestMethodIndex: 64336
Wed May 16 06:04:31 UTC 2018: Starting linking
Wed May 16 06:04:31 UTC 2018: Linking done for minghzhang007__junit4 test class org.junit.tests.listening.ListenerTest
Wed May 16 06:04:32 UTC 2018: Found element on the queue
Wed May 16 06:04:32 UTC 2018: Updating status
Wed May 16 06:04:32 UTC 2018: Working
Wed May 16 06:04:34 UTC 2018: Start minghzhang007__junit4 test class org.junit.tests.listening.RunnerTest
Wed May 16 06:04:34 UTC 2018: Setting lastTestMethodIndex: 64337
Wed May 16 06:04:34 UTC 2018: Starting linking
Wed May 16 06:04:34 UTC 2018: Linking done for minghzhang007__junit4 test class org.junit.tests.listening.RunnerTest
Wed May 16 06:04:35 UTC 2018: Found element on the queue
Wed May 16 06:04:35 UTC 2018: Updating status
Wed May 16 06:04:35 UTC 2018: Working
Wed May 16 06:04:37 UTC 2018: Start minghzhang007__junit4 test class org.junit.tests.listening.TestListenerTest
Wed May 16 06:04:37 UTC 2018: Setting lastTestMethodIndex: 64339
Wed May 16 06:04:37 UTC 2018: Starting linking
Wed May 16 06:04:37 UTC 2018: Linking done for minghzhang007__junit4 test class org.junit.tests.listening.TestListenerTest
Wed May 16 06:04:38 UTC 2018: Found element on the queue
Wed May 16 06:04:38 UTC 2018: Updating status
Wed May 16 06:04:38 UTC 2018: Working
Wed May 16 06:04:40 UTC 2018: Start minghzhang007__junit4 test class org.junit.tests.listening.TextListenerTest
Wed May 16 06:04:41 UTC 2018: Setting lastTestMethodIndex: 64340
Wed May 16 06:04:41 UTC 2018: Starting linking
Wed May 16 06:04:41 UTC 2018: Linking done for minghzhang007__junit4 test class org.junit.tests.listening.TextListenerTest
Wed May 16 06:04:41 UTC 2018: Found element on the queue
Wed May 16 06:04:41 UTC 2018: Updating status
Wed May 16 06:04:41 UTC 2018: Working
Wed May 16 06:04:44 UTC 2018: Start minghzhang007__junit4 test class org.junit.tests.listening.UserStopTest
Wed May 16 06:04:44 UTC 2018: Setting lastTestMethodIndex: 64342
Wed May 16 06:04:44 UTC 2018: Starting linking
Wed May 16 06:04:44 UTC 2018: Code found org.junit.internal.runners.ErrorReportingRunner-run with org.junit.tests.listening.UserStopTest-stopClassRunner
Wed May 16 06:04:44 UTC 2018: No link for: org.junit.tests.listening.UserStopTest-userStop
Wed May 16 06:04:45 UTC 2018: None match not added in database because it already exists
Wed May 16 06:04:45 UTC 2018: No link for: org.junit.tests.listening.UserStopTest-foo
Wed May 16 06:04:45 UTC 2018: Linking done for minghzhang007__junit4 test class org.junit.tests.listening.UserStopTest
Wed May 16 06:04:46 UTC 2018: Found element on the queue
Wed May 16 06:04:46 UTC 2018: Updating status
Wed May 16 06:04:46 UTC 2018: Working
Wed May 16 06:04:48 UTC 2018: Start minghzhang007__junit4 test class org.junit.tests.manipulation.FilterableTest
Wed May 16 06:04:48 UTC 2018: Setting lastTestMethodIndex: 64345
Wed May 16 06:04:48 UTC 2018: Starting linking
Wed May 16 06:04:48 UTC 2018: Linking done for minghzhang007__junit4 test class org.junit.tests.manipulation.FilterableTest
Wed May 16 06:04:49 UTC 2018: Found element on the queue
Wed May 16 06:04:49 UTC 2018: Updating status
Wed May 16 06:04:49 UTC 2018: Working
Wed May 16 06:04:51 UTC 2018: Start minghzhang007__junit4 test class org.junit.tests.manipulation.FilterTest
Wed May 16 06:04:51 UTC 2018: Setting lastTestMethodIndex: 64347
Wed May 16 06:04:51 UTC 2018: Starting linking
Wed May 16 06:04:51 UTC 2018: Linking done for minghzhang007__junit4 test class org.junit.tests.manipulation.FilterTest
Wed May 16 06:04:52 UTC 2018: Found element on the queue
Wed May 16 06:04:52 UTC 2018: Updating status
Wed May 16 06:04:52 UTC 2018: Working
Wed May 16 06:04:54 UTC 2018: Start minghzhang007__junit4 test class org.junit.tests.manipulation.SingleMethodTest
Wed May 16 06:04:54 UTC 2018: Setting lastTestMethodIndex: 64349
Wed May 16 06:04:54 UTC 2018: Starting linking
Wed May 16 06:04:54 UTC 2018: Linking done for minghzhang007__junit4 test class org.junit.tests.manipulation.SingleMethodTest
Wed May 16 06:04:55 UTC 2018: Found element on the queue
Wed May 16 06:04:55 UTC 2018: Updating status
Wed May 16 06:04:55 UTC 2018: Working
Wed May 16 06:04:58 UTC 2018: Start minghzhang007__junit4 test class org.junit.rules.BlockJUnit4ClassRunnerOverrideTest
Wed May 16 06:04:58 UTC 2018: Setting lastTestMethodIndex: 64352
Wed May 16 06:04:58 UTC 2018: Starting linking
Wed May 16 06:04:58 UTC 2018: Linking done for minghzhang007__junit4 test class org.junit.rules.BlockJUnit4ClassRunnerOverrideTest
Wed May 16 06:04:58 UTC 2018: Found element on the queue
Wed May 16 06:04:58 UTC 2018: Updating status
Wed May 16 06:04:58 UTC 2018: Working
Wed May 16 06:05:01 UTC 2018: Start minghzhang007__junit4 test class org.junit.rules.ClassRulesTest
Wed May 16 06:05:01 UTC 2018: Setting lastTestMethodIndex: 64355
Wed May 16 06:05:01 UTC 2018: Starting linking
Wed May 16 06:05:01 UTC 2018: Linking done for minghzhang007__junit4 test class org.junit.rules.ClassRulesTest
Wed May 16 06:05:01 UTC 2018: Found element on the queue
Wed May 16 06:05:01 UTC 2018: Updating status
Wed May 16 06:05:01 UTC 2018: Working
Wed May 16 06:05:04 UTC 2018: Start minghzhang007__junit4 test class org.junit.rules.DisableOnDebugTest
Wed May 16 06:05:04 UTC 2018: Setting lastTestMethodIndex: 64357
Wed May 16 06:05:04 UTC 2018: Starting linking
Wed May 16 06:05:04 UTC 2018: Linking done for minghzhang007__junit4 test class org.junit.rules.DisableOnDebugTest
Wed May 16 06:05:04 UTC 2018: Found element on the queue
Wed May 16 06:05:04 UTC 2018: Updating status
Wed May 16 06:05:04 UTC 2018: Working
Wed May 16 06:05:07 UTC 2018: Start minghzhang007__junit4 test class org.junit.rules.ExpectedExceptionTest
Wed May 16 06:05:07 UTC 2018: Setting lastTestMethodIndex: 64360
Wed May 16 06:05:07 UTC 2018: Starting linking
Wed May 16 06:05:07 UTC 2018: Code found org.junit.runner.JUnitCore-run with org.junit.rules.ExpectedExceptionTest-runTestAndVerifyResult
Wed May 16 06:05:07 UTC 2018: Match not added in database because it already exists
Wed May 16 06:05:07 UTC 2018: No link for: org.junit.rules.ExpectedExceptionTest-throwsNullPointerExceptionWithMessage
Wed May 16 06:05:08 UTC 2018: No link for: org.junit.rules.ExpectedExceptionTest-doesntThrowNullPointerException
Wed May 16 06:05:08 UTC 2018: No link for: org.junit.rules.ExpectedExceptionTest-throwExceptionWithMatchingCause
Wed May 16 06:05:09 UTC 2018: No link for: org.junit.rules.ExpectedExceptionTest-throwsNullPointerException
Wed May 16 06:05:09 UTC 2018: No link for: org.junit.rules.ExpectedExceptionTest-throwsMore
Wed May 16 06:05:10 UTC 2018: No link for: org.junit.rules.ExpectedExceptionTest-fails
Wed May 16 06:05:10 UTC 2018: No link for: org.junit.rules.ExpectedExceptionTest-failedAssumption
Wed May 16 06:05:10 UTC 2018: No link for: org.junit.rules.ExpectedExceptionTest-doesntThrowAnything
Wed May 16 06:05:11 UTC 2018: No link for: org.junit.rules.ExpectedExceptionTest-throwWithCause
Wed May 16 06:05:11 UTC 2018: No link for: org.junit.rules.ExpectedExceptionTest-throwsNothing
Wed May 16 06:05:12 UTC 2018: No link for: org.junit.rules.ExpectedExceptionTest-throwExpectedNullCause
Wed May 16 06:05:12 UTC 2018: No link for: org.junit.rules.ExpectedExceptionTest-noThrow
Wed May 16 06:05:13 UTC 2018: Linking done for minghzhang007__junit4 test class org.junit.rules.ExpectedExceptionTest
Wed May 16 06:05:13 UTC 2018: Found element on the queue
Wed May 16 06:05:13 UTC 2018: Updating status
Wed May 16 06:05:13 UTC 2018: Working
Wed May 16 06:05:16 UTC 2018: Start minghzhang007__junit4 test class org.junit.rules.ExternalResourceRuleTest
Wed May 16 06:05:16 UTC 2018: Setting lastTestMethodIndex: 64365
Wed May 16 06:05:16 UTC 2018: Starting linking
Wed May 16 06:05:16 UTC 2018: Linking done for minghzhang007__junit4 test class org.junit.rules.ExternalResourceRuleTest
Wed May 16 06:05:16 UTC 2018: Found element on the queue
Wed May 16 06:05:16 UTC 2018: Updating status
Wed May 16 06:05:16 UTC 2018: Working
Wed May 16 06:05:19 UTC 2018: Start minghzhang007__junit4 test class org.junit.rules.MethodRulesTest
Wed May 16 06:05:19 UTC 2018: Setting lastTestMethodIndex: 64368
Wed May 16 06:05:19 UTC 2018: Starting linking
Wed May 16 06:05:19 UTC 2018: Linking done for minghzhang007__junit4 test class org.junit.rules.MethodRulesTest
Wed May 16 06:05:19 UTC 2018: Found element on the queue
Wed May 16 06:05:19 UTC 2018: Updating status
Wed May 16 06:05:19 UTC 2018: Working
Wed May 16 06:05:22 UTC 2018: Start minghzhang007__junit4 test class org.junit.rules.RuleChainTest
Wed May 16 06:05:22 UTC 2018: Setting lastTestMethodIndex: 64371
Wed May 16 06:05:22 UTC 2018: Starting linking
Wed May 16 06:05:22 UTC 2018: Linking done for minghzhang007__junit4 test class org.junit.rules.RuleChainTest
Wed May 16 06:05:22 UTC 2018: Found element on the queue
Wed May 16 06:05:22 UTC 2018: Updating status
Wed May 16 06:05:22 UTC 2018: Working
Wed May 16 06:05:25 UTC 2018: Start minghzhang007__junit4 test class org.junit.rules.RuleMemberValidatorTest
Wed May 16 06:05:25 UTC 2018: Setting lastTestMethodIndex: 64373
Wed May 16 06:05:25 UTC 2018: Starting linking
Wed May 16 06:05:25 UTC 2018: No link for: org.junit.rules.RuleMemberValidatorTest-acceptStaticTestRuleThatIsAlsoClassRule
Wed May 16 06:05:25 UTC 2018: No link for: org.junit.rules.RuleMemberValidatorTest-rejectClassRuleMethodReturnsAnArbitraryObject
Wed May 16 06:05:25 UTC 2018: No link for: org.junit.rules.RuleMemberValidatorTest-methodRejectNonStaticClassRule
Wed May 16 06:05:26 UTC 2018: No link for: org.junit.rules.RuleMemberValidatorTest-rejectStaticMethodRule
Wed May 16 06:05:26 UTC 2018: No link for: org.junit.rules.RuleMemberValidatorTest-acceptMethodRule
Wed May 16 06:05:27 UTC 2018: No link for: org.junit.rules.RuleMemberValidatorTest-rejectClassRuleInNonPublicClass
Wed May 16 06:05:27 UTC 2018: No link for: org.junit.rules.RuleMemberValidatorTest-rejectStaticTestRule
Wed May 16 06:05:28 UTC 2018: No link for: org.junit.rules.RuleMemberValidatorTest-acceptNonStaticTestRule
Wed May 16 06:05:28 UTC 2018: No link for: org.junit.rules.RuleMemberValidatorTest-methodAcceptMethodRuleMethod
Wed May 16 06:05:28 UTC 2018: No link for: org.junit.rules.RuleMemberValidatorTest-rejectProtectedClassRule
Wed May 16 06:05:29 UTC 2018: None match not added in database because it already exists
Wed May 16 06:05:29 UTC 2018: No link for: org.junit.rules.RuleMemberValidatorTest-methodRejectArbitraryObjectWithRuleAnnotation
Wed May 16 06:05:29 UTC 2018: No link for: org.junit.rules.RuleMemberValidatorTest-acceptMethodStaticTestRuleThatIsAlsoClassRule
Wed May 16 06:05:30 UTC 2018: No link for: org.junit.rules.RuleMemberValidatorTest-rejectArbitraryObjectWithRuleAnnotation
Wed May 16 06:05:30 UTC 2018: No link for: org.junit.rules.RuleMemberValidatorTest-rejectClassRuleIsAnArbitraryObject
Wed May 16 06:05:31 UTC 2018: No link for: org.junit.rules.RuleMemberValidatorTest-methodRejectProtectedClassRule
Wed May 16 06:05:31 UTC 2018: No link for: org.junit.rules.RuleMemberValidatorTest-rejectNonStaticClassRule
Wed May 16 06:05:31 UTC 2018: No link for: org.junit.rules.RuleMemberValidatorTest-rejectClassRuleThatIsImplemetationOfMethodRule
Wed May 16 06:05:32 UTC 2018: No link for: org.junit.rules.RuleMemberValidatorTest-rejectClassRuleThatReturnsImplementationOfMethodRule
Wed May 16 06:05:32 UTC 2018: No link for: org.junit.rules.RuleMemberValidatorTest-rejectMethodStaticTestRule
Wed May 16 06:05:33 UTC 2018: No link for: org.junit.rules.RuleMemberValidatorTest-rejectMethodStaticMethodRule
Wed May 16 06:05:33 UTC 2018: No link for: org.junit.rules.RuleMemberValidatorTest-acceptMethodNonStaticTestRule
Wed May 16 06:05:33 UTC 2018: Linking done for minghzhang007__junit4 test class org.junit.rules.RuleMemberValidatorTest
Wed May 16 06:05:34 UTC 2018: Found element on the queue
Wed May 16 06:05:34 UTC 2018: Updating status
Wed May 16 06:05:34 UTC 2018: Working
Wed May 16 06:05:36 UTC 2018: Start minghzhang007__junit4 test class org.junit.rules.StopwatchTest
Wed May 16 06:05:36 UTC 2018: Setting lastTestMethodIndex: 64379
Wed May 16 06:05:36 UTC 2018: Starting linking
Wed May 16 06:05:36 UTC 2018: Linking done for minghzhang007__junit4 test class org.junit.rules.StopwatchTest
Wed May 16 06:05:37 UTC 2018: Found element on the queue
Wed May 16 06:05:37 UTC 2018: Updating status
Wed May 16 06:05:37 UTC 2018: Working
Wed May 16 06:05:40 UTC 2018: Start minghzhang007__junit4 test class org.junit.rules.TempFolderRuleTest
Wed May 16 06:05:40 UTC 2018: Setting lastTestMethodIndex: 64382
Wed May 16 06:05:40 UTC 2018: Starting linking
Wed May 16 06:05:40 UTC 2018: Linking done for minghzhang007__junit4 test class org.junit.rules.TempFolderRuleTest
Wed May 16 06:05:40 UTC 2018: Found element on the queue
Wed May 16 06:05:40 UTC 2018: Updating status
Wed May 16 06:05:40 UTC 2018: Working
Wed May 16 06:05:43 UTC 2018: Start minghzhang007__junit4 test class org.junit.rules.TemporaryFolderRuleAssuredDeletionTest
Wed May 16 06:05:43 UTC 2018: Setting lastTestMethodIndex: 64385
Wed May 16 06:05:43 UTC 2018: Starting linking
Wed May 16 06:05:43 UTC 2018: Linking done for minghzhang007__junit4 test class org.junit.rules.TemporaryFolderRuleAssuredDeletionTest
Wed May 16 06:05:43 UTC 2018: Found element on the queue
Wed May 16 06:05:43 UTC 2018: Updating status
Wed May 16 06:05:43 UTC 2018: Working
Wed May 16 06:05:46 UTC 2018: Start minghzhang007__junit4 test class org.junit.rules.TemporaryFolderUsageTest
Wed May 16 06:05:46 UTC 2018: Setting lastTestMethodIndex: 64387
Wed May 16 06:05:46 UTC 2018: Starting linking
Wed May 16 06:05:46 UTC 2018: No code found org.junit.rules.TemporaryFolder-delete with org.junit.rules.TemporaryFolderUsageTest-deleteRemovesRootFolder
Wed May 16 06:05:46 UTC 2018: No code found org.junit.rules.TemporaryFolder-getRoot with org.junit.rules.TemporaryFolderUsageTest-getRootShouldThrowIllegalStateExceptionIfCreateWasNotInvoked
Wed May 16 06:05:47 UTC 2018: No code found org.junit.rules.TemporaryFolder-newFolder with org.junit.rules.TemporaryFolderUsageTest-newFolderWithGivenFolderThrowsIOExceptionIfFolderExists
Wed May 16 06:05:47 UTC 2018: No code found org.junit.rules.TemporaryFolder-newFolder with org.junit.rules.TemporaryFolderUsageTest-newFolderWithPathContainingForwardSlashCreatesDirectories
Wed May 16 06:05:48 UTC 2018: No code found org.junit.rules.TemporaryFolder-newFile with org.junit.rules.TemporaryFolderUsageTest-newFileThrowsIllegalStateExceptionIfCreateWasNotInvoked
Wed May 16 06:05:48 UTC 2018: No code found org.junit.rules.TemporaryFolder-create with org.junit.rules.TemporaryFolderUsageTest-newRandomFolderIsCreatedUnderRootFolder
Wed May 16 06:05:49 UTC 2018: No code found org.junit.rules.TemporaryFolder-newFile with org.junit.rules.TemporaryFolderUsageTest-newFileWithGivenFilenameThrowsIOExceptionIfFileExists
Wed May 16 06:05:49 UTC 2018: No code found org.junit.rules.TemporaryFolder-create with org.junit.rules.TemporaryFolderUsageTest-newNamedFileIsCreatedUnderRootFolder
Wed May 16 06:05:49 UTC 2018: No code found org.junit.rules.TemporaryFolder-create with org.junit.rules.TemporaryFolderUsageTest-newNestedFoldersCreatedUnderRootFolder
Wed May 16 06:05:50 UTC 2018: No code found org.junit.rules.TemporaryFolder-newFolder with org.junit.rules.TemporaryFolderUsageTest-newFolderWithGivenFolderThrowsIOExceptionIfFileExists
Wed May 16 06:05:50 UTC 2018: No code found org.junit.rules.TemporaryFolder-newFolder with org.junit.rules.TemporaryFolderUsageTest-newFolderWithGivenPathThrowsIOExceptionIfFolderExists
Wed May 16 06:05:51 UTC 2018: No code found org.junit.rules.TemporaryFolder-newFolder with org.junit.rules.TemporaryFolderUsageTest-newFolderWithPathsContainingForwardSlashCreatesFullPath
Wed May 16 06:05:51 UTC 2018: No code found org.junit.rules.TemporaryFolder-delete with org.junit.rules.TemporaryFolderUsageTest-deleteShouldDoNothingIfRootFolderWasNotInitialized
Wed May 16 06:05:52 UTC 2018: No code found org.junit.rules.TemporaryFolder-newFolder with org.junit.rules.TemporaryFolderUsageTest-newFolderWithPathStartingWithFileSeparatorThrowsIOException
Wed May 16 06:05:52 UTC 2018: No code found org.junit.rules.TemporaryFolder-newFolder with org.junit.rules.TemporaryFolderUsageTest-newFolderWithGivenPathThrowsIllegalStateExceptionIfCreateWasNotInvoked
Wed May 16 06:05:53 UTC 2018: No code found org.junit.rules.TemporaryFolder-newFolder with org.junit.rules.TemporaryFolderUsageTest-newFolderThrowsIllegalStateExceptionIfCreateWasNotInvoked
Wed May 16 06:05:53 UTC 2018: No code found org.junit.rules.TemporaryFolder-newFolder with org.junit.rules.TemporaryFolderUsageTest-newFolderWithPathsContainingFileSeparatorCreatesFullPath
Wed May 16 06:05:53 UTC 2018: No code found org.junit.rules.TemporaryFolder-create with org.junit.rules.TemporaryFolderUsageTest-newRandomFileIsCreatedUnderRootFolder
Wed May 16 06:05:54 UTC 2018: No code found org.junit.rules.TemporaryFolder-create with org.junit.rules.TemporaryFolderUsageTest-createInitializesRootFolder
Wed May 16 06:05:54 UTC 2018: No code found org.junit.rules.TemporaryFolder-newFolder with org.junit.rules.TemporaryFolderUsageTest-newFolderWithPathContainingFileSeparaterCreatesDirectories
Wed May 16 06:05:55 UTC 2018: No code found org.junit.rules.TemporaryFolder-newFolder with org.junit.rules.TemporaryFolderUsageTest-newFolderWithGivenEmptyArrayThrowsIllegalArgumentException
Wed May 16 06:05:55 UTC 2018: No code found org.junit.rules.TemporaryFolder-newFile with org.junit.rules.TemporaryFolderUsageTest-newFileWithGivenNameThrowsIllegalStateExceptionIfCreateWasNotInvoked
Wed May 16 06:05:56 UTC 2018: No link for: org.junit.rules.TemporaryFolderUsageTest-canSetTheBaseFileForATemporaryFolder
Wed May 16 06:05:56 UTC 2018: None match not added in database because it already exists
Wed May 16 06:05:56 UTC 2018: Linking done for minghzhang007__junit4 test class org.junit.rules.TemporaryFolderUsageTest
Wed May 16 06:05:56 UTC 2018: Found element on the queue
Wed May 16 06:05:56 UTC 2018: Updating status
Wed May 16 06:05:56 UTC 2018: Working
Wed May 16 06:05:59 UTC 2018: Start minghzhang007__junit4 test class org.junit.rules.TestRuleTest
Wed May 16 06:05:59 UTC 2018: Setting lastTestMethodIndex: 64396
Wed May 16 06:05:59 UTC 2018: Starting linking
Wed May 16 06:05:59 UTC 2018: Linking done for minghzhang007__junit4 test class org.junit.rules.TestRuleTest
Wed May 16 06:05:59 UTC 2018: Found element on the queue
Wed May 16 06:05:59 UTC 2018: Updating status
Wed May 16 06:05:59 UTC 2018: Working
Wed May 16 06:06:02 UTC 2018: Start minghzhang007__junit4 test class org.junit.rules.TestWatcherTest
Wed May 16 06:06:02 UTC 2018: Setting lastTestMethodIndex: 64399
Wed May 16 06:06:02 UTC 2018: Starting linking
Wed May 16 06:06:02 UTC 2018: Linking done for minghzhang007__junit4 test class org.junit.rules.TestWatcherTest
Wed May 16 06:06:02 UTC 2018: Found element on the queue
Wed May 16 06:06:02 UTC 2018: Updating status
Wed May 16 06:06:02 UTC 2018: Working
Wed May 16 06:06:05 UTC 2018: Start minghzhang007__junit4 test class org.junit.rules.TestWatchmanTest
Wed May 16 06:06:05 UTC 2018: Setting lastTestMethodIndex: 64401
Wed May 16 06:06:05 UTC 2018: Starting linking
Wed May 16 06:06:05 UTC 2018: Linking done for minghzhang007__junit4 test class org.junit.rules.TestWatchmanTest
Wed May 16 06:06:06 UTC 2018: Found element on the queue
Wed May 16 06:06:06 UTC 2018: Updating status
Wed May 16 06:06:06 UTC 2018: Working
Wed May 16 06:06:08 UTC 2018: Start minghzhang007__junit4 test class org.junit.rules.TimeoutRuleTest
Wed May 16 06:06:08 UTC 2018: Setting lastTestMethodIndex: 64404
Wed May 16 06:06:08 UTC 2018: Starting linking
Wed May 16 06:06:08 UTC 2018: Linking done for minghzhang007__junit4 test class org.junit.rules.TimeoutRuleTest
Wed May 16 06:06:09 UTC 2018: Found element on the queue
Wed May 16 06:06:09 UTC 2018: Updating status
Wed May 16 06:06:09 UTC 2018: Working
Wed May 16 06:06:12 UTC 2018: Start minghzhang007__junit4 test class org.junit.rules.VerifierRuleTest
Wed May 16 06:06:12 UTC 2018: Setting lastTestMethodIndex: 64406
Wed May 16 06:06:12 UTC 2018: Starting linking
Wed May 16 06:06:12 UTC 2018: Linking done for minghzhang007__junit4 test class org.junit.rules.VerifierRuleTest
Wed May 16 06:06:12 UTC 2018: Found element on the queue
Wed May 16 06:06:12 UTC 2018: Updating status
Wed May 16 06:06:12 UTC 2018: Working
Wed May 16 06:06:15 UTC 2018: Start minghzhang007__junit4 test class org.junit.runners.model.FrameworkFieldTest
Wed May 16 06:06:15 UTC 2018: Setting lastTestMethodIndex: 64409
Wed May 16 06:06:15 UTC 2018: Starting linking
Wed May 16 06:06:15 UTC 2018: Code found org.junit.runners.model.FrameworkField-toString with org.junit.runners.model.FrameworkFieldTest-hasToStringWhichPrintsFieldName
Wed May 16 06:06:15 UTC 2018: Match not added in database because it already exists
Wed May 16 06:06:15 UTC 2018: No link for: org.junit.runners.model.FrameworkFieldTest-cannotBeCreatedWithoutUnderlyingField
Wed May 16 06:06:15 UTC 2018: None match not added in database because it already exists
Wed May 16 06:06:15 UTC 2018: No link for: org.junit.runners.model.FrameworkFieldTest-presentAnnotationIsAvailable
Wed May 16 06:06:16 UTC 2018: None match not added in database because it already exists
Wed May 16 06:06:16 UTC 2018: No link for: org.junit.runners.model.FrameworkFieldTest-missingAnnotationIsNotAvailable
Wed May 16 06:06:16 UTC 2018: None match not added in database because it already exists
Wed May 16 06:06:16 UTC 2018: Linking done for minghzhang007__junit4 test class org.junit.runners.model.FrameworkFieldTest
Wed May 16 06:06:17 UTC 2018: Found element on the queue
Wed May 16 06:06:17 UTC 2018: Updating status
Wed May 16 06:06:17 UTC 2018: Working
Wed May 16 06:06:19 UTC 2018: Start minghzhang007__junit4 test class org.junit.runners.model.FrameworkMethodTest
Wed May 16 06:06:19 UTC 2018: Setting lastTestMethodIndex: 64411
Wed May 16 06:06:19 UTC 2018: Starting linking
Wed May 16 06:06:19 UTC 2018: Code found org.junit.runners.model.FrameworkMethod-toString with org.junit.runners.model.FrameworkMethodTest-hasToStringWhichPrintsMethodName
Wed May 16 06:06:20 UTC 2018: Match not added in database because it already exists
Wed May 16 06:06:20 UTC 2018: No link for: org.junit.runners.model.FrameworkMethodTest-presentAnnotationIsAvailable
Wed May 16 06:06:20 UTC 2018: None match not added in database because it already exists
Wed May 16 06:06:20 UTC 2018: No link for: org.junit.runners.model.FrameworkMethodTest-missingAnnotationIsNotAvailable
Wed May 16 06:06:20 UTC 2018: None match not added in database because it already exists
Wed May 16 06:06:20 UTC 2018: No link for: org.junit.runners.model.FrameworkMethodTest-cannotBeCreatedWithoutUnderlyingField
Wed May 16 06:06:21 UTC 2018: None match not added in database because it already exists
Wed May 16 06:06:21 UTC 2018: Linking done for minghzhang007__junit4 test class org.junit.runners.model.FrameworkMethodTest
Wed May 16 06:06:21 UTC 2018: Found element on the queue
Wed May 16 06:06:21 UTC 2018: Updating status
Wed May 16 06:06:21 UTC 2018: Working
Wed May 16 06:06:24 UTC 2018: Start minghzhang007__junit4 test class org.junit.runners.model.InvalidTestClassErrorTest
Wed May 16 06:06:24 UTC 2018: Setting lastTestMethodIndex: 64415
Wed May 16 06:06:24 UTC 2018: Starting linking
Wed May 16 06:06:24 UTC 2018: No link for: org.junit.runners.model.InvalidTestClassErrorTest-invalidTestClassErrorShouldListAllValidationErrorsInItsMessage
Wed May 16 06:06:24 UTC 2018: None match not added in database because it already exists
Wed May 16 06:06:24 UTC 2018: Linking done for minghzhang007__junit4 test class org.junit.runners.model.InvalidTestClassErrorTest
Wed May 16 06:06:25 UTC 2018: Found element on the queue
Wed May 16 06:06:25 UTC 2018: Updating status
Wed May 16 06:06:25 UTC 2018: Working
Wed May 16 06:06:27 UTC 2018: Start minghzhang007__junit4 test class org.junit.runners.model.TestClassTest
Wed May 16 06:06:27 UTC 2018: Setting lastTestMethodIndex: 64418
Wed May 16 06:06:27 UTC 2018: Starting linking
Wed May 16 06:06:27 UTC 2018: Linking done for minghzhang007__junit4 test class org.junit.runners.model.TestClassTest
Wed May 16 06:06:28 UTC 2018: Found element on the queue
Wed May 16 06:06:28 UTC 2018: Updating status
Wed May 16 06:06:28 UTC 2018: Working
Wed May 16 06:06:30 UTC 2018: Start minghzhang007__junit4 test class org.junit.runners.parameterized.BlockJUnit4ClassRunnerWithParametersTest
Wed May 16 06:06:30 UTC 2018: Setting lastTestMethodIndex: 64420
Wed May 16 06:06:30 UTC 2018: Starting linking
Wed May 16 06:06:30 UTC 2018: Linking done for minghzhang007__junit4 test class org.junit.runners.parameterized.BlockJUnit4ClassRunnerWithParametersTest
Wed May 16 06:06:31 UTC 2018: Found element on the queue
Wed May 16 06:06:31 UTC 2018: Updating status
Wed May 16 06:06:31 UTC 2018: Working
Wed May 16 06:06:33 UTC 2018: Start minghzhang007__junit4 test class org.junit.runners.parameterized.ParameterizedNamesTest
Wed May 16 06:06:33 UTC 2018: Setting lastTestMethodIndex: 64423
Wed May 16 06:06:33 UTC 2018: Starting linking
Wed May 16 06:06:33 UTC 2018: Linking done for minghzhang007__junit4 test class org.junit.runners.parameterized.ParameterizedNamesTest
Wed May 16 06:06:33 UTC 2018: Found element on the queue
Wed May 16 06:06:33 UTC 2018: Updating status
Wed May 16 06:06:33 UTC 2018: Working
Wed May 16 06:06:36 UTC 2018: Start minghzhang007__junit4 test class org.junit.runners.parameterized.TestWithParametersTest
Wed May 16 06:06:36 UTC 2018: Setting lastTestMethodIndex: 64425
Wed May 16 06:06:36 UTC 2018: Starting linking
Wed May 16 06:06:36 UTC 2018: Code found org.junit.runners.parameterized.TestWithParameters-toString with org.junit.runners.parameterized.TestWithParametersTest-hasMeaningfulToString
Wed May 16 06:06:36 UTC 2018: Match not added in database because it already exists
Wed May 16 06:06:36 UTC 2018: Code found org.junit.runners.parameterized.TestWithParameters-hashCode with org.junit.runners.parameterized.TestWithParametersTest-hasSameHashCodeAsEqualTest
Wed May 16 06:06:37 UTC 2018: Match not added in database because it already exists
Wed May 16 06:06:37 UTC 2018: No link for: org.junit.runners.parameterized.TestWithParametersTest-isNotEqualToTestWithDifferentName
Wed May 16 06:06:37 UTC 2018: None match not added in database because it already exists
Wed May 16 06:06:37 UTC 2018: No link for: org.junit.runners.parameterized.TestWithParametersTest-cannotBeCreatedWithoutAName
Wed May 16 06:06:38 UTC 2018: None match not added in database because it already exists
Wed May 16 06:06:38 UTC 2018: No link for: org.junit.runners.parameterized.TestWithParametersTest-cannotBeCreatedWithoutParameters
Wed May 16 06:06:38 UTC 2018: None match not added in database because it already exists
Wed May 16 06:06:38 UTC 2018: No link for: org.junit.runners.parameterized.TestWithParametersTest-isNotEqualToTestWithDifferentParameters
Wed May 16 06:06:38 UTC 2018: None match not added in database because it already exists
Wed May 16 06:06:38 UTC 2018: No link for: org.junit.runners.parameterized.TestWithParametersTest-cannotBeCreatedWithoutTestClass
Wed May 16 06:06:39 UTC 2018: None match not added in database because it already exists
Wed May 16 06:06:39 UTC 2018: No link for: org.junit.runners.parameterized.TestWithParametersTest-isEqualToTestWithSameNameAndTestClassAndParameters
Wed May 16 06:06:39 UTC 2018: None match not added in database because it already exists
Wed May 16 06:06:39 UTC 2018: No link for: org.junit.runners.parameterized.TestWithParametersTest-doesNotConsiderParametersWhichChangedAfterTestInstantiation
Wed May 16 06:06:40 UTC 2018: None match not added in database because it already exists
Wed May 16 06:06:40 UTC 2018: No link for: org.junit.runners.parameterized.TestWithParametersTest-doesNotAllowToModifyProvidedParameters
Wed May 16 06:06:40 UTC 2018: None match not added in database because it already exists
Wed May 16 06:06:40 UTC 2018: No link for: org.junit.runners.parameterized.TestWithParametersTest-isNotEqualToTestWithDifferentTestClass
Wed May 16 06:06:40 UTC 2018: None match not added in database because it already exists
Wed May 16 06:06:40 UTC 2018: No link for: org.junit.runners.parameterized.TestWithParametersTest-isNotEqualToObjectWithDifferentClass
Wed May 16 06:06:41 UTC 2018: None match not added in database because it already exists
Wed May 16 06:06:41 UTC 2018: Linking done for minghzhang007__junit4 test class org.junit.runners.parameterized.TestWithParametersTest
Wed May 16 06:06:41 UTC 2018: Found element on the queue
Wed May 16 06:06:41 UTC 2018: Updating status
Wed May 16 06:06:41 UTC 2018: Working
Wed May 16 06:06:44 UTC 2018: Start minghzhang007__junit4 test class org.junit.runners.CustomBlockJUnit4ClassRunnerTest
Wed May 16 06:06:44 UTC 2018: Setting lastTestMethodIndex: 64430
Wed May 16 06:06:44 UTC 2018: Starting linking
Wed May 16 06:06:44 UTC 2018: No link for: org.junit.runners.CustomBlockJUnit4ClassRunnerTest-exceptionsFromMethodBlockMustNotResultInUnrootedTests
Wed May 16 06:06:44 UTC 2018: None match not added in database because it already exists
Wed May 16 06:06:44 UTC 2018: No link for: org.junit.runners.CustomBlockJUnit4ClassRunnerTest-shouldPass
Wed May 16 06:06:45 UTC 2018: No link for: org.junit.runners.CustomBlockJUnit4ClassRunnerTest-throwException
Wed May 16 06:06:45 UTC 2018: Linking done for minghzhang007__junit4 test class org.junit.runners.CustomBlockJUnit4ClassRunnerTest
Wed May 16 06:06:46 UTC 2018: Found element on the queue
Wed May 16 06:06:46 UTC 2018: Updating status
Wed May 16 06:06:46 UTC 2018: Working
Wed May 16 06:06:48 UTC 2018: Start minghzhang007__junit4 test class org.junit.runner.notification.ConcurrentRunNotifierTest
Wed May 16 06:06:48 UTC 2018: Setting lastTestMethodIndex: 64433
Wed May 16 06:06:48 UTC 2018: Starting linking
Wed May 16 06:06:48 UTC 2018: Linking done for minghzhang007__junit4 test class org.junit.runner.notification.ConcurrentRunNotifierTest
Wed May 16 06:06:49 UTC 2018: Found element on the queue
Wed May 16 06:06:49 UTC 2018: Updating status
Wed May 16 06:06:49 UTC 2018: Working
Wed May 16 06:06:51 UTC 2018: Start minghzhang007__junit4 test class org.junit.runner.notification.RunNotifierTest
Wed May 16 06:06:51 UTC 2018: Setting lastTestMethodIndex: 64435
Wed May 16 06:06:51 UTC 2018: Starting linking
Wed May 16 06:06:51 UTC 2018: Code found org.junit.runner.notification.RunNotifier-wrapIfNotThreadSafe with org.junit.runner.notification.RunNotifierTest-wrapIfNotThreadSafeShouldNotWrapThreadSafeListeners
Wed May 16 06:06:52 UTC 2018: Code found org.junit.runner.notification.RunNotifier-wrapIfNotThreadSafe with org.junit.runner.notification.RunNotifierTest-wrapIfNotThreadSafeShouldWrapNonThreadSafeListeners
Wed May 16 06:06:52 UTC 2018: No link for: org.junit.runner.notification.RunNotifierTest-notifiesSecondListenerIfFirstThrowsException
Wed May 16 06:06:53 UTC 2018: None match not added in database because it already exists
Wed May 16 06:06:53 UTC 2018: No link for: org.junit.runner.notification.RunNotifierTest-addAndRemoveWithNonThreadSafeListener
Wed May 16 06:06:53 UTC 2018: No link for: org.junit.runner.notification.RunNotifierTest-addAndRemoveWithThreadSafeListener
Wed May 16 06:06:53 UTC 2018: No link for: org.junit.runner.notification.RunNotifierTest-addFirstAndRemoveWithNonThreadSafeListener
Wed May 16 06:06:54 UTC 2018: No link for: org.junit.runner.notification.RunNotifierTest-addFirstAndRemoveWithThreadSafeListener
Wed May 16 06:06:54 UTC 2018: No link for: org.junit.runner.notification.RunNotifierTest-hasNoProblemsWithFailingListeners
Wed May 16 06:06:54 UTC 2018: None match not added in database because it already exists
Wed May 16 06:06:54 UTC 2018: Linking done for minghzhang007__junit4 test class org.junit.runner.notification.RunNotifierTest
Wed May 16 06:06:55 UTC 2018: Found element on the queue
Wed May 16 06:06:55 UTC 2018: Updating status
Wed May 16 06:06:55 UTC 2018: Working
Wed May 16 06:06:57 UTC 2018: Start minghzhang007__junit4 test class org.junit.runner.notification.SynchronizedRunListenerTest
Wed May 16 06:06:57 UTC 2018: Setting lastTestMethodIndex: 64437
Wed May 16 06:06:57 UTC 2018: Starting linking
Wed May 16 06:06:57 UTC 2018: Linking done for minghzhang007__junit4 test class org.junit.runner.notification.SynchronizedRunListenerTest
Wed May 16 06:06:58 UTC 2018: Found element on the queue
Wed May 16 06:06:58 UTC 2018: Updating status
Wed May 16 06:06:58 UTC 2018: Working
Wed May 16 06:07:01 UTC 2018: Start minghzhang007__junit4 test class org.junit.runner.FilterFactoriesTest
Wed May 16 06:07:01 UTC 2018: Setting lastTestMethodIndex: 64438
Wed May 16 06:07:01 UTC 2018: Starting linking
Wed May 16 06:07:01 UTC 2018: Code found org.junit.runner.FilterFactories-createFilter with org.junit.runner.FilterFactoriesTest-shouldCreateFilter
Wed May 16 06:07:01 UTC 2018: Match not added in database because it already exists
Wed May 16 06:07:01 UTC 2018: No link for: org.junit.runner.FilterFactoriesTest-shouldThrowExceptionIfNotFilterFactory
Wed May 16 06:07:01 UTC 2018: None match not added in database because it already exists
Wed May 16 06:07:01 UTC 2018: No link for: org.junit.runner.FilterFactoriesTest-shouldPassOnDescriptionToFilterFactory
Wed May 16 06:07:02 UTC 2018: None match not added in database because it already exists
Wed May 16 06:07:02 UTC 2018: No link for: org.junit.runner.FilterFactoriesTest-passes
Wed May 16 06:07:02 UTC 2018: No link for: org.junit.runner.FilterFactoriesTest-shouldCreateFilterWithArguments
Wed May 16 06:07:02 UTC 2018: None match not added in database because it already exists
Wed May 16 06:07:02 UTC 2018: No link for: org.junit.runner.FilterFactoriesTest-shouldThrowExceptionIfNotInstantiable
Wed May 16 06:07:03 UTC 2018: None match not added in database because it already exists
Wed May 16 06:07:03 UTC 2018: No link for: org.junit.runner.FilterFactoriesTest-shouldCreateFilterWithNoArguments
Wed May 16 06:07:03 UTC 2018: None match not added in database because it already exists
Wed May 16 06:07:03 UTC 2018: Linking done for minghzhang007__junit4 test class org.junit.runner.FilterFactoriesTest
Wed May 16 06:07:04 UTC 2018: Found element on the queue
Wed May 16 06:07:04 UTC 2018: Updating status
Wed May 16 06:07:04 UTC 2018: Working
Wed May 16 06:07:06 UTC 2018: Start minghzhang007__junit4 test class org.junit.runner.FilterOptionIntegrationTest
Wed May 16 06:07:06 UTC 2018: Setting lastTestMethodIndex: 64441
Wed May 16 06:07:06 UTC 2018: Starting linking
Wed May 16 06:07:06 UTC 2018: No link for: org.junit.runner.FilterOptionIntegrationTest-shouldIncludeSomeTests
Wed May 16 06:07:07 UTC 2018: None match not added in database because it already exists
Wed May 16 06:07:07 UTC 2018: No link for: org.junit.runner.FilterOptionIntegrationTest-shouldExcludeSomeTests
Wed May 16 06:07:07 UTC 2018: None match not added in database because it already exists
Wed May 16 06:07:07 UTC 2018: No link for: org.junit.runner.FilterOptionIntegrationTest-dummyTest
Wed May 16 06:07:08 UTC 2018: No link for: org.junit.runner.FilterOptionIntegrationTest-shouldCombineFilters
Wed May 16 06:07:08 UTC 2018: None match not added in database because it already exists
Wed May 16 06:07:08 UTC 2018: No link for: org.junit.runner.FilterOptionIntegrationTest-shouldRunAllTests
Wed May 16 06:07:08 UTC 2018: None match not added in database because it already exists
Wed May 16 06:07:08 UTC 2018: Linking done for minghzhang007__junit4 test class org.junit.runner.FilterOptionIntegrationTest
Wed May 16 06:07:09 UTC 2018: Found element on the queue
Wed May 16 06:07:09 UTC 2018: Updating status
Wed May 16 06:07:09 UTC 2018: Working
Wed May 16 06:07:11 UTC 2018: Start minghzhang007__junit4 test class org.junit.runner.JUnitCommandLineParseResultTest
Wed May 16 06:07:11 UTC 2018: Setting lastTestMethodIndex: 64445
Wed May 16 06:07:11 UTC 2018: Starting linking
Wed May 16 06:07:11 UTC 2018: No link for: org.junit.runner.JUnitCommandLineParseResultTest-shouldStopParsingOptionsUponDoubleHyphenArg
Wed May 16 06:07:12 UTC 2018: None match not added in database because it already exists
Wed May 16 06:07:12 UTC 2018: No link for: org.junit.runner.JUnitCommandLineParseResultTest-shouldStopParsingOptionsUponNonOption
Wed May 16 06:07:12 UTC 2018: None match not added in database because it already exists
Wed May 16 06:07:12 UTC 2018: No link for: org.junit.runner.JUnitCommandLineParseResultTest-shouldCreateFailureUponUncreatedFilter
Wed May 16 06:07:13 UTC 2018: None match not added in database because it already exists
Wed May 16 06:07:13 UTC 2018: No link for: org.junit.runner.JUnitCommandLineParseResultTest-shouldCreateFailureUponUnknownTestClass
Wed May 16 06:07:13 UTC 2018: None match not added in database because it already exists
Wed May 16 06:07:13 UTC 2018: No link for: org.junit.runner.JUnitCommandLineParseResultTest-shouldCreateFailureUponUnfoundFilterFactory
Wed May 16 06:07:13 UTC 2018: None match not added in database because it already exists
Wed May 16 06:07:13 UTC 2018: No link for: org.junit.runner.JUnitCommandLineParseResultTest-shouldCreateFailureUponUnknownOption
Wed May 16 06:07:14 UTC 2018: None match not added in database because it already exists
Wed May 16 06:07:14 UTC 2018: No link for: org.junit.runner.JUnitCommandLineParseResultTest-shouldCreateFailureUponBaldFilterOptionNotFollowedByValue
Wed May 16 06:07:14 UTC 2018: None match not added in database because it already exists
Wed May 16 06:07:14 UTC 2018: No link for: org.junit.runner.JUnitCommandLineParseResultTest-dummyTest
Wed May 16 06:07:14 UTC 2018: No link for: org.junit.runner.JUnitCommandLineParseResultTest-shouldParseFilterArgWithEqualsSyntax
Wed May 16 06:07:15 UTC 2018: None match not added in database because it already exists
Wed May 16 06:07:15 UTC 2018: No link for: org.junit.runner.JUnitCommandLineParseResultTest-shouldParseFilterArgInWhichValueIsASeparateArg
Wed May 16 06:07:15 UTC 2018: None match not added in database because it already exists
Wed May 16 06:07:15 UTC 2018: No link for: org.junit.runner.JUnitCommandLineParseResultTest-shouldAddToClasses
Wed May 16 06:07:16 UTC 2018: None match not added in database because it already exists
Wed May 16 06:07:16 UTC 2018: Linking done for minghzhang007__junit4 test class org.junit.runner.JUnitCommandLineParseResultTest
Wed May 16 06:07:16 UTC 2018: Found element on the queue
Wed May 16 06:07:16 UTC 2018: Updating status
Wed May 16 06:07:16 UTC 2018: Working
Wed May 16 06:07:19 UTC 2018: Start minghzhang007__junit4 test class org.junit.runner.JUnitCoreTest
Wed May 16 06:07:19 UTC 2018: Setting lastTestMethodIndex: 64448
Wed May 16 06:07:19 UTC 2018: Starting linking
Wed May 16 06:07:19 UTC 2018: No link for: org.junit.runner.JUnitCoreTest-shouldAddFailuresToResult
Wed May 16 06:07:19 UTC 2018: None match not added in database because it already exists
Wed May 16 06:07:19 UTC 2018: Linking done for minghzhang007__junit4 test class org.junit.runner.JUnitCoreTest
Wed May 16 06:07:19 UTC 2018: Found element on the queue
Wed May 16 06:07:19 UTC 2018: Updating status
Wed May 16 06:07:19 UTC 2018: Working
Wed May 16 06:07:22 UTC 2018: Start minghzhang007__junit4 test class org.junit.runner.RequestTest
Wed May 16 06:07:22 UTC 2018: Setting lastTestMethodIndex: 64450
Wed May 16 06:07:22 UTC 2018: Starting linking
Wed May 16 06:07:22 UTC 2018: Code found org.junit.runner.Request-classes with org.junit.runner.RequestTest-createsADescriptionWithANameForClasses
Wed May 16 06:07:22 UTC 2018: Match not added in database because it already exists
Wed May 16 06:07:22 UTC 2018: Linking done for minghzhang007__junit4 test class org.junit.runner.RequestTest
Wed May 16 06:07:23 UTC 2018: Found element on the queue
Wed May 16 06:07:23 UTC 2018: Updating status
Wed May 16 06:07:23 UTC 2018: Working
Wed May 16 06:07:26 UTC 2018: Start minghzhang007__junit4 test class org.junit.tests.running.classes.BlockJUnit4ClassRunnerTest
Wed May 16 06:07:26 UTC 2018: Setting lastTestMethodIndex: 64453
Wed May 16 06:07:26 UTC 2018: Starting linking
Wed May 16 06:07:26 UTC 2018: Linking done for minghzhang007__junit4 test class org.junit.tests.running.classes.BlockJUnit4ClassRunnerTest
Wed May 16 06:07:26 UTC 2018: Found element on the queue
Wed May 16 06:07:26 UTC 2018: Updating status
Wed May 16 06:07:26 UTC 2018: Working
Wed May 16 06:07:29 UTC 2018: Start minghzhang007__junit4 test class org.junit.tests.running.classes.ClassLevelMethodsWithIgnoredTestsTest
Wed May 16 06:07:29 UTC 2018: Setting lastTestMethodIndex: 64456
Wed May 16 06:07:29 UTC 2018: Starting linking
Wed May 16 06:07:29 UTC 2018: Linking done for minghzhang007__junit4 test class org.junit.tests.running.classes.ClassLevelMethodsWithIgnoredTestsTest
Wed May 16 06:07:29 UTC 2018: Found element on the queue
Wed May 16 06:07:29 UTC 2018: Updating status
Wed May 16 06:07:29 UTC 2018: Working
Wed May 16 06:07:32 UTC 2018: Start minghzhang007__junit4 test class org.junit.tests.running.classes.EnclosedTest
Wed May 16 06:07:32 UTC 2018: Setting lastTestMethodIndex: 64459
Wed May 16 06:07:32 UTC 2018: Starting linking
Wed May 16 06:07:32 UTC 2018: Linking done for minghzhang007__junit4 test class org.junit.tests.running.classes.EnclosedTest
Wed May 16 06:07:32 UTC 2018: Found element on the queue
Wed May 16 06:07:32 UTC 2018: Updating status
Wed May 16 06:07:32 UTC 2018: Working
Wed May 16 06:07:35 UTC 2018: Start minghzhang007__junit4 test class org.junit.tests.running.classes.IgnoreClassTest
Wed May 16 06:07:35 UTC 2018: Setting lastTestMethodIndex: 64461
Wed May 16 06:07:35 UTC 2018: Starting linking
Wed May 16 06:07:35 UTC 2018: Linking done for minghzhang007__junit4 test class org.junit.tests.running.classes.IgnoreClassTest
Wed May 16 06:07:35 UTC 2018: Found element on the queue
Wed May 16 06:07:35 UTC 2018: Updating status
Wed May 16 06:07:35 UTC 2018: Working
Wed May 16 06:07:38 UTC 2018: Start minghzhang007__junit4 test class org.junit.tests.running.classes.ParameterizedTestTest
Wed May 16 06:07:38 UTC 2018: Setting lastTestMethodIndex: 64462
Wed May 16 06:07:38 UTC 2018: Starting linking
Wed May 16 06:07:38 UTC 2018: Linking done for minghzhang007__junit4 test class org.junit.tests.running.classes.ParameterizedTestTest
Wed May 16 06:07:39 UTC 2018: Found element on the queue
Wed May 16 06:07:39 UTC 2018: Updating status
Wed May 16 06:07:39 UTC 2018: Working
Wed May 16 06:07:41 UTC 2018: Start minghzhang007__junit4 test class org.junit.tests.running.classes.ParentRunnerFilteringTest
Wed May 16 06:07:41 UTC 2018: Setting lastTestMethodIndex: 64464
Wed May 16 06:07:41 UTC 2018: Starting linking
Wed May 16 06:07:41 UTC 2018: Linking done for minghzhang007__junit4 test class org.junit.tests.running.classes.ParentRunnerFilteringTest
Wed May 16 06:07:42 UTC 2018: Found element on the queue
Wed May 16 06:07:42 UTC 2018: Updating status
Wed May 16 06:07:42 UTC 2018: Working
Wed May 16 06:07:44 UTC 2018: Start minghzhang007__junit4 test class org.junit.tests.running.classes.ParentRunnerTest
Wed May 16 06:07:44 UTC 2018: Setting lastTestMethodIndex: 64466
Wed May 16 06:07:44 UTC 2018: Starting linking
Wed May 16 06:07:44 UTC 2018: Linking done for minghzhang007__junit4 test class org.junit.tests.running.classes.ParentRunnerTest
Wed May 16 06:07:45 UTC 2018: Found element on the queue
Wed May 16 06:07:45 UTC 2018: Updating status
Wed May 16 06:07:45 UTC 2018: Working
Wed May 16 06:07:47 UTC 2018: Start minghzhang007__junit4 test class org.junit.tests.running.classes.parent.ParentRunnerClassLoaderTest
Wed May 16 06:07:47 UTC 2018: Setting lastTestMethodIndex: 64469
Wed May 16 06:07:47 UTC 2018: Starting linking
Wed May 16 06:07:47 UTC 2018: No link for: org.junit.tests.running.classes.parent.ParentRunnerClassLoaderTest-testClassRuleAccessToClassInAnotherClassLoader
Wed May 16 06:07:48 UTC 2018: None match not added in database because it already exists
Wed May 16 06:07:48 UTC 2018: No link for: org.junit.tests.running.classes.parent.ParentRunnerClassLoaderTest-testBackwardCompatibilityWithOverrideGetName
Wed May 16 06:07:48 UTC 2018: None match not added in database because it already exists
Wed May 16 06:07:48 UTC 2018: No link for: org.junit.tests.running.classes.parent.ParentRunnerClassLoaderTest-testDescriptionContainCorrectTestClass
Wed May 16 06:07:49 UTC 2018: None match not added in database because it already exists
Wed May 16 06:07:49 UTC 2018: Linking done for minghzhang007__junit4 test class org.junit.tests.running.classes.parent.ParentRunnerClassLoaderTest
Wed May 16 06:07:49 UTC 2018: Found element on the queue
Wed May 16 06:07:49 UTC 2018: Updating status
Wed May 16 06:07:49 UTC 2018: Working
Wed May 16 06:07:52 UTC 2018: Start minghzhang007__junit4 test class org.junit.tests.running.classes.RunWithTest
Wed May 16 06:07:52 UTC 2018: Setting lastTestMethodIndex: 64473
Wed May 16 06:07:52 UTC 2018: Starting linking
Wed May 16 06:07:52 UTC 2018: Linking done for minghzhang007__junit4 test class org.junit.tests.running.classes.RunWithTest
Wed May 16 06:07:52 UTC 2018: Found element on the queue
Wed May 16 06:07:52 UTC 2018: Updating status
Wed May 16 06:07:52 UTC 2018: Working
Wed May 16 06:07:55 UTC 2018: Start minghzhang007__junit4 test class org.junit.tests.running.classes.SuiteTest
Wed May 16 06:07:55 UTC 2018: Setting lastTestMethodIndex: 64475
Wed May 16 06:07:55 UTC 2018: Starting linking
Wed May 16 06:07:55 UTC 2018: Linking done for minghzhang007__junit4 test class org.junit.tests.running.classes.SuiteTest
Wed May 16 06:07:55 UTC 2018: Found element on the queue
Wed May 16 06:07:55 UTC 2018: Updating status
Wed May 16 06:07:55 UTC 2018: Working
Wed May 16 06:07:58 UTC 2018: Start minghzhang007__junit4 test class org.junit.tests.assertion.AssertionTest
Wed May 16 06:07:58 UTC 2018: Setting lastTestMethodIndex: 64478
Wed May 16 06:07:58 UTC 2018: Starting linking
Wed May 16 06:07:58 UTC 2018: Code found org.junit.Assert-fail with org.junit.tests.assertion.AssertionTest-fails
Wed May 16 06:07:59 UTC 2018: Match not added in database because it already exists
Wed May 16 06:07:59 UTC 2018: Code found org.junit.Assert-assertNotEquals with org.junit.tests.assertion.AssertionTest-assertNotEqualsIgnoresDeltaOnNaN
Wed May 16 06:07:59 UTC 2018: Match not added in database because it already exists
Wed May 16 06:07:59 UTC 2018: Code found org.junit.Assert-assertThat with org.junit.tests.assertion.AssertionTest-assertThatIncludesAdvancedMismatch
Wed May 16 06:07:59 UTC 2018: Match not added in database because it already exists
Wed May 16 06:07:59 UTC 2018: Code found org.junit.Assert-expectThrows with org.junit.tests.assertion.AssertionTest-expectThrowsDetectsTypeMismatchesViaExplicitTypeHint
Wed May 16 06:08:00 UTC 2018: Match not added in database because it already exists
Wed May 16 06:08:00 UTC 2018: Code found org.junit.Assert-assertNotEquals with org.junit.tests.assertion.AssertionTest-assertNotEqualsConsidersDeltaCorrectly
Wed May 16 06:08:00 UTC 2018: Match not added in database because it already exists
Wed May 16 06:08:00 UTC 2018: Code found org.junit.Assert-expectThrows with org.junit.tests.assertion.AssertionTest-expectThrowsUsesCanonicalNameWhenRequiredExceptionNotThrown
Wed May 16 06:08:01 UTC 2018: Match not added in database because it already exists
Wed May 16 06:08:01 UTC 2018: Code found org.junit.Assert-expectThrows with org.junit.tests.assertion.AssertionTest-expectThrowsUsesCanonicalNameUponTypeMismatch
Wed May 16 06:08:01 UTC 2018: Match not added in database because it already exists
Wed May 16 06:08:01 UTC 2018: Code found org.junit.Assert-assertEquals with org.junit.tests.assertion.AssertionTest-nullMessageDisappearsWithAssertEquals
Wed May 16 06:08:02 UTC 2018: Match not added in database because it already exists
Wed May 16 06:08:02 UTC 2018: Code found org.junit.Assert-assertNotEquals with org.junit.tests.assertion.AssertionTest-assertNotEqualsWorksWithPrimitiveTypes
Wed May 16 06:08:02 UTC 2018: Match not added in database because it already exists
Wed May 16 06:08:02 UTC 2018: Code found org.junit.Assert-assertNotEquals with org.junit.tests.assertion.AssertionTest-assertNotEqualsIgnoresFloatDeltaOnNaN
Wed May 16 06:08:03 UTC 2018: Match not added in database because it already exists
Wed May 16 06:08:03 UTC 2018: Code found org.junit.Assert-expectThrows with org.junit.tests.assertion.AssertionTest-expectThrowsUsesNameUponTypeMismatchWithAnonymousClass
Wed May 16 06:08:03 UTC 2018: Match not added in database because it already exists
Wed May 16 06:08:03 UTC 2018: Code found org.junit.Assert-assertNotEquals with org.junit.tests.assertion.AssertionTest-assertNotEqualsConsidersFloatDeltaCorrectly
Wed May 16 06:08:04 UTC 2018: Match not added in database because it already exists
Wed May 16 06:08:04 UTC 2018: Code found org.junit.Assert-expectThrows with org.junit.tests.assertion.AssertionTest-expectThrowsWrapsAndPropagatesUnexpectedExceptions
Wed May 16 06:08:04 UTC 2018: Match not added in database because it already exists
Wed May 16 06:08:04 UTC 2018: Code found org.junit.Assert-expectThrows with org.junit.tests.assertion.AssertionTest-expectThrowsSuppliesACoherentErrorMessageUponTypeMismatch
Wed May 16 06:08:04 UTC 2018: Match not added in database because it already exists
Wed May 16 06:08:04 UTC 2018: Code found org.junit.Assert-assertNotEquals with org.junit.tests.assertion.AssertionTest-assertNotEqualsIncludesCorrectMessage
Wed May 16 06:08:05 UTC 2018: Match not added in database because it already exists
Wed May 16 06:08:05 UTC 2018: Code found org.junit.Assert-assertThat with org.junit.tests.assertion.AssertionTest-assertThatIncludesDescriptionOfTestedValueInErrorMessage
Wed May 16 06:08:05 UTC 2018: Match not added in database because it already exists
Wed May 16 06:08:05 UTC 2018: Code found org.junit.Assert-fail with org.junit.tests.assertion.AssertionTest-failWithNoMessageToString
Wed May 16 06:08:05 UTC 2018: Match not added in database because it already exists
Wed May 16 06:08:05 UTC 2018: Code found org.junit.Assert-assertThat with org.junit.tests.assertion.AssertionTest-assertThatDescriptionCanBeElided
Wed May 16 06:08:06 UTC 2018: Match not added in database because it already exists
Wed May 16 06:08:06 UTC 2018: Code found org.junit.Assert-fail with org.junit.tests.assertion.AssertionTest-failWithMessageToString
Wed May 16 06:08:06 UTC 2018: Match not added in database because it already exists
Wed May 16 06:08:06 UTC 2018: Code found org.junit.Assert-expectThrows with org.junit.tests.assertion.AssertionTest-expectThrowsRequiresAnExceptionToBeThrown
Wed May 16 06:08:07 UTC 2018: Match not added in database because it already exists
Wed May 16 06:08:07 UTC 2018: Code found org.junit.Assert-expectThrows with org.junit.tests.assertion.AssertionTest-expectThrowsIncludesAnInformativeDefaultMessage
Wed May 16 06:08:07 UTC 2018: Match not added in database because it already exists
Wed May 16 06:08:07 UTC 2018: Code found org.junit.Assert-expectThrows with org.junit.tests.assertion.AssertionTest-expectThrowsReturnsTheSameObjectThrown
Wed May 16 06:08:07 UTC 2018: Match not added in database because it already exists
Wed May 16 06:08:07 UTC 2018: Code found org.junit.Assert-assertEquals with org.junit.tests.assertion.AssertionTest-nullMessageDisappearsWithStringAssertEquals
Wed May 16 06:08:08 UTC 2018: Match not added in database because it already exists
Wed May 16 06:08:08 UTC 2018: Code found org.junit.Assert-assertNotEquals with org.junit.tests.assertion.AssertionTest-assertNotEqualsIncludesTheValueBeingTested
Wed May 16 06:08:08 UTC 2018: Match not added in database because it already exists
Wed May 16 06:08:08 UTC 2018: No link for: org.junit.tests.assertion.AssertionTest-twoDimensionalArraysConvertedToStringCorrectly
Wed May 16 06:08:09 UTC 2018: None match not added in database because it already exists
Wed May 16 06:08:09 UTC 2018: No link for: org.junit.tests.assertion.AssertionTest-objectsAreSame
Wed May 16 06:08:09 UTC 2018: None match not added in database because it already exists
Wed May 16 06:08:09 UTC 2018: No link for: org.junit.tests.assertion.AssertionTest-multiDimensionalArraysAreNotEqual
Wed May 16 06:08:09 UTC 2018: None match not added in database because it already exists
Wed May 16 06:08:09 UTC 2018: No link for: org.junit.tests.assertion.AssertionTest-charsNotEqual
Wed May 16 06:08:10 UTC 2018: None match not added in database because it already exists
Wed May 16 06:08:10 UTC 2018: No link for: org.junit.tests.assertion.AssertionTest-arraysElementsDiffer
Wed May 16 06:08:10 UTC 2018: None match not added in database because it already exists
Wed May 16 06:08:10 UTC 2018: No link for: org.junit.tests.assertion.AssertionTest-nullAndStringNullPrintCorrectError
Wed May 16 06:08:11 UTC 2018: None match not added in database because it already exists
Wed May 16 06:08:11 UTC 2018: No link for: org.junit.tests.assertion.AssertionTest-sameObjectIsNotEqual
Wed May 16 06:08:11 UTC 2018: None match not added in database because it already exists
Wed May 16 06:08:11 UTC 2018: No link for: org.junit.tests.assertion.AssertionTest-bytesNotEqual
Wed May 16 06:08:11 UTC 2018: None match not added in database because it already exists
Wed May 16 06:08:11 UTC 2018: No link for: org.junit.tests.assertion.AssertionTest-arraysDifferentLengthDifferingAtStartMessage
Wed May 16 06:08:12 UTC 2018: None match not added in database because it already exists
Wed May 16 06:08:12 UTC 2018: No link for: org.junit.tests.assertion.AssertionTest-notSameWithMessage
Wed May 16 06:08:12 UTC 2018: None match not added in database because it already exists
Wed May 16 06:08:12 UTC 2018: No link for: org.junit.tests.assertion.AssertionTest-nullNullmessage
Wed May 16 06:08:13 UTC 2018: None match not added in database because it already exists
Wed May 16 06:08:13 UTC 2018: No link for: org.junit.tests.assertion.AssertionTest-notEqualsObjectWithNull
Wed May 16 06:08:13 UTC 2018: None match not added in database because it already exists
Wed May 16 06:08:13 UTC 2018: No link for: org.junit.tests.assertion.AssertionTest-multiDimensionalArraysDeclaredAsOneDimensionalAreEqual
Wed May 16 06:08:13 UTC 2018: None match not added in database because it already exists
Wed May 16 06:08:13 UTC 2018: No link for: org.junit.tests.assertion.AssertionTest-intsEqualLongs
Wed May 16 06:08:14 UTC 2018: None match not added in database because it already exists
Wed May 16 06:08:14 UTC 2018: No link for: org.junit.tests.assertion.AssertionTest-objectsWithDiferentReferencesAreNotEqual
Wed May 16 06:08:14 UTC 2018: None match not added in database because it already exists
Wed May 16 06:08:14 UTC 2018: No link for: org.junit.tests.assertion.AssertionTest-twoDimensionalArraysDifferentInnerLengthNotEqual
Wed May 16 06:08:15 UTC 2018: None match not added in database because it already exists
Wed May 16 06:08:15 UTC 2018: No link for: org.junit.tests.assertion.AssertionTest-compareBigDecimalAndInteger
Wed May 16 06:08:15 UTC 2018: None match not added in database because it already exists
Wed May 16 06:08:15 UTC 2018: No link for: org.junit.tests.assertion.AssertionTest-arraysDifferAtElement0nullMessage
Wed May 16 06:08:15 UTC 2018: None match not added in database because it already exists
Wed May 16 06:08:15 UTC 2018: No link for: org.junit.tests.assertion.AssertionTest-doublesNotEqual
Wed May 16 06:08:16 UTC 2018: None match not added in database because it already exists
Wed May 16 06:08:16 UTC 2018: No link for: org.junit.tests.assertion.AssertionTest-arraysNotEqualWithMessage
Wed May 16 06:08:16 UTC 2018: None match not added in database because it already exists
Wed May 16 06:08:16 UTC 2018: No link for: org.junit.tests.assertion.AssertionTest-arraysDifferentLengthDifferingAtEndAndExpectedArrayLongerMessage
Wed May 16 06:08:16 UTC 2018: None match not added in database because it already exists
Wed May 16 06:08:16 UTC 2018: No link for: org.junit.tests.assertion.AssertionTest-objectsNotEquals
Wed May 16 06:08:17 UTC 2018: None match not added in database because it already exists
Wed May 16 06:08:17 UTC 2018: No link for: org.junit.tests.assertion.AssertionTest-multiDimensionalArraysDifferentLengthNoMessage
Wed May 16 06:08:17 UTC 2018: None match not added in database because it already exists
Wed May 16 06:08:17 UTC 2018: No link for: org.junit.tests.assertion.AssertionTest-objectsNotSame
Wed May 16 06:08:17 UTC 2018: None match not added in database because it already exists
Wed May 16 06:08:17 UTC 2018: No link for: org.junit.tests.assertion.AssertionTest-booleansNotEqual
Wed May 16 06:08:18 UTC 2018: None match not added in database because it already exists
Wed May 16 06:08:18 UTC 2018: No link for: org.junit.tests.assertion.AssertionTest-floatsNotDoublesInArrays
Wed May 16 06:08:18 UTC 2018: None match not added in database because it already exists
Wed May 16 06:08:18 UTC 2018: No link for: org.junit.tests.assertion.AssertionTest-shortsNotEqual
Wed May 16 06:08:19 UTC 2018: None match not added in database because it already exists
Wed May 16 06:08:19 UTC 2018: No link for: org.junit.tests.assertion.AssertionTest-stringNullAndNullWorksToo
Wed May 16 06:08:19 UTC 2018: None match not added in database because it already exists
Wed May 16 06:08:19 UTC 2018: No link for: org.junit.tests.assertion.AssertionTest-arraysEqual
Wed May 16 06:08:19 UTC 2018: None match not added in database because it already exists
Wed May 16 06:08:19 UTC 2018: No link for: org.junit.tests.assertion.AssertionTest-notEqualsObjectWithNullWithMessage
Wed May 16 06:08:20 UTC 2018: None match not added in database because it already exists
Wed May 16 06:08:20 UTC 2018: No link for: org.junit.tests.assertion.AssertionTest-nullMessage
Wed May 16 06:08:20 UTC 2018: None match not added in database because it already exists
Wed May 16 06:08:20 UTC 2018: No link for: org.junit.tests.assertion.AssertionTest-nullWithMessage
Wed May 16 06:08:20 UTC 2018: None match not added in database because it already exists
Wed May 16 06:08:20 UTC 2018: No link for: org.junit.tests.assertion.AssertionTest-naNsAreEqual
Wed May 16 06:08:21 UTC 2018: None match not added in database because it already exists
Wed May 16 06:08:21 UTC 2018: No link for: org.junit.tests.assertion.AssertionTest-arraysDifferAtElement0withMessage
Wed May 16 06:08:21 UTC 2018: None match not added in database because it already exists
Wed May 16 06:08:21 UTC 2018: No link for: org.junit.tests.assertion.AssertionTest-bigDecimalsNotEqual
Wed May 16 06:08:22 UTC 2018: None match not added in database because it already exists
Wed May 16 06:08:22 UTC 2018: No link for: org.junit.tests.assertion.AssertionTest-notEqualsNullWithObjectWithMessage
Wed May 16 06:08:22 UTC 2018: None match not added in database because it already exists
Wed May 16 06:08:22 UTC 2018: No link for: org.junit.tests.assertion.AssertionTest-arraysDifferAtElement1nullMessage
Wed May 16 06:08:22 UTC 2018: None match not added in database because it already exists
Wed May 16 06:08:22 UTC 2018: No link for: org.junit.tests.assertion.AssertionTest-multiDimensionalIntArraysAreEqual
Wed May 16 06:08:23 UTC 2018: None match not added in database because it already exists
Wed May 16 06:08:23 UTC 2018: No link for: org.junit.tests.assertion.AssertionTest-notSame
Wed May 16 06:08:23 UTC 2018: None match not added in database because it already exists
Wed May 16 06:08:23 UTC 2018: No link for: org.junit.tests.assertion.AssertionTest-oneDimensionalBooleanArraysAreNotEqual
Wed May 16 06:08:23 UTC 2018: None match not added in database because it already exists
Wed May 16 06:08:23 UTC 2018: No link for: org.junit.tests.assertion.AssertionTest-arraysActualNullMessage
Wed May 16 06:08:24 UTC 2018: None match not added in database because it already exists
Wed May 16 06:08:24 UTC 2018: No link for: org.junit.tests.assertion.AssertionTest-arraysWithNullElementEqual
Wed May 16 06:08:24 UTC 2018: None match not added in database because it already exists
Wed May 16 06:08:24 UTC 2018: No link for: org.junit.tests.assertion.AssertionTest-intsNotEqual
Wed May 16 06:08:24 UTC 2018: None match not added in database because it already exists
Wed May 16 06:08:24 UTC 2018: No link for: org.junit.tests.assertion.AssertionTest-oneDimensionalFloatArraysAreNotEqual
Wed May 16 06:08:25 UTC 2018: None match not added in database because it already exists
Wed May 16 06:08:25 UTC 2018: No link for: org.junit.tests.assertion.AssertionTest-sameNullMessage
Wed May 16 06:08:25 UTC 2018: None match not added in database because it already exists
Wed May 16 06:08:25 UTC 2018: No link for: org.junit.tests.assertion.AssertionTest-stringsDifferWithUserMessage
Wed May 16 06:08:26 UTC 2018: None match not added in database because it already exists
Wed May 16 06:08:26 UTC 2018: No link for: org.junit.tests.assertion.AssertionTest-arraysDeclaredAsObjectAreComparedAsObjects
Wed May 16 06:08:26 UTC 2018: None match not added in database because it already exists
Wed May 16 06:08:26 UTC 2018: No link for: org.junit.tests.assertion.AssertionTest-oneDimensionalPrimitiveArraysAreEqual
Wed May 16 06:08:27 UTC 2018: None match not added in database because it already exists
Wed May 16 06:08:27 UTC 2018: No link for: org.junit.tests.assertion.AssertionTest-stringsNotEqual
Wed May 16 06:08:27 UTC 2018: None match not added in database because it already exists
Wed May 16 06:08:27 UTC 2018: No link for: org.junit.tests.assertion.AssertionTest-arraysNotEqual
Wed May 16 06:08:27 UTC 2018: None match not added in database because it already exists
Wed May 16 06:08:27 UTC 2018: No link for: org.junit.tests.assertion.AssertionTest-longsNotEqual
Wed May 16 06:08:28 UTC 2018: None match not added in database because it already exists
Wed May 16 06:08:28 UTC 2018: No link for: org.junit.tests.assertion.AssertionTest-arraysDifferentLengthDifferingAtEndMessage
Wed May 16 06:08:28 UTC 2018: None match not added in database because it already exists
Wed May 16 06:08:28 UTC 2018: No link for: org.junit.tests.assertion.AssertionTest-sameWithMessage
Wed May 16 06:08:29 UTC 2018: None match not added in database because it already exists
Wed May 16 06:08:29 UTC 2018: No link for: org.junit.tests.assertion.AssertionTest-notSameNullMessage
Wed May 16 06:08:29 UTC 2018: None match not added in database because it already exists
Wed May 16 06:08:29 UTC 2018: No link for: org.junit.tests.assertion.AssertionTest-notEqualsNullWithObject
Wed May 16 06:08:30 UTC 2018: None match not added in database because it already exists
Wed May 16 06:08:30 UTC 2018: No link for: org.junit.tests.assertion.AssertionTest-primitiveArraysConvertedToStringCorrectly
Wed May 16 06:08:30 UTC 2018: None match not added in database because it already exists
Wed May 16 06:08:30 UTC 2018: No link for: org.junit.tests.assertion.AssertionTest-multiDimensionalArraysAreNotEqualNoMessage
Wed May 16 06:08:30 UTC 2018: None match not added in database because it already exists
Wed May 16 06:08:30 UTC 2018: No link for: org.junit.tests.assertion.AssertionTest-arraysExpectedNullMessage
Wed May 16 06:08:31 UTC 2018: None match not added in database because it already exists
Wed May 16 06:08:31 UTC 2018: No link for: org.junit.tests.assertion.AssertionTest-arraysEqualWithMessage
Wed May 16 06:08:31 UTC 2018: None match not added in database because it already exists
Wed May 16 06:08:31 UTC 2018: No link for: org.junit.tests.assertion.AssertionTest-equals
Wed May 16 06:08:31 UTC 2018: None match not added in database because it already exists
Wed May 16 06:08:31 UTC 2018: No link for: org.junit.tests.assertion.AssertionTest-IntegerDoesNotEqualLong
Wed May 16 06:08:32 UTC 2018: None match not added in database because it already exists
Wed May 16 06:08:32 UTC 2018: No link for: org.junit.tests.assertion.AssertionTest-arraysDifferAtElement1withMessage
Wed May 16 06:08:32 UTC 2018: None match not added in database because it already exists
Wed May 16 06:08:32 UTC 2018: No link for: org.junit.tests.assertion.AssertionTest-implicitTypecastEquality
Wed May 16 06:08:33 UTC 2018: None match not added in database because it already exists
Wed May 16 06:08:33 UTC 2018: No link for: org.junit.tests.assertion.AssertionTest-floatsNotEqualWithoutDelta
Wed May 16 06:08:33 UTC 2018: None match not added in database because it already exists
Wed May 16 06:08:33 UTC 2018: No link for: org.junit.tests.assertion.AssertionTest-multiDimensionalArraysAreEqual
Wed May 16 06:08:33 UTC 2018: None match not added in database because it already exists
Wed May 16 06:08:33 UTC 2018: No link for: org.junit.tests.assertion.AssertionTest-multiDimensionalArraysDifferentLengthMessage
Wed May 16 06:08:34 UTC 2018: None match not added in database because it already exists
Wed May 16 06:08:34 UTC 2018: No link for: org.junit.tests.assertion.AssertionTest-oneDimensionalDoubleArraysAreNotEqual
Wed May 16 06:08:34 UTC 2018: None match not added in database because it already exists
Wed May 16 06:08:34 UTC 2018: No link for: org.junit.tests.assertion.AssertionTest-floatsNotEqual
Wed May 16 06:08:34 UTC 2018: None match not added in database because it already exists
Wed May 16 06:08:34 UTC 2018: No link for: org.junit.tests.assertion.AssertionTest-same
Wed May 16 06:08:35 UTC 2018: None match not added in database because it already exists
Wed May 16 06:08:35 UTC 2018: No link for: org.junit.tests.assertion.AssertionTest-errorMessageDistinguishesDifferentValuesWithSameToString
Wed May 16 06:08:35 UTC 2018: None match not added in database because it already exists
Wed May 16 06:08:35 UTC 2018: No link for: org.junit.tests.assertion.AssertionTest-twoDimensionalArraysDifferentOuterLengthNotEqual
Wed May 16 06:08:36 UTC 2018: None match not added in database because it already exists
Wed May 16 06:08:36 UTC 2018: Linking done for minghzhang007__junit4 test class org.junit.tests.assertion.AssertionTest
Wed May 16 06:08:36 UTC 2018: Found element on the queue
Wed May 16 06:08:36 UTC 2018: Updating status
Wed May 16 06:08:36 UTC 2018: Working
Wed May 16 06:08:39 UTC 2018: Start minghzhang007__junit4 test class org.junit.tests.running.classes.UseSuiteAsASuperclassTest
Wed May 16 06:08:39 UTC 2018: Setting lastTestMethodIndex: 64493
Wed May 16 06:08:39 UTC 2018: Starting linking
Wed May 16 06:08:39 UTC 2018: Linking done for minghzhang007__junit4 test class org.junit.tests.running.classes.UseSuiteAsASuperclassTest
Wed May 16 06:08:39 UTC 2018: Found element on the queue
Wed May 16 06:08:39 UTC 2018: Updating status
Wed May 16 06:08:39 UTC 2018: Working
Wed May 16 06:08:42 UTC 2018: Start minghzhang007__junit4 test class org.junit.tests.assertion.ComparisonFailureTest
Wed May 16 06:08:42 UTC 2018: Setting lastTestMethodIndex: 64494
Wed May 16 06:08:42 UTC 2018: Starting linking
Wed May 16 06:08:42 UTC 2018: No link for: org.junit.tests.assertion.ComparisonFailureTest-compactFailureMessage
Wed May 16 06:08:42 UTC 2018: None match not added in database because it already exists
Wed May 16 06:08:42 UTC 2018: Linking done for minghzhang007__junit4 test class org.junit.tests.assertion.ComparisonFailureTest
Wed May 16 06:08:43 UTC 2018: Found element on the queue
Wed May 16 06:08:43 UTC 2018: Updating status
Wed May 16 06:08:43 UTC 2018: Working
Wed May 16 06:08:45 UTC 2018: Start minghzhang007__junit4 test class org.junit.tests.running.core.CommandLineTest
Wed May 16 06:08:45 UTC 2018: Setting lastTestMethodIndex: 64497
Wed May 16 06:08:45 UTC 2018: Starting linking
Wed May 16 06:08:45 UTC 2018: Linking done for minghzhang007__junit4 test class org.junit.tests.running.core.CommandLineTest
Wed May 16 06:08:46 UTC 2018: Found element on the queue
Wed May 16 06:08:46 UTC 2018: Updating status
Wed May 16 06:08:46 UTC 2018: Working
Wed May 16 06:08:48 UTC 2018: Start minghzhang007__junit4 test class org.junit.tests.assertion.MultipleFailureExceptionTest
Wed May 16 06:08:48 UTC 2018: Setting lastTestMethodIndex: 64499
Wed May 16 06:08:48 UTC 2018: Starting linking
Wed May 16 06:08:48 UTC 2018: Code found org.junit.runners.model.MultipleFailureException-assertEmpty with org.junit.tests.assertion.MultipleFailureExceptionTest-assertEmptyThrowsMultipleFailureExceptionForManyThrowables
Wed May 16 06:08:48 UTC 2018: Match not added in database because it already exists
Wed May 16 06:08:48 UTC 2018: Code found org.junit.runners.model.MultipleFailureException-assertEmpty with org.junit.tests.assertion.MultipleFailureExceptionTest-assertEmptyRethrowsSingleError
Wed May 16 06:08:49 UTC 2018: Match not added in database because it already exists
Wed May 16 06:08:49 UTC 2018: Code found org.junit.runners.model.MultipleFailureException-assertEmpty with org.junit.tests.assertion.MultipleFailureExceptionTest-assertEmptyDoesNotThrowForEmptyList
Wed May 16 06:08:49 UTC 2018: Match not added in database because it already exists
Wed May 16 06:08:49 UTC 2018: Code found org.junit.runners.model.MultipleFailureException-assertEmpty with org.junit.tests.assertion.MultipleFailureExceptionTest-assertEmptyRethrowsSingleRuntimeException
Wed May 16 06:08:50 UTC 2018: Match not added in database because it already exists
Wed May 16 06:08:50 UTC 2018: Code found org.junit.runners.model.MultipleFailureException-assertEmpty with org.junit.tests.assertion.MultipleFailureExceptionTest-assertEmptyWrapsAssumptionFailuresForManyThrowables
Wed May 16 06:08:50 UTC 2018: Match not added in database because it already exists
Wed May 16 06:08:50 UTC 2018: No link for: org.junit.tests.assertion.MultipleFailureExceptionTest-assertEmptyErrorListConstructorFailure
Wed May 16 06:08:50 UTC 2018: None match not added in database because it already exists
Wed May 16 06:08:50 UTC 2018: Linking done for minghzhang007__junit4 test class org.junit.tests.assertion.MultipleFailureExceptionTest
Wed May 16 06:08:51 UTC 2018: Found element on the queue
Wed May 16 06:08:51 UTC 2018: Updating status
Wed May 16 06:08:51 UTC 2018: Working
Wed May 16 06:08:54 UTC 2018: Start minghzhang007__junit4 test class org.junit.tests.running.core.JUnitCoreReturnsCorrectExitCodeTest
Wed May 16 06:08:54 UTC 2018: Setting lastTestMethodIndex: 64503
Wed May 16 06:08:54 UTC 2018: Starting linking
Wed May 16 06:08:54 UTC 2018: Linking done for minghzhang007__junit4 test class org.junit.tests.running.core.JUnitCoreReturnsCorrectExitCodeTest
Wed May 16 06:08:54 UTC 2018: Found element on the queue
Wed May 16 06:08:54 UTC 2018: Updating status
Wed May 16 06:08:54 UTC 2018: Working
Wed May 16 06:08:57 UTC 2018: Start minghzhang007__junit4 test class org.junit.tests.deprecated.JUnit4ClassRunnerTest
Wed May 16 06:08:57 UTC 2018: Setting lastTestMethodIndex: 64505
Wed May 16 06:08:57 UTC 2018: Starting linking
Wed May 16 06:08:57 UTC 2018: Linking done for minghzhang007__junit4 test class org.junit.tests.deprecated.JUnit4ClassRunnerTest
Wed May 16 06:08:57 UTC 2018: Found element on the queue
Wed May 16 06:08:57 UTC 2018: Updating status
Wed May 16 06:08:57 UTC 2018: Working
Wed May 16 06:09:00 UTC 2018: Start minghzhang007__junit4 test class org.junit.tests.running.core.SystemExitTest
Wed May 16 06:09:00 UTC 2018: Setting lastTestMethodIndex: 64508
Wed May 16 06:09:00 UTC 2018: Starting linking
Wed May 16 06:09:00 UTC 2018: Linking done for minghzhang007__junit4 test class org.junit.tests.running.core.SystemExitTest
Wed May 16 06:09:00 UTC 2018: Found element on the queue
Wed May 16 06:09:00 UTC 2018: Updating status
Wed May 16 06:09:00 UTC 2018: Working
Wed May 16 06:09:03 UTC 2018: Start minghzhang007__junit4 test class org.junit.tests.description.AnnotatedDescriptionTest
Wed May 16 06:09:03 UTC 2018: Setting lastTestMethodIndex: 64509
Wed May 16 06:09:03 UTC 2018: Starting linking
Wed May 16 06:09:03 UTC 2018: Linking done for minghzhang007__junit4 test class org.junit.tests.description.AnnotatedDescriptionTest
Wed May 16 06:09:03 UTC 2018: Found element on the queue
Wed May 16 06:09:03 UTC 2018: Updating status
Wed May 16 06:09:03 UTC 2018: Working
Wed May 16 06:09:06 UTC 2018: Start minghzhang007__junit4 test class org.junit.tests.running.methods.AnnotationTest
Wed May 16 06:09:06 UTC 2018: Setting lastTestMethodIndex: 64512
Wed May 16 06:09:06 UTC 2018: Starting linking
Wed May 16 06:09:06 UTC 2018: Linking done for minghzhang007__junit4 test class org.junit.tests.running.methods.AnnotationTest
Wed May 16 06:09:06 UTC 2018: Found element on the queue
Wed May 16 06:09:06 UTC 2018: Updating status
Wed May 16 06:09:06 UTC 2018: Working
Wed May 16 06:09:09 UTC 2018: Start minghzhang007__junit4 test class org.junit.tests.description.SuiteDescriptionTest
Wed May 16 06:09:09 UTC 2018: Setting lastTestMethodIndex: 64515
Wed May 16 06:09:09 UTC 2018: Starting linking
Wed May 16 06:09:09 UTC 2018: Code found org.junit.runner.Description-hashCode with org.junit.tests.description.SuiteDescriptionTest-hashCodeIsReasonable
Wed May 16 06:09:10 UTC 2018: Match not added in database because it already exists
Wed May 16 06:09:10 UTC 2018: Code found org.junit.runner.Description-equals with org.junit.tests.description.SuiteDescriptionTest-equalsIsCorrect
Wed May 16 06:09:10 UTC 2018: Match not added in database because it already exists
Wed May 16 06:09:10 UTC 2018: Linking done for minghzhang007__junit4 test class org.junit.tests.description.SuiteDescriptionTest
Wed May 16 06:09:10 UTC 2018: Found element on the queue
Wed May 16 06:09:10 UTC 2018: Updating status
Wed May 16 06:09:10 UTC 2018: Working
Wed May 16 06:09:13 UTC 2018: Start minghzhang007__junit4 test class org.junit.tests.running.methods.ExpectedTest
Wed May 16 06:09:13 UTC 2018: Setting lastTestMethodIndex: 64518
Wed May 16 06:09:13 UTC 2018: Starting linking
Wed May 16 06:09:13 UTC 2018: Linking done for minghzhang007__junit4 test class org.junit.tests.running.methods.ExpectedTest
Wed May 16 06:09:13 UTC 2018: Found element on the queue
Wed May 16 06:09:13 UTC 2018: Updating status
Wed May 16 06:09:13 UTC 2018: Working
Wed May 16 06:09:16 UTC 2018: Start minghzhang007__junit4 test class org.junit.tests.description.TestDescriptionMethodNameTest
Wed May 16 06:09:16 UTC 2018: Setting lastTestMethodIndex: 64519
Wed May 16 06:09:16 UTC 2018: Starting linking
Wed May 16 06:09:16 UTC 2018: No link for: org.junit.tests.description.TestDescriptionMethodNameTest-methodNameTest
Wed May 16 06:09:16 UTC 2018: None match not added in database because it already exists
Wed May 16 06:09:16 UTC 2018: Linking done for minghzhang007__junit4 test class org.junit.tests.description.TestDescriptionMethodNameTest
Wed May 16 06:09:17 UTC 2018: Found element on the queue
Wed May 16 06:09:17 UTC 2018: Updating status
Wed May 16 06:09:17 UTC 2018: Working
Wed May 16 06:09:19 UTC 2018: Start minghzhang007__junit4 test class org.junit.tests.running.methods.InheritedTestTest
Wed May 16 06:09:19 UTC 2018: Setting lastTestMethodIndex: 64521
Wed May 16 06:09:19 UTC 2018: Starting linking
Wed May 16 06:09:19 UTC 2018: Linking done for minghzhang007__junit4 test class org.junit.tests.running.methods.InheritedTestTest
Wed May 16 06:09:20 UTC 2018: Found element on the queue
Wed May 16 06:09:20 UTC 2018: Updating status
Wed May 16 06:09:20 UTC 2018: Working
Wed May 16 06:09:22 UTC 2018: Start minghzhang007__junit4 test class org.junit.tests.description.TestDescriptionTest
Wed May 16 06:09:22 UTC 2018: Setting lastTestMethodIndex: 64523
Wed May 16 06:09:22 UTC 2018: Starting linking
Wed May 16 06:09:22 UTC 2018: Code found org.junit.runner.Description-equals with org.junit.tests.description.TestDescriptionTest-equalsIsFalseForNonTestDescription
Wed May 16 06:09:22 UTC 2018: Match not added in database because it already exists
Wed May 16 06:09:22 UTC 2018: Code found org.junit.runner.Description-equals with org.junit.tests.description.TestDescriptionTest-equalsIsTrueForSameNameAndNoExplicitUniqueId
Wed May 16 06:09:23 UTC 2018: Match not added in database because it already exists
Wed May 16 06:09:23 UTC 2018: Code found org.junit.runner.Description-equals with org.junit.tests.description.TestDescriptionTest-equalsIsFalseForSameNameAndDifferentUniqueId
Wed May 16 06:09:23 UTC 2018: Match not added in database because it already exists
Wed May 16 06:09:23 UTC 2018: Linking done for minghzhang007__junit4 test class org.junit.tests.description.TestDescriptionTest
Wed May 16 06:09:24 UTC 2018: Found element on the queue
Wed May 16 06:09:24 UTC 2018: Updating status
Wed May 16 06:09:24 UTC 2018: Working
Wed May 16 06:09:26 UTC 2018: Start minghzhang007__junit4 test class org.junit.tests.running.methods.ParameterizedTestMethodTest
Wed May 16 06:09:26 UTC 2018: Setting lastTestMethodIndex: 64525
Wed May 16 06:09:26 UTC 2018: Starting linking
Wed May 16 06:09:26 UTC 2018: Linking done for minghzhang007__junit4 test class org.junit.tests.running.methods.ParameterizedTestMethodTest
Wed May 16 06:09:27 UTC 2018: Found element on the queue
Wed May 16 06:09:27 UTC 2018: Updating status
Wed May 16 06:09:27 UTC 2018: Working
Wed May 16 06:09:29 UTC 2018: Start minghzhang007__junit4 test class org.junit.tests.running.methods.TestMethodTest
Wed May 16 06:09:29 UTC 2018: Setting lastTestMethodIndex: 64527
Wed May 16 06:09:29 UTC 2018: Starting linking
Wed May 16 06:09:29 UTC 2018: Linking done for minghzhang007__junit4 test class org.junit.tests.running.methods.TestMethodTest
Wed May 16 06:09:29 UTC 2018: Found element on the queue
Wed May 16 06:09:29 UTC 2018: Updating status
Wed May 16 06:09:29 UTC 2018: Working
Wed May 16 06:09:32 UTC 2018: Start minghzhang007__junit4 test class org.junit.experimental.categories.CategoriesAndParameterizedTest
Wed May 16 06:09:32 UTC 2018: Setting lastTestMethodIndex: 64528
Wed May 16 06:09:32 UTC 2018: Starting linking
Wed May 16 06:09:32 UTC 2018: Linking done for minghzhang007__junit4 test class org.junit.experimental.categories.CategoriesAndParameterizedTest
Wed May 16 06:09:32 UTC 2018: Found element on the queue
Wed May 16 06:09:32 UTC 2018: Updating status
Wed May 16 06:09:32 UTC 2018: Working
Wed May 16 06:09:35 UTC 2018: Start minghzhang007__junit4 test class org.junit.samples.ListTest
Wed May 16 06:09:35 UTC 2018: Setting lastTestMethodIndex: 64530
Wed May 16 06:09:35 UTC 2018: Starting linking
Wed May 16 06:09:35 UTC 2018: No link for: org.junit.samples.ListTest-removeAll
Wed May 16 06:09:35 UTC 2018: None match not added in database because it already exists
Wed May 16 06:09:35 UTC 2018: No link for: org.junit.samples.ListTest-testCopy
Wed May 16 06:09:36 UTC 2018: None match not added in database because it already exists
Wed May 16 06:09:36 UTC 2018: No link for: org.junit.samples.ListTest-elementAt
Wed May 16 06:09:36 UTC 2018: None match not added in database because it already exists
Wed May 16 06:09:36 UTC 2018: No link for: org.junit.samples.ListTest-capacity
Wed May 16 06:09:37 UTC 2018: None match not added in database because it already exists
Wed May 16 06:09:37 UTC 2018: No link for: org.junit.samples.ListTest-contains
Wed May 16 06:09:37 UTC 2018: None match not added in database because it already exists
Wed May 16 06:09:37 UTC 2018: No link for: org.junit.samples.ListTest-removeElement
Wed May 16 06:09:37 UTC 2018: None match not added in database because it already exists
Wed May 16 06:09:37 UTC 2018: Linking done for minghzhang007__junit4 test class org.junit.samples.ListTest
Wed May 16 06:09:38 UTC 2018: Found element on the queue
Wed May 16 06:09:38 UTC 2018: Updating status
Wed May 16 06:09:38 UTC 2018: Working
Wed May 16 06:09:41 UTC 2018: Start minghzhang007__junit4 test class org.junit.samples.money.MoneyTest
Wed May 16 06:09:41 UTC 2018: Setting lastTestMethodIndex: 64533
Wed May 16 06:09:41 UTC 2018: Starting linking
Wed May 16 06:09:41 UTC 2018: Code found junit.samples.money.Money-add with org.junit.samples.money.MoneyTest-testSimpleBagAdd
Wed May 16 06:09:42 UTC 2018: Match not added in database because it already exists
Wed May 16 06:09:42 UTC 2018: Code found junit.samples.money.Money-negate with org.junit.samples.money.MoneyTest-testSimpleNegate
Wed May 16 06:09:42 UTC 2018: Match not added in database because it already exists
Wed May 16 06:09:42 UTC 2018: Code found junit.samples.money.Money-multiply with org.junit.samples.money.MoneyTest-testSimpleMultiply
Wed May 16 06:09:42 UTC 2018: Match not added in database because it already exists
Wed May 16 06:09:42 UTC 2018: Code found junit.samples.money.Money-equals with org.junit.samples.money.MoneyTest-testMoneyBagEquals
Wed May 16 06:09:43 UTC 2018: Match not added in database because it already exists
Wed May 16 06:09:43 UTC 2018: Code found junit.samples.money.Money-equals with org.junit.samples.money.MoneyTest-testMoneyEquals
Wed May 16 06:09:43 UTC 2018: Match not added in database because it already exists
Wed May 16 06:09:43 UTC 2018: Code found junit.samples.money.Money-add with org.junit.samples.money.MoneyTest-testSimpleAdd
Wed May 16 06:09:44 UTC 2018: Match not added in database because it already exists
Wed May 16 06:09:44 UTC 2018: Code found junit.samples.money.Money-add with org.junit.samples.money.MoneyTest-testMixedSimpleAdd
Wed May 16 06:09:44 UTC 2018: Match not added in database because it already exists
Wed May 16 06:09:44 UTC 2018: Code found junit.samples.money.Money-subtract with org.junit.samples.money.MoneyTest-testSimpleSubtract
Wed May 16 06:09:45 UTC 2018: Match not added in database because it already exists
Wed May 16 06:09:45 UTC 2018: No link for: org.junit.samples.money.MoneyTest-testBagSimpleAdd
Wed May 16 06:09:45 UTC 2018: None match not added in database because it already exists
Wed May 16 06:09:45 UTC 2018: No link for: org.junit.samples.money.MoneyTest-testMoneyBagHash
Wed May 16 06:09:46 UTC 2018: None match not added in database because it already exists
Wed May 16 06:09:46 UTC 2018: No link for: org.junit.samples.money.MoneyTest-testMoneyHash
Wed May 16 06:09:46 UTC 2018: None match not added in database because it already exists
Wed May 16 06:09:46 UTC 2018: No link for: org.junit.samples.money.MoneyTest-testBagSumAdd
Wed May 16 06:09:47 UTC 2018: None match not added in database because it already exists
Wed May 16 06:09:47 UTC 2018: No link for: org.junit.samples.money.MoneyTest-testBagNotEquals
Wed May 16 06:09:47 UTC 2018: None match not added in database because it already exists
Wed May 16 06:09:47 UTC 2018: No link for: org.junit.samples.money.MoneyTest-zeroMoniesAreEqualRegardlessOfCurrency
Wed May 16 06:09:47 UTC 2018: None match not added in database because it already exists
Wed May 16 06:09:47 UTC 2018: No link for: org.junit.samples.money.MoneyTest-testIsZero
Wed May 16 06:09:48 UTC 2018: None match not added in database because it already exists
Wed May 16 06:09:48 UTC 2018: No link for: org.junit.samples.money.MoneyTest-testSimplify
Wed May 16 06:09:49 UTC 2018: None match not added in database because it already exists
Wed May 16 06:09:49 UTC 2018: No link for: org.junit.samples.money.MoneyTest-testNormalize2
Wed May 16 06:09:49 UTC 2018: None match not added in database because it already exists
Wed May 16 06:09:49 UTC 2018: No link for: org.junit.samples.money.MoneyTest-testNormalize3
Wed May 16 06:09:49 UTC 2018: None match not added in database because it already exists
Wed May 16 06:09:49 UTC 2018: No link for: org.junit.samples.money.MoneyTest-testNormalize4
Wed May 16 06:09:50 UTC 2018: None match not added in database because it already exists
Wed May 16 06:09:50 UTC 2018: No link for: org.junit.samples.money.MoneyTest-testBagMultiply
Wed May 16 06:09:50 UTC 2018: None match not added in database because it already exists
Wed May 16 06:09:50 UTC 2018: No link for: org.junit.samples.money.MoneyTest-testBagNegate
Wed May 16 06:09:51 UTC 2018: None match not added in database because it already exists
Wed May 16 06:09:51 UTC 2018: No link for: org.junit.samples.money.MoneyTest-testBagSubtract
Wed May 16 06:09:51 UTC 2018: None match not added in database because it already exists
Wed May 16 06:09:51 UTC 2018: No link for: org.junit.samples.money.MoneyTest-testPrint
Wed May 16 06:09:51 UTC 2018: None match not added in database because it already exists
Wed May 16 06:09:51 UTC 2018: Linking done for minghzhang007__junit4 test class org.junit.samples.money.MoneyTest
Wed May 16 06:09:52 UTC 2018: Found element on the queue
Wed May 16 06:09:52 UTC 2018: Updating status
Wed May 16 06:09:52 UTC 2018: Working
Wed May 16 06:09:54 UTC 2018: Start minghzhang007__junit4 test class org.junit.experimental.categories.CategoryFilterFactoryTest
Wed May 16 06:09:54 UTC 2018: Setting lastTestMethodIndex: 64536
Wed May 16 06:09:54 UTC 2018: Starting linking
Wed May 16 06:09:55 UTC 2018: Code found org.junit.experimental.categories.CategoryFilterFactory-createFilter with org.junit.experimental.categories.CategoryFilterFactoryTest-shouldCreateFilter
Wed May 16 06:09:55 UTC 2018: Match not added in database because it already exists
Wed May 16 06:09:55 UTC 2018: No link for: org.junit.experimental.categories.CategoryFilterFactoryTest-shouldThrowException
Wed May 16 06:09:55 UTC 2018: None match not added in database because it already exists
Wed May 16 06:09:55 UTC 2018: Linking done for minghzhang007__junit4 test class org.junit.experimental.categories.CategoryFilterFactoryTest
Wed May 16 06:09:56 UTC 2018: Found element on the queue
Wed May 16 06:09:56 UTC 2018: Updating status
Wed May 16 06:09:56 UTC 2018: Working
Wed May 16 06:09:58 UTC 2018: Start minghzhang007__junit4 test class org.junit.tests.validation.BadlyFormedClassesTest
Wed May 16 06:09:58 UTC 2018: Setting lastTestMethodIndex: 64538
Wed May 16 06:09:58 UTC 2018: Starting linking
Wed May 16 06:09:58 UTC 2018: Linking done for minghzhang007__junit4 test class org.junit.tests.validation.BadlyFormedClassesTest
Wed May 16 06:09:59 UTC 2018: Found element on the queue
Wed May 16 06:09:59 UTC 2018: Updating status
Wed May 16 06:09:59 UTC 2018: Working
Wed May 16 06:10:01 UTC 2018: Start minghzhang007__junit4 test class org.junit.tests.validation.FailedConstructionTest
Wed May 16 06:10:01 UTC 2018: Setting lastTestMethodIndex: 64539
Wed May 16 06:10:01 UTC 2018: Starting linking
Wed May 16 06:10:01 UTC 2018: Linking done for minghzhang007__junit4 test class org.junit.tests.validation.FailedConstructionTest
Wed May 16 06:10:02 UTC 2018: Found element on the queue
Wed May 16 06:10:02 UTC 2018: Updating status
Wed May 16 06:10:02 UTC 2018: Working
Wed May 16 06:10:05 UTC 2018: Start minghzhang007__junit4 test class org.junit.experimental.categories.CategoryTest
Wed May 16 06:10:05 UTC 2018: Setting lastTestMethodIndex: 64542
Wed May 16 06:10:05 UTC 2018: Starting linking
Wed May 16 06:10:05 UTC 2018: Linking done for minghzhang007__junit4 test class org.junit.experimental.categories.CategoryTest
Wed May 16 06:10:05 UTC 2018: Found element on the queue
Wed May 16 06:10:05 UTC 2018: Updating status
Wed May 16 06:10:05 UTC 2018: Working
Wed May 16 06:10:08 UTC 2018: Start minghzhang007__junit4 test class org.junit.tests.validation.ValidationTest
Wed May 16 06:10:08 UTC 2018: Setting lastTestMethodIndex: 64545
Wed May 16 06:10:08 UTC 2018: Starting linking
Wed May 16 06:10:08 UTC 2018: Linking done for minghzhang007__junit4 test class org.junit.tests.validation.ValidationTest
Wed May 16 06:10:08 UTC 2018: Found element on the queue
Wed May 16 06:10:08 UTC 2018: Updating status
Wed May 16 06:10:08 UTC 2018: Working
Wed May 16 06:10:11 UTC 2018: Start minghzhang007__junit4 test class org.junit.validator.AnnotationsValidatorTest
Wed May 16 06:10:12 UTC 2018: Setting lastTestMethodIndex: 64546
Wed May 16 06:10:12 UTC 2018: Starting linking
Wed May 16 06:10:12 UTC 2018: Linking done for minghzhang007__junit4 test class org.junit.validator.AnnotationsValidatorTest
Wed May 16 06:10:12 UTC 2018: Found element on the queue
Wed May 16 06:10:12 UTC 2018: Updating status
Wed May 16 06:10:12 UTC 2018: Working
Wed May 16 06:10:15 UTC 2018: Start minghzhang007__junit4 test class org.junit.experimental.categories.CategoryValidatorTest
Wed May 16 06:10:15 UTC 2018: Setting lastTestMethodIndex: 64549
Wed May 16 06:10:15 UTC 2018: Starting linking
Wed May 16 06:10:15 UTC 2018: Linking done for minghzhang007__junit4 test class org.junit.experimental.categories.CategoryValidatorTest
Wed May 16 06:10:16 UTC 2018: Found element on the queue
Wed May 16 06:10:16 UTC 2018: Updating status
Wed May 16 06:10:16 UTC 2018: Working
Wed May 16 06:10:19 UTC 2018: Start minghzhang007__junit4 test class org.junit.validator.AnnotationValidatorFactoryTest
Wed May 16 06:10:19 UTC 2018: Setting lastTestMethodIndex: 64552
Wed May 16 06:10:19 UTC 2018: Starting linking
Wed May 16 06:10:19 UTC 2018: Code found org.junit.validator.AnnotationValidatorFactory-createAnnotationValidator with org.junit.validator.AnnotationValidatorFactoryTest-createAnnotationValidator
Wed May 16 06:10:19 UTC 2018: Match not added in database because it already exists
Wed May 16 06:10:19 UTC 2018: No link for: org.junit.validator.AnnotationValidatorFactoryTest-exceptionWhenAnnotationValidatorCantBeCreated
Wed May 16 06:10:20 UTC 2018: Linking done for minghzhang007__junit4 test class org.junit.validator.AnnotationValidatorFactoryTest
Wed May 16 06:10:20 UTC 2018: Found element on the queue
Wed May 16 06:10:20 UTC 2018: Updating status
Wed May 16 06:10:20 UTC 2018: Working
Wed May 16 06:10:23 UTC 2018: Start minghzhang007__junit4 test class org.junit.validator.PublicClassValidatorTest
Wed May 16 06:10:23 UTC 2018: Setting lastTestMethodIndex: 64554
Wed May 16 06:10:23 UTC 2018: Starting linking
Wed May 16 06:10:23 UTC 2018: Linking done for minghzhang007__junit4 test class org.junit.validator.PublicClassValidatorTest
Wed May 16 06:10:23 UTC 2018: Found element on the queue
Wed May 16 06:10:23 UTC 2018: Updating status
Wed May 16 06:10:23 UTC 2018: Working
Wed May 16 06:10:26 UTC 2018: Start minghzhang007__junit4 test class org.junit.experimental.categories.JavadocTest
Wed May 16 06:10:26 UTC 2018: Setting lastTestMethodIndex: 64556
Wed May 16 06:10:26 UTC 2018: Starting linking
Wed May 16 06:10:26 UTC 2018: Linking done for minghzhang007__junit4 test class org.junit.experimental.categories.JavadocTest
Wed May 16 06:10:27 UTC 2018: Found element on the queue
Wed May 16 06:10:27 UTC 2018: Updating status
Wed May 16 06:10:27 UTC 2018: Working
Wed May 16 06:10:29 UTC 2018: Start minghzhang007__junit4 test class org.junit.AssumptionViolatedExceptionTest
Wed May 16 06:10:29 UTC 2018: Setting lastTestMethodIndex: 64558
Wed May 16 06:10:29 UTC 2018: Starting linking
Wed May 16 06:10:29 UTC 2018: No code found org.junit.AssumptionViolatedException-initCause with org.junit.AssumptionViolatedExceptionTest-canInitCauseWithInstanceCreatedWithString
Wed May 16 06:10:30 UTC 2018: No link for: org.junit.AssumptionViolatedExceptionTest-canSetCauseWithInstanceCreatedWithMainConstructor
Wed May 16 06:10:30 UTC 2018: None match not added in database because it already exists
Wed May 16 06:10:30 UTC 2018: No link for: org.junit.AssumptionViolatedExceptionTest-canSetCauseWithInstanceCreatedWithObjectAndMatcher
Wed May 16 06:10:31 UTC 2018: None match not added in database because it already exists
Wed May 16 06:10:31 UTC 2018: No link for: org.junit.AssumptionViolatedExceptionTest-assumptionViolatedExceptionWithMatcherDescribesItself
Wed May 16 06:10:31 UTC 2018: None match not added in database because it already exists
Wed May 16 06:10:31 UTC 2018: No link for: org.junit.AssumptionViolatedExceptionTest-canSetCauseWithInstanceCreatedWithAssumptionObjectAndMatcher
Wed May 16 06:10:31 UTC 2018: None match not added in database because it already exists
Wed May 16 06:10:31 UTC 2018: No link for: org.junit.AssumptionViolatedExceptionTest-canSetCauseWithInstanceCreatedWithExplicitThrowableConstructor
Wed May 16 06:10:32 UTC 2018: None match not added in database because it already exists
Wed May 16 06:10:32 UTC 2018: No link for: org.junit.AssumptionViolatedExceptionTest-simpleAssumptionViolatedExceptionDescribesItself
Wed May 16 06:10:32 UTC 2018: None match not added in database because it already exists
Wed May 16 06:10:32 UTC 2018: Linking done for minghzhang007__junit4 test class org.junit.AssumptionViolatedExceptionTest
Wed May 16 06:10:33 UTC 2018: Found element on the queue
Wed May 16 06:10:33 UTC 2018: Updating status
Wed May 16 06:10:33 UTC 2018: Working
Wed May 16 06:10:35 UTC 2018: Start minghzhang007__junit4 test class org.junit.tests.ObjectContractTest
Wed May 16 06:10:35 UTC 2018: Setting lastTestMethodIndex: 64561
Wed May 16 06:10:35 UTC 2018: Starting linking
Wed May 16 06:10:35 UTC 2018: No link for: org.junit.tests.ObjectContractTest-equalsThrowsNoException
Wed May 16 06:10:36 UTC 2018: None match not added in database because it already exists
Wed May 16 06:10:36 UTC 2018: Linking done for minghzhang007__junit4 test class org.junit.tests.ObjectContractTest
Wed May 16 06:10:36 UTC 2018: Found element on the queue
Wed May 16 06:10:36 UTC 2018: Updating status
Wed May 16 06:10:36 UTC 2018: Working
Wed May 16 06:10:39 UTC 2018: Start minghzhang007__junit4 test class org.junit.experimental.categories.MultiCategoryTest
Wed May 16 06:10:39 UTC 2018: Setting lastTestMethodIndex: 64564
Wed May 16 06:10:39 UTC 2018: Starting linking
Wed May 16 06:10:39 UTC 2018: Linking done for minghzhang007__junit4 test class org.junit.experimental.categories.MultiCategoryTest
Wed May 16 06:10:39 UTC 2018: Found element on the queue
Wed May 16 06:10:39 UTC 2018: Updating status
Wed May 16 06:10:39 UTC 2018: Working
Wed May 16 06:10:42 UTC 2018: Start minghzhang007__junit4 test class org.junit.tests.experimental.max.DescriptionTest
Wed May 16 06:10:42 UTC 2018: Setting lastTestMethodIndex: 64567
Wed May 16 06:10:42 UTC 2018: Starting linking
Wed May 16 06:10:42 UTC 2018: Code found org.junit.runner.Description-createSuiteDescription with org.junit.tests.experimental.max.DescriptionTest-createSuiteDescription_whenNull
Wed May 16 06:10:42 UTC 2018: Match not added in database because it already exists
Wed May 16 06:10:42 UTC 2018: Code found org.junit.runner.Description-createSuiteDescription with org.junit.tests.experimental.max.DescriptionTest-createSuiteDescription_whenZeroLength
Wed May 16 06:10:43 UTC 2018: Match not added in database because it already exists
Wed May 16 06:10:43 UTC 2018: No link for: org.junit.tests.experimental.max.DescriptionTest-tessed
Wed May 16 06:10:43 UTC 2018: No link for: org.junit.tests.experimental.max.DescriptionTest-parseMethod_whenCantParse
Wed May 16 06:10:44 UTC 2018: None match not added in database because it already exists
Wed May 16 06:10:44 UTC 2018: No link for: org.junit.tests.experimental.max.DescriptionTest-sameNamesButDifferentUniqueIdAreNotEqual
Wed May 16 06:10:44 UTC 2018: None match not added in database because it already exists
Wed May 16 06:10:44 UTC 2018: No link for: org.junit.tests.experimental.max.DescriptionTest-parseClass_whenCantParse
Wed May 16 06:10:44 UTC 2018: None match not added in database because it already exists
Wed May 16 06:10:44 UTC 2018: No link for: org.junit.tests.experimental.max.DescriptionTest-parseClassAndMethodWithAnnotations
Wed May 16 06:10:45 UTC 2018: None match not added in database because it already exists
Wed May 16 06:10:45 UTC 2018: No link for: org.junit.tests.experimental.max.DescriptionTest-parseClassAndMethodNoAnnotations
Wed May 16 06:10:45 UTC 2018: None match not added in database because it already exists
Wed May 16 06:10:45 UTC 2018: No link for: org.junit.tests.experimental.max.DescriptionTest-parseClassNameAndMethodUniqueId
Wed May 16 06:10:46 UTC 2018: None match not added in database because it already exists
Wed May 16 06:10:46 UTC 2018: No link for: org.junit.tests.experimental.max.DescriptionTest-usesPassedInClassObject
Wed May 16 06:10:46 UTC 2018: None match not added in database because it already exists
Wed May 16 06:10:46 UTC 2018: Linking done for minghzhang007__junit4 test class org.junit.tests.experimental.max.DescriptionTest
Wed May 16 06:10:47 UTC 2018: Found element on the queue
Wed May 16 06:10:47 UTC 2018: Updating status
Wed May 16 06:10:47 UTC 2018: Working
Wed May 16 06:10:49 UTC 2018: Start minghzhang007__junit4 test class org.junit.tests.experimental.max.JUnit38SortingTest
Wed May 16 06:10:49 UTC 2018: Setting lastTestMethodIndex: 64572
Wed May 16 06:10:49 UTC 2018: Starting linking
Wed May 16 06:10:49 UTC 2018: Linking done for minghzhang007__junit4 test class org.junit.tests.experimental.max.JUnit38SortingTest
