Wed May 16 01:10:55 UTC 2018: Database:jdbc:mysql://localhost:3306/unittests
Wed May 16 01:10:55 UTC 2018: Starting
Wed May 16 01:10:55 UTC 2018: Found element on the queue
Wed May 16 01:10:55 UTC 2018: Updating status
Wed May 16 01:10:55 UTC 2018: Working
Wed May 16 01:10:55 UTC 2018: Create project parser
Wed May 16 01:11:04 UTC 2018: Create slicer
Wed May 16 01:11:08 UTC 2018: Create call graph
Wed May 16 01:11:20 UTC 2018: Create point analysis
Wed May 16 01:11:20 UTC 2018: Create call graph done
Wed May 16 01:11:20 UTC 2018: Start junit-team__junit4 test class junit.tests.framework.TestImplementorTest
Wed May 16 01:11:20 UTC 2018: Setting lastTestMethodIndex: 54605
Wed May 16 01:11:20 UTC 2018: Starting linking
Wed May 16 01:11:20 UTC 2018: Linking done for junit-team__junit4 test class junit.tests.framework.TestImplementorTest
Wed May 16 01:11:20 UTC 2018: Found element on the queue
Wed May 16 01:11:20 UTC 2018: Updating status
Wed May 16 01:11:20 UTC 2018: Working
Wed May 16 01:11:23 UTC 2018: Start junit-team__junit4 test class org.junit.runners.model.InvalidTestClassErrorTest
Wed May 16 01:11:23 UTC 2018: Setting lastTestMethodIndex: 54607
Wed May 16 01:11:23 UTC 2018: Starting linking
Wed May 16 01:11:23 UTC 2018: No link for: org.junit.runners.model.InvalidTestClassErrorTest-invalidTestClassErrorShouldListAllValidationErrorsInItsMessage
Wed May 16 01:11:23 UTC 2018: None match not added in database because it already exists
Wed May 16 01:11:23 UTC 2018: Linking done for junit-team__junit4 test class org.junit.runners.model.InvalidTestClassErrorTest
Wed May 16 01:11:23 UTC 2018: Found element on the queue
Wed May 16 01:11:23 UTC 2018: Updating status
Wed May 16 01:11:23 UTC 2018: Working
Wed May 16 01:11:26 UTC 2018: Start junit-team__junit4 test class org.junit.runners.model.TestClassTest
Wed May 16 01:11:26 UTC 2018: Setting lastTestMethodIndex: 54609
Wed May 16 01:11:26 UTC 2018: Starting linking
Wed May 16 01:11:26 UTC 2018: Linking done for junit-team__junit4 test class org.junit.runners.model.TestClassTest
Wed May 16 01:11:27 UTC 2018: Found element on the queue
Wed May 16 01:11:27 UTC 2018: Updating status
Wed May 16 01:11:27 UTC 2018: Working
Wed May 16 01:11:29 UTC 2018: Start junit-team__junit4 test class org.junit.tests.experimental.theories.runner.WithExtendedParameterSources
Wed May 16 01:11:29 UTC 2018: Setting lastTestMethodIndex: 54611
Wed May 16 01:11:29 UTC 2018: Starting linking
Wed May 16 01:11:29 UTC 2018: Linking done for junit-team__junit4 test class org.junit.tests.experimental.theories.runner.WithExtendedParameterSources
Wed May 16 01:11:30 UTC 2018: Found element on the queue
Wed May 16 01:11:30 UTC 2018: Updating status
Wed May 16 01:11:30 UTC 2018: Working
Wed May 16 01:11:32 UTC 2018: Start junit-team__junit4 test class junit.tests.framework.NoArgTestCaseTest
Wed May 16 01:11:32 UTC 2018: Setting lastTestMethodIndex: 54613
Wed May 16 01:11:32 UTC 2018: Starting linking
Wed May 16 01:11:32 UTC 2018: Linking done for junit-team__junit4 test class junit.tests.framework.NoArgTestCaseTest
Wed May 16 01:11:33 UTC 2018: Found element on the queue
Wed May 16 01:11:33 UTC 2018: Updating status
Wed May 16 01:11:33 UTC 2018: Working
Wed May 16 01:11:35 UTC 2018: Start junit-team__junit4 test class org.junit.runners.parameterized.BlockJUnit4ClassRunnerWithParametersTest
Wed May 16 01:11:35 UTC 2018: Setting lastTestMethodIndex: 54616
Wed May 16 01:11:35 UTC 2018: Starting linking
Wed May 16 01:11:35 UTC 2018: Linking done for junit-team__junit4 test class org.junit.runners.parameterized.BlockJUnit4ClassRunnerWithParametersTest
Wed May 16 01:11:36 UTC 2018: Found element on the queue
Wed May 16 01:11:36 UTC 2018: Updating status
Wed May 16 01:11:36 UTC 2018: Working
Wed May 16 01:11:38 UTC 2018: Start junit-team__junit4 test class org.junit.tests.experimental.theories.runner.WithNamedDataPoints
Wed May 16 01:11:38 UTC 2018: Setting lastTestMethodIndex: 54619
Wed May 16 01:11:38 UTC 2018: Starting linking
Wed May 16 01:11:38 UTC 2018: Linking done for junit-team__junit4 test class org.junit.tests.experimental.theories.runner.WithNamedDataPoints
Wed May 16 01:11:39 UTC 2018: Found element on the queue
Wed May 16 01:11:39 UTC 2018: Updating status
Wed May 16 01:11:39 UTC 2018: Working
Wed May 16 01:11:41 UTC 2018: Start junit-team__junit4 test class junit.tests.framework.ComparisonCompactorTest
Wed May 16 01:11:41 UTC 2018: Setting lastTestMethodIndex: 54622
Wed May 16 01:11:41 UTC 2018: Starting linking
Wed May 16 01:11:41 UTC 2018: Linking done for junit-team__junit4 test class junit.tests.framework.ComparisonCompactorTest
Wed May 16 01:11:42 UTC 2018: Found element on the queue
Wed May 16 01:11:42 UTC 2018: Updating status
Wed May 16 01:11:42 UTC 2018: Working
Wed May 16 01:11:44 UTC 2018: Start junit-team__junit4 test class org.junit.runners.parameterized.ParameterizedNamesTest
Wed May 16 01:11:44 UTC 2018: Setting lastTestMethodIndex: 54625
Wed May 16 01:11:44 UTC 2018: Starting linking
Wed May 16 01:11:44 UTC 2018: Linking done for junit-team__junit4 test class org.junit.runners.parameterized.ParameterizedNamesTest
Wed May 16 01:11:45 UTC 2018: Found element on the queue
Wed May 16 01:11:45 UTC 2018: Updating status
Wed May 16 01:11:45 UTC 2018: Working
Wed May 16 01:11:47 UTC 2018: Start junit-team__junit4 test class org.junit.runners.parameterized.TestWithParametersTest
Wed May 16 01:11:47 UTC 2018: Setting lastTestMethodIndex: 54628
Wed May 16 01:11:47 UTC 2018: Starting linking
Wed May 16 01:11:47 UTC 2018: Code found org.junit.runners.parameterized.TestWithParameters-toString with org.junit.runners.parameterized.TestWithParametersTest-hasMeaningfulToString
Wed May 16 01:11:48 UTC 2018: Match not added in database because it already exists
Wed May 16 01:11:48 UTC 2018: Code found org.junit.runners.parameterized.TestWithParameters-hashCode with org.junit.runners.parameterized.TestWithParametersTest-hasSameHashCodeAsEqualTest
Wed May 16 01:11:48 UTC 2018: Match not added in database because it already exists
Wed May 16 01:11:48 UTC 2018: No link for: org.junit.runners.parameterized.TestWithParametersTest-isNotEqualToTestWithDifferentName
Wed May 16 01:11:48 UTC 2018: None match not added in database because it already exists
Wed May 16 01:11:48 UTC 2018: No link for: org.junit.runners.parameterized.TestWithParametersTest-cannotBeCreatedWithoutAName
Wed May 16 01:11:49 UTC 2018: None match not added in database because it already exists
Wed May 16 01:11:49 UTC 2018: No link for: org.junit.runners.parameterized.TestWithParametersTest-cannotBeCreatedWithoutParameters
Wed May 16 01:11:49 UTC 2018: None match not added in database because it already exists
Wed May 16 01:11:49 UTC 2018: No link for: org.junit.runners.parameterized.TestWithParametersTest-isNotEqualToTestWithDifferentParameters
Wed May 16 01:11:49 UTC 2018: None match not added in database because it already exists
Wed May 16 01:11:49 UTC 2018: No link for: org.junit.runners.parameterized.TestWithParametersTest-cannotBeCreatedWithoutTestClass
Wed May 16 01:11:50 UTC 2018: None match not added in database because it already exists
Wed May 16 01:11:50 UTC 2018: No link for: org.junit.runners.parameterized.TestWithParametersTest-isEqualToTestWithSameNameAndTestClassAndParameters
Wed May 16 01:11:50 UTC 2018: None match not added in database because it already exists
Wed May 16 01:11:50 UTC 2018: No link for: org.junit.runners.parameterized.TestWithParametersTest-doesNotConsiderParametersWhichChangedAfterTestInstantiation
Wed May 16 01:11:50 UTC 2018: None match not added in database because it already exists
Wed May 16 01:11:50 UTC 2018: No link for: org.junit.runners.parameterized.TestWithParametersTest-doesNotAllowToModifyProvidedParameters
Wed May 16 01:11:51 UTC 2018: None match not added in database because it already exists
Wed May 16 01:11:51 UTC 2018: No link for: org.junit.runners.parameterized.TestWithParametersTest-isNotEqualToTestWithDifferentTestClass
Wed May 16 01:11:51 UTC 2018: None match not added in database because it already exists
Wed May 16 01:11:51 UTC 2018: No link for: org.junit.runners.parameterized.TestWithParametersTest-isNotEqualToObjectWithDifferentClass
Wed May 16 01:11:51 UTC 2018: None match not added in database because it already exists
Wed May 16 01:11:51 UTC 2018: Linking done for junit-team__junit4 test class org.junit.runners.parameterized.TestWithParametersTest
Wed May 16 01:11:52 UTC 2018: Found element on the queue
Wed May 16 01:11:52 UTC 2018: Updating status
Wed May 16 01:11:52 UTC 2018: Working
Wed May 16 01:11:55 UTC 2018: Start junit-team__junit4 test class junit.tests.framework.ComparisonFailureTest
Wed May 16 01:11:55 UTC 2018: Setting lastTestMethodIndex: 54632
Wed May 16 01:11:55 UTC 2018: Starting linking
Wed May 16 01:11:55 UTC 2018: Linking done for junit-team__junit4 test class junit.tests.framework.ComparisonFailureTest
Wed May 16 01:11:55 UTC 2018: Found element on the queue
Wed May 16 01:11:55 UTC 2018: Updating status
Wed May 16 01:11:55 UTC 2018: Working
Wed May 16 01:11:58 UTC 2018: Start junit-team__junit4 test class junit.tests.framework.DoublePrecisionAssertTest
Wed May 16 01:11:58 UTC 2018: Setting lastTestMethodIndex: 54634
Wed May 16 01:11:58 UTC 2018: Starting linking
Wed May 16 01:11:58 UTC 2018: Linking done for junit-team__junit4 test class junit.tests.framework.DoublePrecisionAssertTest
Wed May 16 01:11:59 UTC 2018: Found element on the queue
Wed May 16 01:11:59 UTC 2018: Updating status
Wed May 16 01:11:59 UTC 2018: Working
Wed May 16 01:12:02 UTC 2018: Start junit-team__junit4 test class org.junit.tests.experimental.theories.runner.WithOnlyTestAnnotations
Wed May 16 01:12:02 UTC 2018: Setting lastTestMethodIndex: 54636
Wed May 16 01:12:02 UTC 2018: Starting linking
Wed May 16 01:12:02 UTC 2018: Linking done for junit-team__junit4 test class org.junit.tests.experimental.theories.runner.WithOnlyTestAnnotations
Wed May 16 01:12:02 UTC 2018: Found element on the queue
Wed May 16 01:12:02 UTC 2018: Updating status
Wed May 16 01:12:02 UTC 2018: Working
Wed May 16 01:12:05 UTC 2018: Start junit-team__junit4 test class org.junit.runners.RuleContainerTest
Wed May 16 01:12:05 UTC 2018: Setting lastTestMethodIndex: 54639
Wed May 16 01:12:05 UTC 2018: Starting linking
Wed May 16 01:12:05 UTC 2018: No link for: org.junit.runners.RuleContainerTest-testRuleAroundMethodRule
Wed May 16 01:12:05 UTC 2018: None match not added in database because it already exists
Wed May 16 01:12:05 UTC 2018: No link for: org.junit.runners.RuleContainerTest-ordering2
Wed May 16 01:12:06 UTC 2018: None match not added in database because it already exists
Wed May 16 01:12:06 UTC 2018: No link for: org.junit.runners.RuleContainerTest-ordering1
Wed May 16 01:12:06 UTC 2018: None match not added in database because it already exists
Wed May 16 01:12:06 UTC 2018: No link for: org.junit.runners.RuleContainerTest-methodRulesOnly
Wed May 16 01:12:06 UTC 2018: None match not added in database because it already exists
Wed May 16 01:12:06 UTC 2018: Linking done for junit-team__junit4 test class org.junit.runners.RuleContainerTest
Wed May 16 01:12:07 UTC 2018: Found element on the queue
Wed May 16 01:12:07 UTC 2018: Updating status
Wed May 16 01:12:07 UTC 2018: Working
Wed May 16 01:12:09 UTC 2018: Start junit-team__junit4 test class junit.tests.framework.FloatAssertTest
Wed May 16 01:12:09 UTC 2018: Setting lastTestMethodIndex: 54641
Wed May 16 01:12:09 UTC 2018: Starting linking
Wed May 16 01:12:09 UTC 2018: Linking done for junit-team__junit4 test class junit.tests.framework.FloatAssertTest
Wed May 16 01:12:10 UTC 2018: Found element on the queue
Wed May 16 01:12:10 UTC 2018: Updating status
Wed May 16 01:12:10 UTC 2018: Working
Wed May 16 01:12:12 UTC 2018: Start junit-team__junit4 test class junit.tests.runner.StackFilterTest
Wed May 16 01:12:12 UTC 2018: Setting lastTestMethodIndex: 54644
Wed May 16 01:12:12 UTC 2018: Starting linking
Wed May 16 01:12:12 UTC 2018: Linking done for junit-team__junit4 test class junit.tests.runner.StackFilterTest
Wed May 16 01:12:13 UTC 2018: Found element on the queue
Wed May 16 01:12:13 UTC 2018: Updating status
Wed May 16 01:12:13 UTC 2018: Working
Wed May 16 01:12:15 UTC 2018: Start junit-team__junit4 test class org.junit.tests.experimental.theories.runner.WithParameterSupplier
Wed May 16 01:12:15 UTC 2018: Setting lastTestMethodIndex: 54646
Wed May 16 01:12:15 UTC 2018: Starting linking
Wed May 16 01:12:15 UTC 2018: Linking done for junit-team__junit4 test class org.junit.tests.experimental.theories.runner.WithParameterSupplier
Wed May 16 01:12:15 UTC 2018: Found element on the queue
Wed May 16 01:12:15 UTC 2018: Updating status
Wed May 16 01:12:15 UTC 2018: Working
Wed May 16 01:12:18 UTC 2018: Start junit-team__junit4 test class org.junit.tests.experimental.theories.runner.WithUnresolvedGenericTypeVariablesOnTheoryParms
Wed May 16 01:12:18 UTC 2018: Setting lastTestMethodIndex: 54647
Wed May 16 01:12:18 UTC 2018: Starting linking
Wed May 16 01:12:18 UTC 2018: No link for: org.junit.tests.experimental.theories.runner.WithUnresolvedGenericTypeVariablesOnTheoryParms-whereTypeVariableIsOnTheoryParm
Wed May 16 01:12:18 UTC 2018: No link for: org.junit.tests.experimental.theories.runner.WithUnresolvedGenericTypeVariablesOnTheoryParms-whereTypeVariableIsOnTheTheory
Wed May 16 01:12:19 UTC 2018: None match not added in database because it already exists
Wed May 16 01:12:19 UTC 2018: No link for: org.junit.tests.experimental.theories.runner.WithUnresolvedGenericTypeVariablesOnTheoryParms-whereTypeVariableIsOnArrayTypeOnTheoryParm
Wed May 16 01:12:19 UTC 2018: No link for: org.junit.tests.experimental.theories.runner.WithUnresolvedGenericTypeVariablesOnTheoryParms-whereTypeVariableIsOnTheoryClass
Wed May 16 01:12:19 UTC 2018: No link for: org.junit.tests.experimental.theories.runner.WithUnresolvedGenericTypeVariablesOnTheoryParms-whereTypeVariablesAbound
Wed May 16 01:12:20 UTC 2018: No link for: org.junit.tests.experimental.theories.runner.WithUnresolvedGenericTypeVariablesOnTheoryParms-whereTypeVariableIsOnParameterizedTheoryParm
Wed May 16 01:12:20 UTC 2018: No link for: org.junit.tests.experimental.theories.runner.WithUnresolvedGenericTypeVariablesOnTheoryParms-whereTypeVariableIsOnComponentOfArrayTypeOnTheoryParm
Wed May 16 01:12:20 UTC 2018: No link for: org.junit.tests.experimental.theories.runner.WithUnresolvedGenericTypeVariablesOnTheoryParms-whereTypeVariableIsOnWildcardUpperBoundOnTheoryParm
Wed May 16 01:12:21 UTC 2018: No link for: org.junit.tests.experimental.theories.runner.WithUnresolvedGenericTypeVariablesOnTheoryParms-whereTypeVariableIsOnWildcardLowerBoundOnTheoryParm
Wed May 16 01:12:21 UTC 2018: Linking done for junit-team__junit4 test class org.junit.tests.experimental.theories.runner.WithUnresolvedGenericTypeVariablesOnTheoryParms
Wed May 16 01:12:21 UTC 2018: Found element on the queue
Wed May 16 01:12:21 UTC 2018: Updating status
Wed May 16 01:12:21 UTC 2018: Working
Wed May 16 01:12:24 UTC 2018: Start junit-team__junit4 test class org.junit.runners.CustomBlockJUnit4ClassRunnerTest
Wed May 16 01:12:24 UTC 2018: Setting lastTestMethodIndex: 54651
Wed May 16 01:12:24 UTC 2018: Starting linking
Wed May 16 01:12:24 UTC 2018: No link for: org.junit.runners.CustomBlockJUnit4ClassRunnerTest-exceptionsFromMethodBlockMustNotResultInUnrootedTests
Wed May 16 01:12:24 UTC 2018: None match not added in database because it already exists
Wed May 16 01:12:24 UTC 2018: No link for: org.junit.runners.CustomBlockJUnit4ClassRunnerTest-shouldPass
Wed May 16 01:12:25 UTC 2018: No link for: org.junit.runners.CustomBlockJUnit4ClassRunnerTest-throwException
Wed May 16 01:12:25 UTC 2018: Linking done for junit-team__junit4 test class org.junit.runners.CustomBlockJUnit4ClassRunnerTest
Wed May 16 01:12:25 UTC 2018: Found element on the queue
Wed May 16 01:12:25 UTC 2018: Updating status
Wed May 16 01:12:26 UTC 2018: Working
Wed May 16 01:12:28 UTC 2018: Start junit-team__junit4 test class junit.tests.runner.ResultTest
Wed May 16 01:12:28 UTC 2018: Setting lastTestMethodIndex: 54654
Wed May 16 01:12:28 UTC 2018: Starting linking
Wed May 16 01:12:28 UTC 2018: Linking done for junit-team__junit4 test class junit.tests.runner.ResultTest
Wed May 16 01:12:28 UTC 2018: Found element on the queue
Wed May 16 01:12:28 UTC 2018: Updating status
Wed May 16 01:12:28 UTC 2018: Working
Wed May 16 01:12:31 UTC 2018: Start junit-team__junit4 test class org.junit.tests.experimental.theories.ParameterSignatureTest
Wed May 16 01:12:31 UTC 2018: Setting lastTestMethodIndex: 54657
Wed May 16 01:12:31 UTC 2018: Starting linking
Wed May 16 01:12:31 UTC 2018: Code found org.junit.experimental.theories.ParameterSignature-getAnnotations with org.junit.tests.experimental.theories.ParameterSignatureTest-getAnnotations
Wed May 16 01:12:31 UTC 2018: Match not added in database because it already exists
Wed May 16 01:12:31 UTC 2018: No link for: org.junit.tests.experimental.theories.ParameterSignatureTest-wrapperTypesShouldBeAcceptedAsPrimitiveTypes
Wed May 16 01:12:31 UTC 2018: None match not added in database because it already exists
Wed May 16 01:12:31 UTC 2018: No link for: org.junit.tests.experimental.theories.ParameterSignatureTest-primitiveTypesShouldBeAcceptedAsWrapperTypes
Wed May 16 01:12:32 UTC 2018: None match not added in database because it already exists
Wed May 16 01:12:32 UTC 2018: No link for: org.junit.tests.experimental.theories.ParameterSignatureTest-primitiveTypesShouldBeAcceptedAsWrapperTypeAssignables
Wed May 16 01:12:32 UTC 2018: None match not added in database because it already exists
Wed May 16 01:12:32 UTC 2018: Linking done for junit-team__junit4 test class org.junit.tests.experimental.theories.ParameterSignatureTest
Wed May 16 01:12:32 UTC 2018: Found element on the queue
Wed May 16 01:12:32 UTC 2018: Updating status
Wed May 16 01:12:32 UTC 2018: Working
Wed May 16 01:12:35 UTC 2018: Start junit-team__junit4 test class org.junit.runner.notification.ConcurrentRunNotifierTest
Wed May 16 01:12:35 UTC 2018: Setting lastTestMethodIndex: 54662
Wed May 16 01:12:35 UTC 2018: Starting linking
Wed May 16 01:12:35 UTC 2018: Linking done for junit-team__junit4 test class org.junit.runner.notification.ConcurrentRunNotifierTest
Wed May 16 01:12:35 UTC 2018: Found element on the queue
Wed May 16 01:12:35 UTC 2018: Updating status
Wed May 16 01:12:35 UTC 2018: Working
Wed May 16 01:12:38 UTC 2018: Start junit-team__junit4 test class org.junit.tests.experimental.theories.TestedOnSupplierTest
Wed May 16 01:12:38 UTC 2018: Setting lastTestMethodIndex: 54664
Wed May 16 01:12:38 UTC 2018: Starting linking
Wed May 16 01:12:38 UTC 2018: No link for: org.junit.tests.experimental.theories.TestedOnSupplierTest-descriptionStatesParameterName
Wed May 16 01:12:38 UTC 2018: None match not added in database because it already exists
Wed May 16 01:12:38 UTC 2018: Linking done for junit-team__junit4 test class org.junit.tests.experimental.theories.TestedOnSupplierTest
Wed May 16 01:12:39 UTC 2018: Found element on the queue
Wed May 16 01:12:39 UTC 2018: Updating status
Wed May 16 01:12:39 UTC 2018: Working
Wed May 16 01:12:41 UTC 2018: Start junit-team__junit4 test class junit.tests.runner.BaseTestRunnerTest
Wed May 16 01:12:41 UTC 2018: Setting lastTestMethodIndex: 54666
Wed May 16 01:12:41 UTC 2018: Starting linking
Wed May 16 01:12:41 UTC 2018: Linking done for junit-team__junit4 test class junit.tests.runner.BaseTestRunnerTest
Wed May 16 01:12:42 UTC 2018: Found element on the queue
Wed May 16 01:12:42 UTC 2018: Updating status
Wed May 16 01:12:42 UTC 2018: Working
Wed May 16 01:12:44 UTC 2018: Start junit-team__junit4 test class org.junit.runner.notification.RunNotifierTest
Wed May 16 01:12:44 UTC 2018: Setting lastTestMethodIndex: 54668
Wed May 16 01:12:44 UTC 2018: Starting linking
Wed May 16 01:12:44 UTC 2018: Code found org.junit.runner.notification.RunNotifier-wrapIfNotThreadSafe with org.junit.runner.notification.RunNotifierTest-wrapIfNotThreadSafeShouldNotWrapThreadSafeListeners
Wed May 16 01:12:45 UTC 2018: Code found org.junit.runner.notification.RunNotifier-wrapIfNotThreadSafe with org.junit.runner.notification.RunNotifierTest-wrapIfNotThreadSafeShouldWrapNonThreadSafeListeners
Wed May 16 01:12:45 UTC 2018: No link for: org.junit.runner.notification.RunNotifierTest-notifiesSecondListenerIfFirstThrowsException
Wed May 16 01:12:45 UTC 2018: None match not added in database because it already exists
Wed May 16 01:12:45 UTC 2018: No link for: org.junit.runner.notification.RunNotifierTest-addAndRemoveWithNonThreadSafeListener
Wed May 16 01:12:46 UTC 2018: No link for: org.junit.runner.notification.RunNotifierTest-addAndRemoveWithThreadSafeListener
Wed May 16 01:12:46 UTC 2018: No link for: org.junit.runner.notification.RunNotifierTest-addFirstAndRemoveWithNonThreadSafeListener
Wed May 16 01:12:46 UTC 2018: No link for: org.junit.runner.notification.RunNotifierTest-addFirstAndRemoveWithThreadSafeListener
Wed May 16 01:12:47 UTC 2018: No link for: org.junit.runner.notification.RunNotifierTest-hasNoProblemsWithFailingListeners
Wed May 16 01:12:47 UTC 2018: None match not added in database because it already exists
Wed May 16 01:12:47 UTC 2018: Linking done for junit-team__junit4 test class org.junit.runner.notification.RunNotifierTest
Wed May 16 01:12:48 UTC 2018: Found element on the queue
Wed May 16 01:12:48 UTC 2018: Updating status
Wed May 16 01:12:48 UTC 2018: Working
Wed May 16 01:12:50 UTC 2018: Start junit-team__junit4 test class org.junit.tests.experimental.theories.AssumingInTheoriesTest
Wed May 16 01:12:50 UTC 2018: Setting lastTestMethodIndex: 54672
Wed May 16 01:12:50 UTC 2018: Starting linking
Wed May 16 01:12:50 UTC 2018: No link for: org.junit.tests.experimental.theories.AssumingInTheoriesTest-noTheoryAnnotationMeansAssumeShouldIgnore
Wed May 16 01:12:50 UTC 2018: None match not added in database because it already exists
Wed May 16 01:12:50 UTC 2018: No link for: org.junit.tests.experimental.theories.AssumingInTheoriesTest-theoryMeansOnlyAssumeShouldFail
Wed May 16 01:12:51 UTC 2018: None match not added in database because it already exists
Wed May 16 01:12:51 UTC 2018: Linking done for junit-team__junit4 test class org.junit.tests.experimental.theories.AssumingInTheoriesTest
Wed May 16 01:12:51 UTC 2018: Found element on the queue
Wed May 16 01:12:51 UTC 2018: Updating status
Wed May 16 01:12:51 UTC 2018: Working
Wed May 16 01:12:53 UTC 2018: Start junit-team__junit4 test class junit.tests.runner.TextFeedbackTest
Wed May 16 01:12:53 UTC 2018: Setting lastTestMethodIndex: 54675
Wed May 16 01:12:53 UTC 2018: Starting linking
Wed May 16 01:12:53 UTC 2018: Linking done for junit-team__junit4 test class junit.tests.runner.TextFeedbackTest
Wed May 16 01:12:54 UTC 2018: Found element on the queue
Wed May 16 01:12:54 UTC 2018: Updating status
Wed May 16 01:12:54 UTC 2018: Working
Wed May 16 01:12:56 UTC 2018: Start junit-team__junit4 test class junit.tests.runner.TextRunnerSingleMethodTest
Wed May 16 01:12:56 UTC 2018: Setting lastTestMethodIndex: 54677
Wed May 16 01:12:56 UTC 2018: Starting linking
Wed May 16 01:12:56 UTC 2018: Linking done for junit-team__junit4 test class junit.tests.runner.TextRunnerSingleMethodTest
Wed May 16 01:12:57 UTC 2018: Found element on the queue
Wed May 16 01:12:57 UTC 2018: Updating status
Wed May 16 01:12:57 UTC 2018: Working
Wed May 16 01:12:59 UTC 2018: Start junit-team__junit4 test class org.junit.runner.notification.SynchronizedRunListenerTest
Wed May 16 01:12:59 UTC 2018: Setting lastTestMethodIndex: 54679
Wed May 16 01:12:59 UTC 2018: Starting linking
Wed May 16 01:12:59 UTC 2018: Linking done for junit-team__junit4 test class org.junit.runner.notification.SynchronizedRunListenerTest
Wed May 16 01:13:00 UTC 2018: Found element on the queue
Wed May 16 01:13:00 UTC 2018: Updating status
Wed May 16 01:13:00 UTC 2018: Working
Wed May 16 01:13:02 UTC 2018: Start junit-team__junit4 test class org.junit.tests.assertion.AssertionTest
Wed May 16 01:13:02 UTC 2018: Setting lastTestMethodIndex: 54682
Wed May 16 01:13:02 UTC 2018: Starting linking
Wed May 16 01:13:02 UTC 2018: Code found org.junit.Assert-fail with org.junit.tests.assertion.AssertionTest-fails
Wed May 16 01:13:03 UTC 2018: Match not added in database because it already exists
Wed May 16 01:13:03 UTC 2018: Code found org.junit.Assert-assertThrows with org.junit.tests.assertion.AssertionTest-assertThrowsDetectsTypeMismatchesViaExplicitTypeHint
Wed May 16 01:13:03 UTC 2018: Code found org.junit.Assert-assertThrows with org.junit.tests.assertion.AssertionTest-assertThrowsUsesCanonicalNameUponTypeMismatch
Wed May 16 01:13:03 UTC 2018: Code found org.junit.Assert-assertEquals with org.junit.tests.assertion.AssertionTest-nullMessageDisappearsWithAssertEquals
Wed May 16 01:13:04 UTC 2018: Match not added in database because it already exists
Wed May 16 01:13:04 UTC 2018: Code found org.junit.Assert-assertThrows with org.junit.tests.assertion.AssertionTest-assertThrowsReturnsTheSameObjectThrown
Wed May 16 01:13:04 UTC 2018: Code found org.junit.Assert-assertNotEquals with org.junit.tests.assertion.AssertionTest-assertNotEqualsIncludesCorrectMessage
Wed May 16 01:13:04 UTC 2018: Code found org.junit.Assert-assertThrows with org.junit.tests.assertion.AssertionTest-assertThrowsUsesCanonicalNameWhenRequiredExceptionNotThrown
Wed May 16 01:13:05 UTC 2018: Code found org.junit.Assert-assertThat with org.junit.tests.assertion.AssertionTest-assertThatDescriptionCanBeElided
Wed May 16 01:13:05 UTC 2018: Match not added in database because it already exists
Wed May 16 01:13:05 UTC 2018: Code found org.junit.Assert-assertThrows with org.junit.tests.assertion.AssertionTest-assertThrowsIncludesTheSpecifiedMessage
Wed May 16 01:13:05 UTC 2018: Code found org.junit.Assert-assertNotEquals with org.junit.tests.assertion.AssertionTest-assertNotEqualsIncludesTheValueBeingTested
Wed May 16 01:13:06 UTC 2018: Code found org.junit.Assert-assertThrows with org.junit.tests.assertion.AssertionTest-assertThrowsRequiresAnExceptionToBeThrown
Wed May 16 01:13:06 UTC 2018: Code found org.junit.Assert-assertNotEquals with org.junit.tests.assertion.AssertionTest-assertNotEqualsIgnoresDeltaOnNaN
Wed May 16 01:13:06 UTC 2018: Code found org.junit.Assert-assertThat with org.junit.tests.assertion.AssertionTest-assertThatIncludesAdvancedMismatch
Wed May 16 01:13:07 UTC 2018: Match not added in database because it already exists
Wed May 16 01:13:07 UTC 2018: Code found org.junit.Assert-assertNotEquals with org.junit.tests.assertion.AssertionTest-assertNotEqualsConsidersDeltaCorrectly
Wed May 16 01:13:07 UTC 2018: Code found org.junit.Assert-assertThrows with org.junit.tests.assertion.AssertionTest-assertThrowsSuppliesACoherentErrorMessageUponTypeMismatch
Wed May 16 01:13:08 UTC 2018: Code found org.junit.Assert-assertThrows with org.junit.tests.assertion.AssertionTest-assertThrowsWrapsAndPropagatesUnexpectedExceptions
Wed May 16 01:13:08 UTC 2018: Code found org.junit.Assert-assertNotEquals with org.junit.tests.assertion.AssertionTest-assertNotEqualsWorksWithPrimitiveTypes
Wed May 16 01:13:08 UTC 2018: Code found org.junit.Assert-assertThrows with org.junit.tests.assertion.AssertionTest-assertThrowsIncludesAnInformativeDefaultMessage
Wed May 16 01:13:09 UTC 2018: Code found org.junit.Assert-assertNotEquals with org.junit.tests.assertion.AssertionTest-assertNotEqualsIgnoresFloatDeltaOnNaN
Wed May 16 01:13:09 UTC 2018: Code found org.junit.Assert-assertNotEquals with org.junit.tests.assertion.AssertionTest-assertNotEqualsConsidersFloatDeltaCorrectly
Wed May 16 01:13:09 UTC 2018: Code found org.junit.Assert-assertThrows with org.junit.tests.assertion.AssertionTest-assertThrowsUsesNameUponTypeMismatchWithAnonymousClass
Wed May 16 01:13:10 UTC 2018: Code found org.junit.Assert-assertThat with org.junit.tests.assertion.AssertionTest-assertThatIncludesDescriptionOfTestedValueInErrorMessage
Wed May 16 01:13:10 UTC 2018: Match not added in database because it already exists
Wed May 16 01:13:10 UTC 2018: Code found org.junit.Assert-fail with org.junit.tests.assertion.AssertionTest-failWithNoMessageToString
Wed May 16 01:13:10 UTC 2018: Match not added in database because it already exists
Wed May 16 01:13:10 UTC 2018: Code found org.junit.Assert-fail with org.junit.tests.assertion.AssertionTest-failWithMessageToString
Wed May 16 01:13:11 UTC 2018: Match not added in database because it already exists
Wed May 16 01:13:11 UTC 2018: Code found org.junit.Assert-assertThrows with org.junit.tests.assertion.AssertionTest-assertThrowsSuppliesTheSpecifiedMessageUponTypeMismatch
Wed May 16 01:13:11 UTC 2018: Code found org.junit.Assert-assertEquals with org.junit.tests.assertion.AssertionTest-nullMessageDisappearsWithStringAssertEquals
Wed May 16 01:13:11 UTC 2018: Match not added in database because it already exists
Wed May 16 01:13:11 UTC 2018: No link for: org.junit.tests.assertion.AssertionTest-sameObjectIsNotEqual
Wed May 16 01:13:12 UTC 2018: No link for: org.junit.tests.assertion.AssertionTest-objectsWithDiferentReferencesAreNotEqual
Wed May 16 01:13:12 UTC 2018: No link for: org.junit.tests.assertion.AssertionTest-twoDimensionalArraysDifferentInnerLengthNotEqual
Wed May 16 01:13:12 UTC 2018: None match not added in database because it already exists
Wed May 16 01:13:12 UTC 2018: No link for: org.junit.tests.assertion.AssertionTest-compareBigDecimalAndInteger
Wed May 16 01:13:13 UTC 2018: No link for: org.junit.tests.assertion.AssertionTest-arraysDifferAtElement0nullMessage
Wed May 16 01:13:13 UTC 2018: None match not added in database because it already exists
Wed May 16 01:13:13 UTC 2018: No link for: org.junit.tests.assertion.AssertionTest-arraysNotEqualWithMessage
Wed May 16 01:13:13 UTC 2018: None match not added in database because it already exists
Wed May 16 01:13:13 UTC 2018: No link for: org.junit.tests.assertion.AssertionTest-objectsNotSame
Wed May 16 01:13:13 UTC 2018: None match not added in database because it already exists
Wed May 16 01:13:13 UTC 2018: No link for: org.junit.tests.assertion.AssertionTest-arraysDifferAtElement0withMessage
Wed May 16 01:13:14 UTC 2018: None match not added in database because it already exists
Wed May 16 01:13:14 UTC 2018: No link for: org.junit.tests.assertion.AssertionTest-bigDecimalsNotEqual
Wed May 16 01:13:14 UTC 2018: None match not added in database because it already exists
Wed May 16 01:13:14 UTC 2018: No link for: org.junit.tests.assertion.AssertionTest-notEqualsNullWithObjectWithMessage
Wed May 16 01:13:14 UTC 2018: None match not added in database because it already exists
Wed May 16 01:13:14 UTC 2018: No link for: org.junit.tests.assertion.AssertionTest-arraysDifferAtElement1nullMessage
Wed May 16 01:13:15 UTC 2018: None match not added in database because it already exists
Wed May 16 01:13:15 UTC 2018: No link for: org.junit.tests.assertion.AssertionTest-multiDimensionalIntArraysAreEqual
Wed May 16 01:13:15 UTC 2018: None match not added in database because it already exists
Wed May 16 01:13:15 UTC 2018: No link for: org.junit.tests.assertion.AssertionTest-arraysActualNullMessage
Wed May 16 01:13:15 UTC 2018: None match not added in database because it already exists
Wed May 16 01:13:15 UTC 2018: No link for: org.junit.tests.assertion.AssertionTest-arraysWithNullElementEqual
Wed May 16 01:13:16 UTC 2018: None match not added in database because it already exists
Wed May 16 01:13:16 UTC 2018: No link for: org.junit.tests.assertion.AssertionTest-intsNotEqual
Wed May 16 01:13:16 UTC 2018: None match not added in database because it already exists
Wed May 16 01:13:16 UTC 2018: No link for: org.junit.tests.assertion.AssertionTest-sameNullMessage
Wed May 16 01:13:16 UTC 2018: None match not added in database because it already exists
Wed May 16 01:13:16 UTC 2018: No link for: org.junit.tests.assertion.AssertionTest-stringsDifferWithUserMessage
Wed May 16 01:13:17 UTC 2018: None match not added in database because it already exists
Wed May 16 01:13:17 UTC 2018: No link for: org.junit.tests.assertion.AssertionTest-oneDimensionalPrimitiveArraysAreEqual
Wed May 16 01:13:17 UTC 2018: None match not added in database because it already exists
Wed May 16 01:13:17 UTC 2018: No link for: org.junit.tests.assertion.AssertionTest-stringsNotEqual
Wed May 16 01:13:17 UTC 2018: None match not added in database because it already exists
Wed May 16 01:13:17 UTC 2018: No link for: org.junit.tests.assertion.AssertionTest-longsNotEqual
Wed May 16 01:13:17 UTC 2018: None match not added in database because it already exists
Wed May 16 01:13:17 UTC 2018: No link for: org.junit.tests.assertion.AssertionTest-sameWithMessage
Wed May 16 01:13:18 UTC 2018: None match not added in database because it already exists
Wed May 16 01:13:18 UTC 2018: No link for: org.junit.tests.assertion.AssertionTest-notEqualsNullWithObject
Wed May 16 01:13:18 UTC 2018: None match not added in database because it already exists
Wed May 16 01:13:18 UTC 2018: No link for: org.junit.tests.assertion.AssertionTest-primitiveArraysConvertedToStringCorrectly
Wed May 16 01:13:18 UTC 2018: None match not added in database because it already exists
Wed May 16 01:13:18 UTC 2018: No link for: org.junit.tests.assertion.AssertionTest-arraysEqualWithMessage
Wed May 16 01:13:19 UTC 2018: None match not added in database because it already exists
Wed May 16 01:13:19 UTC 2018: No link for: org.junit.tests.assertion.AssertionTest-arraysDifferAtElement1withMessage
Wed May 16 01:13:19 UTC 2018: None match not added in database because it already exists
Wed May 16 01:13:19 UTC 2018: No link for: org.junit.tests.assertion.AssertionTest-multiDimensionalArraysDifferentLengthMessage
Wed May 16 01:13:19 UTC 2018: None match not added in database because it already exists
Wed May 16 01:13:19 UTC 2018: No link for: org.junit.tests.assertion.AssertionTest-oneDimensionalDoubleArraysAreNotEqual
Wed May 16 01:13:20 UTC 2018: None match not added in database because it already exists
Wed May 16 01:13:20 UTC 2018: No link for: org.junit.tests.assertion.AssertionTest-errorMessageDistinguishesDifferentValuesWithSameToString
Wed May 16 01:13:20 UTC 2018: None match not added in database because it already exists
Wed May 16 01:13:20 UTC 2018: No link for: org.junit.tests.assertion.AssertionTest-twoDimensionalArraysDifferentOuterLengthNotEqual
Wed May 16 01:13:20 UTC 2018: None match not added in database because it already exists
Wed May 16 01:13:20 UTC 2018: No link for: org.junit.tests.assertion.AssertionTest-twoDimensionalArraysConvertedToStringCorrectly
Wed May 16 01:13:20 UTC 2018: None match not added in database because it already exists
Wed May 16 01:13:20 UTC 2018: No link for: org.junit.tests.assertion.AssertionTest-objectsAreSame
Wed May 16 01:13:21 UTC 2018: None match not added in database because it already exists
Wed May 16 01:13:21 UTC 2018: No link for: org.junit.tests.assertion.AssertionTest-multiDimensionalArraysAreNotEqual
Wed May 16 01:13:21 UTC 2018: None match not added in database because it already exists
Wed May 16 01:13:21 UTC 2018: No link for: org.junit.tests.assertion.AssertionTest-charsNotEqual
Wed May 16 01:13:21 UTC 2018: None match not added in database because it already exists
Wed May 16 01:13:21 UTC 2018: No link for: org.junit.tests.assertion.AssertionTest-arraysElementsDiffer
Wed May 16 01:13:22 UTC 2018: None match not added in database because it already exists
Wed May 16 01:13:22 UTC 2018: No link for: org.junit.tests.assertion.AssertionTest-nullAndStringNullPrintCorrectError
Wed May 16 01:13:22 UTC 2018: None match not added in database because it already exists
Wed May 16 01:13:22 UTC 2018: No link for: org.junit.tests.assertion.AssertionTest-bytesNotEqual
Wed May 16 01:13:22 UTC 2018: None match not added in database because it already exists
Wed May 16 01:13:22 UTC 2018: No link for: org.junit.tests.assertion.AssertionTest-arraysDifferentLengthDifferingAtStartMessage
Wed May 16 01:13:22 UTC 2018: None match not added in database because it already exists
Wed May 16 01:13:22 UTC 2018: No link for: org.junit.tests.assertion.AssertionTest-notSameWithMessage
Wed May 16 01:13:23 UTC 2018: None match not added in database because it already exists
Wed May 16 01:13:23 UTC 2018: No link for: org.junit.tests.assertion.AssertionTest-nullNullmessage
Wed May 16 01:13:23 UTC 2018: None match not added in database because it already exists
Wed May 16 01:13:23 UTC 2018: No link for: org.junit.tests.assertion.AssertionTest-notEqualsObjectWithNull
Wed May 16 01:13:23 UTC 2018: None match not added in database because it already exists
Wed May 16 01:13:23 UTC 2018: No link for: org.junit.tests.assertion.AssertionTest-multiDimensionalArraysDeclaredAsOneDimensionalAreEqual
Wed May 16 01:13:24 UTC 2018: None match not added in database because it already exists
Wed May 16 01:13:24 UTC 2018: No link for: org.junit.tests.assertion.AssertionTest-intsEqualLongs
Wed May 16 01:13:24 UTC 2018: None match not added in database because it already exists
Wed May 16 01:13:24 UTC 2018: No link for: org.junit.tests.assertion.AssertionTest-doublesNotEqual
Wed May 16 01:13:24 UTC 2018: None match not added in database because it already exists
Wed May 16 01:13:24 UTC 2018: No link for: org.junit.tests.assertion.AssertionTest-arraysDifferentLengthDifferingAtEndAndExpectedArrayLongerMessage
Wed May 16 01:13:24 UTC 2018: None match not added in database because it already exists
Wed May 16 01:13:24 UTC 2018: No link for: org.junit.tests.assertion.AssertionTest-objectsNotEquals
Wed May 16 01:13:25 UTC 2018: None match not added in database because it already exists
Wed May 16 01:13:25 UTC 2018: No link for: org.junit.tests.assertion.AssertionTest-multiDimensionalArraysDifferentLengthNoMessage
Wed May 16 01:13:25 UTC 2018: None match not added in database because it already exists
Wed May 16 01:13:25 UTC 2018: No link for: org.junit.tests.assertion.AssertionTest-booleansNotEqual
Wed May 16 01:13:25 UTC 2018: None match not added in database because it already exists
Wed May 16 01:13:25 UTC 2018: No link for: org.junit.tests.assertion.AssertionTest-floatsNotDoublesInArrays
Wed May 16 01:13:26 UTC 2018: None match not added in database because it already exists
Wed May 16 01:13:26 UTC 2018: No link for: org.junit.tests.assertion.AssertionTest-shortsNotEqual
Wed May 16 01:13:26 UTC 2018: None match not added in database because it already exists
Wed May 16 01:13:26 UTC 2018: No link for: org.junit.tests.assertion.AssertionTest-stringNullAndNullWorksToo
Wed May 16 01:13:26 UTC 2018: None match not added in database because it already exists
Wed May 16 01:13:26 UTC 2018: No link for: org.junit.tests.assertion.AssertionTest-arraysEqual
Wed May 16 01:13:26 UTC 2018: None match not added in database because it already exists
Wed May 16 01:13:26 UTC 2018: No link for: org.junit.tests.assertion.AssertionTest-notEqualsObjectWithNullWithMessage
Wed May 16 01:13:27 UTC 2018: None match not added in database because it already exists
Wed May 16 01:13:27 UTC 2018: No link for: org.junit.tests.assertion.AssertionTest-nullMessage
Wed May 16 01:13:27 UTC 2018: None match not added in database because it already exists
Wed May 16 01:13:27 UTC 2018: No link for: org.junit.tests.assertion.AssertionTest-nullWithMessage
Wed May 16 01:13:27 UTC 2018: None match not added in database because it already exists
Wed May 16 01:13:27 UTC 2018: No link for: org.junit.tests.assertion.AssertionTest-naNsAreEqual
Wed May 16 01:13:27 UTC 2018: None match not added in database because it already exists
Wed May 16 01:13:27 UTC 2018: No link for: org.junit.tests.assertion.AssertionTest-notSame
Wed May 16 01:13:28 UTC 2018: None match not added in database because it already exists
Wed May 16 01:13:28 UTC 2018: No link for: org.junit.tests.assertion.AssertionTest-oneDimensionalBooleanArraysAreNotEqual
Wed May 16 01:13:28 UTC 2018: None match not added in database because it already exists
Wed May 16 01:13:28 UTC 2018: No link for: org.junit.tests.assertion.AssertionTest-oneDimensionalFloatArraysAreNotEqual
Wed May 16 01:13:28 UTC 2018: None match not added in database because it already exists
Wed May 16 01:13:28 UTC 2018: No link for: org.junit.tests.assertion.AssertionTest-arraysDeclaredAsObjectAreComparedAsObjects
Wed May 16 01:13:28 UTC 2018: None match not added in database because it already exists
Wed May 16 01:13:28 UTC 2018: No link for: org.junit.tests.assertion.AssertionTest-nullToString
Wed May 16 01:13:29 UTC 2018: No link for: org.junit.tests.assertion.AssertionTest-arraysNotEqual
Wed May 16 01:13:29 UTC 2018: None match not added in database because it already exists
Wed May 16 01:13:29 UTC 2018: No link for: org.junit.tests.assertion.AssertionTest-arraysDifferentLengthDifferingAtEndMessage
Wed May 16 01:13:29 UTC 2018: None match not added in database because it already exists
Wed May 16 01:13:29 UTC 2018: No link for: org.junit.tests.assertion.AssertionTest-notSameNullMessage
Wed May 16 01:13:30 UTC 2018: None match not added in database because it already exists
Wed May 16 01:13:30 UTC 2018: No link for: org.junit.tests.assertion.AssertionTest-multiDimensionalArraysAreNotEqualNoMessage
Wed May 16 01:13:30 UTC 2018: None match not added in database because it already exists
Wed May 16 01:13:30 UTC 2018: No link for: org.junit.tests.assertion.AssertionTest-arraysExpectedNullMessage
Wed May 16 01:13:30 UTC 2018: None match not added in database because it already exists
Wed May 16 01:13:30 UTC 2018: No link for: org.junit.tests.assertion.AssertionTest-equals
Wed May 16 01:13:30 UTC 2018: None match not added in database because it already exists
Wed May 16 01:13:30 UTC 2018: No link for: org.junit.tests.assertion.AssertionTest-IntegerDoesNotEqualLong
Wed May 16 01:13:31 UTC 2018: None match not added in database because it already exists
Wed May 16 01:13:31 UTC 2018: No link for: org.junit.tests.assertion.AssertionTest-implicitTypecastEquality
Wed May 16 01:13:31 UTC 2018: None match not added in database because it already exists
Wed May 16 01:13:31 UTC 2018: No link for: org.junit.tests.assertion.AssertionTest-floatsNotEqualWithoutDelta
Wed May 16 01:13:31 UTC 2018: None match not added in database because it already exists
Wed May 16 01:13:31 UTC 2018: No link for: org.junit.tests.assertion.AssertionTest-multiDimensionalArraysAreEqual
Wed May 16 01:13:31 UTC 2018: None match not added in database because it already exists
Wed May 16 01:13:31 UTC 2018: No link for: org.junit.tests.assertion.AssertionTest-floatsNotEqual
Wed May 16 01:13:32 UTC 2018: None match not added in database because it already exists
Wed May 16 01:13:32 UTC 2018: No link for: org.junit.tests.assertion.AssertionTest-same
Wed May 16 01:13:32 UTC 2018: None match not added in database because it already exists
Wed May 16 01:13:32 UTC 2018: Linking done for junit-team__junit4 test class org.junit.tests.assertion.AssertionTest
Wed May 16 01:13:32 UTC 2018: Found element on the queue
Wed May 16 01:13:32 UTC 2018: Updating status
Wed May 16 01:13:33 UTC 2018: Working
Wed May 16 01:13:35 UTC 2018: Start junit-team__junit4 test class junit.tests.runner.TextRunnerTest
Wed May 16 01:13:35 UTC 2018: Setting lastTestMethodIndex: 54703
Wed May 16 01:13:35 UTC 2018: Starting linking
Wed May 16 01:13:35 UTC 2018: Linking done for junit-team__junit4 test class junit.tests.runner.TextRunnerTest
Wed May 16 01:13:35 UTC 2018: Found element on the queue
Wed May 16 01:13:35 UTC 2018: Updating status
Wed May 16 01:13:35 UTC 2018: Working
Wed May 16 01:13:38 UTC 2018: Start junit-team__junit4 test class org.junit.tests.assertion.ComparisonFailureTest
Wed May 16 01:13:38 UTC 2018: Setting lastTestMethodIndex: 54705
Wed May 16 01:13:38 UTC 2018: Starting linking
Wed May 16 01:13:38 UTC 2018: No link for: org.junit.tests.assertion.ComparisonFailureTest-compactFailureMessage
Wed May 16 01:13:38 UTC 2018: None match not added in database because it already exists
Wed May 16 01:13:38 UTC 2018: Linking done for junit-team__junit4 test class org.junit.tests.assertion.ComparisonFailureTest
Wed May 16 01:13:39 UTC 2018: Found element on the queue
Wed May 16 01:13:39 UTC 2018: Updating status
Wed May 16 01:13:39 UTC 2018: Working
Wed May 16 01:13:41 UTC 2018: Start junit-team__junit4 test class org.junit.tests.experimental.theories.PotentialAssignmentTest
Wed May 16 01:13:41 UTC 2018: Setting lastTestMethodIndex: 54708
Wed May 16 01:13:41 UTC 2018: Starting linking
Wed May 16 01:13:41 UTC 2018: No link for: org.junit.tests.experimental.theories.PotentialAssignmentTest-shouldIncludeFailureInDescriptionIfToStringFails
Wed May 16 01:13:42 UTC 2018: None match not added in database because it already exists
Wed May 16 01:13:42 UTC 2018: No link for: org.junit.tests.experimental.theories.PotentialAssignmentTest-shouldUseQuotedValueInDescription
Wed May 16 01:13:42 UTC 2018: None match not added in database because it already exists
Wed May 16 01:13:42 UTC 2018: No link for: org.junit.tests.experimental.theories.PotentialAssignmentTest-shouldReturnGivenValue
Wed May 16 01:13:42 UTC 2018: None match not added in database because it already exists
Wed May 16 01:13:42 UTC 2018: No link for: org.junit.tests.experimental.theories.PotentialAssignmentTest-shouldNotUseQuotesForNullValueDescriptions
Wed May 16 01:13:43 UTC 2018: None match not added in database because it already exists
Wed May 16 01:13:43 UTC 2018: Linking done for junit-team__junit4 test class org.junit.tests.experimental.theories.PotentialAssignmentTest
Wed May 16 01:13:43 UTC 2018: Found element on the queue
Wed May 16 01:13:43 UTC 2018: Updating status
Wed May 16 01:13:43 UTC 2018: Working
Wed May 16 01:13:46 UTC 2018: Start junit-team__junit4 test class org.junit.runner.FilterFactoriesTest
Wed May 16 01:13:46 UTC 2018: Setting lastTestMethodIndex: 54712
Wed May 16 01:13:46 UTC 2018: Starting linking
Wed May 16 01:13:46 UTC 2018: Code found org.junit.runner.FilterFactories-createFilter with org.junit.runner.FilterFactoriesTest-shouldCreateFilter
Wed May 16 01:13:46 UTC 2018: Match not added in database because it already exists
Wed May 16 01:13:46 UTC 2018: No link for: org.junit.runner.FilterFactoriesTest-shouldThrowExceptionIfNotFilterFactory
Wed May 16 01:13:46 UTC 2018: None match not added in database because it already exists
Wed May 16 01:13:46 UTC 2018: No link for: org.junit.runner.FilterFactoriesTest-shouldPassOnDescriptionToFilterFactory
Wed May 16 01:13:47 UTC 2018: None match not added in database because it already exists
Wed May 16 01:13:47 UTC 2018: No link for: org.junit.runner.FilterFactoriesTest-passes
Wed May 16 01:13:47 UTC 2018: No link for: org.junit.runner.FilterFactoriesTest-shouldCreateFilterWithArguments
Wed May 16 01:13:47 UTC 2018: None match not added in database because it already exists
Wed May 16 01:13:47 UTC 2018: No link for: org.junit.runner.FilterFactoriesTest-shouldThrowExceptionIfNotInstantiable
Wed May 16 01:13:48 UTC 2018: None match not added in database because it already exists
Wed May 16 01:13:48 UTC 2018: No link for: org.junit.runner.FilterFactoriesTest-shouldCreateFilterWithNoArguments
Wed May 16 01:13:48 UTC 2018: None match not added in database because it already exists
Wed May 16 01:13:48 UTC 2018: Linking done for junit-team__junit4 test class org.junit.runner.FilterFactoriesTest
Wed May 16 01:13:48 UTC 2018: Found element on the queue
Wed May 16 01:13:48 UTC 2018: Updating status
Wed May 16 01:13:48 UTC 2018: Working
Wed May 16 01:13:51 UTC 2018: Start junit-team__junit4 test class org.junit.runner.FilterOptionIntegrationTest
Wed May 16 01:13:51 UTC 2018: Setting lastTestMethodIndex: 54716
Wed May 16 01:13:51 UTC 2018: Starting linking
Wed May 16 01:13:51 UTC 2018: No link for: org.junit.runner.FilterOptionIntegrationTest-shouldIncludeSomeTests
Wed May 16 01:13:51 UTC 2018: None match not added in database because it already exists
Wed May 16 01:13:51 UTC 2018: No link for: org.junit.runner.FilterOptionIntegrationTest-shouldExcludeSomeTests
Wed May 16 01:13:52 UTC 2018: None match not added in database because it already exists
Wed May 16 01:13:52 UTC 2018: No link for: org.junit.runner.FilterOptionIntegrationTest-dummyTest
Wed May 16 01:13:52 UTC 2018: No link for: org.junit.runner.FilterOptionIntegrationTest-shouldCombineFilters
Wed May 16 01:13:52 UTC 2018: None match not added in database because it already exists
Wed May 16 01:13:52 UTC 2018: No link for: org.junit.runner.FilterOptionIntegrationTest-shouldRunAllTests
Wed May 16 01:13:53 UTC 2018: None match not added in database because it already exists
Wed May 16 01:13:53 UTC 2018: Linking done for junit-team__junit4 test class org.junit.runner.FilterOptionIntegrationTest
Wed May 16 01:13:53 UTC 2018: Found element on the queue
Wed May 16 01:13:53 UTC 2018: Updating status
Wed May 16 01:13:53 UTC 2018: Working
Wed May 16 01:13:56 UTC 2018: Start junit-team__junit4 test class org.junit.tests.assertion.MultipleFailureExceptionTest
Wed May 16 01:13:56 UTC 2018: Setting lastTestMethodIndex: 54719
Wed May 16 01:13:56 UTC 2018: Starting linking
Wed May 16 01:13:56 UTC 2018: Code found org.junit.runners.model.MultipleFailureException-assertEmpty with org.junit.tests.assertion.MultipleFailureExceptionTest-assertEmptyThrowsMultipleFailureExceptionForManyThrowables
Wed May 16 01:13:56 UTC 2018: Match not added in database because it already exists
Wed May 16 01:13:56 UTC 2018: Code found org.junit.runners.model.MultipleFailureException-assertEmpty with org.junit.tests.assertion.MultipleFailureExceptionTest-assertEmptyRethrowsSingleError
Wed May 16 01:13:56 UTC 2018: Match not added in database because it already exists
Wed May 16 01:13:56 UTC 2018: Code found org.junit.runners.model.MultipleFailureException-assertEmpty with org.junit.tests.assertion.MultipleFailureExceptionTest-assertEmptyDoesNotThrowForEmptyList
Wed May 16 01:13:56 UTC 2018: Match not added in database because it already exists
Wed May 16 01:13:56 UTC 2018: Code found org.junit.runners.model.MultipleFailureException-assertEmpty with org.junit.tests.assertion.MultipleFailureExceptionTest-assertEmptyRethrowsSingleRuntimeException
Wed May 16 01:13:57 UTC 2018: Match not added in database because it already exists
Wed May 16 01:13:57 UTC 2018: Code found org.junit.runners.model.MultipleFailureException-assertEmpty with org.junit.tests.assertion.MultipleFailureExceptionTest-assertEmptyWrapsAssumptionFailuresForManyThrowables
Wed May 16 01:13:57 UTC 2018: Match not added in database because it already exists
Wed May 16 01:13:57 UTC 2018: No link for: org.junit.tests.assertion.MultipleFailureExceptionTest-assertEmptyErrorListConstructorFailure
Wed May 16 01:13:57 UTC 2018: None match not added in database because it already exists
Wed May 16 01:13:57 UTC 2018: Linking done for junit-team__junit4 test class org.junit.tests.assertion.MultipleFailureExceptionTest
Wed May 16 01:13:58 UTC 2018: Found element on the queue
Wed May 16 01:13:58 UTC 2018: Updating status
Wed May 16 01:13:58 UTC 2018: Working
Wed May 16 01:14:00 UTC 2018: Start junit-team__junit4 test class junit.tests.extensions.ExtensionTest
Wed May 16 01:14:00 UTC 2018: Setting lastTestMethodIndex: 54723
Wed May 16 01:14:00 UTC 2018: Starting linking
Wed May 16 01:14:00 UTC 2018: Linking done for junit-team__junit4 test class junit.tests.extensions.ExtensionTest
Wed May 16 01:14:01 UTC 2018: Found element on the queue
Wed May 16 01:14:01 UTC 2018: Updating status
Wed May 16 01:14:01 UTC 2018: Working
Wed May 16 01:14:03 UTC 2018: Start junit-team__junit4 test class org.junit.tests.experimental.AssumptionTest
Wed May 16 01:14:03 UTC 2018: Setting lastTestMethodIndex: 54725
Wed May 16 01:14:03 UTC 2018: Starting linking
Wed May 16 01:14:03 UTC 2018: Linking done for junit-team__junit4 test class org.junit.tests.experimental.AssumptionTest
Wed May 16 01:14:04 UTC 2018: Found element on the queue
Wed May 16 01:14:04 UTC 2018: Updating status
Wed May 16 01:14:04 UTC 2018: Working
Wed May 16 01:14:06 UTC 2018: Start junit-team__junit4 test class org.junit.runner.JUnitCommandLineParseResultTest
Wed May 16 01:14:06 UTC 2018: Setting lastTestMethodIndex: 54727
Wed May 16 01:14:06 UTC 2018: Starting linking
Wed May 16 01:14:06 UTC 2018: No link for: org.junit.runner.JUnitCommandLineParseResultTest-shouldStopParsingOptionsUponDoubleHyphenArg
Wed May 16 01:14:07 UTC 2018: None match not added in database because it already exists
Wed May 16 01:14:07 UTC 2018: No link for: org.junit.runner.JUnitCommandLineParseResultTest-shouldStopParsingOptionsUponNonOption
Wed May 16 01:14:07 UTC 2018: None match not added in database because it already exists
Wed May 16 01:14:07 UTC 2018: No link for: org.junit.runner.JUnitCommandLineParseResultTest-shouldCreateFailureUponUncreatedFilter
Wed May 16 01:14:07 UTC 2018: None match not added in database because it already exists
Wed May 16 01:14:07 UTC 2018: No link for: org.junit.runner.JUnitCommandLineParseResultTest-shouldCreateFailureUponUnknownTestClass
Wed May 16 01:14:08 UTC 2018: None match not added in database because it already exists
Wed May 16 01:14:08 UTC 2018: No link for: org.junit.runner.JUnitCommandLineParseResultTest-shouldCreateFailureUponUnfoundFilterFactory
Wed May 16 01:14:08 UTC 2018: None match not added in database because it already exists
Wed May 16 01:14:08 UTC 2018: No link for: org.junit.runner.JUnitCommandLineParseResultTest-shouldCreateFailureUponUnknownOption
Wed May 16 01:14:08 UTC 2018: None match not added in database because it already exists
Wed May 16 01:14:08 UTC 2018: No link for: org.junit.runner.JUnitCommandLineParseResultTest-shouldCreateFailureUponBaldFilterOptionNotFollowedByValue
Wed May 16 01:14:08 UTC 2018: None match not added in database because it already exists
Wed May 16 01:14:08 UTC 2018: No link for: org.junit.runner.JUnitCommandLineParseResultTest-dummyTest
Wed May 16 01:14:09 UTC 2018: No link for: org.junit.runner.JUnitCommandLineParseResultTest-shouldParseFilterArgWithEqualsSyntax
Wed May 16 01:14:09 UTC 2018: None match not added in database because it already exists
Wed May 16 01:14:09 UTC 2018: No link for: org.junit.runner.JUnitCommandLineParseResultTest-shouldParseFilterArgInWhichValueIsASeparateArg
Wed May 16 01:14:09 UTC 2018: None match not added in database because it already exists
Wed May 16 01:14:09 UTC 2018: No link for: org.junit.runner.JUnitCommandLineParseResultTest-shouldAddToClasses
Wed May 16 01:14:09 UTC 2018: None match not added in database because it already exists
Wed May 16 01:14:09 UTC 2018: Linking done for junit-team__junit4 test class org.junit.runner.JUnitCommandLineParseResultTest
Wed May 16 01:14:10 UTC 2018: Found element on the queue
Wed May 16 01:14:10 UTC 2018: Updating status
Wed May 16 01:14:10 UTC 2018: Working
Wed May 16 01:14:13 UTC 2018: Start junit-team__junit4 test class org.junit.tests.deprecated.JUnit4ClassRunnerTest
Wed May 16 01:14:13 UTC 2018: Setting lastTestMethodIndex: 54732
Wed May 16 01:14:13 UTC 2018: Starting linking
Wed May 16 01:14:13 UTC 2018: Linking done for junit-team__junit4 test class org.junit.tests.deprecated.JUnit4ClassRunnerTest
Wed May 16 01:14:13 UTC 2018: Found element on the queue
Wed May 16 01:14:13 UTC 2018: Updating status
Wed May 16 01:14:13 UTC 2018: Working
Wed May 16 01:14:16 UTC 2018: Start junit-team__junit4 test class junit.tests.extensions.ActiveTestTest
Wed May 16 01:14:16 UTC 2018: Setting lastTestMethodIndex: 54735
Wed May 16 01:14:16 UTC 2018: Starting linking
Wed May 16 01:14:16 UTC 2018: Linking done for junit-team__junit4 test class junit.tests.extensions.ActiveTestTest
Wed May 16 01:14:16 UTC 2018: Found element on the queue
Wed May 16 01:14:16 UTC 2018: Updating status
Wed May 16 01:14:16 UTC 2018: Working
Wed May 16 01:14:18 UTC 2018: Start junit-team__junit4 test class junit.tests.extensions.RepeatedTestTest
Wed May 16 01:14:18 UTC 2018: Setting lastTestMethodIndex: 54737
Wed May 16 01:14:18 UTC 2018: Starting linking
Wed May 16 01:14:18 UTC 2018: Linking done for junit-team__junit4 test class junit.tests.extensions.RepeatedTestTest
Wed May 16 01:14:19 UTC 2018: Found element on the queue
Wed May 16 01:14:19 UTC 2018: Updating status
Wed May 16 01:14:19 UTC 2018: Working
Wed May 16 01:14:21 UTC 2018: Start junit-team__junit4 test class org.junit.tests.experimental.MatcherTest
Wed May 16 01:14:21 UTC 2018: Setting lastTestMethodIndex: 54740
Wed May 16 01:14:21 UTC 2018: Starting linking
Wed May 16 01:14:21 UTC 2018: Linking done for junit-team__junit4 test class org.junit.tests.experimental.MatcherTest
Wed May 16 01:14:22 UTC 2018: Found element on the queue
Wed May 16 01:14:22 UTC 2018: Updating status
Wed May 16 01:14:22 UTC 2018: Working
Wed May 16 01:14:24 UTC 2018: Start junit-team__junit4 test class org.junit.tests.description.AnnotatedDescriptionTest
Wed May 16 01:14:24 UTC 2018: Setting lastTestMethodIndex: 54742
Wed May 16 01:14:24 UTC 2018: Starting linking
Wed May 16 01:14:24 UTC 2018: Linking done for junit-team__junit4 test class org.junit.tests.description.AnnotatedDescriptionTest
Wed May 16 01:14:25 UTC 2018: Found element on the queue
Wed May 16 01:14:25 UTC 2018: Updating status
Wed May 16 01:14:25 UTC 2018: Working
Wed May 16 01:14:27 UTC 2018: Start junit-team__junit4 test class org.junit.tests.junit3compatibility.SuiteMethodTest
Wed May 16 01:14:27 UTC 2018: Setting lastTestMethodIndex: 54745
Wed May 16 01:14:27 UTC 2018: Starting linking
Wed May 16 01:14:27 UTC 2018: Linking done for junit-team__junit4 test class org.junit.tests.junit3compatibility.SuiteMethodTest
Wed May 16 01:14:28 UTC 2018: Found element on the queue
Wed May 16 01:14:28 UTC 2018: Updating status
Wed May 16 01:14:28 UTC 2018: Working
Wed May 16 01:14:30 UTC 2018: Start junit-team__junit4 test class org.junit.runner.JUnitCoreTest
Wed May 16 01:14:30 UTC 2018: Setting lastTestMethodIndex: 54748
Wed May 16 01:14:30 UTC 2018: Starting linking
Wed May 16 01:14:30 UTC 2018: No link for: org.junit.runner.JUnitCoreTest-shouldAddFailuresToResult
Wed May 16 01:14:31 UTC 2018: None match not added in database because it already exists
Wed May 16 01:14:31 UTC 2018: Linking done for junit-team__junit4 test class org.junit.runner.JUnitCoreTest
Wed May 16 01:14:31 UTC 2018: Found element on the queue
Wed May 16 01:14:31 UTC 2018: Updating status
Wed May 16 01:14:31 UTC 2018: Working
Wed May 16 01:14:34 UTC 2018: Start junit-team__junit4 test class org.junit.tests.listening.ListenerTest
Wed May 16 01:14:34 UTC 2018: Setting lastTestMethodIndex: 54751
Wed May 16 01:14:34 UTC 2018: Starting linking
Wed May 16 01:14:34 UTC 2018: Linking done for junit-team__junit4 test class org.junit.tests.listening.ListenerTest
Wed May 16 01:14:34 UTC 2018: Found element on the queue
Wed May 16 01:14:34 UTC 2018: Updating status
Wed May 16 01:14:34 UTC 2018: Working
Wed May 16 01:14:37 UTC 2018: Start junit-team__junit4 test class org.junit.tests.description.SuiteDescriptionTest
Wed May 16 01:14:37 UTC 2018: Setting lastTestMethodIndex: 54754
Wed May 16 01:14:37 UTC 2018: Starting linking
Wed May 16 01:14:37 UTC 2018: Code found org.junit.runner.Description-hashCode with org.junit.tests.description.SuiteDescriptionTest-hashCodeIsReasonable
Wed May 16 01:14:37 UTC 2018: Match not added in database because it already exists
Wed May 16 01:14:37 UTC 2018: Code found org.junit.runner.Description-equals with org.junit.tests.description.SuiteDescriptionTest-equalsIsCorrect
Wed May 16 01:14:38 UTC 2018: Match not added in database because it already exists
Wed May 16 01:14:38 UTC 2018: Linking done for junit-team__junit4 test class org.junit.tests.description.SuiteDescriptionTest
Wed May 16 01:14:38 UTC 2018: Found element on the queue
Wed May 16 01:14:38 UTC 2018: Updating status
Wed May 16 01:14:38 UTC 2018: Working
Wed May 16 01:14:41 UTC 2018: Start junit-team__junit4 test class org.junit.tests.experimental.theories.extendingwithstubs.StubbedTheoriesTest
Wed May 16 01:14:41 UTC 2018: Setting lastTestMethodIndex: 54757
Wed May 16 01:14:41 UTC 2018: Starting linking
Wed May 16 01:14:41 UTC 2018: Linking done for junit-team__junit4 test class org.junit.tests.experimental.theories.extendingwithstubs.StubbedTheoriesTest
Wed May 16 01:14:41 UTC 2018: Found element on the queue
Wed May 16 01:14:41 UTC 2018: Updating status
Wed May 16 01:14:41 UTC 2018: Working
Wed May 16 01:14:44 UTC 2018: Start junit-team__junit4 test class org.junit.tests.description.TestDescriptionMethodNameTest
Wed May 16 01:14:44 UTC 2018: Setting lastTestMethodIndex: 54758
Wed May 16 01:14:44 UTC 2018: Starting linking
Wed May 16 01:14:44 UTC 2018: No link for: org.junit.tests.description.TestDescriptionMethodNameTest-methodNameTest
Wed May 16 01:14:44 UTC 2018: None match not added in database because it already exists
Wed May 16 01:14:44 UTC 2018: Linking done for junit-team__junit4 test class org.junit.tests.description.TestDescriptionMethodNameTest
Wed May 16 01:14:44 UTC 2018: Found element on the queue
Wed May 16 01:14:44 UTC 2018: Updating status
Wed May 16 01:14:44 UTC 2018: Working
Wed May 16 01:14:47 UTC 2018: Start junit-team__junit4 test class org.junit.internal.builders.AnnotatedBuilderTest
Wed May 16 01:14:47 UTC 2018: Setting lastTestMethodIndex: 54761
Wed May 16 01:14:47 UTC 2018: Starting linking
Wed May 16 01:14:47 UTC 2018: No link for: org.junit.internal.builders.AnnotatedBuilderTest-test
Wed May 16 01:14:47 UTC 2018: No link for: org.junit.internal.builders.AnnotatedBuilderTest-topLevelTestClassWithAnnotation_isRunWithAnnotatedRunner
Wed May 16 01:14:48 UTC 2018: None match not added in database because it already exists
Wed May 16 01:14:48 UTC 2018: No link for: org.junit.internal.builders.AnnotatedBuilderTest-topLevelTestClassWithoutAnnotation_isRunWithDefaultRunner
Wed May 16 01:14:48 UTC 2018: None match not added in database because it already exists
Wed May 16 01:14:48 UTC 2018: No link for: org.junit.internal.builders.AnnotatedBuilderTest-memberClassDeepInsideAnnotatedTopLevelClass_isRunWithTopLevelRunner
Wed May 16 01:14:48 UTC 2018: None match not added in database because it already exists
Wed May 16 01:14:48 UTC 2018: No link for: org.junit.internal.builders.AnnotatedBuilderTest-annotatedMemberClassInsideAnnotatedTopLevelClass_isRunWithOwnRunner
Wed May 16 01:14:49 UTC 2018: None match not added in database because it already exists
Wed May 16 01:14:49 UTC 2018: No link for: org.junit.internal.builders.AnnotatedBuilderTest-memberClassDeepInsideAnnotatedMemberClass_isRunWithParentMemberClassRunner
Wed May 16 01:14:49 UTC 2018: None match not added in database because it already exists
Wed May 16 01:14:49 UTC 2018: No link for: org.junit.internal.builders.AnnotatedBuilderTest-memberClassInsideAnnotatedTopLevelClass_isRunWithTopLevelRunner
Wed May 16 01:14:49 UTC 2018: None match not added in database because it already exists
Wed May 16 01:14:49 UTC 2018: Linking done for junit-team__junit4 test class org.junit.internal.builders.AnnotatedBuilderTest
Wed May 16 01:14:50 UTC 2018: Found element on the queue
Wed May 16 01:14:50 UTC 2018: Updating status
Wed May 16 01:14:50 UTC 2018: Working
Wed May 16 01:14:52 UTC 2018: Start junit-team__junit4 test class org.junit.runner.RequestTest
Wed May 16 01:14:52 UTC 2018: Setting lastTestMethodIndex: 54764
Wed May 16 01:14:52 UTC 2018: Starting linking
Wed May 16 01:14:52 UTC 2018: Code found org.junit.runner.Request-classes with org.junit.runner.RequestTest-createsADescriptionWithANameForClasses
Wed May 16 01:14:52 UTC 2018: Match not added in database because it already exists
Wed May 16 01:14:52 UTC 2018: No link for: org.junit.runner.RequestTest-reportsInitializationErrorThrownWhileCreatingSuite
Wed May 16 01:14:53 UTC 2018: Linking done for junit-team__junit4 test class org.junit.runner.RequestTest
Wed May 16 01:14:53 UTC 2018: Found element on the queue
Wed May 16 01:14:53 UTC 2018: Updating status
Wed May 16 01:14:53 UTC 2018: Working
Wed May 16 01:14:56 UTC 2018: Start junit-team__junit4 test class org.junit.tests.listening.RunnerTest
Wed May 16 01:14:56 UTC 2018: Setting lastTestMethodIndex: 54768
Wed May 16 01:14:56 UTC 2018: Starting linking
Wed May 16 01:14:56 UTC 2018: Linking done for junit-team__junit4 test class org.junit.tests.listening.RunnerTest
Wed May 16 01:14:56 UTC 2018: Found element on the queue
Wed May 16 01:14:56 UTC 2018: Updating status
Wed May 16 01:14:56 UTC 2018: Working
Wed May 16 01:14:59 UTC 2018: Start junit-team__junit4 test class org.junit.tests.description.TestDescriptionTest
Wed May 16 01:14:59 UTC 2018: Setting lastTestMethodIndex: 54771
Wed May 16 01:14:59 UTC 2018: Starting linking
Wed May 16 01:14:59 UTC 2018: Code found org.junit.runner.Description-equals with org.junit.tests.description.TestDescriptionTest-equalsIsFalseForNonTestDescription
Wed May 16 01:14:59 UTC 2018: Match not added in database because it already exists
Wed May 16 01:14:59 UTC 2018: Code found org.junit.runner.Description-equals with org.junit.tests.description.TestDescriptionTest-equalsIsTrueForSameNameAndNoExplicitUniqueId
Wed May 16 01:14:59 UTC 2018: Match not added in database because it already exists
Wed May 16 01:14:59 UTC 2018: Code found org.junit.runner.Description-equals with org.junit.tests.description.TestDescriptionTest-equalsIsFalseForSameNameAndDifferentUniqueId
Wed May 16 01:15:00 UTC 2018: Match not added in database because it already exists
Wed May 16 01:15:00 UTC 2018: Linking done for junit-team__junit4 test class org.junit.tests.description.TestDescriptionTest
Wed May 16 01:15:00 UTC 2018: Found element on the queue
Wed May 16 01:15:00 UTC 2018: Updating status
Wed May 16 01:15:00 UTC 2018: Working
Wed May 16 01:15:03 UTC 2018: Start junit-team__junit4 test class org.junit.internal.ChecksTest
Wed May 16 01:15:03 UTC 2018: Setting lastTestMethodIndex: 54774
Wed May 16 01:15:03 UTC 2018: Starting linking
Wed May 16 01:15:03 UTC 2018: Code found org.junit.internal.Checks-notNull with org.junit.internal.ChecksTest-notNullWithNullMessageShouldThrowOnNullValues
Wed May 16 01:15:03 UTC 2018: Match not added in database because it already exists
Wed May 16 01:15:03 UTC 2018: Code found org.junit.internal.Checks-notNull with org.junit.internal.ChecksTest-notNullShouldThrowOnNullValues
Wed May 16 01:15:03 UTC 2018: Match not added in database because it already exists
Wed May 16 01:15:03 UTC 2018: Code found org.junit.internal.Checks-notNull with org.junit.internal.ChecksTest-notNullShouldReturnNonNullValues
Wed May 16 01:15:04 UTC 2018: Match not added in database because it already exists
Wed May 16 01:15:04 UTC 2018: Code found org.junit.internal.Checks-notNull with org.junit.internal.ChecksTest-notNullWithMessageShouldReturnNonNullValues
Wed May 16 01:15:04 UTC 2018: Match not added in database because it already exists
Wed May 16 01:15:04 UTC 2018: Code found org.junit.internal.Checks-notNull with org.junit.internal.ChecksTest-notNullWithMessageShouldThrowOnNullValues
Wed May 16 01:15:04 UTC 2018: Match not added in database because it already exists
Wed May 16 01:15:04 UTC 2018: Linking done for junit-team__junit4 test class org.junit.internal.ChecksTest
Wed May 16 01:15:05 UTC 2018: Found element on the queue
Wed May 16 01:15:05 UTC 2018: Updating status
Wed May 16 01:15:05 UTC 2018: Working
Wed May 16 01:15:07 UTC 2018: Start junit-team__junit4 test class org.junit.tests.listening.TestListenerTest
Wed May 16 01:15:07 UTC 2018: Setting lastTestMethodIndex: 54777
Wed May 16 01:15:07 UTC 2018: Starting linking
Wed May 16 01:15:07 UTC 2018: Linking done for junit-team__junit4 test class org.junit.tests.listening.TestListenerTest
Wed May 16 01:15:08 UTC 2018: Found element on the queue
Wed May 16 01:15:08 UTC 2018: Updating status
Wed May 16 01:15:08 UTC 2018: Working
Wed May 16 01:15:10 UTC 2018: Start junit-team__junit4 test class org.junit.tests.running.classes.BlockJUnit4ClassRunnerTest
Wed May 16 01:15:10 UTC 2018: Setting lastTestMethodIndex: 54780
Wed May 16 01:15:10 UTC 2018: Starting linking
Wed May 16 01:15:10 UTC 2018: Linking done for junit-team__junit4 test class org.junit.tests.running.classes.BlockJUnit4ClassRunnerTest
Wed May 16 01:15:10 UTC 2018: Found element on the queue
Wed May 16 01:15:10 UTC 2018: Updating status
Wed May 16 01:15:10 UTC 2018: Working
Wed May 16 01:15:13 UTC 2018: Start junit-team__junit4 test class org.junit.tests.listening.TextListenerTest
Wed May 16 01:15:13 UTC 2018: Setting lastTestMethodIndex: 54783
Wed May 16 01:15:13 UTC 2018: Starting linking
Wed May 16 01:15:13 UTC 2018: Linking done for junit-team__junit4 test class org.junit.tests.listening.TextListenerTest
Wed May 16 01:15:13 UTC 2018: Found element on the queue
Wed May 16 01:15:13 UTC 2018: Updating status
Wed May 16 01:15:13 UTC 2018: Working
Wed May 16 01:15:16 UTC 2018: Start junit-team__junit4 test class org.junit.tests.running.classes.ClassLevelMethodsWithIgnoredTestsTest
Wed May 16 01:15:16 UTC 2018: Setting lastTestMethodIndex: 54786
Wed May 16 01:15:16 UTC 2018: Starting linking
Wed May 16 01:15:16 UTC 2018: Linking done for junit-team__junit4 test class org.junit.tests.running.classes.ClassLevelMethodsWithIgnoredTestsTest
Wed May 16 01:15:16 UTC 2018: Found element on the queue
Wed May 16 01:15:16 UTC 2018: Updating status
Wed May 16 01:15:16 UTC 2018: Working
Wed May 16 01:15:19 UTC 2018: Start junit-team__junit4 test class org.junit.experimental.categories.CategoriesAndParameterizedTest
Wed May 16 01:15:19 UTC 2018: Setting lastTestMethodIndex: 54789
Wed May 16 01:15:19 UTC 2018: Starting linking
Wed May 16 01:15:19 UTC 2018: Linking done for junit-team__junit4 test class org.junit.experimental.categories.CategoriesAndParameterizedTest
Wed May 16 01:15:19 UTC 2018: Found element on the queue
Wed May 16 01:15:19 UTC 2018: Updating status
Wed May 16 01:15:19 UTC 2018: Working
Wed May 16 01:15:21 UTC 2018: Start junit-team__junit4 test class org.junit.tests.listening.UserStopTest
Wed May 16 01:15:21 UTC 2018: Setting lastTestMethodIndex: 54791
Wed May 16 01:15:21 UTC 2018: Starting linking
Wed May 16 01:15:21 UTC 2018: Code found org.junit.internal.runners.ErrorReportingRunner-run with org.junit.tests.listening.UserStopTest-stopClassRunner
Wed May 16 01:15:22 UTC 2018: No link for: org.junit.tests.listening.UserStopTest-userStop
Wed May 16 01:15:22 UTC 2018: None match not added in database because it already exists
Wed May 16 01:15:22 UTC 2018: No link for: org.junit.tests.listening.UserStopTest-foo
Wed May 16 01:15:22 UTC 2018: Linking done for junit-team__junit4 test class org.junit.tests.listening.UserStopTest
Wed May 16 01:15:23 UTC 2018: Found element on the queue
Wed May 16 01:15:23 UTC 2018: Updating status
Wed May 16 01:15:23 UTC 2018: Working
Wed May 16 01:15:25 UTC 2018: Start junit-team__junit4 test class org.junit.tests.running.classes.EnclosedTest
Wed May 16 01:15:25 UTC 2018: Setting lastTestMethodIndex: 54793
Wed May 16 01:15:25 UTC 2018: Starting linking
Wed May 16 01:15:25 UTC 2018: Linking done for junit-team__junit4 test class org.junit.tests.running.classes.EnclosedTest
Wed May 16 01:15:26 UTC 2018: Found element on the queue
Wed May 16 01:15:26 UTC 2018: Updating status
Wed May 16 01:15:26 UTC 2018: Working
Wed May 16 01:15:28 UTC 2018: Start junit-team__junit4 test class org.junit.internal.runners.ErrorReportingRunnerTest
Wed May 16 01:15:28 UTC 2018: Setting lastTestMethodIndex: 54796
Wed May 16 01:15:28 UTC 2018: Starting linking
Wed May 16 01:15:28 UTC 2018: No link for: org.junit.internal.runners.ErrorReportingRunnerTest-cannotCreateWithoutClass
Wed May 16 01:15:29 UTC 2018: None match not added in database because it already exists
Wed May 16 01:15:29 UTC 2018: No link for: org.junit.internal.runners.ErrorReportingRunnerTest-cannotCreateWithNullClass
Wed May 16 01:15:29 UTC 2018: None match not added in database because it already exists
Wed May 16 01:15:29 UTC 2018: No link for: org.junit.internal.runners.ErrorReportingRunnerTest-cannotCreateWithNullClass2
Wed May 16 01:15:29 UTC 2018: None match not added in database because it already exists
Wed May 16 01:15:29 UTC 2018: No link for: org.junit.internal.runners.ErrorReportingRunnerTest-testMethodReturningString
Wed May 16 01:15:30 UTC 2018: No link for: org.junit.internal.runners.ErrorReportingRunnerTest-givenInvalidTestClassErrorAsCause
Wed May 16 01:15:30 UTC 2018: None match not added in database because it already exists
Wed May 16 01:15:30 UTC 2018: No link for: org.junit.internal.runners.ErrorReportingRunnerTest-cannotCreateWithNullClasses
Wed May 16 01:15:30 UTC 2018: None match not added in database because it already exists
Wed May 16 01:15:30 UTC 2018: No link for: org.junit.internal.runners.ErrorReportingRunnerTest-givenInvalidTestClass_integrationTest
Wed May 16 01:15:31 UTC 2018: None match not added in database because it already exists
Wed May 16 01:15:31 UTC 2018: Linking done for junit-team__junit4 test class org.junit.internal.runners.ErrorReportingRunnerTest
Wed May 16 01:15:31 UTC 2018: Found element on the queue
Wed May 16 01:15:31 UTC 2018: Updating status
Wed May 16 01:15:31 UTC 2018: Working
Wed May 16 01:15:34 UTC 2018: Start junit-team__junit4 test class org.junit.experimental.categories.CategoryFilterFactoryTest
Wed May 16 01:15:34 UTC 2018: Setting lastTestMethodIndex: 54799
Wed May 16 01:15:34 UTC 2018: Starting linking
Wed May 16 01:15:34 UTC 2018: Code found org.junit.experimental.categories.CategoryFilterFactory-createFilter with org.junit.experimental.categories.CategoryFilterFactoryTest-shouldCreateFilter
Wed May 16 01:15:34 UTC 2018: Match not added in database because it already exists
Wed May 16 01:15:34 UTC 2018: No link for: org.junit.experimental.categories.CategoryFilterFactoryTest-shouldThrowException
Wed May 16 01:15:34 UTC 2018: None match not added in database because it already exists
Wed May 16 01:15:34 UTC 2018: Linking done for junit-team__junit4 test class org.junit.experimental.categories.CategoryFilterFactoryTest
Wed May 16 01:15:35 UTC 2018: Found element on the queue
Wed May 16 01:15:35 UTC 2018: Updating status
Wed May 16 01:15:35 UTC 2018: Working
Wed May 16 01:15:37 UTC 2018: Start junit-team__junit4 test class org.junit.tests.manipulation.FilterableTest
Wed May 16 01:15:37 UTC 2018: Setting lastTestMethodIndex: 54803
Wed May 16 01:15:37 UTC 2018: Starting linking
Wed May 16 01:15:37 UTC 2018: Linking done for junit-team__junit4 test class org.junit.tests.manipulation.FilterableTest
Wed May 16 01:15:38 UTC 2018: Found element on the queue
Wed May 16 01:15:38 UTC 2018: Updating status
Wed May 16 01:15:38 UTC 2018: Working
Wed May 16 01:15:40 UTC 2018: Start junit-team__junit4 test class org.junit.tests.running.classes.IgnoreClassTest
Wed May 16 01:15:40 UTC 2018: Setting lastTestMethodIndex: 54805
Wed May 16 01:15:40 UTC 2018: Starting linking
Wed May 16 01:15:40 UTC 2018: Linking done for junit-team__junit4 test class org.junit.tests.running.classes.IgnoreClassTest
Wed May 16 01:15:41 UTC 2018: Found element on the queue
Wed May 16 01:15:41 UTC 2018: Updating status
Wed May 16 01:15:41 UTC 2018: Working
Wed May 16 01:15:43 UTC 2018: Start junit-team__junit4 test class org.junit.internal.runners.statements.ExpectExceptionTest
Wed May 16 01:15:43 UTC 2018: Setting lastTestMethodIndex: 54808
Wed May 16 01:15:43 UTC 2018: Starting linking
Wed May 16 01:15:43 UTC 2018: Code found org.junit.Assert-fail with org.junit.internal.runners.statements.ExpectExceptionTest-whenExpectingAssumptionViolatedExceptionStatementsThrowingDifferentExceptionShouldFail
Wed May 16 01:15:44 UTC 2018: Match not added in database because it already exists
Wed May 16 01:15:44 UTC 2018: Code found org.junit.Assert-fail with org.junit.internal.runners.statements.ExpectExceptionTest-whenExpectingAssumptionViolatedExceptionStatementsPassingShouldFail
Wed May 16 01:15:44 UTC 2018: Match not added in database because it already exists
Wed May 16 01:15:44 UTC 2018: No link for: org.junit.internal.runners.statements.ExpectExceptionTest-whenExpectingAssumptionViolatedExceptionStatementsThrowingItShouldPass
Wed May 16 01:15:44 UTC 2018: None match not added in database because it already exists
Wed May 16 01:15:44 UTC 2018: No link for: org.junit.internal.runners.statements.ExpectExceptionTest-whenExpectingAssumptionViolatedExceptionStatementsThrowingSubclassShouldPass
Wed May 16 01:15:44 UTC 2018: None match not added in database because it already exists
Wed May 16 01:15:44 UTC 2018: Linking done for junit-team__junit4 test class org.junit.internal.runners.statements.ExpectExceptionTest
Wed May 16 01:15:45 UTC 2018: Found element on the queue
Wed May 16 01:15:45 UTC 2018: Updating status
Wed May 16 01:15:45 UTC 2018: Working
Wed May 16 01:15:47 UTC 2018: Start junit-team__junit4 test class org.junit.tests.running.classes.ParameterizedTestTest
Wed May 16 01:15:47 UTC 2018: Setting lastTestMethodIndex: 54811
Wed May 16 01:15:47 UTC 2018: Starting linking
Wed May 16 01:15:47 UTC 2018: Linking done for junit-team__junit4 test class org.junit.tests.running.classes.ParameterizedTestTest
Wed May 16 01:15:48 UTC 2018: Found element on the queue
Wed May 16 01:15:48 UTC 2018: Updating status
Wed May 16 01:15:48 UTC 2018: Working
Wed May 16 01:15:50 UTC 2018: Start junit-team__junit4 test class org.junit.tests.manipulation.FilterTest
Wed May 16 01:15:50 UTC 2018: Setting lastTestMethodIndex: 54813
Wed May 16 01:15:50 UTC 2018: Starting linking
Wed May 16 01:15:50 UTC 2018: Linking done for junit-team__junit4 test class org.junit.tests.manipulation.FilterTest
Wed May 16 01:15:51 UTC 2018: Found element on the queue
Wed May 16 01:15:51 UTC 2018: Updating status
Wed May 16 01:15:51 UTC 2018: Working
Wed May 16 01:15:53 UTC 2018: Start junit-team__junit4 test class org.junit.experimental.categories.CategoryTest
Wed May 16 01:15:53 UTC 2018: Setting lastTestMethodIndex: 54816
Wed May 16 01:15:53 UTC 2018: Starting linking
Wed May 16 01:15:53 UTC 2018: Linking done for junit-team__junit4 test class org.junit.experimental.categories.CategoryTest
Wed May 16 01:15:54 UTC 2018: Found element on the queue
Wed May 16 01:15:54 UTC 2018: Updating status
Wed May 16 01:15:54 UTC 2018: Working
Wed May 16 01:15:56 UTC 2018: Start junit-team__junit4 test class org.junit.tests.running.classes.ParentRunnerFilteringTest
Wed May 16 01:15:56 UTC 2018: Setting lastTestMethodIndex: 54819
Wed May 16 01:15:56 UTC 2018: Starting linking
Wed May 16 01:15:56 UTC 2018: Linking done for junit-team__junit4 test class org.junit.tests.running.classes.ParentRunnerFilteringTest
Wed May 16 01:15:57 UTC 2018: Found element on the queue
Wed May 16 01:15:57 UTC 2018: Updating status
Wed May 16 01:15:57 UTC 2018: Working
Wed May 16 01:15:59 UTC 2018: Start junit-team__junit4 test class org.junit.internal.runners.statements.FailOnTimeoutTest
Wed May 16 01:15:59 UTC 2018: Setting lastTestMethodIndex: 54821
Wed May 16 01:15:59 UTC 2018: Starting linking
Wed May 16 01:16:00 UTC 2018: No link for: org.junit.internal.runners.statements.FailOnTimeoutTest-throwTimeoutExceptionOnSecondCallAlthoughFirstCallThrowsException
Wed May 16 01:16:00 UTC 2018: None match not added in database because it already exists
Wed May 16 01:16:00 UTC 2018: No link for: org.junit.internal.runners.statements.FailOnTimeoutTest-stackTraceContainsRealCauseOfTimeout
Wed May 16 01:16:00 UTC 2018: No link for: org.junit.internal.runners.statements.FailOnTimeoutTest-sendUpExceptionThrownByStatement
Wed May 16 01:16:01 UTC 2018: None match not added in database because it already exists
Wed May 16 01:16:01 UTC 2018: No link for: org.junit.internal.runners.statements.FailOnTimeoutTest-throwsTestTimedOutException
Wed May 16 01:16:01 UTC 2018: None match not added in database because it already exists
Wed May 16 01:16:01 UTC 2018: No link for: org.junit.internal.runners.statements.FailOnTimeoutTest-stopEndlessStatement
Wed May 16 01:16:01 UTC 2018: No link for: org.junit.internal.runners.statements.FailOnTimeoutTest-throwExceptionIfTheSecondCallToEvaluateNeedsTooMuchTime
Wed May 16 01:16:02 UTC 2018: None match not added in database because it already exists
Wed May 16 01:16:02 UTC 2018: No link for: org.junit.internal.runners.statements.FailOnTimeoutTest-throwsExceptionWithTimeoutValueAndTimeUnitSet
Wed May 16 01:16:02 UTC 2018: None match not added in database because it already exists
Wed May 16 01:16:02 UTC 2018: No link for: org.junit.internal.runners.statements.FailOnTimeoutTest-throwExceptionWithNiceMessageOnTimeout
Wed May 16 01:16:02 UTC 2018: None match not added in database because it already exists
Wed May 16 01:16:02 UTC 2018: Linking done for junit-team__junit4 test class org.junit.internal.runners.statements.FailOnTimeoutTest
Wed May 16 01:16:03 UTC 2018: Found element on the queue
Wed May 16 01:16:03 UTC 2018: Updating status
Wed May 16 01:16:03 UTC 2018: Working
Wed May 16 01:16:05 UTC 2018: Start junit-team__junit4 test class org.junit.tests.running.classes.ParentRunnerTest
Wed May 16 01:16:05 UTC 2018: Setting lastTestMethodIndex: 54825
Wed May 16 01:16:05 UTC 2018: Starting linking
Wed May 16 01:16:05 UTC 2018: Linking done for junit-team__junit4 test class org.junit.tests.running.classes.ParentRunnerTest
Wed May 16 01:16:06 UTC 2018: Found element on the queue
Wed May 16 01:16:06 UTC 2018: Updating status
Wed May 16 01:16:06 UTC 2018: Working
Wed May 16 01:16:08 UTC 2018: Start junit-team__junit4 test class org.junit.tests.running.classes.parent.ParentRunnerClassLoaderTest
Wed May 16 01:16:08 UTC 2018: Setting lastTestMethodIndex: 54827
Wed May 16 01:16:08 UTC 2018: Starting linking
Wed May 16 01:16:08 UTC 2018: No link for: org.junit.tests.running.classes.parent.ParentRunnerClassLoaderTest-testClassRuleAccessToClassInAnotherClassLoader
Wed May 16 01:16:08 UTC 2018: None match not added in database because it already exists
Wed May 16 01:16:08 UTC 2018: No link for: org.junit.tests.running.classes.parent.ParentRunnerClassLoaderTest-testBackwardCompatibilityWithOverrideGetName
Wed May 16 01:16:09 UTC 2018: None match not added in database because it already exists
Wed May 16 01:16:09 UTC 2018: No link for: org.junit.tests.running.classes.parent.ParentRunnerClassLoaderTest-testDescriptionContainCorrectTestClass
Wed May 16 01:16:09 UTC 2018: None match not added in database because it already exists
Wed May 16 01:16:09 UTC 2018: Linking done for junit-team__junit4 test class org.junit.tests.running.classes.parent.ParentRunnerClassLoaderTest
Wed May 16 01:16:09 UTC 2018: Found element on the queue
Wed May 16 01:16:09 UTC 2018: Updating status
Wed May 16 01:16:09 UTC 2018: Working
Wed May 16 01:16:12 UTC 2018: Start junit-team__junit4 test class org.junit.experimental.categories.CategoryValidatorTest
Wed May 16 01:16:12 UTC 2018: Setting lastTestMethodIndex: 54832
Wed May 16 01:16:12 UTC 2018: Starting linking
Wed May 16 01:16:12 UTC 2018: Linking done for junit-team__junit4 test class org.junit.experimental.categories.CategoryValidatorTest
Wed May 16 01:16:12 UTC 2018: Found element on the queue
Wed May 16 01:16:12 UTC 2018: Updating status
Wed May 16 01:16:12 UTC 2018: Working
Wed May 16 01:16:15 UTC 2018: Start junit-team__junit4 test class org.junit.internal.MethodSorterTest
Wed May 16 01:16:15 UTC 2018: Setting lastTestMethodIndex: 54834
Wed May 16 01:16:15 UTC 2018: Starting linking
Wed May 16 01:16:15 UTC 2018: Linking done for junit-team__junit4 test class org.junit.internal.MethodSorterTest
Wed May 16 01:16:15 UTC 2018: Found element on the queue
Wed May 16 01:16:15 UTC 2018: Updating status
Wed May 16 01:16:15 UTC 2018: Working
Wed May 16 01:16:18 UTC 2018: Start junit-team__junit4 test class org.junit.tests.manipulation.SingleMethodTest
Wed May 16 01:16:18 UTC 2018: Setting lastTestMethodIndex: 54835
Wed May 16 01:16:18 UTC 2018: Starting linking
Wed May 16 01:16:18 UTC 2018: Linking done for junit-team__junit4 test class org.junit.tests.manipulation.SingleMethodTest
Wed May 16 01:16:18 UTC 2018: Found element on the queue
Wed May 16 01:16:18 UTC 2018: Updating status
Wed May 16 01:16:18 UTC 2018: Working
Wed May 16 01:16:21 UTC 2018: Start junit-team__junit4 test class org.junit.tests.running.classes.RunWithTest
Wed May 16 01:16:21 UTC 2018: Setting lastTestMethodIndex: 54838
Wed May 16 01:16:21 UTC 2018: Starting linking
Wed May 16 01:16:21 UTC 2018: Linking done for junit-team__junit4 test class org.junit.tests.running.classes.RunWithTest
Wed May 16 01:16:21 UTC 2018: Found element on the queue
Wed May 16 01:16:21 UTC 2018: Updating status
Wed May 16 01:16:21 UTC 2018: Working
Wed May 16 01:16:24 UTC 2018: Start junit-team__junit4 test class org.junit.internal.matchers.StacktracePrintingMatcherTest
Wed May 16 01:16:24 UTC 2018: Setting lastTestMethodIndex: 54841
Wed May 16 01:16:24 UTC 2018: Starting linking
Wed May 16 01:16:24 UTC 2018: Code found org.junit.Assert-assertThat with org.junit.internal.matchers.StacktracePrintingMatcherTest-assertThatIncludesStacktrace
Wed May 16 01:16:24 UTC 2018: Match not added in database because it already exists
Wed May 16 01:16:24 UTC 2018: No link for: org.junit.internal.matchers.StacktracePrintingMatcherTest-failsWhenInnerMatcherFails
Wed May 16 01:16:24 UTC 2018: None match not added in database because it already exists
Wed May 16 01:16:24 UTC 2018: No link for: org.junit.internal.matchers.StacktracePrintingMatcherTest-succeedsWhenInnerMatcherSucceeds
Wed May 16 01:16:25 UTC 2018: None match not added in database because it already exists
Wed May 16 01:16:25 UTC 2018: Linking done for junit-team__junit4 test class org.junit.internal.matchers.StacktracePrintingMatcherTest
Wed May 16 01:16:25 UTC 2018: Found element on the queue
Wed May 16 01:16:25 UTC 2018: Updating status
Wed May 16 01:16:25 UTC 2018: Working
Wed May 16 01:16:28 UTC 2018: Start junit-team__junit4 test class org.junit.rules.BlockJUnit4ClassRunnerOverrideTest
Wed May 16 01:16:28 UTC 2018: Setting lastTestMethodIndex: 54844
Wed May 16 01:16:28 UTC 2018: Starting linking
Wed May 16 01:16:28 UTC 2018: Linking done for junit-team__junit4 test class org.junit.rules.BlockJUnit4ClassRunnerOverrideTest
Wed May 16 01:16:28 UTC 2018: Found element on the queue
Wed May 16 01:16:28 UTC 2018: Updating status
Wed May 16 01:16:28 UTC 2018: Working
Wed May 16 01:16:30 UTC 2018: Start junit-team__junit4 test class org.junit.experimental.categories.JavadocTest
Wed May 16 01:16:30 UTC 2018: Setting lastTestMethodIndex: 54846
Wed May 16 01:16:30 UTC 2018: Starting linking
Wed May 16 01:16:30 UTC 2018: Linking done for junit-team__junit4 test class org.junit.experimental.categories.JavadocTest
Wed May 16 01:16:31 UTC 2018: Found element on the queue
Wed May 16 01:16:31 UTC 2018: Updating status
Wed May 16 01:16:31 UTC 2018: Working
Wed May 16 01:16:33 UTC 2018: Start junit-team__junit4 test class org.junit.tests.running.classes.SuiteTest
Wed May 16 01:16:33 UTC 2018: Setting lastTestMethodIndex: 54849
Wed May 16 01:16:33 UTC 2018: Starting linking
Wed May 16 01:16:33 UTC 2018: Linking done for junit-team__junit4 test class org.junit.tests.running.classes.SuiteTest
Wed May 16 01:16:34 UTC 2018: Found element on the queue
Wed May 16 01:16:34 UTC 2018: Updating status
Wed May 16 01:16:34 UTC 2018: Working
Wed May 16 01:16:37 UTC 2018: Start junit-team__junit4 test class org.junit.internal.StackTracesTest
Wed May 16 01:16:37 UTC 2018: Setting lastTestMethodIndex: 54852
Wed May 16 01:16:37 UTC 2018: Starting linking
Wed May 16 01:16:37 UTC 2018: No link for: org.junit.internal.StackTracesTest-getTrimmedStackWithSuppressedExceptions
Wed May 16 01:16:37 UTC 2018: None match not added in database because it already exists
Wed May 16 01:16:37 UTC 2018: No link for: org.junit.internal.StackTracesTest-getTrimmedStackForJUnit4TestFailingInBeforeMethod
Wed May 16 01:16:37 UTC 2018: None match not added in database because it already exists
Wed May 16 01:16:37 UTC 2018: No link for: org.junit.internal.StackTracesTest-getTrimmedStackForJUnit4TestFailingInMethodRule
Wed May 16 01:16:38 UTC 2018: None match not added in database because it already exists
Wed May 16 01:16:38 UTC 2018: No link for: org.junit.internal.StackTracesTest-getTrimmedStackForJUnit3TestFailingInSetupMethod
Wed May 16 01:16:38 UTC 2018: None match not added in database because it already exists
Wed May 16 01:16:38 UTC 2018: No link for: org.junit.internal.StackTracesTest-alwaysThrows
Wed May 16 01:16:38 UTC 2018: No link for: org.junit.internal.StackTracesTest-alwaysPasses
Wed May 16 01:16:39 UTC 2018: No link for: org.junit.internal.StackTracesTest-getTrimmedStackForJUnit4TestFailingInTestRule
Wed May 16 01:16:39 UTC 2018: None match not added in database because it already exists
Wed May 16 01:16:39 UTC 2018: No link for: org.junit.internal.StackTracesTest-getTrimmedStackForJUnit4TestFailingInTestMethodWithCause
Wed May 16 01:16:40 UTC 2018: None match not added in database because it already exists
Wed May 16 01:16:40 UTC 2018: No link for: org.junit.internal.StackTracesTest-getTrimmedStackForJUnit3TestFailingInTestMethod
Wed May 16 01:16:40 UTC 2018: None match not added in database because it already exists
Wed May 16 01:16:40 UTC 2018: No link for: org.junit.internal.StackTracesTest-getTrimmedStackForJUnit4TestFailingInTestMethod
Wed May 16 01:16:40 UTC 2018: None match not added in database because it already exists
Wed May 16 01:16:40 UTC 2018: No link for: org.junit.internal.StackTracesTest-getTrimmedStackForJUnit4TestFailingInClassRule
Wed May 16 01:16:41 UTC 2018: None match not added in database because it already exists
Wed May 16 01:16:41 UTC 2018: Linking done for junit-team__junit4 test class org.junit.internal.StackTracesTest
Wed May 16 01:16:41 UTC 2018: Found element on the queue
Wed May 16 01:16:41 UTC 2018: Updating status
Wed May 16 01:16:41 UTC 2018: Working
Wed May 16 01:16:44 UTC 2018: Start junit-team__junit4 test class org.junit.experimental.categories.MultiCategoryTest
Wed May 16 01:16:44 UTC 2018: Setting lastTestMethodIndex: 54856
Wed May 16 01:16:44 UTC 2018: Starting linking
Wed May 16 01:16:44 UTC 2018: Linking done for junit-team__junit4 test class org.junit.experimental.categories.MultiCategoryTest
Wed May 16 01:16:44 UTC 2018: Found element on the queue
Wed May 16 01:16:44 UTC 2018: Updating status
Wed May 16 01:16:44 UTC 2018: Working
Wed May 16 01:16:46 UTC 2018: Start junit-team__junit4 test class org.junit.rules.ClassRulesTest
Wed May 16 01:16:46 UTC 2018: Setting lastTestMethodIndex: 54858
Wed May 16 01:16:46 UTC 2018: Starting linking
Wed May 16 01:16:46 UTC 2018: Linking done for junit-team__junit4 test class org.junit.rules.ClassRulesTest
Wed May 16 01:16:47 UTC 2018: Found element on the queue
Wed May 16 01:16:47 UTC 2018: Updating status
Wed May 16 01:16:47 UTC 2018: Working
Wed May 16 01:16:49 UTC 2018: Start junit-team__junit4 test class org.junit.tests.running.classes.UseSuiteAsASuperclassTest
Wed May 16 01:16:50 UTC 2018: Setting lastTestMethodIndex: 54860
Wed May 16 01:16:50 UTC 2018: Starting linking
Wed May 16 01:16:50 UTC 2018: Linking done for junit-team__junit4 test class org.junit.tests.running.classes.UseSuiteAsASuperclassTest
Wed May 16 01:16:50 UTC 2018: Found element on the queue
Wed May 16 01:16:50 UTC 2018: Updating status
Wed May 16 01:16:50 UTC 2018: Working
Wed May 16 01:16:52 UTC 2018: Start junit-team__junit4 test class org.junit.internal.matchers.ThrowableCauseMatcherTest
Wed May 16 01:16:52 UTC 2018: Setting lastTestMethodIndex: 54863
Wed May 16 01:16:52 UTC 2018: Starting linking
Wed May 16 01:16:52 UTC 2018: No link for: org.junit.internal.matchers.ThrowableCauseMatcherTest-shouldAllowCauseOfDifferentClassFromRoot
Wed May 16 01:16:53 UTC 2018: None match not added in database because it already exists
Wed May 16 01:16:53 UTC 2018: Linking done for junit-team__junit4 test class org.junit.internal.matchers.ThrowableCauseMatcherTest
Wed May 16 01:16:53 UTC 2018: Found element on the queue
Wed May 16 01:16:53 UTC 2018: Updating status
Wed May 16 01:16:53 UTC 2018: Working
Wed May 16 01:16:56 UTC 2018: Start junit-team__junit4 test class org.junit.rules.DisableOnDebugTest
Wed May 16 01:16:56 UTC 2018: Setting lastTestMethodIndex: 54865
Wed May 16 01:16:56 UTC 2018: Starting linking
Wed May 16 01:16:56 UTC 2018: Linking done for junit-team__junit4 test class org.junit.rules.DisableOnDebugTest
Wed May 16 01:16:56 UTC 2018: Found element on the queue
Wed May 16 01:16:56 UTC 2018: Updating status
Wed May 16 01:16:56 UTC 2018: Working
Wed May 16 01:16:59 UTC 2018: Start junit-team__junit4 test class org.junit.tests.running.core.CommandLineTest
Wed May 16 01:16:59 UTC 2018: Setting lastTestMethodIndex: 54868
Wed May 16 01:16:59 UTC 2018: Starting linking
Wed May 16 01:16:59 UTC 2018: Linking done for junit-team__junit4 test class org.junit.tests.running.core.CommandLineTest
Wed May 16 01:16:59 UTC 2018: Found element on the queue
Wed May 16 01:16:59 UTC 2018: Updating status
Wed May 16 01:16:59 UTC 2018: Working
Wed May 16 01:17:02 UTC 2018: Start junit-team__junit4 test class org.junit.tests.experimental.max.DescriptionTest
Wed May 16 01:17:02 UTC 2018: Setting lastTestMethodIndex: 54871
Wed May 16 01:17:02 UTC 2018: Starting linking
Wed May 16 01:17:02 UTC 2018: Code found org.junit.runner.Description-createSuiteDescription with org.junit.tests.experimental.max.DescriptionTest-createSuiteDescription_whenNull
Wed May 16 01:17:02 UTC 2018: Match not added in database because it already exists
Wed May 16 01:17:02 UTC 2018: Code found org.junit.runner.Description-createSuiteDescription with org.junit.tests.experimental.max.DescriptionTest-createSuiteDescription_whenZeroLength
Wed May 16 01:17:02 UTC 2018: Match not added in database because it already exists
Wed May 16 01:17:02 UTC 2018: No link for: org.junit.tests.experimental.max.DescriptionTest-tessed
Wed May 16 01:17:03 UTC 2018: No link for: org.junit.tests.experimental.max.DescriptionTest-parseMethod_whenCantParse
Wed May 16 01:17:03 UTC 2018: None match not added in database because it already exists
Wed May 16 01:17:03 UTC 2018: No link for: org.junit.tests.experimental.max.DescriptionTest-sameNamesButDifferentUniqueIdAreNotEqual
Wed May 16 01:17:04 UTC 2018: None match not added in database because it already exists
Wed May 16 01:17:04 UTC 2018: No link for: org.junit.tests.experimental.max.DescriptionTest-parseClass_whenCantParse
Wed May 16 01:17:04 UTC 2018: None match not added in database because it already exists
Wed May 16 01:17:04 UTC 2018: No link for: org.junit.tests.experimental.max.DescriptionTest-parseClassAndMethodWithAnnotations
Wed May 16 01:17:04 UTC 2018: None match not added in database because it already exists
Wed May 16 01:17:04 UTC 2018: No link for: org.junit.tests.experimental.max.DescriptionTest-parseClassAndMethodNoAnnotations
Wed May 16 01:17:04 UTC 2018: None match not added in database because it already exists
Wed May 16 01:17:04 UTC 2018: No link for: org.junit.tests.experimental.max.DescriptionTest-parseClassNameAndMethodUniqueId
Wed May 16 01:17:05 UTC 2018: None match not added in database because it already exists
Wed May 16 01:17:05 UTC 2018: No link for: org.junit.tests.experimental.max.DescriptionTest-usesPassedInClassObject
Wed May 16 01:17:05 UTC 2018: None match not added in database because it already exists
Wed May 16 01:17:05 UTC 2018: Linking done for junit-team__junit4 test class org.junit.tests.experimental.max.DescriptionTest
Wed May 16 01:17:06 UTC 2018: Found element on the queue
Wed May 16 01:17:06 UTC 2018: Updating status
Wed May 16 01:17:06 UTC 2018: Working
Wed May 16 01:17:08 UTC 2018: Start junit-team__junit4 test class org.junit.tests.running.core.JUnitCoreReturnsCorrectExitCodeTest
Wed May 16 01:17:08 UTC 2018: Setting lastTestMethodIndex: 54875
Wed May 16 01:17:08 UTC 2018: Starting linking
Wed May 16 01:17:08 UTC 2018: Linking done for junit-team__junit4 test class org.junit.tests.running.core.JUnitCoreReturnsCorrectExitCodeTest
Wed May 16 01:17:09 UTC 2018: Found element on the queue
Wed May 16 01:17:09 UTC 2018: Updating status
Wed May 16 01:17:09 UTC 2018: Working
Wed May 16 01:17:11 UTC 2018: Start junit-team__junit4 test class org.junit.internal.ArrayComparisonFailureTest
Wed May 16 01:17:11 UTC 2018: Setting lastTestMethodIndex: 54876
Wed May 16 01:17:11 UTC 2018: Starting linking
Wed May 16 01:17:11 UTC 2018: No link for: org.junit.internal.ArrayComparisonFailureTest-classShouldAccept411Version
Wed May 16 01:17:11 UTC 2018: None match not added in database because it already exists
Wed May 16 01:17:11 UTC 2018: No link for: org.junit.internal.ArrayComparisonFailureTest-classShouldAccept412Version
Wed May 16 01:17:12 UTC 2018: None match not added in database because it already exists
Wed May 16 01:17:12 UTC 2018: Linking done for junit-team__junit4 test class org.junit.internal.ArrayComparisonFailureTest
Wed May 16 01:17:12 UTC 2018: Found element on the queue
Wed May 16 01:17:12 UTC 2018: Updating status
Wed May 16 01:17:12 UTC 2018: Working
Wed May 16 01:17:15 UTC 2018: Start junit-team__junit4 test class org.junit.rules.ErrorCollectorTest
Wed May 16 01:17:15 UTC 2018: Setting lastTestMethodIndex: 54879
Wed May 16 01:17:15 UTC 2018: Starting linking
Wed May 16 01:17:15 UTC 2018: Code found org.junit.runner.JUnitCore-run with org.junit.rules.ErrorCollectorTest-runTestClassAndVerifyEvents
Wed May 16 01:17:15 UTC 2018: No link for: org.junit.rules.ErrorCollectorTest-example
Wed May 16 01:17:15 UTC 2018: Linking done for junit-team__junit4 test class org.junit.rules.ErrorCollectorTest
Wed May 16 01:17:16 UTC 2018: Found element on the queue
Wed May 16 01:17:16 UTC 2018: Updating status
Wed May 16 01:17:16 UTC 2018: Working
Wed May 16 01:17:18 UTC 2018: Start junit-team__junit4 test class org.junit.rules.ExpectedExceptionTest
Wed May 16 01:17:18 UTC 2018: Setting lastTestMethodIndex: 54882
Wed May 16 01:17:18 UTC 2018: Starting linking
Wed May 16 01:17:18 UTC 2018: Code found org.junit.runner.JUnitCore-run with org.junit.rules.ExpectedExceptionTest-runTestAndVerifyResult
Wed May 16 01:17:19 UTC 2018: Match not added in database because it already exists
Wed May 16 01:17:19 UTC 2018: No link for: org.junit.rules.ExpectedExceptionTest-throwsNullPointerExceptionWithMessage
Wed May 16 01:17:19 UTC 2018: No link for: org.junit.rules.ExpectedExceptionTest-doesntThrowNullPointerException
Wed May 16 01:17:19 UTC 2018: No link for: org.junit.rules.ExpectedExceptionTest-throwExceptionWithMatchingCause
Wed May 16 01:17:20 UTC 2018: No link for: org.junit.rules.ExpectedExceptionTest-throwsNullPointerException
Wed May 16 01:17:20 UTC 2018: No link for: org.junit.rules.ExpectedExceptionTest-throwsMore
Wed May 16 01:17:20 UTC 2018: No link for: org.junit.rules.ExpectedExceptionTest-fails
Wed May 16 01:17:21 UTC 2018: No link for: org.junit.rules.ExpectedExceptionTest-failedAssumption
Wed May 16 01:17:21 UTC 2018: No link for: org.junit.rules.ExpectedExceptionTest-doesntThrowAnything
Wed May 16 01:17:21 UTC 2018: No link for: org.junit.rules.ExpectedExceptionTest-throwWithCause
Wed May 16 01:17:22 UTC 2018: No link for: org.junit.rules.ExpectedExceptionTest-throwsNothing
Wed May 16 01:17:22 UTC 2018: No link for: org.junit.rules.ExpectedExceptionTest-throwExpectedNullCause
Wed May 16 01:17:22 UTC 2018: No link for: org.junit.rules.ExpectedExceptionTest-noThrow
Wed May 16 01:17:22 UTC 2018: Linking done for junit-team__junit4 test class org.junit.rules.ExpectedExceptionTest
Wed May 16 01:17:23 UTC 2018: Found element on the queue
Wed May 16 01:17:23 UTC 2018: Updating status
Wed May 16 01:17:23 UTC 2018: Working
Wed May 16 01:17:25 UTC 2018: Start junit-team__junit4 test class org.junit.tests.running.core.SystemExitTest
Wed May 16 01:17:25 UTC 2018: Setting lastTestMethodIndex: 54887
Wed May 16 01:17:25 UTC 2018: Starting linking
Wed May 16 01:17:25 UTC 2018: Linking done for junit-team__junit4 test class org.junit.tests.running.core.SystemExitTest
Wed May 16 01:17:26 UTC 2018: Found element on the queue
Wed May 16 01:17:26 UTC 2018: Updating status
Wed May 16 01:17:26 UTC 2018: Working
Wed May 16 01:17:28 UTC 2018: Start junit-team__junit4 test class org.junit.tests.experimental.max.JUnit38SortingTest
Wed May 16 01:17:28 UTC 2018: Setting lastTestMethodIndex: 54889
Wed May 16 01:17:28 UTC 2018: Starting linking
Wed May 16 01:17:28 UTC 2018: Linking done for junit-team__junit4 test class org.junit.tests.experimental.max.JUnit38SortingTest
Wed May 16 01:17:29 UTC 2018: Found element on the queue
Wed May 16 01:17:29 UTC 2018: Updating status
Wed May 16 01:17:29 UTC 2018: Working
Wed May 16 01:17:32 UTC 2018: Start junit-team__junit4 test class org.junit.tests.junit3compatibility.AllTestsTest
Wed May 16 01:17:32 UTC 2018: Setting lastTestMethodIndex: 54890
Wed May 16 01:17:32 UTC 2018: Starting linking
Wed May 16 01:17:32 UTC 2018: Linking done for junit-team__junit4 test class org.junit.tests.junit3compatibility.AllTestsTest
Wed May 16 01:17:32 UTC 2018: Found element on the queue
Wed May 16 01:17:32 UTC 2018: Updating status
Wed May 16 01:17:32 UTC 2018: Working
Wed May 16 01:17:35 UTC 2018: Start junit-team__junit4 test class org.junit.tests.running.methods.AnnotationTest
Wed May 16 01:17:35 UTC 2018: Setting lastTestMethodIndex: 54892
Wed May 16 01:17:35 UTC 2018: Starting linking
Wed May 16 01:17:35 UTC 2018: Linking done for junit-team__junit4 test class org.junit.tests.running.methods.AnnotationTest
Wed May 16 01:17:35 UTC 2018: Found element on the queue
Wed May 16 01:17:35 UTC 2018: Updating status
Wed May 16 01:17:35 UTC 2018: Working
Wed May 16 01:17:38 UTC 2018: Start junit-team__junit4 test class org.junit.rules.ExternalResourceRuleTest
Wed May 16 01:17:38 UTC 2018: Setting lastTestMethodIndex: 54895
Wed May 16 01:17:38 UTC 2018: Starting linking
Wed May 16 01:17:38 UTC 2018: Linking done for junit-team__junit4 test class org.junit.rules.ExternalResourceRuleTest
Wed May 16 01:17:38 UTC 2018: Found element on the queue
Wed May 16 01:17:38 UTC 2018: Updating status
Wed May 16 01:17:38 UTC 2018: Working
Wed May 16 01:17:41 UTC 2018: Start junit-team__junit4 test class org.junit.tests.running.methods.ExpectedTest
Wed May 16 01:17:41 UTC 2018: Setting lastTestMethodIndex: 54898
Wed May 16 01:17:41 UTC 2018: Starting linking
Wed May 16 01:17:41 UTC 2018: Linking done for junit-team__junit4 test class org.junit.tests.running.methods.ExpectedTest
Wed May 16 01:17:41 UTC 2018: Found element on the queue
Wed May 16 01:17:41 UTC 2018: Updating status
Wed May 16 01:17:41 UTC 2018: Working
Wed May 16 01:17:44 UTC 2018: Start junit-team__junit4 test class org.junit.tests.experimental.max.MaxStarterTest
Wed May 16 01:17:44 UTC 2018: Setting lastTestMethodIndex: 54900
Wed May 16 01:17:44 UTC 2018: Starting linking
Wed May 16 01:17:44 UTC 2018: Linking done for junit-team__junit4 test class org.junit.tests.experimental.max.MaxStarterTest
Wed May 16 01:17:44 UTC 2018: Found element on the queue
Wed May 16 01:17:44 UTC 2018: Updating status
Wed May 16 01:17:44 UTC 2018: Working
Wed May 16 01:17:47 UTC 2018: Start junit-team__junit4 test class org.junit.tests.junit3compatibility.ClassRequestTest
Wed May 16 01:17:47 UTC 2018: Setting lastTestMethodIndex: 54903
Wed May 16 01:17:47 UTC 2018: Starting linking
Wed May 16 01:17:47 UTC 2018: Linking done for junit-team__junit4 test class org.junit.tests.junit3compatibility.ClassRequestTest
Wed May 16 01:17:47 UTC 2018: Found element on the queue
Wed May 16 01:17:47 UTC 2018: Updating status
Wed May 16 01:17:47 UTC 2018: Working
Wed May 16 01:17:50 UTC 2018: Start junit-team__junit4 test class org.junit.tests.running.methods.InheritedTestTest
Wed May 16 01:17:50 UTC 2018: Setting lastTestMethodIndex: 54906
Wed May 16 01:17:50 UTC 2018: Starting linking
Wed May 16 01:17:50 UTC 2018: Linking done for junit-team__junit4 test class org.junit.tests.running.methods.InheritedTestTest
Wed May 16 01:17:50 UTC 2018: Found element on the queue
Wed May 16 01:17:50 UTC 2018: Updating status
Wed May 16 01:17:50 UTC 2018: Working
Wed May 16 01:17:53 UTC 2018: Start junit-team__junit4 test class org.junit.rules.MethodRulesTest
Wed May 16 01:17:53 UTC 2018: Setting lastTestMethodIndex: 54908
Wed May 16 01:17:53 UTC 2018: Starting linking
Wed May 16 01:17:53 UTC 2018: Linking done for junit-team__junit4 test class org.junit.rules.MethodRulesTest
Wed May 16 01:17:53 UTC 2018: Found element on the queue
Wed May 16 01:17:53 UTC 2018: Updating status
Wed May 16 01:17:53 UTC 2018: Working
Wed May 16 01:17:56 UTC 2018: Start junit-team__junit4 test class org.junit.tests.experimental.parallel.ParallelClassTest
Wed May 16 01:17:56 UTC 2018: Setting lastTestMethodIndex: 54911
Wed May 16 01:17:56 UTC 2018: Starting linking
Wed May 16 01:17:56 UTC 2018: Linking done for junit-team__junit4 test class org.junit.tests.experimental.parallel.ParallelClassTest
Wed May 16 01:17:56 UTC 2018: Found element on the queue
Wed May 16 01:17:56 UTC 2018: Updating status
Wed May 16 01:17:56 UTC 2018: Working
Wed May 16 01:17:59 UTC 2018: Start junit-team__junit4 test class org.junit.tests.running.methods.ParameterizedTestMethodTest
Wed May 16 01:17:59 UTC 2018: Setting lastTestMethodIndex: 54914
Wed May 16 01:17:59 UTC 2018: Starting linking
Wed May 16 01:17:59 UTC 2018: Linking done for junit-team__junit4 test class org.junit.tests.running.methods.ParameterizedTestMethodTest
Wed May 16 01:17:59 UTC 2018: Found element on the queue
Wed May 16 01:17:59 UTC 2018: Updating status
Wed May 16 01:17:59 UTC 2018: Working
Wed May 16 01:18:02 UTC 2018: Start junit-team__junit4 test class org.junit.tests.experimental.parallel.ParallelMethodTest
Wed May 16 01:18:02 UTC 2018: Setting lastTestMethodIndex: 54916
Wed May 16 01:18:02 UTC 2018: Starting linking
Wed May 16 01:18:02 UTC 2018: Linking done for junit-team__junit4 test class org.junit.tests.experimental.parallel.ParallelMethodTest
Wed May 16 01:18:02 UTC 2018: Found element on the queue
Wed May 16 01:18:02 UTC 2018: Updating status
Wed May 16 01:18:02 UTC 2018: Working
Wed May 16 01:18:06 UTC 2018: Start junit-team__junit4 test class org.junit.rules.RuleChainTest
Wed May 16 01:18:06 UTC 2018: Setting lastTestMethodIndex: 54918
Wed May 16 01:18:06 UTC 2018: Starting linking
Wed May 16 01:18:06 UTC 2018: Linking done for junit-team__junit4 test class org.junit.rules.RuleChainTest
Wed May 16 01:18:06 UTC 2018: Found element on the queue
Wed May 16 01:18:06 UTC 2018: Updating status
Wed May 16 01:18:06 UTC 2018: Working
Wed May 16 01:18:09 UTC 2018: Start junit-team__junit4 test class org.junit.tests.junit3compatibility.ForwardCompatibilityPrintingTest
Wed May 16 01:18:09 UTC 2018: Setting lastTestMethodIndex: 54921
Wed May 16 01:18:09 UTC 2018: Starting linking
Wed May 16 01:18:09 UTC 2018: Linking done for junit-team__junit4 test class org.junit.tests.junit3compatibility.ForwardCompatibilityPrintingTest
Wed May 16 01:18:09 UTC 2018: Found element on the queue
Wed May 16 01:18:09 UTC 2018: Updating status
Wed May 16 01:18:09 UTC 2018: Working
Wed May 16 01:18:12 UTC 2018: Start junit-team__junit4 test class org.junit.rules.RuleMemberValidatorTest
Wed May 16 01:18:12 UTC 2018: Setting lastTestMethodIndex: 54923
Wed May 16 01:18:12 UTC 2018: Starting linking
Wed May 16 01:18:12 UTC 2018: No link for: org.junit.rules.RuleMemberValidatorTest-acceptStaticTestRuleThatIsAlsoClassRule
Wed May 16 01:18:12 UTC 2018: No link for: org.junit.rules.RuleMemberValidatorTest-rejectClassRuleMethodReturnsAnArbitraryObject
Wed May 16 01:18:12 UTC 2018: No link for: org.junit.rules.RuleMemberValidatorTest-methodRejectNonStaticClassRule
Wed May 16 01:18:13 UTC 2018: No link for: org.junit.rules.RuleMemberValidatorTest-rejectStaticMethodRule
Wed May 16 01:18:13 UTC 2018: No link for: org.junit.rules.RuleMemberValidatorTest-acceptMethodRule
Wed May 16 01:18:13 UTC 2018: No link for: org.junit.rules.RuleMemberValidatorTest-rejectClassRuleInNonPublicClass
Wed May 16 01:18:14 UTC 2018: No link for: org.junit.rules.RuleMemberValidatorTest-rejectStaticTestRule
Wed May 16 01:18:14 UTC 2018: No link for: org.junit.rules.RuleMemberValidatorTest-acceptNonStaticTestRule
Wed May 16 01:18:14 UTC 2018: No link for: org.junit.rules.RuleMemberValidatorTest-methodAcceptMethodRuleMethod
Wed May 16 01:18:15 UTC 2018: No link for: org.junit.rules.RuleMemberValidatorTest-rejectProtectedClassRule
Wed May 16 01:18:15 UTC 2018: None match not added in database because it already exists
Wed May 16 01:18:15 UTC 2018: No link for: org.junit.rules.RuleMemberValidatorTest-methodRejectArbitraryObjectWithRuleAnnotation
Wed May 16 01:18:15 UTC 2018: No link for: org.junit.rules.RuleMemberValidatorTest-acceptMethodStaticTestRuleThatIsAlsoClassRule
Wed May 16 01:18:16 UTC 2018: No link for: org.junit.rules.RuleMemberValidatorTest-rejectArbitraryObjectWithRuleAnnotation
Wed May 16 01:18:16 UTC 2018: No link for: org.junit.rules.RuleMemberValidatorTest-rejectClassRuleIsAnArbitraryObject
Wed May 16 01:18:16 UTC 2018: No link for: org.junit.rules.RuleMemberValidatorTest-methodRejectProtectedClassRule
Wed May 16 01:18:16 UTC 2018: No link for: org.junit.rules.RuleMemberValidatorTest-rejectNonStaticClassRule
Wed May 16 01:18:17 UTC 2018: No link for: org.junit.rules.RuleMemberValidatorTest-rejectClassRuleThatIsImplemetationOfMethodRule
Wed May 16 01:18:17 UTC 2018: No link for: org.junit.rules.RuleMemberValidatorTest-rejectClassRuleThatReturnsImplementationOfMethodRule
Wed May 16 01:18:17 UTC 2018: No link for: org.junit.rules.RuleMemberValidatorTest-rejectMethodStaticTestRule
Wed May 16 01:18:18 UTC 2018: No link for: org.junit.rules.RuleMemberValidatorTest-rejectMethodStaticMethodRule
Wed May 16 01:18:18 UTC 2018: No link for: org.junit.rules.RuleMemberValidatorTest-acceptMethodNonStaticTestRule
Wed May 16 01:18:18 UTC 2018: Linking done for junit-team__junit4 test class org.junit.rules.RuleMemberValidatorTest
Wed May 16 01:18:19 UTC 2018: Found element on the queue
Wed May 16 01:18:19 UTC 2018: Updating status
Wed May 16 01:18:19 UTC 2018: Working
Wed May 16 01:18:21 UTC 2018: Start junit-team__junit4 test class org.junit.rules.StopwatchTest
Wed May 16 01:18:21 UTC 2018: Setting lastTestMethodIndex: 54930
Wed May 16 01:18:21 UTC 2018: Starting linking
Wed May 16 01:18:21 UTC 2018: Linking done for junit-team__junit4 test class org.junit.rules.StopwatchTest
Wed May 16 01:18:22 UTC 2018: Found element on the queue
Wed May 16 01:18:22 UTC 2018: Updating status
Wed May 16 01:18:22 UTC 2018: Working
Wed May 16 01:18:24 UTC 2018: Start junit-team__junit4 test class org.junit.tests.running.methods.TestMethodTest
Wed May 16 01:18:24 UTC 2018: Setting lastTestMethodIndex: 54932
Wed May 16 01:18:24 UTC 2018: Starting linking
Wed May 16 01:18:24 UTC 2018: Linking done for junit-team__junit4 test class org.junit.tests.running.methods.TestMethodTest
Wed May 16 01:18:25 UTC 2018: Found element on the queue
Wed May 16 01:18:25 UTC 2018: Updating status
Wed May 16 01:18:25 UTC 2018: Working
Wed May 16 01:18:27 UTC 2018: Start junit-team__junit4 test class org.junit.tests.experimental.results.PrintableResultTest
Wed May 16 01:18:27 UTC 2018: Setting lastTestMethodIndex: 54935
Wed May 16 01:18:27 UTC 2018: Starting linking
Wed May 16 01:18:27 UTC 2018: Linking done for junit-team__junit4 test class org.junit.tests.experimental.results.PrintableResultTest
Wed May 16 01:18:28 UTC 2018: Found element on the queue
Wed May 16 01:18:28 UTC 2018: Updating status
Wed May 16 01:18:28 UTC 2018: Working
Wed May 16 01:18:30 UTC 2018: Start junit-team__junit4 test class org.junit.tests.running.methods.TimeoutTest
Wed May 16 01:18:31 UTC 2018: Setting lastTestMethodIndex: 54936
Wed May 16 01:18:31 UTC 2018: Starting linking
Wed May 16 01:18:31 UTC 2018: Linking done for junit-team__junit4 test class org.junit.tests.running.methods.TimeoutTest
Wed May 16 01:18:31 UTC 2018: Found element on the queue
Wed May 16 01:18:31 UTC 2018: Updating status
Wed May 16 01:18:31 UTC 2018: Working
Wed May 16 01:18:34 UTC 2018: Start junit-team__junit4 test class org.junit.rules.TempFolderRuleTest
Wed May 16 01:18:34 UTC 2018: Setting lastTestMethodIndex: 54939
Wed May 16 01:18:34 UTC 2018: Starting linking
Wed May 16 01:18:34 UTC 2018: Linking done for junit-team__junit4 test class org.junit.rules.TempFolderRuleTest
Wed May 16 01:18:34 UTC 2018: Found element on the queue
Wed May 16 01:18:34 UTC 2018: Updating status
Wed May 16 01:18:34 UTC 2018: Working
Wed May 16 01:18:37 UTC 2018: Start junit-team__junit4 test class org.junit.tests.junit3compatibility.ForwardCompatibilityTest
Wed May 16 01:18:37 UTC 2018: Setting lastTestMethodIndex: 54942
Wed May 16 01:18:37 UTC 2018: Starting linking
Wed May 16 01:18:37 UTC 2018: Linking done for junit-team__junit4 test class org.junit.tests.junit3compatibility.ForwardCompatibilityTest
Wed May 16 01:18:37 UTC 2018: Found element on the queue
Wed May 16 01:18:37 UTC 2018: Updating status
Wed May 16 01:18:37 UTC 2018: Working
Wed May 16 01:18:40 UTC 2018: Start junit-team__junit4 test class org.junit.samples.ListTest
Wed May 16 01:18:40 UTC 2018: Setting lastTestMethodIndex: 54945
Wed May 16 01:18:40 UTC 2018: Starting linking
Wed May 16 01:18:40 UTC 2018: No link for: org.junit.samples.ListTest-removeAll
Wed May 16 01:18:40 UTC 2018: None match not added in database because it already exists
Wed May 16 01:18:40 UTC 2018: No link for: org.junit.samples.ListTest-testCopy
Wed May 16 01:18:41 UTC 2018: None match not added in database because it already exists
Wed May 16 01:18:41 UTC 2018: No link for: org.junit.samples.ListTest-elementAt
Wed May 16 01:18:41 UTC 2018: None match not added in database because it already exists
Wed May 16 01:18:41 UTC 2018: No link for: org.junit.samples.ListTest-capacity
Wed May 16 01:18:41 UTC 2018: None match not added in database because it already exists
Wed May 16 01:18:41 UTC 2018: No link for: org.junit.samples.ListTest-contains
Wed May 16 01:18:41 UTC 2018: None match not added in database because it already exists
Wed May 16 01:18:41 UTC 2018: No link for: org.junit.samples.ListTest-removeElement
Wed May 16 01:18:42 UTC 2018: None match not added in database because it already exists
Wed May 16 01:18:42 UTC 2018: Linking done for junit-team__junit4 test class org.junit.samples.ListTest
Wed May 16 01:18:42 UTC 2018: Found element on the queue
Wed May 16 01:18:42 UTC 2018: Updating status
Wed May 16 01:18:42 UTC 2018: Working
Wed May 16 01:18:45 UTC 2018: Start junit-team__junit4 test class org.junit.tests.experimental.results.ResultMatchersTest
Wed May 16 01:18:45 UTC 2018: Setting lastTestMethodIndex: 54948
Wed May 16 01:18:45 UTC 2018: Starting linking
Wed May 16 01:18:45 UTC 2018: Code found org.junit.experimental.results.ResultMatchers-hasFailureContaining with org.junit.tests.experimental.results.ResultMatchersTest-hasFailureContaining_givenResultWithOneFailure
Wed May 16 01:18:45 UTC 2018: Match not added in database because it already exists
Wed May 16 01:18:45 UTC 2018: Code found org.junit.experimental.results.ResultMatchers-hasFailureContaining with org.junit.tests.experimental.results.ResultMatchersTest-hasFailureContaining_givenResultWithNoFailures
Wed May 16 01:18:45 UTC 2018: Match not added in database because it already exists
Wed May 16 01:18:45 UTC 2018: No link for: org.junit.tests.experimental.results.ResultMatchersTest-hasFailuresHasGoodDescription
Wed May 16 01:18:46 UTC 2018: None match not added in database because it already exists
Wed May 16 01:18:46 UTC 2018: Linking done for junit-team__junit4 test class org.junit.tests.experimental.results.ResultMatchersTest
Wed May 16 01:18:46 UTC 2018: Found element on the queue
Wed May 16 01:18:46 UTC 2018: Updating status
Wed May 16 01:18:46 UTC 2018: Working
Wed May 16 01:18:49 UTC 2018: Start junit-team__junit4 test class org.junit.samples.money.MoneyTest
Wed May 16 01:18:49 UTC 2018: Setting lastTestMethodIndex: 54952
Wed May 16 01:18:49 UTC 2018: Starting linking
Wed May 16 01:18:49 UTC 2018: Code found junit.samples.money.Money-add with org.junit.samples.money.MoneyTest-testSimpleBagAdd
Wed May 16 01:18:49 UTC 2018: Match not added in database because it already exists
Wed May 16 01:18:49 UTC 2018: Code found junit.samples.money.Money-negate with org.junit.samples.money.MoneyTest-testSimpleNegate
Wed May 16 01:18:49 UTC 2018: Match not added in database because it already exists
Wed May 16 01:18:49 UTC 2018: Code found junit.samples.money.Money-multiply with org.junit.samples.money.MoneyTest-testSimpleMultiply
Wed May 16 01:18:50 UTC 2018: Match not added in database because it already exists
Wed May 16 01:18:50 UTC 2018: Code found junit.samples.money.Money-equals with org.junit.samples.money.MoneyTest-testMoneyBagEquals
Wed May 16 01:18:50 UTC 2018: Match not added in database because it already exists
Wed May 16 01:18:50 UTC 2018: Code found junit.samples.money.Money-equals with org.junit.samples.money.MoneyTest-testMoneyEquals
Wed May 16 01:18:50 UTC 2018: Match not added in database because it already exists
Wed May 16 01:18:50 UTC 2018: Code found junit.samples.money.Money-add with org.junit.samples.money.MoneyTest-testSimpleAdd
Wed May 16 01:18:50 UTC 2018: Match not added in database because it already exists
Wed May 16 01:18:50 UTC 2018: Code found junit.samples.money.Money-add with org.junit.samples.money.MoneyTest-testMixedSimpleAdd
Wed May 16 01:18:51 UTC 2018: Match not added in database because it already exists
Wed May 16 01:18:51 UTC 2018: Code found junit.samples.money.Money-subtract with org.junit.samples.money.MoneyTest-testSimpleSubtract
Wed May 16 01:18:51 UTC 2018: Match not added in database because it already exists
Wed May 16 01:18:51 UTC 2018: No link for: org.junit.samples.money.MoneyTest-testBagSimpleAdd
Wed May 16 01:18:51 UTC 2018: None match not added in database because it already exists
Wed May 16 01:18:51 UTC 2018: No link for: org.junit.samples.money.MoneyTest-testMoneyBagHash
Wed May 16 01:18:51 UTC 2018: None match not added in database because it already exists
Wed May 16 01:18:51 UTC 2018: No link for: org.junit.samples.money.MoneyTest-testMoneyHash
Wed May 16 01:18:52 UTC 2018: None match not added in database because it already exists
Wed May 16 01:18:52 UTC 2018: No link for: org.junit.samples.money.MoneyTest-testBagSumAdd
Wed May 16 01:18:52 UTC 2018: None match not added in database because it already exists
Wed May 16 01:18:52 UTC 2018: No link for: org.junit.samples.money.MoneyTest-testBagNotEquals
Wed May 16 01:18:53 UTC 2018: None match not added in database because it already exists
Wed May 16 01:18:53 UTC 2018: No link for: org.junit.samples.money.MoneyTest-zeroMoniesAreEqualRegardlessOfCurrency
Wed May 16 01:18:53 UTC 2018: None match not added in database because it already exists
Wed May 16 01:18:53 UTC 2018: No link for: org.junit.samples.money.MoneyTest-testIsZero
Wed May 16 01:18:53 UTC 2018: None match not added in database because it already exists
Wed May 16 01:18:53 UTC 2018: No link for: org.junit.samples.money.MoneyTest-testSimplify
Wed May 16 01:18:53 UTC 2018: None match not added in database because it already exists
Wed May 16 01:18:53 UTC 2018: No link for: org.junit.samples.money.MoneyTest-testNormalize2
Wed May 16 01:18:54 UTC 2018: None match not added in database because it already exists
Wed May 16 01:18:54 UTC 2018: No link for: org.junit.samples.money.MoneyTest-testNormalize3
Wed May 16 01:18:54 UTC 2018: None match not added in database because it already exists
Wed May 16 01:18:54 UTC 2018: No link for: org.junit.samples.money.MoneyTest-testNormalize4
Wed May 16 01:18:54 UTC 2018: None match not added in database because it already exists
Wed May 16 01:18:54 UTC 2018: No link for: org.junit.samples.money.MoneyTest-testBagMultiply
Wed May 16 01:18:54 UTC 2018: None match not added in database because it already exists
Wed May 16 01:18:54 UTC 2018: No link for: org.junit.samples.money.MoneyTest-testBagNegate
Wed May 16 01:18:55 UTC 2018: None match not added in database because it already exists
Wed May 16 01:18:55 UTC 2018: No link for: org.junit.samples.money.MoneyTest-testBagSubtract
Wed May 16 01:18:55 UTC 2018: None match not added in database because it already exists
Wed May 16 01:18:55 UTC 2018: No link for: org.junit.samples.money.MoneyTest-testPrint
Wed May 16 01:18:55 UTC 2018: None match not added in database because it already exists
Wed May 16 01:18:55 UTC 2018: Linking done for junit-team__junit4 test class org.junit.samples.money.MoneyTest
Wed May 16 01:18:56 UTC 2018: Found element on the queue
Wed May 16 01:18:56 UTC 2018: Updating status
Wed May 16 01:18:56 UTC 2018: Working
Wed May 16 01:18:58 UTC 2018: Start junit-team__junit4 test class org.junit.tests.junit3compatibility.InitializationErrorForwardCompatibilityTest
Wed May 16 01:18:58 UTC 2018: Setting lastTestMethodIndex: 54958
Wed May 16 01:18:58 UTC 2018: Starting linking
Wed May 16 01:18:58 UTC 2018: Linking done for junit-team__junit4 test class org.junit.tests.junit3compatibility.InitializationErrorForwardCompatibilityTest
Wed May 16 01:18:59 UTC 2018: Found element on the queue
Wed May 16 01:18:59 UTC 2018: Updating status
Wed May 16 01:18:59 UTC 2018: Working
Wed May 16 01:19:01 UTC 2018: Start junit-team__junit4 test class org.junit.tests.experimental.theories.internal.AllMembersSupplierTest
Wed May 16 01:19:01 UTC 2018: Setting lastTestMethodIndex: 54960
Wed May 16 01:19:01 UTC 2018: Starting linking
Wed May 16 01:19:01 UTC 2018: Linking done for junit-team__junit4 test class org.junit.tests.experimental.theories.internal.AllMembersSupplierTest
Wed May 16 01:19:02 UTC 2018: Found element on the queue
Wed May 16 01:19:02 UTC 2018: Updating status
Wed May 16 01:19:02 UTC 2018: Working
Wed May 16 01:19:04 UTC 2018: Start junit-team__junit4 test class org.junit.tests.validation.BadlyFormedClassesTest
Wed May 16 01:19:04 UTC 2018: Setting lastTestMethodIndex: 54962
Wed May 16 01:19:04 UTC 2018: Starting linking
Wed May 16 01:19:04 UTC 2018: Linking done for junit-team__junit4 test class org.junit.tests.validation.BadlyFormedClassesTest
Wed May 16 01:19:05 UTC 2018: Found element on the queue
Wed May 16 01:19:05 UTC 2018: Updating status
Wed May 16 01:19:05 UTC 2018: Working
Wed May 16 01:19:07 UTC 2018: Start junit-team__junit4 test class org.junit.rules.TemporaryFolderRuleAssuredDeletionTest
Wed May 16 01:19:07 UTC 2018: Setting lastTestMethodIndex: 54964
Wed May 16 01:19:07 UTC 2018: Starting linking
Wed May 16 01:19:07 UTC 2018: Linking done for junit-team__junit4 test class org.junit.rules.TemporaryFolderRuleAssuredDeletionTest
Wed May 16 01:19:08 UTC 2018: Found element on the queue
Wed May 16 01:19:08 UTC 2018: Updating status
Wed May 16 01:19:08 UTC 2018: Working
Wed May 16 01:19:10 UTC 2018: Start junit-team__junit4 test class org.junit.tests.junit3compatibility.JUnit38ClassRunnerTest
Wed May 16 01:19:10 UTC 2018: Setting lastTestMethodIndex: 54967
Wed May 16 01:19:10 UTC 2018: Starting linking
Wed May 16 01:19:10 UTC 2018: Linking done for junit-team__junit4 test class org.junit.tests.junit3compatibility.JUnit38ClassRunnerTest
Wed May 16 01:19:11 UTC 2018: Found element on the queue
Wed May 16 01:19:11 UTC 2018: Updating status
Wed May 16 01:19:11 UTC 2018: Working
Wed May 16 01:19:13 UTC 2018: Start junit-team__junit4 test class org.junit.tests.experimental.theories.internal.ParameterizedAssertionErrorTest
Wed May 16 01:19:13 UTC 2018: Setting lastTestMethodIndex: 54969
Wed May 16 01:19:13 UTC 2018: Starting linking
Wed May 16 01:19:13 UTC 2018: Code found org.junit.experimental.theories.internal.ParameterizedAssertionError-join with org.junit.tests.experimental.theories.internal.ParameterizedAssertionErrorTest-canJoinWhenToStringFails
Wed May 16 01:19:13 UTC 2018: Match not added in database because it already exists
Wed May 16 01:19:13 UTC 2018: Linking done for junit-team__junit4 test class org.junit.tests.experimental.theories.internal.ParameterizedAssertionErrorTest
Wed May 16 01:19:14 UTC 2018: Found element on the queue
Wed May 16 01:19:14 UTC 2018: Updating status
Wed May 16 01:19:14 UTC 2018: Working
Wed May 16 01:19:16 UTC 2018: Start junit-team__junit4 test class org.junit.rules.TemporaryFolderUsageTest
Wed May 16 01:19:16 UTC 2018: Setting lastTestMethodIndex: 54973
Wed May 16 01:19:16 UTC 2018: Starting linking
Wed May 16 01:19:16 UTC 2018: No code found org.junit.rules.TemporaryFolder-delete with org.junit.rules.TemporaryFolderUsageTest-deleteRemovesRootFolder
Wed May 16 01:19:17 UTC 2018: No code found org.junit.rules.TemporaryFolder-getRoot with org.junit.rules.TemporaryFolderUsageTest-getRootShouldThrowIllegalStateExceptionIfCreateWasNotInvoked
Wed May 16 01:19:17 UTC 2018: No code found org.junit.rules.TemporaryFolder-newFolder with org.junit.rules.TemporaryFolderUsageTest-newFolderWithGivenFolderThrowsIOExceptionIfFolderExists
Wed May 16 01:19:17 UTC 2018: No code found org.junit.rules.TemporaryFolder-newFolder with org.junit.rules.TemporaryFolderUsageTest-newFolderWithPathContainingForwardSlashCreatesDirectories
Wed May 16 01:19:18 UTC 2018: No code found org.junit.rules.TemporaryFolder-newFile with org.junit.rules.TemporaryFolderUsageTest-newFileThrowsIllegalStateExceptionIfCreateWasNotInvoked
Wed May 16 01:19:18 UTC 2018: No code found org.junit.rules.TemporaryFolder-create with org.junit.rules.TemporaryFolderUsageTest-newRandomFolderIsCreatedUnderRootFolder
Wed May 16 01:19:18 UTC 2018: No code found org.junit.rules.TemporaryFolder-newFile with org.junit.rules.TemporaryFolderUsageTest-newFileWithGivenFilenameThrowsIOExceptionIfFileExists
Wed May 16 01:19:19 UTC 2018: No code found org.junit.rules.TemporaryFolder-create with org.junit.rules.TemporaryFolderUsageTest-newNamedFileIsCreatedUnderRootFolder
Wed May 16 01:19:19 UTC 2018: No code found org.junit.rules.TemporaryFolder-create with org.junit.rules.TemporaryFolderUsageTest-newNestedFoldersCreatedUnderRootFolder
Wed May 16 01:19:19 UTC 2018: No code found org.junit.rules.TemporaryFolder-newFolder with org.junit.rules.TemporaryFolderUsageTest-newFolderWithGivenFolderThrowsIOExceptionIfFileExists
Wed May 16 01:19:19 UTC 2018: No code found org.junit.rules.TemporaryFolder-newFolder with org.junit.rules.TemporaryFolderUsageTest-newFolderWithGivenPathThrowsIOExceptionIfFolderExists
Wed May 16 01:19:20 UTC 2018: No code found org.junit.rules.TemporaryFolder-newFolder with org.junit.rules.TemporaryFolderUsageTest-newFolderWithPathsContainingForwardSlashCreatesFullPath
Wed May 16 01:19:20 UTC 2018: No code found org.junit.rules.TemporaryFolder-delete with org.junit.rules.TemporaryFolderUsageTest-deleteShouldDoNothingIfRootFolderWasNotInitialized
Wed May 16 01:19:20 UTC 2018: No code found org.junit.rules.TemporaryFolder-newFolder with org.junit.rules.TemporaryFolderUsageTest-newFolderWithPathStartingWithFileSeparatorThrowsIOException
Wed May 16 01:19:21 UTC 2018: No code found org.junit.rules.TemporaryFolder-newFolder with org.junit.rules.TemporaryFolderUsageTest-newFolderWithGivenPathThrowsIllegalStateExceptionIfCreateWasNotInvoked
Wed May 16 01:19:21 UTC 2018: No code found org.junit.rules.TemporaryFolder-newFolder with org.junit.rules.TemporaryFolderUsageTest-newFolderThrowsIllegalStateExceptionIfCreateWasNotInvoked
Wed May 16 01:19:21 UTC 2018: No code found org.junit.rules.TemporaryFolder-newFolder with org.junit.rules.TemporaryFolderUsageTest-newFolderWithPathsContainingFileSeparatorCreatesFullPath
Wed May 16 01:19:21 UTC 2018: No code found org.junit.rules.TemporaryFolder-create with org.junit.rules.TemporaryFolderUsageTest-newRandomFileIsCreatedUnderRootFolder
Wed May 16 01:19:22 UTC 2018: No code found org.junit.rules.TemporaryFolder-create with org.junit.rules.TemporaryFolderUsageTest-createInitializesRootFolder
Wed May 16 01:19:22 UTC 2018: No code found org.junit.rules.TemporaryFolder-newFolder with org.junit.rules.TemporaryFolderUsageTest-newFolderWithPathContainingFileSeparaterCreatesDirectories
Wed May 16 01:19:22 UTC 2018: No code found org.junit.rules.TemporaryFolder-newFolder with org.junit.rules.TemporaryFolderUsageTest-newFolderWithGivenEmptyArrayThrowsIllegalArgumentException
Wed May 16 01:19:23 UTC 2018: No code found org.junit.rules.TemporaryFolder-newFile with org.junit.rules.TemporaryFolderUsageTest-newFileWithGivenNameThrowsIllegalStateExceptionIfCreateWasNotInvoked
Wed May 16 01:19:23 UTC 2018: No link for: org.junit.rules.TemporaryFolderUsageTest-canSetTheBaseFileForATemporaryFolder
Wed May 16 01:19:23 UTC 2018: None match not added in database because it already exists
Wed May 16 01:19:23 UTC 2018: Linking done for junit-team__junit4 test class org.junit.rules.TemporaryFolderUsageTest
Wed May 16 01:19:23 UTC 2018: Found element on the queue
Wed May 16 01:19:23 UTC 2018: Updating status
Wed May 16 01:19:24 UTC 2018: Working
Wed May 16 01:19:26 UTC 2018: Start junit-team__junit4 test class org.junit.tests.validation.FailedConstructionTest
Wed May 16 01:19:26 UTC 2018: Setting lastTestMethodIndex: 54978
Wed May 16 01:19:26 UTC 2018: Starting linking
Wed May 16 01:19:26 UTC 2018: Linking done for junit-team__junit4 test class org.junit.tests.validation.FailedConstructionTest
Wed May 16 01:19:27 UTC 2018: Found element on the queue
Wed May 16 01:19:27 UTC 2018: Updating status
Wed May 16 01:19:27 UTC 2018: Working
Wed May 16 01:19:29 UTC 2018: Start junit-team__junit4 test class org.junit.rules.TestRuleTest
Wed May 16 01:19:29 UTC 2018: Setting lastTestMethodIndex: 54981
Wed May 16 01:19:29 UTC 2018: Starting linking
Wed May 16 01:19:29 UTC 2018: Linking done for junit-team__junit4 test class org.junit.rules.TestRuleTest
Wed May 16 01:19:30 UTC 2018: Found element on the queue
Wed May 16 01:19:30 UTC 2018: Updating status
Wed May 16 01:19:30 UTC 2018: Working
Wed May 16 01:19:32 UTC 2018: Start junit-team__junit4 test class org.junit.tests.validation.ValidationTest
Wed May 16 01:19:32 UTC 2018: Setting lastTestMethodIndex: 54984
Wed May 16 01:19:32 UTC 2018: Starting linking
Wed May 16 01:19:32 UTC 2018: Linking done for junit-team__junit4 test class org.junit.tests.validation.ValidationTest
Wed May 16 01:19:33 UTC 2018: Found element on the queue
Wed May 16 01:19:33 UTC 2018: Updating status
Wed May 16 01:19:33 UTC 2018: Working
Wed May 16 01:19:35 UTC 2018: Start junit-team__junit4 test class org.junit.tests.experimental.theories.internal.SpecificDataPointsSupplierTest
Wed May 16 01:19:35 UTC 2018: Setting lastTestMethodIndex: 54986
Wed May 16 01:19:35 UTC 2018: Starting linking
Wed May 16 01:19:35 UTC 2018: Linking done for junit-team__junit4 test class org.junit.tests.experimental.theories.internal.SpecificDataPointsSupplierTest
Wed May 16 01:19:36 UTC 2018: Found element on the queue
Wed May 16 01:19:36 UTC 2018: Updating status
Wed May 16 01:19:36 UTC 2018: Working
Wed May 16 01:19:38 UTC 2018: Start junit-team__junit4 test class org.junit.tests.junit3compatibility.JUnit4TestAdapterTest
Wed May 16 01:19:38 UTC 2018: Setting lastTestMethodIndex: 54988
Wed May 16 01:19:38 UTC 2018: Starting linking
Wed May 16 01:19:38 UTC 2018: Linking done for junit-team__junit4 test class org.junit.tests.junit3compatibility.JUnit4TestAdapterTest
Wed May 16 01:19:39 UTC 2018: Found element on the queue
Wed May 16 01:19:39 UTC 2018: Updating status
Wed May 16 01:19:39 UTC 2018: Working
Wed May 16 01:19:41 UTC 2018: Start junit-team__junit4 test class org.junit.validator.AnnotationsValidatorTest
Wed May 16 01:19:41 UTC 2018: Setting lastTestMethodIndex: 54990
Wed May 16 01:19:41 UTC 2018: Starting linking
Wed May 16 01:19:41 UTC 2018: Linking done for junit-team__junit4 test class org.junit.validator.AnnotationsValidatorTest
Wed May 16 01:19:42 UTC 2018: Found element on the queue
Wed May 16 01:19:42 UTC 2018: Updating status
Wed May 16 01:19:42 UTC 2018: Working
Wed May 16 01:19:44 UTC 2018: Start junit-team__junit4 test class org.junit.rules.TestWatchmanTest
Wed May 16 01:19:44 UTC 2018: Setting lastTestMethodIndex: 54992
Wed May 16 01:19:44 UTC 2018: Starting linking
Wed May 16 01:19:44 UTC 2018: Linking done for junit-team__junit4 test class org.junit.rules.TestWatchmanTest
Wed May 16 01:19:45 UTC 2018: Found element on the queue
Wed May 16 01:19:45 UTC 2018: Updating status
Wed May 16 01:19:45 UTC 2018: Working
Wed May 16 01:19:47 UTC 2018: Start junit-team__junit4 test class org.junit.tests.junit3compatibility.OldTestClassAdaptingListenerTest
Wed May 16 01:19:47 UTC 2018: Setting lastTestMethodIndex: 54995
Wed May 16 01:19:47 UTC 2018: Starting linking
Wed May 16 01:19:47 UTC 2018: Code found org.junit.internal.runners.JUnit38ClassRunner$OldTestClassAdaptingListener-addFailure with org.junit.tests.junit3compatibility.OldTestClassAdaptingListenerTest-addFailureDelegatesToNotifier
Wed May 16 01:19:48 UTC 2018: Match not added in database because it already exists
Wed May 16 01:19:48 UTC 2018: Linking done for junit-team__junit4 test class org.junit.tests.junit3compatibility.OldTestClassAdaptingListenerTest
Wed May 16 01:19:48 UTC 2018: Found element on the queue
Wed May 16 01:19:48 UTC 2018: Updating status
Wed May 16 01:19:48 UTC 2018: Working
Wed May 16 01:19:51 UTC 2018: Start junit-team__junit4 test class org.junit.tests.experimental.theories.runner.FailingDataPointMethods
Wed May 16 01:19:51 UTC 2018: Setting lastTestMethodIndex: 54998
Wed May 16 01:19:51 UTC 2018: Starting linking
Wed May 16 01:19:51 UTC 2018: Linking done for junit-team__junit4 test class org.junit.tests.experimental.theories.runner.FailingDataPointMethods
Wed May 16 01:19:51 UTC 2018: Found element on the queue
Wed May 16 01:19:51 UTC 2018: Updating status
Wed May 16 01:19:51 UTC 2018: Working
Wed May 16 01:19:54 UTC 2018: Start junit-team__junit4 test class org.junit.validator.AnnotationValidatorFactoryTest
Wed May 16 01:19:54 UTC 2018: Setting lastTestMethodIndex: 55001
Wed May 16 01:19:54 UTC 2018: Starting linking
Wed May 16 01:19:54 UTC 2018: Code found org.junit.validator.AnnotationValidatorFactory-createAnnotationValidator with org.junit.validator.AnnotationValidatorFactoryTest-createAnnotationValidator
Wed May 16 01:19:54 UTC 2018: Match not added in database because it already exists
Wed May 16 01:19:54 UTC 2018: No link for: org.junit.validator.AnnotationValidatorFactoryTest-exceptionWhenAnnotationValidatorCantBeCreated
Wed May 16 01:19:54 UTC 2018: Linking done for junit-team__junit4 test class org.junit.validator.AnnotationValidatorFactoryTest
Wed May 16 01:19:55 UTC 2018: Found element on the queue
Wed May 16 01:19:55 UTC 2018: Updating status
Wed May 16 01:19:55 UTC 2018: Working
Wed May 16 01:19:57 UTC 2018: Start junit-team__junit4 test class org.junit.validator.PublicClassValidatorTest
Wed May 16 01:19:57 UTC 2018: Setting lastTestMethodIndex: 55004
Wed May 16 01:19:57 UTC 2018: Starting linking
Wed May 16 01:19:57 UTC 2018: Linking done for junit-team__junit4 test class org.junit.validator.PublicClassValidatorTest
Wed May 16 01:19:58 UTC 2018: Found element on the queue
Wed May 16 01:19:58 UTC 2018: Updating status
Wed May 16 01:19:58 UTC 2018: Working
Wed May 16 01:20:00 UTC 2018: Start junit-team__junit4 test class org.junit.rules.TimeoutRuleTest
Wed May 16 01:20:00 UTC 2018: Setting lastTestMethodIndex: 55006
Wed May 16 01:20:00 UTC 2018: Starting linking
Wed May 16 01:20:00 UTC 2018: Linking done for junit-team__junit4 test class org.junit.rules.TimeoutRuleTest
Wed May 16 01:20:01 UTC 2018: Found element on the queue
Wed May 16 01:20:01 UTC 2018: Updating status
Wed May 16 01:20:01 UTC 2018: Working
Wed May 16 01:20:03 UTC 2018: Start junit-team__junit4 test class org.junit.tests.experimental.theories.runner.TheoriesPerformanceTest
Wed May 16 01:20:03 UTC 2018: Setting lastTestMethodIndex: 55008
Wed May 16 01:20:03 UTC 2018: Starting linking
Wed May 16 01:20:03 UTC 2018: Linking done for junit-team__junit4 test class org.junit.tests.experimental.theories.runner.TheoriesPerformanceTest
Wed May 16 01:20:04 UTC 2018: Found element on the queue
Wed May 16 01:20:04 UTC 2018: Updating status
Wed May 16 01:20:04 UTC 2018: Working
Wed May 16 01:20:06 UTC 2018: Start junit-team__junit4 test class junit.tests.framework.TestCaseTest
Wed May 16 01:20:06 UTC 2018: Setting lastTestMethodIndex: 55009
Wed May 16 01:20:06 UTC 2018: Starting linking
Wed May 16 01:20:06 UTC 2018: Linking done for junit-team__junit4 test class junit.tests.framework.TestCaseTest
Wed May 16 01:20:07 UTC 2018: Found element on the queue
Wed May 16 01:20:07 UTC 2018: Updating status
Wed May 16 01:20:07 UTC 2018: Working
Wed May 16 01:20:09 UTC 2018: Start junit-team__junit4 test class org.junit.rules.VerifierRuleTest
Wed May 16 01:20:09 UTC 2018: Setting lastTestMethodIndex: 55011
Wed May 16 01:20:09 UTC 2018: Starting linking
Wed May 16 01:20:09 UTC 2018: Linking done for junit-team__junit4 test class org.junit.rules.VerifierRuleTest
Wed May 16 01:20:10 UTC 2018: Found element on the queue
Wed May 16 01:20:10 UTC 2018: Updating status
Wed May 16 01:20:10 UTC 2018: Working
Wed May 16 01:20:12 UTC 2018: Start junit-team__junit4 test class org.junit.tests.experimental.theories.runner.TypeMatchingBetweenMultiDataPointsMethod
Wed May 16 01:20:12 UTC 2018: Setting lastTestMethodIndex: 55014
Wed May 16 01:20:12 UTC 2018: Starting linking
Wed May 16 01:20:12 UTC 2018: Linking done for junit-team__junit4 test class org.junit.tests.experimental.theories.runner.TypeMatchingBetweenMultiDataPointsMethod
Wed May 16 01:20:13 UTC 2018: Found element on the queue
Wed May 16 01:20:13 UTC 2018: Updating status
Wed May 16 01:20:13 UTC 2018: Working
Wed May 16 01:20:15 UTC 2018: Start junit-team__junit4 test class org.junit.AssumptionViolatedExceptionTest
Wed May 16 01:20:15 UTC 2018: Setting lastTestMethodIndex: 55017
Wed May 16 01:20:15 UTC 2018: Starting linking
Wed May 16 01:20:15 UTC 2018: No code found org.junit.AssumptionViolatedException-initCause with org.junit.AssumptionViolatedExceptionTest-canInitCauseWithInstanceCreatedWithString
Wed May 16 01:20:16 UTC 2018: No link for: org.junit.AssumptionViolatedExceptionTest-canSetCauseWithInstanceCreatedWithMainConstructor
Wed May 16 01:20:16 UTC 2018: None match not added in database because it already exists
Wed May 16 01:20:16 UTC 2018: No link for: org.junit.AssumptionViolatedExceptionTest-canSetCauseWithInstanceCreatedWithObjectAndMatcher
Wed May 16 01:20:16 UTC 2018: None match not added in database because it already exists
Wed May 16 01:20:16 UTC 2018: No link for: org.junit.AssumptionViolatedExceptionTest-assumptionViolatedExceptionWithMatcherDescribesItself
Wed May 16 01:20:17 UTC 2018: None match not added in database because it already exists
Wed May 16 01:20:17 UTC 2018: No link for: org.junit.AssumptionViolatedExceptionTest-canSetCauseWithInstanceCreatedWithAssumptionObjectAndMatcher
Wed May 16 01:20:17 UTC 2018: None match not added in database because it already exists
Wed May 16 01:20:17 UTC 2018: No link for: org.junit.AssumptionViolatedExceptionTest-canSetCauseWithInstanceCreatedWithExplicitThrowableConstructor
Wed May 16 01:20:17 UTC 2018: None match not added in database because it already exists
Wed May 16 01:20:17 UTC 2018: No link for: org.junit.AssumptionViolatedExceptionTest-simpleAssumptionViolatedExceptionDescribesItself
Wed May 16 01:20:18 UTC 2018: None match not added in database because it already exists
Wed May 16 01:20:18 UTC 2018: Linking done for junit-team__junit4 test class org.junit.AssumptionViolatedExceptionTest
Wed May 16 01:20:18 UTC 2018: Found element on the queue
Wed May 16 01:20:18 UTC 2018: Updating status
Wed May 16 01:20:18 UTC 2018: Working
Wed May 16 01:20:21 UTC 2018: Start junit-team__junit4 test class org.junit.tests.experimental.theories.runner.UnsuccessfulWithDataPointFields
Wed May 16 01:20:21 UTC 2018: Setting lastTestMethodIndex: 55021
Wed May 16 01:20:21 UTC 2018: Starting linking
Wed May 16 01:20:21 UTC 2018: Linking done for junit-team__junit4 test class org.junit.tests.experimental.theories.runner.UnsuccessfulWithDataPointFields
Wed May 16 01:20:21 UTC 2018: Found element on the queue
Wed May 16 01:20:21 UTC 2018: Updating status
Wed May 16 01:20:21 UTC 2018: Working
Wed May 16 01:20:24 UTC 2018: Start junit-team__junit4 test class junit.tests.framework.SuiteTest
Wed May 16 01:20:24 UTC 2018: Setting lastTestMethodIndex: 55024
Wed May 16 01:20:24 UTC 2018: Starting linking
Wed May 16 01:20:24 UTC 2018: Linking done for junit-team__junit4 test class junit.tests.framework.SuiteTest
Wed May 16 01:20:24 UTC 2018: Found element on the queue
Wed May 16 01:20:24 UTC 2018: Updating status
Wed May 16 01:20:24 UTC 2018: Working
Wed May 16 01:20:27 UTC 2018: Start junit-team__junit4 test class junit.tests.framework.TestListenerTest
Wed May 16 01:20:27 UTC 2018: Setting lastTestMethodIndex: 55026
Wed May 16 01:20:27 UTC 2018: Starting linking
Wed May 16 01:20:27 UTC 2018: Linking done for junit-team__junit4 test class junit.tests.framework.TestListenerTest
Wed May 16 01:20:27 UTC 2018: Found element on the queue
Wed May 16 01:20:27 UTC 2018: Updating status
Wed May 16 01:20:27 UTC 2018: Working
Wed May 16 01:20:29 UTC 2018: Start junit-team__junit4 test class org.junit.tests.experimental.theories.runner.WhenNoParametersMatch
Wed May 16 01:20:29 UTC 2018: Setting lastTestMethodIndex: 55029
Wed May 16 01:20:29 UTC 2018: Starting linking
Wed May 16 01:20:29 UTC 2018: Linking done for junit-team__junit4 test class org.junit.tests.experimental.theories.runner.WhenNoParametersMatch
Wed May 16 01:20:30 UTC 2018: Found element on the queue
Wed May 16 01:20:30 UTC 2018: Updating status
Wed May 16 01:20:30 UTC 2018: Working
Wed May 16 01:20:33 UTC 2018: Start junit-team__junit4 test class org.junit.runners.model.FrameworkFieldTest
Wed May 16 01:20:33 UTC 2018: Setting lastTestMethodIndex: 55031
Wed May 16 01:20:33 UTC 2018: Starting linking
Wed May 16 01:20:33 UTC 2018: Code found org.junit.runners.model.FrameworkField-toString with org.junit.runners.model.FrameworkFieldTest-hasToStringWhichPrintsFieldName
Wed May 16 01:20:33 UTC 2018: Match not added in database because it already exists
Wed May 16 01:20:33 UTC 2018: No link for: org.junit.runners.model.FrameworkFieldTest-cannotBeCreatedWithoutUnderlyingField
Wed May 16 01:20:33 UTC 2018: None match not added in database because it already exists
Wed May 16 01:20:33 UTC 2018: No link for: org.junit.runners.model.FrameworkFieldTest-presentAnnotationIsAvailable
Wed May 16 01:20:34 UTC 2018: None match not added in database because it already exists
Wed May 16 01:20:34 UTC 2018: No link for: org.junit.runners.model.FrameworkFieldTest-missingAnnotationIsNotAvailable
Wed May 16 01:20:34 UTC 2018: None match not added in database because it already exists
Wed May 16 01:20:34 UTC 2018: Linking done for junit-team__junit4 test class org.junit.runners.model.FrameworkFieldTest
Wed May 16 01:20:34 UTC 2018: Found element on the queue
Wed May 16 01:20:34 UTC 2018: Updating status
Wed May 16 01:20:34 UTC 2018: Working
Wed May 16 01:20:37 UTC 2018: Start junit-team__junit4 test class org.junit.tests.ObjectContractTest
Wed May 16 01:20:37 UTC 2018: Setting lastTestMethodIndex: 55034
Wed May 16 01:20:37 UTC 2018: Starting linking
Wed May 16 01:20:37 UTC 2018: No link for: org.junit.tests.ObjectContractTest-equalsThrowsNoException
Wed May 16 01:20:37 UTC 2018: None match not added in database because it already exists
Wed May 16 01:20:37 UTC 2018: Linking done for junit-team__junit4 test class org.junit.tests.ObjectContractTest
Wed May 16 01:20:38 UTC 2018: Found element on the queue
Wed May 16 01:20:38 UTC 2018: Updating status
Wed May 16 01:20:38 UTC 2018: Working
Wed May 16 01:20:40 UTC 2018: Start junit-team__junit4 test class junit.tests.framework.AssertionFailedErrorTest
Wed May 16 01:20:40 UTC 2018: Setting lastTestMethodIndex: 55037
Wed May 16 01:20:40 UTC 2018: Starting linking
Wed May 16 01:20:40 UTC 2018: Linking done for junit-team__junit4 test class junit.tests.framework.AssertionFailedErrorTest
Wed May 16 01:20:41 UTC 2018: Found element on the queue
Wed May 16 01:20:41 UTC 2018: Updating status
Wed May 16 01:20:41 UTC 2018: Working
Wed May 16 01:20:43 UTC 2018: Start junit-team__junit4 test class junit.tests.framework.AssertTest
Wed May 16 01:20:43 UTC 2018: Setting lastTestMethodIndex: 55039
Wed May 16 01:20:43 UTC 2018: Starting linking
Wed May 16 01:20:43 UTC 2018: Linking done for junit-team__junit4 test class junit.tests.framework.AssertTest
Wed May 16 01:20:44 UTC 2018: Found element on the queue
Wed May 16 01:20:44 UTC 2018: Updating status
Wed May 16 01:20:44 UTC 2018: Working
Wed May 16 01:20:46 UTC 2018: Start junit-team__junit4 test class org.junit.tests.experimental.theories.runner.WithAutoGeneratedDataPoints
Wed May 16 01:20:46 UTC 2018: Setting lastTestMethodIndex: 55041
Wed May 16 01:20:46 UTC 2018: Starting linking
Wed May 16 01:20:46 UTC 2018: Linking done for junit-team__junit4 test class org.junit.tests.experimental.theories.runner.WithAutoGeneratedDataPoints
Wed May 16 01:20:47 UTC 2018: Found element on the queue
Wed May 16 01:20:47 UTC 2018: Updating status
Wed May 16 01:20:47 UTC 2018: Working
Wed May 16 01:20:49 UTC 2018: Start junit-team__junit4 test class org.junit.runners.model.FrameworkMethodTest
Wed May 16 01:20:49 UTC 2018: Setting lastTestMethodIndex: 55044
Wed May 16 01:20:49 UTC 2018: Starting linking
Wed May 16 01:20:49 UTC 2018: Code found org.junit.runners.model.FrameworkMethod-toString with org.junit.runners.model.FrameworkMethodTest-hasToStringWhichPrintsMethodName
Wed May 16 01:20:49 UTC 2018: Match not added in database because it already exists
Wed May 16 01:20:49 UTC 2018: No link for: org.junit.runners.model.FrameworkMethodTest-presentAnnotationIsAvailable
Wed May 16 01:20:50 UTC 2018: None match not added in database because it already exists
Wed May 16 01:20:50 UTC 2018: No link for: org.junit.runners.model.FrameworkMethodTest-missingAnnotationIsNotAvailable
Wed May 16 01:20:50 UTC 2018: None match not added in database because it already exists
Wed May 16 01:20:50 UTC 2018: No link for: org.junit.runners.model.FrameworkMethodTest-cannotBeCreatedWithoutUnderlyingField
Wed May 16 01:20:50 UTC 2018: None match not added in database because it already exists
Wed May 16 01:20:50 UTC 2018: Linking done for junit-team__junit4 test class org.junit.runners.model.FrameworkMethodTest
Wed May 16 01:20:51 UTC 2018: Found element on the queue
Wed May 16 01:20:51 UTC 2018: Updating status
Wed May 16 01:20:51 UTC 2018: Working
Wed May 16 01:20:53 UTC 2018: Start junit-team__junit4 test class org.junit.tests.experimental.theories.runner.WithDataPointMethod
Wed May 16 01:20:53 UTC 2018: Setting lastTestMethodIndex: 55048
Wed May 16 01:20:53 UTC 2018: Starting linking
Wed May 16 01:20:53 UTC 2018: Linking done for junit-team__junit4 test class org.junit.tests.experimental.theories.runner.WithDataPointMethod
